<?xml version="1.0" encoding="utf-8"?>
<TestRun id="0561d523-a9f5-4b31-9244-119f7a1ba860" name="jcarbs@JANCARBONELB5E7 2026-07-25 19:28:16" runUser="JANCARBONELB5E7\jcarbs" xmlns="http://microsoft.com/schemas/VisualStudio/TeamTest/2010">
  <Times creation="2026-07-25T19:28:16.2916767-07:00" queuing="2026-07-25T19:28:16.2916777-07:00" start="2026-07-25T19:28:09.7546371-07:00" finish="2026-07-25T19:28:16.3003807-07:00" />
  <TestSettings name="default" id="a093c423-1833-4318-adab-0efd0fbff6bb">
    <Deployment runDeploymentRoot="jcarbs_JANCARBONELB5E7_2026-07-25_19_28_16" />
  </TestSettings>
  <Results>
    <UnitTestResult executionId="b1807a38-a2ce-4dcf-be09-7ad675b5a9ae" testId="69945195-55db-75df-be7f-baa2fd741245" testName="BG3HonorAssistant.Package.Tests.PackageManifestTests.MvpExcludesCaptureAndMicrophoneProductSurface" computerName="JANCARBONELB5E7" duration="00:00:00.0231639" startTime="2026-07-25T19:28:15.0893725-07:00" endTime="2026-07-25T19:28:15.1302948-07:00" testType="13cdc9d9-ddb5-4fa4-a97d-d965ccfc6d4b" outcome="Passed" testListId="8c84fa94-04c1-424b-9868-57a2d4851a1d" relativeResultsDirectory="b1807a38-a2ce-4dcf-be09-7ad675b5a9ae" />
    <UnitTestResult executionId="148b80b4-e637-4481-a1ae-bfff5af530ff" testId="232c7680-1d7b-aa7c-3fab-040ae5dbcada" testName="BG3HonorAssistant.Package.Tests.PackageManifestTests.ManifestDeclaresOnlyReviewedCapabilities" computerName="JANCARBONELB5E7" duration="00:00:00.9135514" startTime="2026-07-25T19:28:15.1523036-07:00" endTime="2026-07-25T19:28:16.0580031-07:00" testType="13cdc9d9-ddb5-4fa4-a97d-d965ccfc6d4b" outcome="Passed" testListId="8c84fa94-04c1-424b-9868-57a2d4851a1d" relativeResultsDirectory="148b80b4-e637-4481-a1ae-bfff5af530ff" />
    <UnitTestResult executionId="29c97632-e178-4a52-b2a4-d9a1e48ca977" testId="7cb12182-f74b-4908-71d2-48f2f29c4a5f" testName="BG3HonorAssistant.Package.Tests.PackageManifestTests.ExecutableManifestForbidsElevationAndUsesPerMonitorDpi" computerName="JANCARBONELB5E7" duration="00:00:00.0024141" startTime="2026-07-25T19:28:16.0759813-07:00" endTime="2026-07-25T19:28:16.0777488-07:00" testType="13cdc9d9-ddb5-4fa4-a97d-d965ccfc6d4b" outcome="Passed" testListId="8c84fa94-04c1-424b-9868-57a2d4851a1d" relativeResultsDirectory="29c97632-e178-4a52-b2a4-d9a1e48ca977" />
    <UnitTestResult executionId="daf63171-3038-425c-bb6c-3a23a3c4bb21" testId="63e75ad1-1e9d-6597-48a7-ab3841526fbb" testName="BG3HonorAssistant.Package.Tests.SharedResourceTests.GuideHasExpectedVersionAndExplicitActTwoDataGap" computerName="JANCARBONELB5E7" duration="00:00:00.9494180" startTime="2026-07-25T19:28:15.1522495-07:00" endTime="2026-07-25T19:28:16.0827145-07:00" testType="13cdc9d9-ddb5-4fa4-a97d-d965ccfc6d4b" outcome="Passed" testListId="8c84fa94-04c1-424b-9868-57a2d4851a1d" relativeResultsDirectory="daf63171-3038-425c-bb6c-3a23a3c4bb21" />
    <UnitTestResult executionId="82af5e71-6257-49ab-a3c8-ffce3748cd59" testId="21e18ffe-a78a-f35a-7b3d-014bc2c9c378" testName="BG3HonorAssistant.Package.Tests.SharedResourceTests.SharedMediaInventoryMatchesAuditedCounts" computerName="JANCARBONELB5E7" duration="00:00:00.0230883" startTime="2026-07-25T19:28:15.0952949-07:00" endTime="2026-07-25T19:28:15.1402877-07:00" testType="13cdc9d9-ddb5-4fa4-a97d-d965ccfc6d4b" outcome="Passed" testListId="8c84fa94-04c1-424b-9868-57a2d4851a1d" relativeResultsDirectory="82af5e71-6257-49ab-a3c8-ffce3748cd59" />
    <UnitTestResult executionId="700c2556-7dab-4ef3-906f-858184fb4f70" testId="459fbbfe-86bd-592b-91e6-b1b1118318d1" testName="BG3HonorAssistant.Package.Tests.PackageManifestTests.ManifestTargetsOnlySupportedWindowsDesktopArchitecture" computerName="JANCARBONELB5E7" duration="00:00:00.0131384" startTime="2026-07-25T19:28:16.0713299-07:00" endTime="2026-07-25T19:28:16.0743959-07:00" testType="13cdc9d9-ddb5-4fa4-a97d-d965ccfc6d4b" outcome="Passed" testListId="8c84fa94-04c1-424b-9868-57a2d4851a1d" relativeResultsDirectory="700c2556-7dab-4ef3-906f-858184fb4f70" />
    <UnitTestResult executionId="fb0d53d9-8830-4ad6-b1ec-559bb57d40a4" testId="bffcc70e-77ff-9da6-4266-5a74d4c0ef22" testName="BG3HonorAssistant.Package.Tests.PackageManifestTests.StartupTaskIsPackagedButDisabledByDefault" computerName="JANCARBONELB5E7" duration="00:00:00.0017490" startTime="2026-07-25T19:28:16.0789785-07:00" endTime="2026-07-25T19:28:16.0798713-07:00" testType="13cdc9d9-ddb5-4fa4-a97d-d965ccfc6d4b" outcome="Passed" testListId="8c84fa94-04c1-424b-9868-57a2d4851a1d" relativeResultsDirectory="fb0d53d9-8830-4ad6-b1ec-559bb57d40a4" />
  </Results>
  <TestDefinitions>
    <UnitTest name="BG3HonorAssistant.Package.Tests.PackageManifestTests.ManifestDeclaresOnlyReviewedCapabilities" storage="c:\mac\home\documents\bg3_windows\windows\tests\bg3honorassistant.package.tests\bin\release\net10.0-windows10.0.26100.0\bg3honorassistant.package.tests.dll" id="232c7680-1d7b-aa7c-3fab-040ae5dbcada">
      <Execution id="148b80b4-e637-4481-a1ae-bfff5af530ff" />
      <TestMethod codeBase="C:\Mac\Home\Documents\bg3_windows\windows\tests\BG3HonorAssistant.Package.Tests\bin\Release\net10.0-windows10.0.26100.0\BG3HonorAssistant.Package.Tests.dll" adapterTypeName="executor://xunit/VsTestRunner3/netcore/" className="BG3HonorAssistant.Package.Tests.PackageManifestTests" name="ManifestDeclaresOnlyReviewedCapabilities" />
    </UnitTest>
    <UnitTest name="BG3HonorAssistant.Package.Tests.PackageManifestTests.MvpExcludesCaptureAndMicrophoneProductSurface" storage="c:\mac\home\documents\bg3_windows\windows\tests\bg3honorassistant.package.tests\bin\release\net10.0-windows10.0.26100.0\bg3honorassistant.package.tests.dll" id="69945195-55db-75df-be7f-baa2fd741245">
      <Execution id="b1807a38-a2ce-4dcf-be09-7ad675b5a9ae" />
      <TestMethod codeBase="C:\Mac\Home\Documents\bg3_windows\windows\tests\BG3HonorAssistant.Package.Tests\bin\Release\net10.0-windows10.0.26100.0\BG3HonorAssistant.Package.Tests.dll" adapterTypeName="executor://xunit/VsTestRunner3/netcore/" className="BG3HonorAssistant.Package.Tests.PackageManifestTests" name="MvpExcludesCaptureAndMicrophoneProductSurface" />
    </UnitTest>
    <UnitTest name="BG3HonorAssistant.Package.Tests.SharedResourceTests.GuideHasExpectedVersionAndExplicitActTwoDataGap" storage="c:\mac\home\documents\bg3_windows\windows\tests\bg3honorassistant.package.tests\bin\release\net10.0-windows10.0.26100.0\bg3honorassistant.package.tests.dll" id="63e75ad1-1e9d-6597-48a7-ab3841526fbb">
      <Execution id="daf63171-3038-425c-bb6c-3a23a3c4bb21" />
      <TestMethod codeBase="C:\Mac\Home\Documents\bg3_windows\windows\tests\BG3HonorAssistant.Package.Tests\bin\Release\net10.0-windows10.0.26100.0\BG3HonorAssistant.Package.Tests.dll" adapterTypeName="executor://xunit/VsTestRunner3/netcore/" className="BG3HonorAssistant.Package.Tests.SharedResourceTests" name="GuideHasExpectedVersionAndExplicitActTwoDataGap" />
    </UnitTest>
    <UnitTest name="BG3HonorAssistant.Package.Tests.PackageManifestTests.ExecutableManifestForbidsElevationAndUsesPerMonitorDpi" storage="c:\mac\home\documents\bg3_windows\windows\tests\bg3honorassistant.package.tests\bin\release\net10.0-windows10.0.26100.0\bg3honorassistant.package.tests.dll" id="7cb12182-f74b-4908-71d2-48f2f29c4a5f">
      <Execution id="29c97632-e178-4a52-b2a4-d9a1e48ca977" />
      <TestMethod codeBase="C:\Mac\Home\Documents\bg3_windows\windows\tests\BG3HonorAssistant.Package.Tests\bin\Release\net10.0-windows10.0.26100.0\BG3HonorAssistant.Package.Tests.dll" adapterTypeName="executor://xunit/VsTestRunner3/netcore/" className="BG3HonorAssistant.Package.Tests.PackageManifestTests" name="ExecutableManifestForbidsElevationAndUsesPerMonitorDpi" />
    </UnitTest>
    <UnitTest name="BG3HonorAssistant.Package.Tests.PackageManifestTests.StartupTaskIsPackagedButDisabledByDefault" storage="c:\mac\home\documents\bg3_windows\windows\tests\bg3honorassistant.package.tests\bin\release\net10.0-windows10.0.26100.0\bg3honorassistant.package.tests.dll" id="bffcc70e-77ff-9da6-4266-5a74d4c0ef22">
      <Execution id="fb0d53d9-8830-4ad6-b1ec-559bb57d40a4" />
      <TestMethod codeBase="C:\Mac\Home\Documents\bg3_windows\windows\tests\BG3HonorAssistant.Package.Tests\bin\Release\net10.0-windows10.0.26100.0\BG3HonorAssistant.Package.Tests.dll" adapterTypeName="executor://xunit/VsTestRunner3/netcore/" className="BG3HonorAssistant.Package.Tests.PackageManifestTests" name="StartupTaskIsPackagedButDisabledByDefault" />
    </UnitTest>
    <UnitTest name="BG3HonorAssistant.Package.Tests.PackageManifestTests.ManifestTargetsOnlySupportedWindowsDesktopArchitecture" storage="c:\mac\home\documents\bg3_windows\windows\tests\bg3honorassistant.package.tests\bin\release\net10.0-windows10.0.26100.0\bg3honorassistant.package.tests.dll" id="459fbbfe-86bd-592b-91e6-b1b1118318d1">
      <Execution id="700c2556-7dab-4ef3-906f-858184fb4f70" />
      <TestMethod codeBase="C:\Mac\Home\Documents\bg3_windows\windows\tests\BG3HonorAssistant.Package.Tests\bin\Release\net10.0-windows10.0.26100.0\BG3HonorAssistant.Package.Tests.dll" adapterTypeName="executor://xunit/VsTestRunner3/netcore/" className="BG3HonorAssistant.Package.Tests.PackageManifestTests" name="ManifestTargetsOnlySupportedWindowsDesktopArchitecture" />
    </UnitTest>
    <UnitTest name="BG3HonorAssistant.Package.Tests.SharedResourceTests.SharedMediaInventoryMatchesAuditedCounts" storage="c:\mac\home\documents\bg3_windows\windows\tests\bg3honorassistant.package.tests\bin\release\net10.0-windows10.0.26100.0\bg3honorassistant.package.tests.dll" id="21e18ffe-a78a-f35a-7b3d-014bc2c9c378">
      <Execution id="82af5e71-6257-49ab-a3c8-ffce3748cd59" />
      <TestMethod codeBase="C:\Mac\Home\Documents\bg3_windows\windows\tests\BG3HonorAssistant.Package.Tests\bin\Release\net10.0-windows10.0.26100.0\BG3HonorAssistant.Package.Tests.dll" adapterTypeName="executor://xunit/VsTestRunner3/netcore/" className="BG3HonorAssistant.Package.Tests.SharedResourceTests" name="SharedMediaInventoryMatchesAuditedCounts" />
    </UnitTest>
  </TestDefinitions>
  <TestEntries>
    <TestEntry testId="69945195-55db-75df-be7f-baa2fd741245" executionId="b1807a38-a2ce-4dcf-be09-7ad675b5a9ae" testListId="8c84fa94-04c1-424b-9868-57a2d4851a1d" />
    <TestEntry testId="232c7680-1d7b-aa7c-3fab-040ae5dbcada" executionId="148b80b4-e637-4481-a1ae-bfff5af530ff" testListId="8c84fa94-04c1-424b-9868-57a2d4851a1d" />
    <TestEntry testId="7cb12182-f74b-4908-71d2-48f2f29c4a5f" executionId="29c97632-e178-4a52-b2a4-d9a1e48ca977" testListId="8c84fa94-04c1-424b-9868-57a2d4851a1d" />
    <TestEntry testId="63e75ad1-1e9d-6597-48a7-ab3841526fbb" executionId="daf63171-3038-425c-bb6c-3a23a3c4bb21" testListId="8c84fa94-04c1-424b-9868-57a2d4851a1d" />
    <TestEntry testId="21e18ffe-a78a-f35a-7b3d-014bc2c9c378" executionId="82af5e71-6257-49ab-a3c8-ffce3748cd59" testListId="8c84fa94-04c1-424b-9868-57a2d4851a1d" />
    <TestEntry testId="459fbbfe-86bd-592b-91e6-b1b1118318d1" executionId="700c2556-7dab-4ef3-906f-858184fb4f70" testListId="8c84fa94-04c1-424b-9868-57a2d4851a1d" />
    <TestEntry testId="bffcc70e-77ff-9da6-4266-5a74d4c0ef22" executionId="fb0d53d9-8830-4ad6-b1ec-559bb57d40a4" testListId="8c84fa94-04c1-424b-9868-57a2d4851a1d" />
  </TestEntries>
  <TestLists>
    <TestList name="Results Not in a List" id="8c84fa94-04c1-424b-9868-57a2d4851a1d" />
    <TestList name="All Loaded Results" id="19431567-8539-422a-85d7-44ee4e166bda" />
  </TestLists>
  <ResultSummary outcome="Completed">
    <Counters total="7" executed="7" passed="7" failed="0" error="0" timeout="0" aborted="0" inconclusive="0" passedButRunAborted="0" notRunnable="0" notExecuted="0" disconnected="0" warning="0" completed="0" inProgress="0" pending="0" />
    <Output>
      <StdOut>[xUnit.net 00:00:00.00] xUnit.net VSTest Adapter v3.1.4+50e68bbb8b (64-bit .NET 10.0.10)&#xD;
[xUnit.net 00:00:00.17]   Discovering: BG3HonorAssistant.Package.Tests&#xD;
[xUnit.net 00:00:00.23]   Discovered:  BG3HonorAssistant.Package.Tests&#xD;
[xUnit.net 00:00:00.28]   Starting:    BG3HonorAssistant.Package.Tests&#xD;
[xUnit.net 00:00:01.35]   Finished:    BG3HonorAssistant.Package.Tests&#xD;
</StdOut>
    </Output>
  </ResultSummary>
</TestRun>