<?xml version="1.0" encoding="utf-8"?>
<TestRun id="81331631-4787-4eeb-a01b-2f97e4fa476e" name="jcarbs@JANCARBONELB5E7 2026-07-25 19:27:57" runUser="JANCARBONELB5E7\jcarbs" xmlns="http://microsoft.com/schemas/VisualStudio/TeamTest/2010">
  <Times creation="2026-07-25T19:27:57.4938250-07:00" queuing="2026-07-25T19:27:57.4938258-07:00" start="2026-07-25T19:27:51.9590274-07:00" finish="2026-07-25T19:28:06.4742602-07:00" />
  <TestSettings name="default" id="46456a92-7fc1-4064-92ba-b77eb44a17ee">
    <Deployment runDeploymentRoot="jcarbs_JANCARBONELB5E7_2026-07-25_19_27_57" />
  </TestSettings>
  <Results>
    <UnitTestResult executionId="951fbb74-e971-435a-b940-5e792878ddc2" testId="c3112076-7ab6-85e9-61ff-dcd6deb16271" testName="BG3HonorAssistant.Windows.Tests.Overlay.OverlayPlacementTests.ConvertsDipsAtSupportedDisplayScales(dpi: 192, expectedWidth: 760, expectedHeight: 500)" computerName="JANCARBONELB5E7" duration="00:00:00.0000272" startTime="2026-07-25T19:27:57.4417954-07:00" endTime="2026-07-25T19:27:57.4418707-07:00" testType="13cdc9d9-ddb5-4fa4-a97d-d965ccfc6d4b" outcome="Passed" testListId="8c84fa94-04c1-424b-9868-57a2d4851a1d" relativeResultsDirectory="951fbb74-e971-435a-b940-5e792878ddc2" />
    <UnitTestResult executionId="b5088116-7079-44ac-b807-1a6d03b4c2e0" testId="0f2a17f1-2885-0a69-a570-e7590fde4642" testName="BG3HonorAssistant.Windows.Tests.GameDetection.ControlledGameWindowIntegrationTests.ExactNameX64HostExercisesDetectionFollowingAndLifecycle(processName: &quot;bg3_dx11&quot;, borderless: False)" computerName="JANCARBONELB5E7" duration="00:00:05.3258726" startTime="2026-07-25T19:27:58.0970078-07:00" endTime="2026-07-25T19:28:03.4253740-07:00" testType="13cdc9d9-ddb5-4fa4-a97d-d965ccfc6d4b" outcome="Passed" testListId="8c84fa94-04c1-424b-9868-57a2d4851a1d" relativeResultsDirectory="b5088116-7079-44ac-b807-1a6d03b4c2e0">
      <Output>
        <StdOut>host=bg3_dx11.exe; mode=windowed-style; pe=0x8664; pid=16520; initial=WindowBounds { Left = 251, Top = 240, Right = 2789, Bottom = 1669, Width = 2538, Height = 1429, IsUsable = True }; moved=WindowBounds { Left = -889, Top = 64, Right = 49, Bottom = 593, Width = 938, Height = 529, IsUsable = True }; restored=WindowBounds { Left = -889, Top = 64, Right = 49, Bottom = 593, Width = 938, Height = 529, IsUsable = True }; dpi=192; monitors=1; os=Microsoft Windows NT 10.0.26200.0; test-process=X64</StdOut>
      </Output>
    </UnitTestResult>
    <UnitTestResult executionId="ac3807f0-545b-46c0-9ca6-5176a04fe281" testId="2546e912-2369-d227-448f-d51840b22494" testName="BG3HonorAssistant.Windows.Tests.GameDetection.Bg3WindowMonitorTests.RefreshPublishesOnlyChangesIncludingGameExit" computerName="JANCARBONELB5E7" duration="00:00:00.0582007" startTime="2026-07-25T19:27:57.4776213-07:00" endTime="2026-07-25T19:27:57.4784563-07:00" testType="13cdc9d9-ddb5-4fa4-a97d-d965ccfc6d4b" outcome="Passed" testListId="8c84fa94-04c1-424b-9868-57a2d4851a1d" relativeResultsDirectory="ac3807f0-545b-46c0-9ca6-5176a04fe281" />
    <UnitTestResult executionId="6757a888-97f8-4e66-a706-1011fb7e11c0" testId="69ce3a9c-61c3-6af0-8542-7f0a7ce8d231" testName="BG3HonorAssistant.Windows.Tests.Overlay.OverlayPlacementTests.HandlesNegativeMonitorCoordinates" computerName="JANCARBONELB5E7" duration="00:00:00.0019660" startTime="2026-07-25T19:27:57.4386367-07:00" endTime="2026-07-25T19:27:57.4389034-07:00" testType="13cdc9d9-ddb5-4fa4-a97d-d965ccfc6d4b" outcome="Passed" testListId="8c84fa94-04c1-424b-9868-57a2d4851a1d" relativeResultsDirectory="6757a888-97f8-4e66-a706-1011fb7e11c0" />
    <UnitTestResult executionId="c726449a-defc-4766-aea6-a2517bc15461" testId="e5d7ce49-8560-f7dc-0087-e24f27e08413" testName="BG3HonorAssistant.Windows.Tests.Overlay.OverlayPlacementTests.RejectsEmptyGameBounds" computerName="JANCARBONELB5E7" duration="00:00:00.0019286" startTime="2026-07-25T19:27:57.4420970-07:00" endTime="2026-07-25T19:27:57.4421868-07:00" testType="13cdc9d9-ddb5-4fa4-a97d-d965ccfc6d4b" outcome="Passed" testListId="8c84fa94-04c1-424b-9868-57a2d4851a1d" relativeResultsDirectory="c726449a-defc-4766-aea6-a2517bc15461" />
    <UnitTestResult executionId="c2d31fc6-667b-4a6e-b0dc-9ceea3d004b8" testId="d502e4f9-1d17-4de6-d889-3882b9121b03" testName="BG3HonorAssistant.Windows.Tests.GameDetection.Bg3ProcessNamesTests.AcceptsOnlyDocumentedExecutables(processName: &quot;Bg3_Dx11.exe&quot;)" computerName="JANCARBONELB5E7" duration="00:00:00.0045789" startTime="2026-07-25T19:27:57.4839738-07:00" endTime="2026-07-25T19:27:57.4841855-07:00" testType="13cdc9d9-ddb5-4fa4-a97d-d965ccfc6d4b" outcome="Passed" testListId="8c84fa94-04c1-424b-9868-57a2d4851a1d" relativeResultsDirectory="c2d31fc6-667b-4a6e-b0dc-9ceea3d004b8" />
    <UnitTestResult executionId="03e28f76-7c22-4144-9681-92995f3bdb37" testId="4cfc059b-9fc8-d689-0d2d-04cd19a3df39" testName="BG3HonorAssistant.Windows.Tests.Overlay.OverlayPlacementTests.ConvertsDipsAtSupportedDisplayScales(dpi: 144, expectedWidth: 570, expectedHeight: 375)" computerName="JANCARBONELB5E7" duration="00:00:00.0009812" startTime="2026-07-25T19:27:57.4414975-07:00" endTime="2026-07-25T19:27:57.4415850-07:00" testType="13cdc9d9-ddb5-4fa4-a97d-d965ccfc6d4b" outcome="Passed" testListId="8c84fa94-04c1-424b-9868-57a2d4851a1d" relativeResultsDirectory="03e28f76-7c22-4144-9681-92995f3bdb37" />
    <UnitTestResult executionId="49ce4b2a-c432-4540-bbd2-d1a73925e848" testId="7c28e8e0-653c-f6cc-3dd8-ec58894c08ec" testName="BG3HonorAssistant.Windows.Tests.GameDetection.ControlledGameWindowIntegrationTests.ExactNameX64HostExercisesDetectionFollowingAndLifecycle(processName: &quot;bg3&quot;, borderless: True)" computerName="JANCARBONELB5E7" duration="00:00:02.8155579" startTime="2026-07-25T19:28:03.4578816-07:00" endTime="2026-07-25T19:28:06.2460427-07:00" testType="13cdc9d9-ddb5-4fa4-a97d-d965ccfc6d4b" outcome="Passed" testListId="8c84fa94-04c1-424b-9868-57a2d4851a1d" relativeResultsDirectory="49ce4b2a-c432-4540-bbd2-d1a73925e848">
      <Output>
        <StdOut>host=bg3.exe; mode=borderless-style; pe=0x8664; pid=11680; initial=WindowBounds { Left = 250, Top = 240, Right = 2790, Bottom = 1670, Width = 2540, Height = 1430, IsUsable = True }; moved=WindowBounds { Left = -890, Top = 64, Right = 50, Bottom = 594, Width = 940, Height = 530, IsUsable = True }; restored=WindowBounds { Left = -890, Top = 64, Right = 50, Bottom = 594, Width = 940, Height = 530, IsUsable = True }; dpi=192; monitors=1; os=Microsoft Windows NT 10.0.26200.0; test-process=X64</StdOut>
      </Output>
    </UnitTestResult>
    <UnitTestResult executionId="f6d67988-4c93-4c55-84cd-fc0d8660ba83" testId="47f310a6-3350-a81a-2a18-4c1309666abb" testName="BG3HonorAssistant.Windows.Tests.GameDetection.Bg3ProcessNamesTests.RejectsOtherProcesses(processName: &quot;bg3_launcher.exe&quot;)" computerName="JANCARBONELB5E7" duration="00:00:00.0000095" startTime="2026-07-25T19:27:57.4975320-07:00" endTime="2026-07-25T19:27:57.4976222-07:00" testType="13cdc9d9-ddb5-4fa4-a97d-d965ccfc6d4b" outcome="Passed" testListId="8c84fa94-04c1-424b-9868-57a2d4851a1d" relativeResultsDirectory="f6d67988-4c93-4c55-84cd-fc0d8660ba83" />
    <UnitTestResult executionId="e45b2d60-35de-4504-b382-dee7b29577f9" testId="d660e9d2-71d6-cfdd-bac4-600c2e7596ae" testName="BG3HonorAssistant.Windows.Tests.Overlay.OverlayWindowServiceTests.ConfigureAppliesAndRemovesPassiveInputStyles" computerName="JANCARBONELB5E7" duration="00:00:00.0103756" startTime="2026-07-25T19:27:57.4384198-07:00" endTime="2026-07-25T19:27:57.4424883-07:00" testType="13cdc9d9-ddb5-4fa4-a97d-d965ccfc6d4b" outcome="Passed" testListId="8c84fa94-04c1-424b-9868-57a2d4851a1d" relativeResultsDirectory="e45b2d60-35de-4504-b382-dee7b29577f9" />
    <UnitTestResult executionId="665ee31c-ecd4-4c65-8513-a46906140601" testId="26bc0bb4-2194-8a1e-d51f-e64c7bf795af" testName="BG3HonorAssistant.Windows.Tests.Overlay.OverlayPlacementTests.ClampsOversizedOverlayToGameBounds" computerName="JANCARBONELB5E7" duration="00:00:00.0053665" startTime="2026-07-25T19:27:57.4424221-07:00" endTime="2026-07-25T19:27:57.4653195-07:00" testType="13cdc9d9-ddb5-4fa4-a97d-d965ccfc6d4b" outcome="Passed" testListId="8c84fa94-04c1-424b-9868-57a2d4851a1d" relativeResultsDirectory="665ee31c-ecd4-4c65-8513-a46906140601" />
    <UnitTestResult executionId="379293d5-4cb0-407d-b309-4f1dbb5e6d13" testId="8e0e3d6d-50bf-6f60-c2f6-876c50fa1284" testName="BG3HonorAssistant.Windows.Tests.SingleInstance.SingleInstanceServiceTests.RejectsIdentifierWithoutSafeCharacters" computerName="JANCARBONELB5E7" duration="00:00:00.0027900" startTime="2026-07-25T19:27:57.4815137-07:00" endTime="2026-07-25T19:27:57.4817174-07:00" testType="13cdc9d9-ddb5-4fa4-a97d-d965ccfc6d4b" outcome="Passed" testListId="8c84fa94-04c1-424b-9868-57a2d4851a1d" relativeResultsDirectory="379293d5-4cb0-407d-b309-4f1dbb5e6d13" />
    <UnitTestResult executionId="62794ccc-46c0-41ce-85ea-c24a1be1371c" testId="67361790-cbee-afd5-f263-ff9f31337d6b" testName="BG3HonorAssistant.Windows.Tests.Credentials.CredentialStoreTests.RoundTripsAndDeletesCurrentUserCredential" computerName="JANCARBONELB5E7" duration="00:00:00.0137466" startTime="2026-07-25T19:27:57.4983196-07:00" endTime="2026-07-25T19:27:57.4985109-07:00" testType="13cdc9d9-ddb5-4fa4-a97d-d965ccfc6d4b" outcome="Passed" testListId="8c84fa94-04c1-424b-9868-57a2d4851a1d" relativeResultsDirectory="62794ccc-46c0-41ce-85ea-c24a1be1371c" />
    <UnitTestResult executionId="a8415ec5-8e2c-4e52-b1a7-fa34e1a631d2" testId="4b92e503-ad23-139d-6f02-6948aa4582d7" testName="BG3HonorAssistant.Windows.Tests.Overlay.OverlayPlacementTests.ConvertsDipsAtSupportedDisplayScales(dpi: 96, expectedWidth: 380, expectedHeight: 250)" computerName="JANCARBONELB5E7" duration="00:00:00.0004970" startTime="2026-07-25T19:27:57.4408038-07:00" endTime="2026-07-25T19:27:57.4410592-07:00" testType="13cdc9d9-ddb5-4fa4-a97d-d965ccfc6d4b" outcome="Passed" testListId="8c84fa94-04c1-424b-9868-57a2d4851a1d" relativeResultsDirectory="a8415ec5-8e2c-4e52-b1a7-fa34e1a631d2" />
    <UnitTestResult executionId="7eed1b00-494b-45c8-8085-15cdbb9feed8" testId="cd52cf91-a210-e0b6-5a57-8d48ecf87efc" testName="BG3HonorAssistant.Windows.Tests.GameDetection.Bg3ProcessNamesTests.AcceptsOnlyDocumentedExecutables(processName: &quot;BG3.EXE&quot;)" computerName="JANCARBONELB5E7" duration="00:00:00.0000511" startTime="2026-07-25T19:27:57.4857044-07:00" endTime="2026-07-25T19:27:57.4857813-07:00" testType="13cdc9d9-ddb5-4fa4-a97d-d965ccfc6d4b" outcome="Passed" testListId="8c84fa94-04c1-424b-9868-57a2d4851a1d" relativeResultsDirectory="7eed1b00-494b-45c8-8085-15cdbb9feed8" />
    <UnitTestResult executionId="027caf3b-9cd6-4b87-8ddc-bf1e2772f205" testId="d7392fee-40d3-d074-b768-c1bf1a052304" testName="BG3HonorAssistant.Windows.Tests.Overlay.OverlayPlacementTests.PlacesOverlayInsideRightSideOfGameWindow" computerName="JANCARBONELB5E7" duration="00:00:00.0264601" startTime="2026-07-25T19:27:57.3603930-07:00" endTime="2026-07-25T19:27:57.3762527-07:00" testType="13cdc9d9-ddb5-4fa4-a97d-d965ccfc6d4b" outcome="Passed" testListId="8c84fa94-04c1-424b-9868-57a2d4851a1d" relativeResultsDirectory="027caf3b-9cd6-4b87-8ddc-bf1e2772f205" />
    <UnitTestResult executionId="5ccb7e9e-1406-4348-afa1-23e6274b9a55" testId="e3e378b1-e7db-240b-42c3-0c4596fd1993" testName="BG3HonorAssistant.Windows.Tests.GameDetection.Bg3ProcessNamesTests.RejectsOtherProcesses(processName: &quot;bg3-mod.exe&quot;)" computerName="JANCARBONELB5E7" duration="00:00:00.0007522" startTime="2026-07-25T19:27:57.4962740-07:00" endTime="2026-07-25T19:27:57.4963859-07:00" testType="13cdc9d9-ddb5-4fa4-a97d-d965ccfc6d4b" outcome="Passed" testListId="8c84fa94-04c1-424b-9868-57a2d4851a1d" relativeResultsDirectory="5ccb7e9e-1406-4348-afa1-23e6274b9a55" />
    <UnitTestResult executionId="d026ff7e-ca55-4b5d-b279-d5bacd2effef" testId="9d03a9d0-46ad-e51f-c362-58dbeecbf784" testName="BG3HonorAssistant.Windows.Tests.GameDetection.Bg3ProcessNamesTests.RejectsOtherProcesses(processName: &quot;steam.exe&quot;)" computerName="JANCARBONELB5E7" duration="00:00:00.0002932" startTime="2026-07-25T19:27:57.4943091-07:00" endTime="2026-07-25T19:27:57.4944548-07:00" testType="13cdc9d9-ddb5-4fa4-a97d-d965ccfc6d4b" outcome="Passed" testListId="8c84fa94-04c1-424b-9868-57a2d4851a1d" relativeResultsDirectory="d026ff7e-ca55-4b5d-b279-d5bacd2effef" />
    <UnitTestResult executionId="8abfe98b-08c2-4d34-8593-6cef99c91c64" testId="b2aab65a-30bf-051e-2cdb-7f304550101e" testName="BG3HonorAssistant.Windows.Tests.GameDetection.Bg3ProcessNamesTests.RejectsOtherProcesses(processName: &quot;&quot;)" computerName="JANCARBONELB5E7" duration="00:00:00.0000293" startTime="2026-07-25T19:27:57.4970175-07:00" endTime="2026-07-25T19:27:57.4972954-07:00" testType="13cdc9d9-ddb5-4fa4-a97d-d965ccfc6d4b" outcome="Passed" testListId="8c84fa94-04c1-424b-9868-57a2d4851a1d" relativeResultsDirectory="8abfe98b-08c2-4d34-8593-6cef99c91c64" />
    <UnitTestResult executionId="f4c6fffe-289c-45aa-9cab-97638352b9a1" testId="5d001205-f23c-ded5-4865-ea0ebc6647d1" testName="BG3HonorAssistant.Windows.Tests.GameDetection.Bg3ProcessNamesTests.AcceptsOnlyDocumentedExecutables(processName: &quot;bg3&quot;)" computerName="JANCARBONELB5E7" duration="00:00:00.0001005" startTime="2026-07-25T19:27:57.4851480-07:00" endTime="2026-07-25T19:27:57.4853729-07:00" testType="13cdc9d9-ddb5-4fa4-a97d-d965ccfc6d4b" outcome="Passed" testListId="8c84fa94-04c1-424b-9868-57a2d4851a1d" relativeResultsDirectory="f4c6fffe-289c-45aa-9cab-97638352b9a1" />
    <UnitTestResult executionId="0dca67e7-4a10-4ed7-bc34-1a185d054943" testId="535dfd7e-202c-02cb-5442-ddaff2b68a40" testName="BG3HonorAssistant.Windows.Tests.GameDetection.Bg3ProcessNamesTests.AcceptsOnlyDocumentedExecutables(processName: &quot;bg3_dx11&quot;)" computerName="JANCARBONELB5E7" duration="00:00:00.0012553" startTime="2026-07-25T19:27:57.4847066-07:00" endTime="2026-07-25T19:27:57.4848252-07:00" testType="13cdc9d9-ddb5-4fa4-a97d-d965ccfc6d4b" outcome="Passed" testListId="8c84fa94-04c1-424b-9868-57a2d4851a1d" relativeResultsDirectory="0dca67e7-4a10-4ed7-bc34-1a185d054943" />
    <UnitTestResult executionId="015b7ba6-a5f2-4021-bb31-5bf12be1bfd1" testId="a35423ce-505a-ff9b-3adb-510d46aaaa62" testName="BG3HonorAssistant.Windows.Tests.SingleInstance.SingleInstanceServiceTests.AllowsOnlyOnePrimaryForApplicationId" computerName="JANCARBONELB5E7" duration="00:00:00.0198381" startTime="2026-07-25T19:27:57.4807883-07:00" endTime="2026-07-25T19:27:57.4809451-07:00" testType="13cdc9d9-ddb5-4fa4-a97d-d965ccfc6d4b" outcome="Passed" testListId="8c84fa94-04c1-424b-9868-57a2d4851a1d" relativeResultsDirectory="015b7ba6-a5f2-4021-bb31-5bf12be1bfd1" />
    <UnitTestResult executionId="72155b2a-fa02-4a74-8995-22fd9e2479f0" testId="2aa81206-e081-2aa6-ef9d-53c3e0ef32a1" testName="BG3HonorAssistant.Windows.Tests.Credentials.CredentialStoreTests.RejectsEmptySecret" computerName="JANCARBONELB5E7" duration="00:00:00.0025081" startTime="2026-07-25T19:27:57.4987730-07:00" endTime="2026-07-25T19:27:57.4988627-07:00" testType="13cdc9d9-ddb5-4fa4-a97d-d965ccfc6d4b" outcome="Passed" testListId="8c84fa94-04c1-424b-9868-57a2d4851a1d" relativeResultsDirectory="72155b2a-fa02-4a74-8995-22fd9e2479f0" />
    <UnitTestResult executionId="bf29cc40-e8d2-4dbb-aca5-cca700231744" testId="fcefe7e4-94c4-7666-34a0-166e06ec9c2a" testName="BG3HonorAssistant.Windows.Tests.Overlay.OverlayWindowServiceTests.PositionRelativeToUsesPhysicalDpiCoordinatesWithoutTakingForeground" computerName="JANCARBONELB5E7" duration="00:00:00.0358574" startTime="2026-07-25T19:27:57.3496304-07:00" endTime="2026-07-25T19:27:57.4007233-07:00" testType="13cdc9d9-ddb5-4fa4-a97d-d965ccfc6d4b" outcome="Passed" testListId="8c84fa94-04c1-424b-9868-57a2d4851a1d" relativeResultsDirectory="bf29cc40-e8d2-4dbb-aca5-cca700231744" />
    <UnitTestResult executionId="8024482b-f66f-4b07-9d9b-ed469b1c0510" testId="05acc647-23ab-42cb-1d59-f90063e90f5d" testName="BG3HonorAssistant.Windows.Tests.Overlay.OverlayWindowServiceTests.WpfWindowBecomesTopmostAndPassiveWithoutTakingForeground" computerName="JANCARBONELB5E7" duration="00:00:00.7949176" startTime="2026-07-25T19:27:57.4650534-07:00" endTime="2026-07-25T19:27:58.0887362-07:00" testType="13cdc9d9-ddb5-4fa4-a97d-d965ccfc6d4b" outcome="Passed" testListId="8c84fa94-04c1-424b-9868-57a2d4851a1d" relativeResultsDirectory="8024482b-f66f-4b07-9d9b-ed469b1c0510" />
    <UnitTestResult executionId="2a71b321-efe1-447a-b208-7d104a11aa0f" testId="166e7faa-08bb-aa5e-48b6-6e1db2fe324f" testName="BG3HonorAssistant.Windows.Tests.Packaging.PackageIdentityTests.UnpackagedTestHostReportsSafeStartupFallback" computerName="JANCARBONELB5E7" duration="00:00:00.1534074" startTime="2026-07-25T19:27:57.4782647-07:00" endTime="2026-07-25T19:27:57.4991329-07:00" testType="13cdc9d9-ddb5-4fa4-a97d-d965ccfc6d4b" outcome="Passed" testListId="8c84fa94-04c1-424b-9868-57a2d4851a1d" relativeResultsDirectory="2a71b321-efe1-447a-b208-7d104a11aa0f" />
  </Results>
  <TestDefinitions>
    <UnitTest name="BG3HonorAssistant.Windows.Tests.Credentials.CredentialStoreTests.RejectsEmptySecret" storage="c:\mac\home\documents\bg3_windows\windows\tests\bg3honorassistant.windows.tests\bin\release\net10.0-windows10.0.26100.0\bg3honorassistant.windows.tests.dll" id="2aa81206-e081-2aa6-ef9d-53c3e0ef32a1">
      <Execution id="72155b2a-fa02-4a74-8995-22fd9e2479f0" />
      <TestMethod codeBase="C:\Mac\Home\Documents\bg3_windows\windows\tests\BG3HonorAssistant.Windows.Tests\bin\Release\net10.0-windows10.0.26100.0\BG3HonorAssistant.Windows.Tests.dll" adapterTypeName="executor://xunit/VsTestRunner3/netcore/" className="BG3HonorAssistant.Windows.Tests.Credentials.CredentialStoreTests" name="RejectsEmptySecret" />
    </UnitTest>
    <UnitTest name="BG3HonorAssistant.Windows.Tests.GameDetection.Bg3ProcessNamesTests.AcceptsOnlyDocumentedExecutables(processName: &quot;Bg3_Dx11.exe&quot;)" storage="c:\mac\home\documents\bg3_windows\windows\tests\bg3honorassistant.windows.tests\bin\release\net10.0-windows10.0.26100.0\bg3honorassistant.windows.tests.dll" id="d502e4f9-1d17-4de6-d889-3882b9121b03">
      <Execution id="c2d31fc6-667b-4a6e-b0dc-9ceea3d004b8" />
      <TestMethod codeBase="C:\Mac\Home\Documents\bg3_windows\windows\tests\BG3HonorAssistant.Windows.Tests\bin\Release\net10.0-windows10.0.26100.0\BG3HonorAssistant.Windows.Tests.dll" adapterTypeName="executor://xunit/VsTestRunner3/netcore/" className="BG3HonorAssistant.Windows.Tests.GameDetection.Bg3ProcessNamesTests" name="AcceptsOnlyDocumentedExecutables" />
    </UnitTest>
    <UnitTest name="BG3HonorAssistant.Windows.Tests.GameDetection.ControlledGameWindowIntegrationTests.ExactNameX64HostExercisesDetectionFollowingAndLifecycle(processName: &quot;bg3_dx11&quot;, borderless: False)" storage="c:\mac\home\documents\bg3_windows\windows\tests\bg3honorassistant.windows.tests\bin\release\net10.0-windows10.0.26100.0\bg3honorassistant.windows.tests.dll" id="0f2a17f1-2885-0a69-a570-e7590fde4642">
      <Execution id="b5088116-7079-44ac-b807-1a6d03b4c2e0" />
      <TestMethod codeBase="C:\Mac\Home\Documents\bg3_windows\windows\tests\BG3HonorAssistant.Windows.Tests\bin\Release\net10.0-windows10.0.26100.0\BG3HonorAssistant.Windows.Tests.dll" adapterTypeName="executor://xunit/VsTestRunner3/netcore/" className="BG3HonorAssistant.Windows.Tests.GameDetection.ControlledGameWindowIntegrationTests" name="ExactNameX64HostExercisesDetectionFollowingAndLifecycle" />
    </UnitTest>
    <UnitTest name="BG3HonorAssistant.Windows.Tests.GameDetection.Bg3WindowMonitorTests.RefreshPublishesOnlyChangesIncludingGameExit" storage="c:\mac\home\documents\bg3_windows\windows\tests\bg3honorassistant.windows.tests\bin\release\net10.0-windows10.0.26100.0\bg3honorassistant.windows.tests.dll" id="2546e912-2369-d227-448f-d51840b22494">
      <Execution id="ac3807f0-545b-46c0-9ca6-5176a04fe281" />
      <TestMethod codeBase="C:\Mac\Home\Documents\bg3_windows\windows\tests\BG3HonorAssistant.Windows.Tests\bin\Release\net10.0-windows10.0.26100.0\BG3HonorAssistant.Windows.Tests.dll" adapterTypeName="executor://xunit/VsTestRunner3/netcore/" className="BG3HonorAssistant.Windows.Tests.GameDetection.Bg3WindowMonitorTests" name="RefreshPublishesOnlyChangesIncludingGameExit" />
    </UnitTest>
    <UnitTest name="BG3HonorAssistant.Windows.Tests.Overlay.OverlayPlacementTests.ConvertsDipsAtSupportedDisplayScales(dpi: 192, expectedWidth: 760, expectedHeight: 500)" storage="c:\mac\home\documents\bg3_windows\windows\tests\bg3honorassistant.windows.tests\bin\release\net10.0-windows10.0.26100.0\bg3honorassistant.windows.tests.dll" id="c3112076-7ab6-85e9-61ff-dcd6deb16271">
      <Execution id="951fbb74-e971-435a-b940-5e792878ddc2" />
      <TestMethod codeBase="C:\Mac\Home\Documents\bg3_windows\windows\tests\BG3HonorAssistant.Windows.Tests\bin\Release\net10.0-windows10.0.26100.0\BG3HonorAssistant.Windows.Tests.dll" adapterTypeName="executor://xunit/VsTestRunner3/netcore/" className="BG3HonorAssistant.Windows.Tests.Overlay.OverlayPlacementTests" name="ConvertsDipsAtSupportedDisplayScales" />
    </UnitTest>
    <UnitTest name="BG3HonorAssistant.Windows.Tests.Overlay.OverlayPlacementTests.ClampsOversizedOverlayToGameBounds" storage="c:\mac\home\documents\bg3_windows\windows\tests\bg3honorassistant.windows.tests\bin\release\net10.0-windows10.0.26100.0\bg3honorassistant.windows.tests.dll" id="26bc0bb4-2194-8a1e-d51f-e64c7bf795af">
      <Execution id="665ee31c-ecd4-4c65-8513-a46906140601" />
      <TestMethod codeBase="C:\Mac\Home\Documents\bg3_windows\windows\tests\BG3HonorAssistant.Windows.Tests\bin\Release\net10.0-windows10.0.26100.0\BG3HonorAssistant.Windows.Tests.dll" adapterTypeName="executor://xunit/VsTestRunner3/netcore/" className="BG3HonorAssistant.Windows.Tests.Overlay.OverlayPlacementTests" name="ClampsOversizedOverlayToGameBounds" />
    </UnitTest>
    <UnitTest name="BG3HonorAssistant.Windows.Tests.SingleInstance.SingleInstanceServiceTests.AllowsOnlyOnePrimaryForApplicationId" storage="c:\mac\home\documents\bg3_windows\windows\tests\bg3honorassistant.windows.tests\bin\release\net10.0-windows10.0.26100.0\bg3honorassistant.windows.tests.dll" id="a35423ce-505a-ff9b-3adb-510d46aaaa62">
      <Execution id="015b7ba6-a5f2-4021-bb31-5bf12be1bfd1" />
      <TestMethod codeBase="C:\Mac\Home\Documents\bg3_windows\windows\tests\BG3HonorAssistant.Windows.Tests\bin\Release\net10.0-windows10.0.26100.0\BG3HonorAssistant.Windows.Tests.dll" adapterTypeName="executor://xunit/VsTestRunner3/netcore/" className="BG3HonorAssistant.Windows.Tests.SingleInstance.SingleInstanceServiceTests" name="AllowsOnlyOnePrimaryForApplicationId" />
    </UnitTest>
    <UnitTest name="BG3HonorAssistant.Windows.Tests.GameDetection.Bg3ProcessNamesTests.RejectsOtherProcesses(processName: &quot;steam.exe&quot;)" storage="c:\mac\home\documents\bg3_windows\windows\tests\bg3honorassistant.windows.tests\bin\release\net10.0-windows10.0.26100.0\bg3honorassistant.windows.tests.dll" id="9d03a9d0-46ad-e51f-c362-58dbeecbf784">
      <Execution id="d026ff7e-ca55-4b5d-b279-d5bacd2effef" />
      <TestMethod codeBase="C:\Mac\Home\Documents\bg3_windows\windows\tests\BG3HonorAssistant.Windows.Tests\bin\Release\net10.0-windows10.0.26100.0\BG3HonorAssistant.Windows.Tests.dll" adapterTypeName="executor://xunit/VsTestRunner3/netcore/" className="BG3HonorAssistant.Windows.Tests.GameDetection.Bg3ProcessNamesTests" name="RejectsOtherProcesses" />
    </UnitTest>
    <UnitTest name="BG3HonorAssistant.Windows.Tests.Packaging.PackageIdentityTests.UnpackagedTestHostReportsSafeStartupFallback" storage="c:\mac\home\documents\bg3_windows\windows\tests\bg3honorassistant.windows.tests\bin\release\net10.0-windows10.0.26100.0\bg3honorassistant.windows.tests.dll" id="166e7faa-08bb-aa5e-48b6-6e1db2fe324f">
      <Execution id="2a71b321-efe1-447a-b208-7d104a11aa0f" />
      <TestMethod codeBase="C:\Mac\Home\Documents\bg3_windows\windows\tests\BG3HonorAssistant.Windows.Tests\bin\Release\net10.0-windows10.0.26100.0\BG3HonorAssistant.Windows.Tests.dll" adapterTypeName="executor://xunit/VsTestRunner3/netcore/" className="BG3HonorAssistant.Windows.Tests.Packaging.PackageIdentityTests" name="UnpackagedTestHostReportsSafeStartupFallback" />
    </UnitTest>
    <UnitTest name="BG3HonorAssistant.Windows.Tests.SingleInstance.SingleInstanceServiceTests.RejectsIdentifierWithoutSafeCharacters" storage="c:\mac\home\documents\bg3_windows\windows\tests\bg3honorassistant.windows.tests\bin\release\net10.0-windows10.0.26100.0\bg3honorassistant.windows.tests.dll" id="8e0e3d6d-50bf-6f60-c2f6-876c50fa1284">
      <Execution id="379293d5-4cb0-407d-b309-4f1dbb5e6d13" />
      <TestMethod codeBase="C:\Mac\Home\Documents\bg3_windows\windows\tests\BG3HonorAssistant.Windows.Tests\bin\Release\net10.0-windows10.0.26100.0\BG3HonorAssistant.Windows.Tests.dll" adapterTypeName="executor://xunit/VsTestRunner3/netcore/" className="BG3HonorAssistant.Windows.Tests.SingleInstance.SingleInstanceServiceTests" name="RejectsIdentifierWithoutSafeCharacters" />
    </UnitTest>
    <UnitTest name="BG3HonorAssistant.Windows.Tests.Credentials.CredentialStoreTests.RoundTripsAndDeletesCurrentUserCredential" storage="c:\mac\home\documents\bg3_windows\windows\tests\bg3honorassistant.windows.tests\bin\release\net10.0-windows10.0.26100.0\bg3honorassistant.windows.tests.dll" id="67361790-cbee-afd5-f263-ff9f31337d6b">
      <Execution id="62794ccc-46c0-41ce-85ea-c24a1be1371c" />
      <TestMethod codeBase="C:\Mac\Home\Documents\bg3_windows\windows\tests\BG3HonorAssistant.Windows.Tests\bin\Release\net10.0-windows10.0.26100.0\BG3HonorAssistant.Windows.Tests.dll" adapterTypeName="executor://xunit/VsTestRunner3/netcore/" className="BG3HonorAssistant.Windows.Tests.Credentials.CredentialStoreTests" name="RoundTripsAndDeletesCurrentUserCredential" />
    </UnitTest>
    <UnitTest name="BG3HonorAssistant.Windows.Tests.Overlay.OverlayPlacementTests.RejectsEmptyGameBounds" storage="c:\mac\home\documents\bg3_windows\windows\tests\bg3honorassistant.windows.tests\bin\release\net10.0-windows10.0.26100.0\bg3honorassistant.windows.tests.dll" id="e5d7ce49-8560-f7dc-0087-e24f27e08413">
      <Execution id="c726449a-defc-4766-aea6-a2517bc15461" />
      <TestMethod codeBase="C:\Mac\Home\Documents\bg3_windows\windows\tests\BG3HonorAssistant.Windows.Tests\bin\Release\net10.0-windows10.0.26100.0\BG3HonorAssistant.Windows.Tests.dll" adapterTypeName="executor://xunit/VsTestRunner3/netcore/" className="BG3HonorAssistant.Windows.Tests.Overlay.OverlayPlacementTests" name="RejectsEmptyGameBounds" />
    </UnitTest>
    <UnitTest name="BG3HonorAssistant.Windows.Tests.Overlay.OverlayWindowServiceTests.WpfWindowBecomesTopmostAndPassiveWithoutTakingForeground" storage="c:\mac\home\documents\bg3_windows\windows\tests\bg3honorassistant.windows.tests\bin\release\net10.0-windows10.0.26100.0\bg3honorassistant.windows.tests.dll" id="05acc647-23ab-42cb-1d59-f90063e90f5d">
      <Execution id="8024482b-f66f-4b07-9d9b-ed469b1c0510" />
      <TestMethod codeBase="C:\Mac\Home\Documents\bg3_windows\windows\tests\BG3HonorAssistant.Windows.Tests\bin\Release\net10.0-windows10.0.26100.0\BG3HonorAssistant.Windows.Tests.dll" adapterTypeName="executor://xunit/VsTestRunner3/netcore/" className="BG3HonorAssistant.Windows.Tests.Overlay.OverlayWindowServiceTests" name="WpfWindowBecomesTopmostAndPassiveWithoutTakingForeground" />
    </UnitTest>
    <UnitTest name="BG3HonorAssistant.Windows.Tests.Overlay.OverlayPlacementTests.HandlesNegativeMonitorCoordinates" storage="c:\mac\home\documents\bg3_windows\windows\tests\bg3honorassistant.windows.tests\bin\release\net10.0-windows10.0.26100.0\bg3honorassistant.windows.tests.dll" id="69ce3a9c-61c3-6af0-8542-7f0a7ce8d231">
      <Execution id="6757a888-97f8-4e66-a706-1011fb7e11c0" />
      <TestMethod codeBase="C:\Mac\Home\Documents\bg3_windows\windows\tests\BG3HonorAssistant.Windows.Tests\bin\Release\net10.0-windows10.0.26100.0\BG3HonorAssistant.Windows.Tests.dll" adapterTypeName="executor://xunit/VsTestRunner3/netcore/" className="BG3HonorAssistant.Windows.Tests.Overlay.OverlayPlacementTests" name="HandlesNegativeMonitorCoordinates" />
    </UnitTest>
    <UnitTest name="BG3HonorAssistant.Windows.Tests.GameDetection.Bg3ProcessNamesTests.RejectsOtherProcesses(processName: &quot;bg3_launcher.exe&quot;)" storage="c:\mac\home\documents\bg3_windows\windows\tests\bg3honorassistant.windows.tests\bin\release\net10.0-windows10.0.26100.0\bg3honorassistant.windows.tests.dll" id="47f310a6-3350-a81a-2a18-4c1309666abb">
      <Execution id="f6d67988-4c93-4c55-84cd-fc0d8660ba83" />
      <TestMethod codeBase="C:\Mac\Home\Documents\bg3_windows\windows\tests\BG3HonorAssistant.Windows.Tests\bin\Release\net10.0-windows10.0.26100.0\BG3HonorAssistant.Windows.Tests.dll" adapterTypeName="executor://xunit/VsTestRunner3/netcore/" className="BG3HonorAssistant.Windows.Tests.GameDetection.Bg3ProcessNamesTests" name="RejectsOtherProcesses" />
    </UnitTest>
    <UnitTest name="BG3HonorAssistant.Windows.Tests.GameDetection.Bg3ProcessNamesTests.AcceptsOnlyDocumentedExecutables(processName: &quot;bg3&quot;)" storage="c:\mac\home\documents\bg3_windows\windows\tests\bg3honorassistant.windows.tests\bin\release\net10.0-windows10.0.26100.0\bg3honorassistant.windows.tests.dll" id="5d001205-f23c-ded5-4865-ea0ebc6647d1">
      <Execution id="f4c6fffe-289c-45aa-9cab-97638352b9a1" />
      <TestMethod codeBase="C:\Mac\Home\Documents\bg3_windows\windows\tests\BG3HonorAssistant.Windows.Tests\bin\Release\net10.0-windows10.0.26100.0\BG3HonorAssistant.Windows.Tests.dll" adapterTypeName="executor://xunit/VsTestRunner3/netcore/" className="BG3HonorAssistant.Windows.Tests.GameDetection.Bg3ProcessNamesTests" name="AcceptsOnlyDocumentedExecutables" />
    </UnitTest>
    <UnitTest name="BG3HonorAssistant.Windows.Tests.GameDetection.Bg3ProcessNamesTests.RejectsOtherProcesses(processName: &quot;&quot;)" storage="c:\mac\home\documents\bg3_windows\windows\tests\bg3honorassistant.windows.tests\bin\release\net10.0-windows10.0.26100.0\bg3honorassistant.windows.tests.dll" id="b2aab65a-30bf-051e-2cdb-7f304550101e">
      <Execution id="8abfe98b-08c2-4d34-8593-6cef99c91c64" />
      <TestMethod codeBase="C:\Mac\Home\Documents\bg3_windows\windows\tests\BG3HonorAssistant.Windows.Tests\bin\Release\net10.0-windows10.0.26100.0\BG3HonorAssistant.Windows.Tests.dll" adapterTypeName="executor://xunit/VsTestRunner3/netcore/" className="BG3HonorAssistant.Windows.Tests.GameDetection.Bg3ProcessNamesTests" name="RejectsOtherProcesses" />
    </UnitTest>
    <UnitTest name="BG3HonorAssistant.Windows.Tests.GameDetection.Bg3ProcessNamesTests.AcceptsOnlyDocumentedExecutables(processName: &quot;bg3_dx11&quot;)" storage="c:\mac\home\documents\bg3_windows\windows\tests\bg3honorassistant.windows.tests\bin\release\net10.0-windows10.0.26100.0\bg3honorassistant.windows.tests.dll" id="535dfd7e-202c-02cb-5442-ddaff2b68a40">
      <Execution id="0dca67e7-4a10-4ed7-bc34-1a185d054943" />
      <TestMethod codeBase="C:\Mac\Home\Documents\bg3_windows\windows\tests\BG3HonorAssistant.Windows.Tests\bin\Release\net10.0-windows10.0.26100.0\BG3HonorAssistant.Windows.Tests.dll" adapterTypeName="executor://xunit/VsTestRunner3/netcore/" className="BG3HonorAssistant.Windows.Tests.GameDetection.Bg3ProcessNamesTests" name="AcceptsOnlyDocumentedExecutables" />
    </UnitTest>
    <UnitTest name="BG3HonorAssistant.Windows.Tests.Overlay.OverlayPlacementTests.ConvertsDipsAtSupportedDisplayScales(dpi: 96, expectedWidth: 380, expectedHeight: 250)" storage="c:\mac\home\documents\bg3_windows\windows\tests\bg3honorassistant.windows.tests\bin\release\net10.0-windows10.0.26100.0\bg3honorassistant.windows.tests.dll" id="4b92e503-ad23-139d-6f02-6948aa4582d7">
      <Execution id="a8415ec5-8e2c-4e52-b1a7-fa34e1a631d2" />
      <TestMethod codeBase="C:\Mac\Home\Documents\bg3_windows\windows\tests\BG3HonorAssistant.Windows.Tests\bin\Release\net10.0-windows10.0.26100.0\BG3HonorAssistant.Windows.Tests.dll" adapterTypeName="executor://xunit/VsTestRunner3/netcore/" className="BG3HonorAssistant.Windows.Tests.Overlay.OverlayPlacementTests" name="ConvertsDipsAtSupportedDisplayScales" />
    </UnitTest>
    <UnitTest name="BG3HonorAssistant.Windows.Tests.Overlay.OverlayPlacementTests.PlacesOverlayInsideRightSideOfGameWindow" storage="c:\mac\home\documents\bg3_windows\windows\tests\bg3honorassistant.windows.tests\bin\release\net10.0-windows10.0.26100.0\bg3honorassistant.windows.tests.dll" id="d7392fee-40d3-d074-b768-c1bf1a052304">
      <Execution id="027caf3b-9cd6-4b87-8ddc-bf1e2772f205" />
      <TestMethod codeBase="C:\Mac\Home\Documents\bg3_windows\windows\tests\BG3HonorAssistant.Windows.Tests\bin\Release\net10.0-windows10.0.26100.0\BG3HonorAssistant.Windows.Tests.dll" adapterTypeName="executor://xunit/VsTestRunner3/netcore/" className="BG3HonorAssistant.Windows.Tests.Overlay.OverlayPlacementTests" name="PlacesOverlayInsideRightSideOfGameWindow" />
    </UnitTest>
    <UnitTest name="BG3HonorAssistant.Windows.Tests.Overlay.OverlayWindowServiceTests.PositionRelativeToUsesPhysicalDpiCoordinatesWithoutTakingForeground" storage="c:\mac\home\documents\bg3_windows\windows\tests\bg3honorassistant.windows.tests\bin\release\net10.0-windows10.0.26100.0\bg3honorassistant.windows.tests.dll" id="fcefe7e4-94c4-7666-34a0-166e06ec9c2a">
      <Execution id="bf29cc40-e8d2-4dbb-aca5-cca700231744" />
      <TestMethod codeBase="C:\Mac\Home\Documents\bg3_windows\windows\tests\BG3HonorAssistant.Windows.Tests\bin\Release\net10.0-windows10.0.26100.0\BG3HonorAssistant.Windows.Tests.dll" adapterTypeName="executor://xunit/VsTestRunner3/netcore/" className="BG3HonorAssistant.Windows.Tests.Overlay.OverlayWindowServiceTests" name="PositionRelativeToUsesPhysicalDpiCoordinatesWithoutTakingForeground" />
    </UnitTest>
    <UnitTest name="BG3HonorAssistant.Windows.Tests.GameDetection.Bg3ProcessNamesTests.AcceptsOnlyDocumentedExecutables(processName: &quot;BG3.EXE&quot;)" storage="c:\mac\home\documents\bg3_windows\windows\tests\bg3honorassistant.windows.tests\bin\release\net10.0-windows10.0.26100.0\bg3honorassistant.windows.tests.dll" id="cd52cf91-a210-e0b6-5a57-8d48ecf87efc">
      <Execution id="7eed1b00-494b-45c8-8085-15cdbb9feed8" />
      <TestMethod codeBase="C:\Mac\Home\Documents\bg3_windows\windows\tests\BG3HonorAssistant.Windows.Tests\bin\Release\net10.0-windows10.0.26100.0\BG3HonorAssistant.Windows.Tests.dll" adapterTypeName="executor://xunit/VsTestRunner3/netcore/" className="BG3HonorAssistant.Windows.Tests.GameDetection.Bg3ProcessNamesTests" name="AcceptsOnlyDocumentedExecutables" />
    </UnitTest>
    <UnitTest name="BG3HonorAssistant.Windows.Tests.Overlay.OverlayPlacementTests.ConvertsDipsAtSupportedDisplayScales(dpi: 144, expectedWidth: 570, expectedHeight: 375)" storage="c:\mac\home\documents\bg3_windows\windows\tests\bg3honorassistant.windows.tests\bin\release\net10.0-windows10.0.26100.0\bg3honorassistant.windows.tests.dll" id="4cfc059b-9fc8-d689-0d2d-04cd19a3df39">
      <Execution id="03e28f76-7c22-4144-9681-92995f3bdb37" />
      <TestMethod codeBase="C:\Mac\Home\Documents\bg3_windows\windows\tests\BG3HonorAssistant.Windows.Tests\bin\Release\net10.0-windows10.0.26100.0\BG3HonorAssistant.Windows.Tests.dll" adapterTypeName="executor://xunit/VsTestRunner3/netcore/" className="BG3HonorAssistant.Windows.Tests.Overlay.OverlayPlacementTests" name="ConvertsDipsAtSupportedDisplayScales" />
    </UnitTest>
    <UnitTest name="BG3HonorAssistant.Windows.Tests.GameDetection.ControlledGameWindowIntegrationTests.ExactNameX64HostExercisesDetectionFollowingAndLifecycle(processName: &quot;bg3&quot;, borderless: True)" storage="c:\mac\home\documents\bg3_windows\windows\tests\bg3honorassistant.windows.tests\bin\release\net10.0-windows10.0.26100.0\bg3honorassistant.windows.tests.dll" id="7c28e8e0-653c-f6cc-3dd8-ec58894c08ec">
      <Execution id="49ce4b2a-c432-4540-bbd2-d1a73925e848" />
      <TestMethod codeBase="C:\Mac\Home\Documents\bg3_windows\windows\tests\BG3HonorAssistant.Windows.Tests\bin\Release\net10.0-windows10.0.26100.0\BG3HonorAssistant.Windows.Tests.dll" adapterTypeName="executor://xunit/VsTestRunner3/netcore/" className="BG3HonorAssistant.Windows.Tests.GameDetection.ControlledGameWindowIntegrationTests" name="ExactNameX64HostExercisesDetectionFollowingAndLifecycle" />
    </UnitTest>
    <UnitTest name="BG3HonorAssistant.Windows.Tests.Overlay.OverlayWindowServiceTests.ConfigureAppliesAndRemovesPassiveInputStyles" storage="c:\mac\home\documents\bg3_windows\windows\tests\bg3honorassistant.windows.tests\bin\release\net10.0-windows10.0.26100.0\bg3honorassistant.windows.tests.dll" id="d660e9d2-71d6-cfdd-bac4-600c2e7596ae">
      <Execution id="e45b2d60-35de-4504-b382-dee7b29577f9" />
      <TestMethod codeBase="C:\Mac\Home\Documents\bg3_windows\windows\tests\BG3HonorAssistant.Windows.Tests\bin\Release\net10.0-windows10.0.26100.0\BG3HonorAssistant.Windows.Tests.dll" adapterTypeName="executor://xunit/VsTestRunner3/netcore/" className="BG3HonorAssistant.Windows.Tests.Overlay.OverlayWindowServiceTests" name="ConfigureAppliesAndRemovesPassiveInputStyles" />
    </UnitTest>
    <UnitTest name="BG3HonorAssistant.Windows.Tests.GameDetection.Bg3ProcessNamesTests.RejectsOtherProcesses(processName: &quot;bg3-mod.exe&quot;)" storage="c:\mac\home\documents\bg3_windows\windows\tests\bg3honorassistant.windows.tests\bin\release\net10.0-windows10.0.26100.0\bg3honorassistant.windows.tests.dll" id="e3e378b1-e7db-240b-42c3-0c4596fd1993">
      <Execution id="5ccb7e9e-1406-4348-afa1-23e6274b9a55" />
      <TestMethod codeBase="C:\Mac\Home\Documents\bg3_windows\windows\tests\BG3HonorAssistant.Windows.Tests\bin\Release\net10.0-windows10.0.26100.0\BG3HonorAssistant.Windows.Tests.dll" adapterTypeName="executor://xunit/VsTestRunner3/netcore/" className="BG3HonorAssistant.Windows.Tests.GameDetection.Bg3ProcessNamesTests" name="RejectsOtherProcesses" />
    </UnitTest>
  </TestDefinitions>
  <TestEntries>
    <TestEntry testId="c3112076-7ab6-85e9-61ff-dcd6deb16271" executionId="951fbb74-e971-435a-b940-5e792878ddc2" testListId="8c84fa94-04c1-424b-9868-57a2d4851a1d" />
    <TestEntry testId="0f2a17f1-2885-0a69-a570-e7590fde4642" executionId="b5088116-7079-44ac-b807-1a6d03b4c2e0" testListId="8c84fa94-04c1-424b-9868-57a2d4851a1d" />
    <TestEntry testId="2546e912-2369-d227-448f-d51840b22494" executionId="ac3807f0-545b-46c0-9ca6-5176a04fe281" testListId="8c84fa94-04c1-424b-9868-57a2d4851a1d" />
    <TestEntry testId="69ce3a9c-61c3-6af0-8542-7f0a7ce8d231" executionId="6757a888-97f8-4e66-a706-1011fb7e11c0" testListId="8c84fa94-04c1-424b-9868-57a2d4851a1d" />
    <TestEntry testId="e5d7ce49-8560-f7dc-0087-e24f27e08413" executionId="c726449a-defc-4766-aea6-a2517bc15461" testListId="8c84fa94-04c1-424b-9868-57a2d4851a1d" />
    <TestEntry testId="d502e4f9-1d17-4de6-d889-3882b9121b03" executionId="c2d31fc6-667b-4a6e-b0dc-9ceea3d004b8" testListId="8c84fa94-04c1-424b-9868-57a2d4851a1d" />
    <TestEntry testId="4cfc059b-9fc8-d689-0d2d-04cd19a3df39" executionId="03e28f76-7c22-4144-9681-92995f3bdb37" testListId="8c84fa94-04c1-424b-9868-57a2d4851a1d" />
    <TestEntry testId="7c28e8e0-653c-f6cc-3dd8-ec58894c08ec" executionId="49ce4b2a-c432-4540-bbd2-d1a73925e848" testListId="8c84fa94-04c1-424b-9868-57a2d4851a1d" />
    <TestEntry testId="47f310a6-3350-a81a-2a18-4c1309666abb" executionId="f6d67988-4c93-4c55-84cd-fc0d8660ba83" testListId="8c84fa94-04c1-424b-9868-57a2d4851a1d" />
    <TestEntry testId="d660e9d2-71d6-cfdd-bac4-600c2e7596ae" executionId="e45b2d60-35de-4504-b382-dee7b29577f9" testListId="8c84fa94-04c1-424b-9868-57a2d4851a1d" />
    <TestEntry testId="26bc0bb4-2194-8a1e-d51f-e64c7bf795af" executionId="665ee31c-ecd4-4c65-8513-a46906140601" testListId="8c84fa94-04c1-424b-9868-57a2d4851a1d" />
    <TestEntry testId="8e0e3d6d-50bf-6f60-c2f6-876c50fa1284" executionId="379293d5-4cb0-407d-b309-4f1dbb5e6d13" testListId="8c84fa94-04c1-424b-9868-57a2d4851a1d" />
    <TestEntry testId="67361790-cbee-afd5-f263-ff9f31337d6b" executionId="62794ccc-46c0-41ce-85ea-c24a1be1371c" testListId="8c84fa94-04c1-424b-9868-57a2d4851a1d" />
    <TestEntry testId="4b92e503-ad23-139d-6f02-6948aa4582d7" executionId="a8415ec5-8e2c-4e52-b1a7-fa34e1a631d2" testListId="8c84fa94-04c1-424b-9868-57a2d4851a1d" />
    <TestEntry testId="cd52cf91-a210-e0b6-5a57-8d48ecf87efc" executionId="7eed1b00-494b-45c8-8085-15cdbb9feed8" testListId="8c84fa94-04c1-424b-9868-57a2d4851a1d" />
    <TestEntry testId="d7392fee-40d3-d074-b768-c1bf1a052304" executionId="027caf3b-9cd6-4b87-8ddc-bf1e2772f205" testListId="8c84fa94-04c1-424b-9868-57a2d4851a1d" />
    <TestEntry testId="e3e378b1-e7db-240b-42c3-0c4596fd1993" executionId="5ccb7e9e-1406-4348-afa1-23e6274b9a55" testListId="8c84fa94-04c1-424b-9868-57a2d4851a1d" />
    <TestEntry testId="9d03a9d0-46ad-e51f-c362-58dbeecbf784" executionId="d026ff7e-ca55-4b5d-b279-d5bacd2effef" testListId="8c84fa94-04c1-424b-9868-57a2d4851a1d" />
    <TestEntry testId="b2aab65a-30bf-051e-2cdb-7f304550101e" executionId="8abfe98b-08c2-4d34-8593-6cef99c91c64" testListId="8c84fa94-04c1-424b-9868-57a2d4851a1d" />
    <TestEntry testId="5d001205-f23c-ded5-4865-ea0ebc6647d1" executionId="f4c6fffe-289c-45aa-9cab-97638352b9a1" testListId="8c84fa94-04c1-424b-9868-57a2d4851a1d" />
    <TestEntry testId="535dfd7e-202c-02cb-5442-ddaff2b68a40" executionId="0dca67e7-4a10-4ed7-bc34-1a185d054943" testListId="8c84fa94-04c1-424b-9868-57a2d4851a1d" />
    <TestEntry testId="a35423ce-505a-ff9b-3adb-510d46aaaa62" executionId="015b7ba6-a5f2-4021-bb31-5bf12be1bfd1" testListId="8c84fa94-04c1-424b-9868-57a2d4851a1d" />
    <TestEntry testId="2aa81206-e081-2aa6-ef9d-53c3e0ef32a1" executionId="72155b2a-fa02-4a74-8995-22fd9e2479f0" testListId="8c84fa94-04c1-424b-9868-57a2d4851a1d" />
    <TestEntry testId="fcefe7e4-94c4-7666-34a0-166e06ec9c2a" executionId="bf29cc40-e8d2-4dbb-aca5-cca700231744" testListId="8c84fa94-04c1-424b-9868-57a2d4851a1d" />
    <TestEntry testId="05acc647-23ab-42cb-1d59-f90063e90f5d" executionId="8024482b-f66f-4b07-9d9b-ed469b1c0510" testListId="8c84fa94-04c1-424b-9868-57a2d4851a1d" />
    <TestEntry testId="166e7faa-08bb-aa5e-48b6-6e1db2fe324f" executionId="2a71b321-efe1-447a-b208-7d104a11aa0f" testListId="8c84fa94-04c1-424b-9868-57a2d4851a1d" />
  </TestEntries>
  <TestLists>
    <TestList name="Results Not in a List" id="8c84fa94-04c1-424b-9868-57a2d4851a1d" />
    <TestList name="All Loaded Results" id="19431567-8539-422a-85d7-44ee4e166bda" />
  </TestLists>
  <ResultSummary outcome="Completed">
    <Counters total="26" executed="26" passed="26" failed="0" error="0" timeout="0" aborted="0" inconclusive="0" passedButRunAborted="0" notRunnable="0" notExecuted="0" disconnected="0" warning="0" completed="0" inProgress="0" pending="0" />
    <Output>
      <StdOut>[xUnit.net 00:00:00.00] xUnit.net VSTest Adapter v3.1.4+50e68bbb8b (64-bit .NET 10.0.10)&#xD;
[xUnit.net 00:00:01.18]   Discovering: BG3HonorAssistant.Windows.Tests&#xD;
[xUnit.net 00:00:01.30]   Discovered:  BG3HonorAssistant.Windows.Tests&#xD;
[xUnit.net 00:00:01.35]   Starting:    BG3HonorAssistant.Windows.Tests&#xD;
[xUnit.net 00:00:10.45]   Finished:    BG3HonorAssistant.Windows.Tests&#xD;
</StdOut>
    </Output>
  </ResultSummary>
</TestRun>