<?xml version="1.0" encoding="utf-8"?>
<TestRun id="ecf97514-3a3b-4b19-8d71-8ebff242628d" name="jcarbs@JANCARBONELB5E7 2026-07-25 21:00:39" runUser="JANCARBONELB5E7\jcarbs" xmlns="http://microsoft.com/schemas/VisualStudio/TeamTest/2010">
  <Times creation="2026-07-25T21:00:39.7273489-07:00" queuing="2026-07-25T21:00:39.7273492-07:00" start="2026-07-25T21:00:18.9623098-07:00" finish="2026-07-25T21:00:40.2596774-07:00" />
  <TestSettings name="default" id="b25c9573-64fd-41ba-97fb-66f2beedf8bc">
    <Deployment runDeploymentRoot="jcarbs_JANCARBONELB5E7_2026-07-25_21_00_39" />
  </TestSettings>
  <Results>
    <UnitTestResult executionId="13f1963e-905b-47ea-bff4-c07250693a04" testId="1983ef9c-e593-9e72-2b16-8f9b72206b5e" testName="BG3HonorAssistant.Core.Tests.Models.ManualBuildTests.PatchEightSubclassesNeededByTankBuildAreAvailable" computerName="JANCARBONELB5E7" duration="00:00:00.0008217" startTime="2026-07-25T21:00:40.1527794-07:00" endTime="2026-07-25T21:00:40.1533497-07:00" testType="13cdc9d9-ddb5-4fa4-a97d-d965ccfc6d4b" outcome="Passed" testListId="8c84fa94-04c1-424b-9868-57a2d4851a1d" relativeResultsDirectory="13f1963e-905b-47ea-bff4-c07250693a04" />
    <UnitTestResult executionId="1389fca9-8429-4866-a094-36a13e3d9f15" testId="1f97b931-84a0-e720-2611-94e43a4b7ec4" testName="BG3HonorAssistant.Core.Tests.Route.ActTransitionRulesTests.FinalGateMatchesOraclePrecedence(selectedAct: 3, guideLoaded: True, routeAvailable: True, activeSteps: 2, unresolvedGear: 0, expected: &quot;Resolve or deliberately skip 2 route steps first.&quot;)" computerName="JANCARBONELB5E7" duration="00:00:00.0001147" startTime="2026-07-25T21:00:39.9098235-07:00" endTime="2026-07-25T21:00:39.9099956-07:00" testType="13cdc9d9-ddb5-4fa4-a97d-d965ccfc6d4b" outcome="Passed" testListId="8c84fa94-04c1-424b-9868-57a2d4851a1d" relativeResultsDirectory="1389fca9-8429-4866-a094-36a13e3d9f15" />
    <UnitTestResult executionId="dbed3643-f965-4a10-80d3-3c228c74534e" testId="ed50ac13-433b-e350-e216-7d4bbfc95887" testName="BG3HonorAssistant.Core.Tests.Models.GearLogicTests.PathRowsNeverInventStepsAndPreserveGateRequirementAndAcquireFallback" computerName="JANCARBONELB5E7" duration="00:00:00.0435311" startTime="2026-07-25T21:00:39.7457573-07:00" endTime="2026-07-25T21:00:39.7491644-07:00" testType="13cdc9d9-ddb5-4fa4-a97d-d965ccfc6d4b" outcome="Passed" testListId="8c84fa94-04c1-424b-9868-57a2d4851a1d" relativeResultsDirectory="dbed3643-f965-4a10-80d3-3c228c74534e" />
    <UnitTestResult executionId="506bf2f6-dd71-47ab-a451-303ae670bf64" testId="93875ef5-e5b5-9a60-c0a1-7d9909ed281e" testName="BG3HonorAssistant.Core.Tests.Route.RouteDerivationTests.EncounterClassificationMatchesReviewedStepData(kind: &quot;major_fight&quot;, decision: True, incident: False, expected: FightAndTalk)" computerName="JANCARBONELB5E7" duration="00:00:00.0015445" startTime="2026-07-25T21:00:39.6381464-07:00" endTime="2026-07-25T21:00:39.6383919-07:00" testType="13cdc9d9-ddb5-4fa4-a97d-d965ccfc6d4b" outcome="Passed" testListId="8c84fa94-04c1-424b-9868-57a2d4851a1d" relativeResultsDirectory="506bf2f6-dd71-47ab-a451-303ae670bf64" />
    <UnitTestResult executionId="bd95e826-0d12-43fe-9728-a7f9f1cbb792" testId="551951bd-fded-f557-cb68-c4322ce32564" testName="BG3HonorAssistant.Core.Tests.Models.ManualBuildTests.SubclassSpecificChoicesAreCompleteAndConditional" computerName="JANCARBONELB5E7" duration="00:00:00.0062746" startTime="2026-07-25T21:00:40.0885022-07:00" endTime="2026-07-25T21:00:40.0948528-07:00" testType="13cdc9d9-ddb5-4fa4-a97d-d965ccfc6d4b" outcome="Passed" testListId="8c84fa94-04c1-424b-9868-57a2d4851a1d" relativeResultsDirectory="bd95e826-0d12-43fe-9728-a7f9f1cbb792" />
    <UnitTestResult executionId="fa3171a9-a7b7-45ba-9850-9bee38833698" testId="31c0f6bc-fb3f-7d0e-c327-3ffcdd80e6d5" testName="BG3HonorAssistant.Core.Tests.Models.GearLogicTests.RouteRankUsesTheOracleActOrdering(region: &quot;Shattered Sanctum&quot;, act: 1, expected: 5)" computerName="JANCARBONELB5E7" duration="00:00:00.0023693" startTime="2026-07-25T21:00:39.7810904-07:00" endTime="2026-07-25T21:00:39.7812182-07:00" testType="13cdc9d9-ddb5-4fa4-a97d-d965ccfc6d4b" outcome="Passed" testListId="8c84fa94-04c1-424b-9868-57a2d4851a1d" relativeResultsDirectory="fa3171a9-a7b7-45ba-9850-9bee38833698" />
    <UnitTestResult executionId="d3c7955b-b79c-45a5-a13e-2bbcbea2ae8a" testId="f196e578-0254-b7e8-1639-d4d8861bf72f" testName="BG3HonorAssistant.Core.Tests.Route.RunSafetyTests.ReadinessBlocksSkippedRequiredRoutePrerequisite" computerName="JANCARBONELB5E7" duration="00:00:00.0259481" startTime="2026-07-25T21:00:39.8325165-07:00" endTime="2026-07-25T21:00:39.8327607-07:00" testType="13cdc9d9-ddb5-4fa4-a97d-d965ccfc6d4b" outcome="Passed" testListId="8c84fa94-04c1-424b-9868-57a2d4851a1d" relativeResultsDirectory="d3c7955b-b79c-45a5-a13e-2bbcbea2ae8a" />
    <UnitTestResult executionId="f659de4d-d359-42d0-b7f8-86d97c2189a7" testId="30d37217-e23e-41c8-44ec-47be08b9d195" testName="BG3HonorAssistant.Core.Tests.Route.ActTransitionRulesTests.TransitionGateMatchesOraclePrecedence(selectedAct: 2, nextActGuideExists: True, guideLoaded: True, routeAvailable: False, unresolvedGear: 0, expected: &quot;Act 2 route coverage must be reviewed before this &quot;···)" computerName="JANCARBONELB5E7" duration="00:00:00.0000649" startTime="2026-07-25T21:00:39.9372998-07:00" endTime="2026-07-25T21:00:39.9376537-07:00" testType="13cdc9d9-ddb5-4fa4-a97d-d965ccfc6d4b" outcome="Passed" testListId="8c84fa94-04c1-424b-9868-57a2d4851a1d" relativeResultsDirectory="f659de4d-d359-42d0-b7f8-86d97c2189a7" />
    <UnitTestResult executionId="9459068b-f814-4209-bc7a-0359b0944f74" testId="a2f373bb-4ed6-d76f-8aad-d1c6f666f1f0" testName="BG3HonorAssistant.Core.Tests.Models.AbilityProgressionTests.ModifierUsesFloorForOddScores(score: 9, expected: -1)" computerName="JANCARBONELB5E7" duration="00:00:00.0000348" startTime="2026-07-25T21:00:39.6438693-07:00" endTime="2026-07-25T21:00:39.6442475-07:00" testType="13cdc9d9-ddb5-4fa4-a97d-d965ccfc6d4b" outcome="Passed" testListId="8c84fa94-04c1-424b-9868-57a2d4851a1d" relativeResultsDirectory="9459068b-f814-4209-bc7a-0359b0944f74" />
    <UnitTestResult executionId="4a376e45-d869-4850-ba96-b18031d36484" testId="e79c0d92-9792-0a44-e63c-898377d09fcc" testName="BG3HonorAssistant.Core.Tests.Models.ManualBuildTests.ManualMulticlassLevelsAreCountedPerClass" computerName="JANCARBONELB5E7" duration="00:00:00.0051161" startTime="2026-07-25T21:00:40.0954280-07:00" endTime="2026-07-25T21:00:40.1001630-07:00" testType="13cdc9d9-ddb5-4fa4-a97d-d965ccfc6d4b" outcome="Passed" testListId="8c84fa94-04c1-424b-9868-57a2d4851a1d" relativeResultsDirectory="4a376e45-d869-4850-ba96-b18031d36484" />
    <UnitTestResult executionId="854bca78-c43e-4cec-814c-e6b70300bc39" testId="0a2025c6-7010-b193-9fd0-3ff52626826e" testName="BG3HonorAssistant.Core.Tests.Route.ActTransitionRulesTests.FinalGateMatchesOraclePrecedence(selectedAct: 2, guideLoaded: False, routeAvailable: True, activeSteps: 0, unresolvedGear: 0, expected: &quot;Only Act 3 can complete the run.&quot;)" computerName="JANCARBONELB5E7" duration="00:00:00.0000678" startTime="2026-07-25T21:00:39.9085462-07:00" endTime="2026-07-25T21:00:39.9088440-07:00" testType="13cdc9d9-ddb5-4fa4-a97d-d965ccfc6d4b" outcome="Passed" testListId="8c84fa94-04c1-424b-9868-57a2d4851a1d" relativeResultsDirectory="854bca78-c43e-4cec-814c-e6b70300bc39" />
    <UnitTestResult executionId="bf55b7d4-7c2c-4a3c-bf6b-349e06c203de" testId="c155cb3f-66be-259d-7071-a5a729c287a4" testName="BG3HonorAssistant.Core.Tests.Models.AbilitySourceRulesTests.EquipmentOwnerUsesPersistedLoadout" computerName="JANCARBONELB5E7" duration="00:00:00.0129705" startTime="2026-07-25T21:00:39.6896872-07:00" endTime="2026-07-25T21:00:39.6940761-07:00" testType="13cdc9d9-ddb5-4fa4-a97d-d965ccfc6d4b" outcome="Passed" testListId="8c84fa94-04c1-424b-9868-57a2d4851a1d" relativeResultsDirectory="bf55b7d4-7c2c-4a3c-bf6b-349e06c203de" />
    <UnitTestResult executionId="29d50774-8210-480d-93a2-d38baf920208" testId="7101856e-d42f-d49f-6d6f-ad0a3667e2c0" testName="BG3HonorAssistant.Core.Tests.Route.RouteDerivationTests.DependencyPresentationDistinguishesSequenceSkipAndChangedOutcome" computerName="JANCARBONELB5E7" duration="00:00:00.0182587" startTime="2026-07-25T21:00:39.6866096-07:00" endTime="2026-07-25T21:00:39.6876623-07:00" testType="13cdc9d9-ddb5-4fa4-a97d-d965ccfc6d4b" outcome="Passed" testListId="8c84fa94-04c1-424b-9868-57a2d4851a1d" relativeResultsDirectory="29d50774-8210-480d-93a2-d38baf920208" />
    <UnitTestResult executionId="95c81fb3-e4d2-48a8-8e50-cd560eb25fdc" testId="eb675ca6-50d3-d38c-6e5e-a1341601298a" testName="BG3HonorAssistant.Core.Tests.Models.ManualBuildTests.WizardSeparatesCantripsFromLevelledSpells" computerName="JANCARBONELB5E7" duration="00:00:00.0008095" startTime="2026-07-25T21:00:40.1601113-07:00" endTime="2026-07-25T21:00:40.1608188-07:00" testType="13cdc9d9-ddb5-4fa4-a97d-d965ccfc6d4b" outcome="Passed" testListId="8c84fa94-04c1-424b-9868-57a2d4851a1d" relativeResultsDirectory="95c81fb3-e4d2-48a8-8e50-cd560eb25fdc" />
    <UnitTestResult executionId="69782e6f-c3de-4c47-ba37-ab122d9ace4e" testId="910815bb-ab28-c358-dac7-a38a35478775" testName="BG3HonorAssistant.Core.Tests.Route.ActTransitionRulesTests.TransitionGateMatchesOraclePrecedence(selectedAct: 1, nextActGuideExists: False, guideLoaded: True, routeAvailable: True, unresolvedGear: 0, expected: &quot;The next act database is not installed.&quot;)" computerName="JANCARBONELB5E7" duration="00:00:00.0000267" startTime="2026-07-25T21:00:39.9319589-07:00" endTime="2026-07-25T21:00:39.9320856-07:00" testType="13cdc9d9-ddb5-4fa4-a97d-d965ccfc6d4b" outcome="Passed" testListId="8c84fa94-04c1-424b-9868-57a2d4851a1d" relativeResultsDirectory="69782e6f-c3de-4c47-ba37-ab122d9ace4e" />
    <UnitTestResult executionId="feb75b61-09b7-4a63-a78a-e30d04773c55" testId="9bc0efcd-5c5a-6899-2555-0e25a0e290fa" testName="BG3HonorAssistant.Core.Tests.Route.RunSafetyTests.DefaultDependencyKindAcceptsAnyResolution" computerName="JANCARBONELB5E7" duration="00:00:00.0006012" startTime="2026-07-25T21:00:39.8556786-07:00" endTime="2026-07-25T21:00:39.8567574-07:00" testType="13cdc9d9-ddb5-4fa4-a97d-d965ccfc6d4b" outcome="Passed" testListId="8c84fa94-04c1-424b-9868-57a2d4851a1d" relativeResultsDirectory="feb75b61-09b7-4a63-a78a-e30d04773c55" />
    <UnitTestResult executionId="904ca841-e3de-477e-84fd-bc71d5ae9aa7" testId="34c9412f-27bf-bf74-c1f0-f5a3f8c2c662" testName="BG3HonorAssistant.Core.Tests.Models.HonorRunBehaviorTests.EquipmentAssignmentIsUniqueAndToggleable" computerName="JANCARBONELB5E7" duration="00:00:00.0024811" startTime="2026-07-25T21:00:39.9772426-07:00" endTime="2026-07-25T21:00:39.9791784-07:00" testType="13cdc9d9-ddb5-4fa4-a97d-d965ccfc6d4b" outcome="Passed" testListId="8c84fa94-04c1-424b-9868-57a2d4851a1d" relativeResultsDirectory="904ca841-e3de-477e-84fd-bc71d5ae9aa7" />
    <UnitTestResult executionId="38cbfcea-220e-47c8-a031-549d5021f919" testId="cf35a32d-0107-7d48-fa21-6f67e564672c" testName="BG3HonorAssistant.Core.Tests.Route.RouteDerivationTests.EncounterClassificationMatchesReviewedStepData(kind: &quot;dialogue&quot;, decision: False, incident: True, expected: FightAndTalk)" computerName="JANCARBONELB5E7" duration="00:00:00.0088140" startTime="2026-07-25T21:00:39.4721208-07:00" endTime="2026-07-25T21:00:39.4725274-07:00" testType="13cdc9d9-ddb5-4fa4-a97d-d965ccfc6d4b" outcome="Passed" testListId="8c84fa94-04c1-424b-9868-57a2d4851a1d" relativeResultsDirectory="38cbfcea-220e-47c8-a031-549d5021f919" />
    <UnitTestResult executionId="d9c9f0f4-ff35-4bfc-abcb-6e83453f2c6b" testId="216a096b-155c-d3d0-19a7-acb836f2b29d" testName="BG3HonorAssistant.Core.Tests.Route.ActTransitionRulesTests.TransitionGateMatchesOraclePrecedence(selectedAct: 3, nextActGuideExists: True, guideLoaded: True, routeAvailable: True, unresolvedGear: 0, expected: &quot;Act 3 is the final act.&quot;)" computerName="JANCARBONELB5E7" duration="00:00:00.0000068" startTime="2026-07-25T21:00:39.9323999-07:00" endTime="2026-07-25T21:00:39.9325625-07:00" testType="13cdc9d9-ddb5-4fa4-a97d-d965ccfc6d4b" outcome="Passed" testListId="8c84fa94-04c1-424b-9868-57a2d4851a1d" relativeResultsDirectory="d9c9f0f4-ff35-4bfc-abcb-6e83453f2c6b" />
    <UnitTestResult executionId="4fd7d3d6-2908-48df-8533-caaea9bef235" testId="c7f2ab2a-27b9-45df-5cda-490bea3a240c" testName="BG3HonorAssistant.Core.Tests.Route.RunSafetyTests.CaughtUpSatisfiesCompletionRequiredDependency" computerName="JANCARBONELB5E7" duration="00:00:00.0037005" startTime="2026-07-25T21:00:39.8248315-07:00" endTime="2026-07-25T21:00:39.8256620-07:00" testType="13cdc9d9-ddb5-4fa4-a97d-d965ccfc6d4b" outcome="Passed" testListId="8c84fa94-04c1-424b-9868-57a2d4851a1d" relativeResultsDirectory="4fd7d3d6-2908-48df-8533-caaea9bef235" />
    <UnitTestResult executionId="842c3d3c-d989-40db-8d80-2a2249ee39aa" testId="a35ba1b2-7993-2e4f-84cc-35e27e192ede" testName="BG3HonorAssistant.Core.Tests.Models.PartyPlanningRulesTests.CompanionAndHirelingCatalogsMatchTheMacOracle" computerName="JANCARBONELB5E7" duration="00:00:00.0015038" startTime="2026-07-25T21:00:39.8606689-07:00" endTime="2026-07-25T21:00:39.8609512-07:00" testType="13cdc9d9-ddb5-4fa4-a97d-d965ccfc6d4b" outcome="Passed" testListId="8c84fa94-04c1-424b-9868-57a2d4851a1d" relativeResultsDirectory="842c3d3c-d989-40db-8d80-2a2249ee39aa" />
    <UnitTestResult executionId="43b757f3-cbbd-4d85-96d8-0c24a03893ce" testId="aafd9dbf-8b60-66dc-7afb-b6b2027f821b" testName="BG3HonorAssistant.Core.Tests.Models.GearLogicTests.OverrideBeatsRecency" computerName="JANCARBONELB5E7" duration="00:00:00.0111409" startTime="2026-07-25T21:00:39.7876419-07:00" endTime="2026-07-25T21:00:39.7887208-07:00" testType="13cdc9d9-ddb5-4fa4-a97d-d965ccfc6d4b" outcome="Passed" testListId="8c84fa94-04c1-424b-9868-57a2d4851a1d" relativeResultsDirectory="43b757f3-cbbd-4d85-96d8-0c24a03893ce" />
    <UnitTestResult executionId="8c6dfdd3-edd1-460e-97c6-2e324e1fdfd7" testId="76e11736-2fa0-0a76-01cf-d44f7fb8ca56" testName="BG3HonorAssistant.Core.Tests.Models.OnboardingTests.WindowsMvpExplicitlyExcludesLocalModels" computerName="JANCARBONELB5E7" duration="00:00:00.0002757" startTime="2026-07-25T21:00:39.7182767-07:00" endTime="2026-07-25T21:00:39.7183619-07:00" testType="13cdc9d9-ddb5-4fa4-a97d-d965ccfc6d4b" outcome="Passed" testListId="8c84fa94-04c1-424b-9868-57a2d4851a1d" relativeResultsDirectory="8c6dfdd3-edd1-460e-97c6-2e324e1fdfd7" />
    <UnitTestResult executionId="f63f77bf-744b-436a-b6f7-effee7e385a0" testId="1aaaf030-74bc-a1d1-533d-3c4c949009f8" testName="BG3HonorAssistant.Core.Tests.Route.ActTransitionRulesTests.TransitionGateMatchesOraclePrecedence(selectedAct: 1, nextActGuideExists: True, guideLoaded: True, routeAvailable: True, unresolvedGear: 1, expected: &quot;Review 1 equipment item first.&quot;)" computerName="JANCARBONELB5E7" duration="00:00:00.0015664" startTime="2026-07-25T21:00:39.9300019-07:00" endTime="2026-07-25T21:00:39.9316295-07:00" testType="13cdc9d9-ddb5-4fa4-a97d-d965ccfc6d4b" outcome="Passed" testListId="8c84fa94-04c1-424b-9868-57a2d4851a1d" relativeResultsDirectory="f63f77bf-744b-436a-b6f7-effee7e385a0" />
    <UnitTestResult executionId="7ce1e708-76f2-4445-97c0-9276aba04779" testId="9da3da90-7d9a-7cc8-7c53-3fca3e91918c" testName="BG3HonorAssistant.Core.Tests.Models.ActLedgerTests.FinalActRecordLocksActThreeLedger" computerName="JANCARBONELB5E7" duration="00:00:00.0208255" startTime="2026-07-25T21:00:39.8586386-07:00" endTime="2026-07-25T21:00:39.8593691-07:00" testType="13cdc9d9-ddb5-4fa4-a97d-d965ccfc6d4b" outcome="Passed" testListId="8c84fa94-04c1-424b-9868-57a2d4851a1d" relativeResultsDirectory="7ce1e708-76f2-4445-97c0-9276aba04779" />
    <UnitTestResult executionId="900040f3-bb67-4ae7-a6bb-14300784b39f" testId="8b048864-47a8-0ad1-e844-67020bc53b90" testName="BG3HonorAssistant.Core.Tests.Route.RunSafetyTests.SkippedCompletionDependencyAsksForRevisit" computerName="JANCARBONELB5E7" duration="00:00:00.0004446" startTime="2026-07-25T21:00:39.8313606-07:00" endTime="2026-07-25T21:00:39.8315801-07:00" testType="13cdc9d9-ddb5-4fa4-a97d-d965ccfc6d4b" outcome="Passed" testListId="8c84fa94-04c1-424b-9868-57a2d4851a1d" relativeResultsDirectory="900040f3-bb67-4ae7-a6bb-14300784b39f" />
    <UnitTestResult executionId="f40b0beb-57d7-482c-996f-2c3b4410abbe" testId="ee84a414-fc44-4a22-a25b-16a30e5adff3" testName="BG3HonorAssistant.Core.Tests.Models.GearLogicTests.PickupsBucketByFirstMatchingPhaseAndKeepUnmatchedItems" computerName="JANCARBONELB5E7" duration="00:00:00.0259950" startTime="2026-07-25T21:00:39.7972485-07:00" endTime="2026-07-25T21:00:39.8133507-07:00" testType="13cdc9d9-ddb5-4fa4-a97d-d965ccfc6d4b" outcome="Passed" testListId="8c84fa94-04c1-424b-9868-57a2d4851a1d" relativeResultsDirectory="f40b0beb-57d7-482c-996f-2c3b4410abbe" />
    <UnitTestResult executionId="71e60476-4b8e-4af5-a193-e28c0886713c" testId="22cd40ce-ccf8-6868-523d-fbf61ad5b66b" testName="BG3HonorAssistant.Core.Tests.Models.ManualBuildTests.AbilityImprovementRecordsItsAllocationAtTheSameLevel" computerName="JANCARBONELB5E7" duration="00:00:00.0008812" startTime="2026-07-25T21:00:40.1569920-07:00" endTime="2026-07-25T21:00:40.1577752-07:00" testType="13cdc9d9-ddb5-4fa4-a97d-d965ccfc6d4b" outcome="Passed" testListId="8c84fa94-04c1-424b-9868-57a2d4851a1d" relativeResultsDirectory="71e60476-4b8e-4af5-a193-e28c0886713c" />
    <UnitTestResult executionId="aa991000-584c-47c1-8516-feedecbd1c95" testId="11908803-5e45-0a6f-278c-35e22a6c02d8" testName="BG3HonorAssistant.Core.Tests.Models.OnboardingTests.WindowsMvpExplicitlyExcludesImageMessages" computerName="JANCARBONELB5E7" duration="00:00:01.0658817" startTime="2026-07-25T21:00:38.2871212-07:00" endTime="2026-07-25T21:00:39.3632696-07:00" testType="13cdc9d9-ddb5-4fa4-a97d-d965ccfc6d4b" outcome="Passed" testListId="8c84fa94-04c1-424b-9868-57a2d4851a1d" relativeResultsDirectory="aa991000-584c-47c1-8516-feedecbd1c95" />
    <UnitTestResult executionId="a4460452-5580-431d-a9d4-3ec93bd517b7" testId="dc46004f-bfe8-4c77-c888-b4f3f857c830" testName="BG3HonorAssistant.Core.Tests.Models.GearLogicTests.RegionClusterUsesTheSameCrossActTable(region: &quot;Unknown&quot;, expected: Other)" computerName="JANCARBONELB5E7" duration="00:00:00.0372396" startTime="2026-07-25T21:00:39.7258045-07:00" endTime="2026-07-25T21:00:39.7376069-07:00" testType="13cdc9d9-ddb5-4fa4-a97d-d965ccfc6d4b" outcome="Passed" testListId="8c84fa94-04c1-424b-9868-57a2d4851a1d" relativeResultsDirectory="a4460452-5580-431d-a9d4-3ec93bd517b7" />
    <UnitTestResult executionId="c7fcb2f7-f0f5-413f-9f94-835891d2a276" testId="01e60835-69fe-9b0a-a9c5-b713b6c9eee9" testName="BG3HonorAssistant.Core.Tests.Models.ManualBuildTests.EveryCatalogChoiceHasBundledArtwork" computerName="JANCARBONELB5E7" duration="00:00:00.2653458" startTime="2026-07-25T21:00:39.8676428-07:00" endTime="2026-07-25T21:00:40.0880147-07:00" testType="13cdc9d9-ddb5-4fa4-a97d-d965ccfc6d4b" outcome="Passed" testListId="8c84fa94-04c1-424b-9868-57a2d4851a1d" relativeResultsDirectory="c7fcb2f7-f0f5-413f-9f94-835891d2a276" />
    <UnitTestResult executionId="18553ca0-b226-4410-a0f9-ffd265ccb651" testId="550c6cd4-0128-669d-ac1f-7fd9106f0330" testName="BG3HonorAssistant.Core.Tests.Serialization.JsonDefaultsTests.WritesSwiftCompatibleReferenceDateNumber" computerName="JANCARBONELB5E7" duration="00:00:00.0120292" startTime="2026-07-25T21:00:39.8691714-07:00" endTime="2026-07-25T21:00:39.8701500-07:00" testType="13cdc9d9-ddb5-4fa4-a97d-d965ccfc6d4b" outcome="Passed" testListId="8c84fa94-04c1-424b-9868-57a2d4851a1d" relativeResultsDirectory="18553ca0-b226-4410-a0f9-ffd265ccb651" />
    <UnitTestResult executionId="f808ebec-e280-49de-8fea-80c7ca9dd677" testId="9465b7b9-ac7d-dbe1-f75e-2bb9419a5d3a" testName="BG3HonorAssistant.Core.Tests.Models.OnboardingTests.CatchUpMarksThroughLandmarkInclusive" computerName="JANCARBONELB5E7" duration="00:00:00.0019514" startTime="2026-07-25T21:00:39.7165835-07:00" endTime="2026-07-25T21:00:39.7179407-07:00" testType="13cdc9d9-ddb5-4fa4-a97d-d965ccfc6d4b" outcome="Passed" testListId="8c84fa94-04c1-424b-9868-57a2d4851a1d" relativeResultsDirectory="f808ebec-e280-49de-8fea-80c7ca9dd677" />
    <UnitTestResult executionId="5f672b8f-47c9-4280-ae38-7636d217869e" testId="e8b41416-38df-2232-fda6-dc873f68dc4b" testName="BG3HonorAssistant.Core.Tests.Route.RunProgressRulesTests.ConsequentialSkipAndMuteAreExplicit" computerName="JANCARBONELB5E7" duration="00:00:00.0102744" startTime="2026-07-25T21:00:39.7478083-07:00" endTime="2026-07-25T21:00:39.7480866-07:00" testType="13cdc9d9-ddb5-4fa4-a97d-d965ccfc6d4b" outcome="Passed" testListId="8c84fa94-04c1-424b-9868-57a2d4851a1d" relativeResultsDirectory="5f672b8f-47c9-4280-ae38-7636d217869e" />
    <UnitTestResult executionId="32d0022d-f04e-4165-bd34-8fcd98002878" testId="846f3570-4a2f-3f78-b5ee-d2015de853da" testName="BG3HonorAssistant.Core.Tests.Route.RunSafetyTests.RouteConsequencesIgnoreCaughtUpCheckpoints" computerName="JANCARBONELB5E7" duration="00:00:00.0005726" startTime="2026-07-25T21:00:39.8270856-07:00" endTime="2026-07-25T21:00:39.8304661-07:00" testType="13cdc9d9-ddb5-4fa4-a97d-d965ccfc6d4b" outcome="Passed" testListId="8c84fa94-04c1-424b-9868-57a2d4851a1d" relativeResultsDirectory="32d0022d-f04e-4165-bd34-8fcd98002878" />
    <UnitTestResult executionId="5f36785e-1061-4be9-8e11-183a4126d07f" testId="d1e9158b-5dc7-1f6c-90be-5a55f07f8b4c" testName="BG3HonorAssistant.Core.Tests.Route.RouteDerivationTests.EncounterClassificationMatchesReviewedStepData(kind: &quot;dialogue&quot;, decision: False, incident: False, expected: Talk)" computerName="JANCARBONELB5E7" duration="00:00:00.0432869" startTime="2026-07-25T21:00:39.4530477-07:00" endTime="2026-07-25T21:00:39.4623237-07:00" testType="13cdc9d9-ddb5-4fa4-a97d-d965ccfc6d4b" outcome="Passed" testListId="8c84fa94-04c1-424b-9868-57a2d4851a1d" relativeResultsDirectory="5f36785e-1061-4be9-8e11-183a4126d07f" />
    <UnitTestResult executionId="5c2bae63-98ae-4b9f-9523-0edf492c0bf5" testId="8f03a7e6-3f1f-0441-5f7c-ee2d64f7b758" testName="BG3HonorAssistant.Core.Tests.Models.ManualBuildTests.LegacyRunsReceiveBalancedDifficultyAndFullRoute" computerName="JANCARBONELB5E7" duration="00:00:00.0185074" startTime="2026-07-25T21:00:39.8598777-07:00" endTime="2026-07-25T21:00:39.8669599-07:00" testType="13cdc9d9-ddb5-4fa4-a97d-d965ccfc6d4b" outcome="Passed" testListId="8c84fa94-04c1-424b-9868-57a2d4851a1d" relativeResultsDirectory="5c2bae63-98ae-4b9f-9523-0edf492c0bf5" />
    <UnitTestResult executionId="bba13f08-ae43-4408-967b-08c6effd4e14" testId="deaae3f7-2c38-0690-284f-d47776f58179" testName="BG3HonorAssistant.Core.Tests.Route.RouteDerivationTests.EncounterClassificationMatchesReviewedStepData(kind: &quot;gate&quot;, decision: False, incident: False, expected: Gate)" computerName="JANCARBONELB5E7" duration="00:00:00.0000390" startTime="2026-07-25T21:00:39.4770959-07:00" endTime="2026-07-25T21:00:39.4773010-07:00" testType="13cdc9d9-ddb5-4fa4-a97d-d965ccfc6d4b" outcome="Passed" testListId="8c84fa94-04c1-424b-9868-57a2d4851a1d" relativeResultsDirectory="bba13f08-ae43-4408-967b-08c6effd4e14" />
    <UnitTestResult executionId="32fec4d7-f588-42c1-9506-6296f4d481bb" testId="fbeda5c1-1264-f3eb-7fc1-fff3dbee6ebd" testName="BG3HonorAssistant.Core.Tests.Route.RouteDerivationTests.ActivityPlanLabelsSafeXpAndNamesTheCoreChallenge" computerName="JANCARBONELB5E7" duration="00:00:00.0862093" startTime="2026-07-25T21:00:39.6884935-07:00" endTime="2026-07-25T21:00:39.7271683-07:00" testType="13cdc9d9-ddb5-4fa4-a97d-d965ccfc6d4b" outcome="Passed" testListId="8c84fa94-04c1-424b-9868-57a2d4851a1d" relativeResultsDirectory="32fec4d7-f588-42c1-9506-6296f4d481bb" />
    <UnitTestResult executionId="e552afa2-4d50-40e1-9347-65492e7d0761" testId="98c32424-3921-9bec-dea8-765b293ecfe4" testName="BG3HonorAssistant.Core.Tests.Route.ActTransitionRulesTests.HistoricConsequencesUseRecordedCountWithoutInventingDetails" computerName="JANCARBONELB5E7" duration="00:00:00.0024959" startTime="2026-07-25T21:00:39.9400268-07:00" endTime="2026-07-25T21:00:39.9415383-07:00" testType="13cdc9d9-ddb5-4fa4-a97d-d965ccfc6d4b" outcome="Passed" testListId="8c84fa94-04c1-424b-9868-57a2d4851a1d" relativeResultsDirectory="e552afa2-4d50-40e1-9347-65492e7d0761" />
    <UnitTestResult executionId="71cab2b6-007e-4046-89a7-86548f5449c6" testId="bc2c1b77-a832-2aac-a805-c010714f3d6b" testName="BG3HonorAssistant.Core.Tests.Models.PartyPlanningRulesTests.ConflictAndRoutePickupsUseDeterministicPlannedOwner" computerName="JANCARBONELB5E7" duration="00:00:00.0680825" startTime="2026-07-25T21:00:39.8102086-07:00" endTime="2026-07-25T21:00:39.8486655-07:00" testType="13cdc9d9-ddb5-4fa4-a97d-d965ccfc6d4b" outcome="Passed" testListId="8c84fa94-04c1-424b-9868-57a2d4851a1d" relativeResultsDirectory="71cab2b6-007e-4046-89a7-86548f5449c6" />
    <UnitTestResult executionId="65d9f943-d5c6-4955-8d31-94e52a3c76d9" testId="610dca4a-a3fc-f3d0-5fd0-ee18cc07a814" testName="BG3HonorAssistant.Core.Tests.Route.RunProgressRulesTests.DispositionMovesFocusAndPendingRevisitClearsOutcome" computerName="JANCARBONELB5E7" duration="00:00:00.0141011" startTime="2026-07-25T21:00:39.7374661-07:00" endTime="2026-07-25T21:00:39.7384034-07:00" testType="13cdc9d9-ddb5-4fa4-a97d-d965ccfc6d4b" outcome="Passed" testListId="8c84fa94-04c1-424b-9868-57a2d4851a1d" relativeResultsDirectory="65d9f943-d5c6-4955-8d31-94e52a3c76d9" />
    <UnitTestResult executionId="42cf4664-09fb-405c-9abb-54d844b15ff6" testId="3fdc9694-9d3a-d1e6-0e7f-6e3562e13748" testName="BG3HonorAssistant.Core.Tests.Models.GearLogicTests.RouteRankUsesTheOracleActOrdering(region: &quot;House of Hope&quot;, act: 3, expected: 5)" computerName="JANCARBONELB5E7" duration="00:00:00.0018198" startTime="2026-07-25T21:00:39.7806436-07:00" endTime="2026-07-25T21:00:39.7807820-07:00" testType="13cdc9d9-ddb5-4fa4-a97d-d965ccfc6d4b" outcome="Passed" testListId="8c84fa94-04c1-424b-9868-57a2d4851a1d" relativeResultsDirectory="42cf4664-09fb-405c-9abb-54d844b15ff6" />
    <UnitTestResult executionId="f17c0d13-7be8-487e-83fe-079ba08cbe43" testId="645f56aa-8971-9e01-7569-772fe0e152ad" testName="BG3HonorAssistant.Core.Tests.Route.RunProgressRulesTests.LockedActRejectsDispositionAndOutcomeMutation" computerName="JANCARBONELB5E7" duration="00:00:00.0060334" startTime="2026-07-25T21:00:39.7885381-07:00" endTime="2026-07-25T21:00:39.7896871-07:00" testType="13cdc9d9-ddb5-4fa4-a97d-d965ccfc6d4b" outcome="Passed" testListId="8c84fa94-04c1-424b-9868-57a2d4851a1d" relativeResultsDirectory="f17c0d13-7be8-487e-83fe-079ba08cbe43" />
    <UnitTestResult executionId="2a2b7556-0bc3-4b19-96b1-fb3e41c0018c" testId="b27d07fd-a3d1-f33e-76c3-1b94337184a4" testName="BG3HonorAssistant.Core.Tests.Route.RunSafetyTests.ActTwoBlockersReportSkippedAndUnresolvedMajors" computerName="JANCARBONELB5E7" duration="00:00:00.0082430" startTime="2026-07-25T21:00:39.8104615-07:00" endTime="2026-07-25T21:00:39.8203599-07:00" testType="13cdc9d9-ddb5-4fa4-a97d-d965ccfc6d4b" outcome="Passed" testListId="8c84fa94-04c1-424b-9868-57a2d4851a1d" relativeResultsDirectory="2a2b7556-0bc3-4b19-96b1-fb3e41c0018c" />
    <UnitTestResult executionId="ecd388d5-6634-4396-94e4-58f7045465a0" testId="22daefee-c7b0-1a22-4772-27b79e14e014" testName="BG3HonorAssistant.Core.Tests.Route.CurrentGoalTests.StepPresentationUsesIncidentAndLinkedCheckpointDanger" computerName="JANCARBONELB5E7" duration="00:00:00.0089801" startTime="2026-07-25T21:00:39.7351957-07:00" endTime="2026-07-25T21:00:39.7360089-07:00" testType="13cdc9d9-ddb5-4fa4-a97d-d965ccfc6d4b" outcome="Passed" testListId="8c84fa94-04c1-424b-9868-57a2d4851a1d" relativeResultsDirectory="ecd388d5-6634-4396-94e4-58f7045465a0" />
    <UnitTestResult executionId="971b4e0e-890f-4dab-84a4-0eccd2e5c5c8" testId="e4ecaef2-c341-13b3-f373-df1b89fa6bb7" testName="BG3HonorAssistant.Core.Tests.Models.BuildImportTests.DraftRepairsInvalidSplitFromCumulativeClassLevels" computerName="JANCARBONELB5E7" duration="00:00:00.1130335" startTime="2026-07-25T21:00:39.7365908-07:00" endTime="2026-07-25T21:00:39.7914393-07:00" testType="13cdc9d9-ddb5-4fa4-a97d-d965ccfc6d4b" outcome="Passed" testListId="8c84fa94-04c1-424b-9868-57a2d4851a1d" relativeResultsDirectory="971b4e0e-890f-4dab-84a4-0eccd2e5c5c8" />
    <UnitTestResult executionId="2c09be6c-f41a-437a-88e1-f5169045a8d5" testId="596de9df-d692-e5e4-d698-72b56913845e" testName="BG3HonorAssistant.Core.Tests.Models.AbilityProgressionTests.NextFeatFindsTheFirstRecognizedFutureChoice" computerName="JANCARBONELB5E7" duration="00:00:00.0159810" startTime="2026-07-25T21:00:39.6843105-07:00" endTime="2026-07-25T21:00:39.6869550-07:00" testType="13cdc9d9-ddb5-4fa4-a97d-d965ccfc6d4b" outcome="Passed" testListId="8c84fa94-04c1-424b-9868-57a2d4851a1d" relativeResultsDirectory="2c09be6c-f41a-437a-88e1-f5169045a8d5" />
    <UnitTestResult executionId="97302139-4be8-4a7a-8f0d-a21e10214ea0" testId="eb37b4e6-7e9d-2957-e08a-0876fbbef733" testName="BG3HonorAssistant.Core.Tests.Route.RunSafetyTests.ReadinessWarnsOnUncheckedPreparationAndUnrecordedCapability" computerName="JANCARBONELB5E7" duration="00:00:00.0046064" startTime="2026-07-25T21:00:39.8480361-07:00" endTime="2026-07-25T21:00:39.8492954-07:00" testType="13cdc9d9-ddb5-4fa4-a97d-d965ccfc6d4b" outcome="Passed" testListId="8c84fa94-04c1-424b-9868-57a2d4851a1d" relativeResultsDirectory="97302139-4be8-4a7a-8f0d-a21e10214ea0" />
    <UnitTestResult executionId="7de6f9af-76d9-479b-a463-40c63a713e93" testId="cf30b3ad-d52a-e4ab-17d0-5dca58e825ad" testName="BG3HonorAssistant.Core.Tests.Route.ActTransitionRulesTests.FinalGateMatchesOraclePrecedence(selectedAct: 3, guideLoaded: True, routeAvailable: True, activeSteps: 0, unresolvedGear: 0, expected: null)" computerName="JANCARBONELB5E7" duration="00:00:00.0015081" startTime="2026-07-25T21:00:39.9010009-07:00" endTime="2026-07-25T21:00:39.9028438-07:00" testType="13cdc9d9-ddb5-4fa4-a97d-d965ccfc6d4b" outcome="Passed" testListId="8c84fa94-04c1-424b-9868-57a2d4851a1d" relativeResultsDirectory="7de6f9af-76d9-479b-a463-40c63a713e93" />
    <UnitTestResult executionId="9f1b29ef-6099-4bec-84e7-2656b00e6544" testId="261fa816-d1b2-c027-e324-7d6a0a0ae832" testName="BG3HonorAssistant.Core.Tests.Route.RunSafetyTests.ReadinessBlocksWhenNoActivePartyIsRecorded" computerName="JANCARBONELB5E7" duration="00:00:00.0025469" startTime="2026-07-25T21:00:39.8441160-07:00" endTime="2026-07-25T21:00:39.8457456-07:00" testType="13cdc9d9-ddb5-4fa4-a97d-d965ccfc6d4b" outcome="Passed" testListId="8c84fa94-04c1-424b-9868-57a2d4851a1d" relativeResultsDirectory="9f1b29ef-6099-4bec-84e7-2656b00e6544" />
    <UnitTestResult executionId="8457b0a3-6ed0-4e5a-a1a3-c837749e5d40" testId="436b3fa8-61a3-206b-d36a-a0611a69b3f6" testName="BG3HonorAssistant.Core.Tests.Models.GearLogicTests.RouteRankUsesTheOracleActOrdering(region: &quot;Druid Grove&quot;, act: 1, expected: 2)" computerName="JANCARBONELB5E7" duration="00:00:00.0000094" startTime="2026-07-25T21:00:39.7819881-07:00" endTime="2026-07-25T21:00:39.7820985-07:00" testType="13cdc9d9-ddb5-4fa4-a97d-d965ccfc6d4b" outcome="Passed" testListId="8c84fa94-04c1-424b-9868-57a2d4851a1d" relativeResultsDirectory="8457b0a3-6ed0-4e5a-a1a3-c837749e5d40" />
    <UnitTestResult executionId="9490b7f4-82d1-437a-a8c1-1ae0a261ca48" testId="ece77743-d105-dccc-a358-665aca6ac237" testName="BG3HonorAssistant.Core.Tests.Chat.ChatPromptBuilderTests.RejectsInvalidAnswer(content: &quot;{\&quot;answer\&quot;:\&quot;\&quot;}&quot;)" computerName="JANCARBONELB5E7" duration="00:00:00.0059562" startTime="2026-07-25T21:00:39.8950591-07:00" endTime="2026-07-25T21:00:39.8990322-07:00" testType="13cdc9d9-ddb5-4fa4-a97d-d965ccfc6d4b" outcome="Passed" testListId="8c84fa94-04c1-424b-9868-57a2d4851a1d" relativeResultsDirectory="9490b7f4-82d1-437a-a8c1-1ae0a261ca48" />
    <UnitTestResult executionId="4606bc51-335b-4aed-bde7-c4025545fcaa" testId="04eb8ab6-9cf2-85f9-4ec0-1593dd3d5750" testName="BG3HonorAssistant.Core.Tests.Models.GearLogicTests.PriorityRankMatchesTheMacTable(priority: &quot;Endgame&quot;, expected: 9)" computerName="JANCARBONELB5E7" duration="00:00:00.0000189" startTime="2026-07-25T21:00:39.7799841-07:00" endTime="2026-07-25T21:00:39.7802625-07:00" testType="13cdc9d9-ddb5-4fa4-a97d-d965ccfc6d4b" outcome="Passed" testListId="8c84fa94-04c1-424b-9868-57a2d4851a1d" relativeResultsDirectory="4606bc51-335b-4aed-bde7-c4025545fcaa" />
    <UnitTestResult executionId="2423131d-b084-4228-b159-54ae00494230" testId="1278f144-13c9-8d9d-a814-b38238b876e3" testName="BG3HonorAssistant.Core.Tests.Models.OnboardingTests.CatchUpPreservesExplicitHistory" computerName="JANCARBONELB5E7" duration="00:00:00.0301328" startTime="2026-07-25T21:00:39.7143615-07:00" endTime="2026-07-25T21:00:39.7160188-07:00" testType="13cdc9d9-ddb5-4fa4-a97d-d965ccfc6d4b" outcome="Passed" testListId="8c84fa94-04c1-424b-9868-57a2d4851a1d" relativeResultsDirectory="2423131d-b084-4228-b159-54ae00494230" />
    <UnitTestResult executionId="e76b6366-7e09-41ef-86d6-4efd1d8a40f4" testId="49025648-f7be-5804-47e8-3a8b8e4ecd13" testName="BG3HonorAssistant.Core.Tests.Route.ActTransitionRulesTests.FinalizeActThreeRequiresReviewAndLocksLedger" computerName="JANCARBONELB5E7" duration="00:00:00.0075600" startTime="2026-07-25T21:00:39.9421908-07:00" endTime="2026-07-25T21:00:39.9492837-07:00" testType="13cdc9d9-ddb5-4fa4-a97d-d965ccfc6d4b" outcome="Passed" testListId="8c84fa94-04c1-424b-9868-57a2d4851a1d" relativeResultsDirectory="e76b6366-7e09-41ef-86d6-4efd1d8a40f4" />
    <UnitTestResult executionId="3f29887c-5624-4249-8593-24cda5af56cc" testId="044f7181-af9e-2fb8-2f6b-6b64adea0f03" testName="BG3HonorAssistant.Core.Tests.Chat.ChatPromptBuilderTests.RejectsInvalidAnswer(content: &quot;not json&quot;)" computerName="JANCARBONELB5E7" duration="00:00:00.0100337" startTime="2026-07-25T21:00:39.8811370-07:00" endTime="2026-07-25T21:00:39.8911554-07:00" testType="13cdc9d9-ddb5-4fa4-a97d-d965ccfc6d4b" outcome="Passed" testListId="8c84fa94-04c1-424b-9868-57a2d4851a1d" relativeResultsDirectory="3f29887c-5624-4249-8593-24cda5af56cc" />
    <UnitTestResult executionId="2eeb0ce8-5c5c-4cd7-af3e-cdd79c5905bc" testId="82c1d3a0-7e82-178f-0df7-8003975b4dfd" testName="BG3HonorAssistant.Core.Tests.Models.GearLogicTests.RegionClusterUsesTheSameCrossActTable(region: &quot;Crèche Y'llek&quot;, expected: MountainPass)" computerName="JANCARBONELB5E7" duration="00:00:00.0004286" startTime="2026-07-25T21:00:39.7448736-07:00" endTime="2026-07-25T21:00:39.7449488-07:00" testType="13cdc9d9-ddb5-4fa4-a97d-d965ccfc6d4b" outcome="Passed" testListId="8c84fa94-04c1-424b-9868-57a2d4851a1d" relativeResultsDirectory="2eeb0ce8-5c5c-4cd7-af3e-cdd79c5905bc" />
    <UnitTestResult executionId="d5f74515-6ec9-4239-a472-0f647428d455" testId="f4635e4b-d4d0-4ff4-d119-81ca2420830d" testName="BG3HonorAssistant.Core.Tests.Chat.ChatPromptBuilderTests.DecodesStrictAnswer(content: &quot;{\&quot;answer\&quot;:\&quot;Use the bridge.\&quot;}&quot;, expected: &quot;Use the bridge.&quot;)" computerName="JANCARBONELB5E7" duration="00:00:00.0007221" startTime="2026-07-25T21:00:39.9020679-07:00" endTime="2026-07-25T21:00:39.9022592-07:00" testType="13cdc9d9-ddb5-4fa4-a97d-d965ccfc6d4b" outcome="Passed" testListId="8c84fa94-04c1-424b-9868-57a2d4851a1d" relativeResultsDirectory="d5f74515-6ec9-4239-a472-0f647428d455" />
    <UnitTestResult executionId="b38ee6fb-fe99-491c-beae-ae151b82f430" testId="bbb2b18b-e3c7-9e09-8c8a-9752cb71e552" testName="BG3HonorAssistant.Core.Tests.Route.RouteDerivationTests.ActivityPlanDistinguishesLevelGateAndSelectedMainFight" computerName="JANCARBONELB5E7" duration="00:00:00.0046223" startTime="2026-07-25T21:00:39.7337073-07:00" endTime="2026-07-25T21:00:39.7354231-07:00" testType="13cdc9d9-ddb5-4fa4-a97d-d965ccfc6d4b" outcome="Passed" testListId="8c84fa94-04c1-424b-9868-57a2d4851a1d" relativeResultsDirectory="b38ee6fb-fe99-491c-beae-ae151b82f430" />
    <UnitTestResult executionId="70beb05f-b6f3-4209-b2a6-e0e29c39db81" testId="4effb383-40a8-a67c-caf2-306a5f5d4ef6" testName="BG3HonorAssistant.Core.Tests.Models.AbilityProgressionTests.ModifierUsesFloorForOddScores(score: 7, expected: -2)" computerName="JANCARBONELB5E7" duration="00:00:00.0023012" startTime="2026-07-25T21:00:39.4774205-07:00" endTime="2026-07-25T21:00:39.6416378-07:00" testType="13cdc9d9-ddb5-4fa4-a97d-d965ccfc6d4b" outcome="Passed" testListId="8c84fa94-04c1-424b-9868-57a2d4851a1d" relativeResultsDirectory="70beb05f-b6f3-4209-b2a6-e0e29c39db81" />
    <UnitTestResult executionId="05b8206d-8c63-4391-a88a-406fe846faaa" testId="5b00d1d4-3a69-c454-f7ab-dc55632dfced" testName="BG3HonorAssistant.Core.Tests.Route.CurrentGoalTests.SelectionUsesMacOraclePrecedence" computerName="JANCARBONELB5E7" duration="00:00:00.0113597" startTime="2026-07-25T21:00:39.7200868-07:00" endTime="2026-07-25T21:00:39.7340178-07:00" testType="13cdc9d9-ddb5-4fa4-a97d-d965ccfc6d4b" outcome="Passed" testListId="8c84fa94-04c1-424b-9868-57a2d4851a1d" relativeResultsDirectory="05b8206d-8c63-4391-a88a-406fe846faaa" />
    <UnitTestResult executionId="e420ba6e-8eb1-4eaa-b974-f5a54bff289f" testId="50c7b5ad-35e8-a070-6fe0-d5f7d967bb5f" testName="BG3HonorAssistant.Core.Tests.Serialization.JsonDefaultsTests.ReadsSwiftReferenceDateNumbers(json: &quot;-978307200&quot;, expected: &quot;1970-01-01T00:00:00+00:00&quot;)" computerName="JANCARBONELB5E7" duration="00:00:00.0520030" startTime="2026-07-25T21:00:39.8253954-07:00" endTime="2026-07-25T21:00:39.8481201-07:00" testType="13cdc9d9-ddb5-4fa4-a97d-d965ccfc6d4b" outcome="Passed" testListId="8c84fa94-04c1-424b-9868-57a2d4851a1d" relativeResultsDirectory="e420ba6e-8eb1-4eaa-b974-f5a54bff289f" />
    <UnitTestResult executionId="17670a98-b968-4983-bb07-fc5bee699539" testId="d83d45f0-8d1c-b795-ee82-7c645a5b3de4" testName="BG3HonorAssistant.Core.Tests.Route.ActTransitionRulesTests.TransitionGateMatchesOraclePrecedence(selectedAct: 1, nextActGuideExists: True, guideLoaded: True, routeAvailable: True, unresolvedGear: 2, expected: &quot;Review 2 equipment items first.&quot;)" computerName="JANCARBONELB5E7" duration="00:00:00.0007620" startTime="2026-07-25T21:00:39.9292573-07:00" endTime="2026-07-25T21:00:39.9294760-07:00" testType="13cdc9d9-ddb5-4fa4-a97d-d965ccfc6d4b" outcome="Passed" testListId="8c84fa94-04c1-424b-9868-57a2d4851a1d" relativeResultsDirectory="17670a98-b968-4983-bb07-fc5bee699539" />
    <UnitTestResult executionId="c147aa94-d90a-42e2-810f-447956185c2f" testId="6353d524-31a5-cd10-5399-d74b1360ffac" testName="BG3HonorAssistant.Core.Tests.Models.AbilityProgressionTests.ModifierUsesFloorForOddScores(score: 19, expected: 4)" computerName="JANCARBONELB5E7" duration="00:00:00.0001217" startTime="2026-07-25T21:00:39.6429476-07:00" endTime="2026-07-25T21:00:39.6432196-07:00" testType="13cdc9d9-ddb5-4fa4-a97d-d965ccfc6d4b" outcome="Passed" testListId="8c84fa94-04c1-424b-9868-57a2d4851a1d" relativeResultsDirectory="c147aa94-d90a-42e2-810f-447956185c2f" />
    <UnitTestResult executionId="0765c45e-128c-41dc-ab81-8b6a7cac8353" testId="f5aed1d9-d055-940b-69c7-6f9019d8489b" testName="BG3HonorAssistant.Core.Tests.Models.GearLogicTests.MatchingStepsUsesContainmentInEitherDirectionAndRouteOrder" computerName="JANCARBONELB5E7" duration="00:00:00.0083330" startTime="2026-07-25T21:00:39.7964600-07:00" endTime="2026-07-25T21:00:39.7970774-07:00" testType="13cdc9d9-ddb5-4fa4-a97d-d965ccfc6d4b" outcome="Passed" testListId="8c84fa94-04c1-424b-9868-57a2d4851a1d" relativeResultsDirectory="0765c45e-128c-41dc-ab81-8b6a7cac8353" />
    <UnitTestResult executionId="8445bd2a-711d-433d-9238-93823551570d" testId="736de07b-8407-073a-2b43-e4247fb8ce1f" testName="BG3HonorAssistant.Core.Tests.Models.PartyPlanningRulesTests.WantedGearAppliesNonRingAndIndependentRingOverrides" computerName="JANCARBONELB5E7" duration="00:00:00.0520043" startTime="2026-07-25T21:00:39.8699272-07:00" endTime="2026-07-25T21:00:39.8965465-07:00" testType="13cdc9d9-ddb5-4fa4-a97d-d965ccfc6d4b" outcome="Passed" testListId="8c84fa94-04c1-424b-9868-57a2d4851a1d" relativeResultsDirectory="8445bd2a-711d-433d-9238-93823551570d" />
    <UnitTestResult executionId="91b73a6c-2d14-4134-9122-16d7b2d0550e" testId="7165546a-f0c8-defc-b92a-0e011025b988" testName="BG3HonorAssistant.Core.Tests.Models.GearLogicTests.RouteRankUsesTheOracleActOrdering(region: &quot;Unmapped Place&quot;, act: 9, expected: 0)" computerName="JANCARBONELB5E7" duration="00:00:00.0000439" startTime="2026-07-25T21:00:39.7825906-07:00" endTime="2026-07-25T21:00:39.7827687-07:00" testType="13cdc9d9-ddb5-4fa4-a97d-d965ccfc6d4b" outcome="Passed" testListId="8c84fa94-04c1-424b-9868-57a2d4851a1d" relativeResultsDirectory="91b73a6c-2d14-4134-9122-16d7b2d0550e" />
    <UnitTestResult executionId="ed5b560f-a532-4cd0-9736-e8cbd446eee7" testId="1bcb4a15-feea-d963-b06b-9a14a3460773" testName="BG3HonorAssistant.Core.Tests.Models.GearLogicTests.RegionClusterUsesTheSameCrossActTable(region: &quot;Sunlit Wetlands / Riverside Teahouse&quot;, expected: Wilderness)" computerName="JANCARBONELB5E7" duration="00:00:00.0006373" startTime="2026-07-25T21:00:39.7451524-07:00" endTime="2026-07-25T21:00:39.7452878-07:00" testType="13cdc9d9-ddb5-4fa4-a97d-d965ccfc6d4b" outcome="Passed" testListId="8c84fa94-04c1-424b-9868-57a2d4851a1d" relativeResultsDirectory="ed5b560f-a532-4cd0-9736-e8cbd446eee7" />
    <UnitTestResult executionId="68919fed-792d-4da6-b2d2-2d3ba1e0218b" testId="7a6834b7-ca68-82f6-40b5-522a6f7a34f8" testName="BG3HonorAssistant.Core.Tests.Models.PartyPlanningRulesTests.AddHirelingUsesStableIdentityAndOracleLevelFloor" computerName="JANCARBONELB5E7" duration="00:00:00.0026262" startTime="2026-07-25T21:00:39.8973887-07:00" endTime="2026-07-25T21:00:39.8983706-07:00" testType="13cdc9d9-ddb5-4fa4-a97d-d965ccfc6d4b" outcome="Passed" testListId="8c84fa94-04c1-424b-9868-57a2d4851a1d" relativeResultsDirectory="68919fed-792d-4da6-b2d2-2d3ba1e0218b" />
    <UnitTestResult executionId="a8ba3fa3-8a25-447f-abf5-7f280e64f91d" testId="a0669024-3b78-29b5-105c-3047877c430c" testName="BG3HonorAssistant.Core.Tests.Route.RunSafetyTests.ReadinessDangerStatusFromExtremeDangerOrIrreversibleWarnings" computerName="JANCARBONELB5E7" duration="00:00:00.0041957" startTime="2026-07-25T21:00:39.8467232-07:00" endTime="2026-07-25T21:00:39.8468045-07:00" testType="13cdc9d9-ddb5-4fa4-a97d-d965ccfc6d4b" outcome="Passed" testListId="8c84fa94-04c1-424b-9868-57a2d4851a1d" relativeResultsDirectory="a8ba3fa3-8a25-447f-abf5-7f280e64f91d" />
    <UnitTestResult executionId="7b688617-9e52-4624-9b35-720b761155e2" testId="896a2af8-710c-5c76-84bd-0fd5966178e8" testName="BG3HonorAssistant.Core.Tests.Models.AbilityProgressionTests.ModifierUsesFloorForOddScores(score: 20, expected: 5)" computerName="JANCARBONELB5E7" duration="00:00:00.0000492" startTime="2026-07-25T21:00:39.6446281-07:00" endTime="2026-07-25T21:00:39.6447739-07:00" testType="13cdc9d9-ddb5-4fa4-a97d-d965ccfc6d4b" outcome="Passed" testListId="8c84fa94-04c1-424b-9868-57a2d4851a1d" relativeResultsDirectory="7b688617-9e52-4624-9b35-720b761155e2" />
    <UnitTestResult executionId="30438673-f7ed-4e50-8fa1-6f41bc09a60f" testId="a922bf55-1b56-ea2d-3e1d-57e8d181b9c6" testName="BG3HonorAssistant.Core.Tests.Models.AbilitySourceRulesTests.ConsumableReplacesExistingTemporaryModifier" computerName="JANCARBONELB5E7" duration="00:00:00.0331013" startTime="2026-07-25T21:00:39.6858142-07:00" endTime="2026-07-25T21:00:39.6886752-07:00" testType="13cdc9d9-ddb5-4fa4-a97d-d965ccfc6d4b" outcome="Passed" testListId="8c84fa94-04c1-424b-9868-57a2d4851a1d" relativeResultsDirectory="30438673-f7ed-4e50-8fa1-6f41bc09a60f" />
    <UnitTestResult executionId="f052acf5-26b7-440d-ac46-a7f282e23ef1" testId="8cc569db-71d3-8b38-15eb-b9c18aa14b6a" testName="BG3HonorAssistant.Core.Tests.Models.AbilityProgressionTests.ModifierUsesFloorForOddScores(score: 8, expected: -1)" computerName="JANCARBONELB5E7" duration="00:00:00.0000225" startTime="2026-07-25T21:00:39.6435841-07:00" endTime="2026-07-25T21:00:39.6437120-07:00" testType="13cdc9d9-ddb5-4fa4-a97d-d965ccfc6d4b" outcome="Passed" testListId="8c84fa94-04c1-424b-9868-57a2d4851a1d" relativeResultsDirectory="f052acf5-26b7-440d-ac46-a7f282e23ef1" />
    <UnitTestResult executionId="0159c8cc-daf4-4f3f-8912-53be22528ff3" testId="13a52eb8-0361-5725-4df5-225f03078a81" testName="BG3HonorAssistant.Core.Tests.Route.RunSafetyTests.CompletionRequiredBlocksUntilCompleted" computerName="JANCARBONELB5E7" duration="00:00:00.0020097" startTime="2026-07-25T21:00:39.8470549-07:00" endTime="2026-07-25T21:00:39.8471936-07:00" testType="13cdc9d9-ddb5-4fa4-a97d-d965ccfc6d4b" outcome="Passed" testListId="8c84fa94-04c1-424b-9868-57a2d4851a1d" relativeResultsDirectory="0159c8cc-daf4-4f3f-8912-53be22528ff3" />
    <UnitTestResult executionId="55b784c5-5df6-44f8-bafe-9c40c539c11e" testId="451e3995-bd56-c31c-5c8a-89f3c3a0fc86" testName="BG3HonorAssistant.Core.Tests.Models.ActLedgerTests.OnlyPastActLedgersAreLocked" computerName="JANCARBONELB5E7" duration="00:00:00.0012056" startTime="2026-07-25T21:00:39.8581732-07:00" endTime="2026-07-25T21:00:39.8582991-07:00" testType="13cdc9d9-ddb5-4fa4-a97d-d965ccfc6d4b" outcome="Passed" testListId="8c84fa94-04c1-424b-9868-57a2d4851a1d" relativeResultsDirectory="55b784c5-5df6-44f8-bafe-9c40c539c11e" />
    <UnitTestResult executionId="a35de6ae-51b4-4a0c-8a31-98e9971cf10b" testId="3c0b8c3b-f677-1d1e-6a67-2ad301e797b7" testName="BG3HonorAssistant.Core.Tests.Route.ActTransitionRulesTests.LegacyLockedActReconstructsKnownGearAndKeepsRouteOrder" computerName="JANCARBONELB5E7" duration="00:00:00.0218585" startTime="2026-07-25T21:00:39.9130979-07:00" endTime="2026-07-25T21:00:39.9284205-07:00" testType="13cdc9d9-ddb5-4fa4-a97d-d965ccfc6d4b" outcome="Passed" testListId="8c84fa94-04c1-424b-9868-57a2d4851a1d" relativeResultsDirectory="a35de6ae-51b4-4a0c-8a31-98e9971cf10b" />
    <UnitTestResult executionId="14e1aef0-5268-4220-8fe2-d293b0bfbfa7" testId="1bf3e2fb-8264-b1d9-6171-4cb73b29ed37" testName="BG3HonorAssistant.Core.Tests.Chat.ChatPromptBuilderTests.GroundsCurrentScopeWithCurrentStepAndEightRecentTurns" computerName="JANCARBONELB5E7" duration="00:00:00.0109299" startTime="2026-07-25T21:00:40.0383824-07:00" endTime="2026-07-25T21:00:40.0492668-07:00" testType="13cdc9d9-ddb5-4fa4-a97d-d965ccfc6d4b" outcome="Passed" testListId="8c84fa94-04c1-424b-9868-57a2d4851a1d" relativeResultsDirectory="14e1aef0-5268-4220-8fe2-d293b0bfbfa7" />
    <UnitTestResult executionId="77bc7932-955b-439e-809c-bebc93349166" testId="95e8a550-f5d6-2415-47bb-09431f03798f" testName="BG3HonorAssistant.Core.Tests.Models.HonorRunBehaviorTests.NormalizeRosterSeedsEveryCompanionWithOracleStatus" computerName="JANCARBONELB5E7" duration="00:00:00.0023631" startTime="2026-07-25T21:00:40.0011030-07:00" endTime="2026-07-25T21:00:40.0032942-07:00" testType="13cdc9d9-ddb5-4fa4-a97d-d965ccfc6d4b" outcome="Passed" testListId="8c84fa94-04c1-424b-9868-57a2d4851a1d" relativeResultsDirectory="77bc7932-955b-439e-809c-bebc93349166" />
    <UnitTestResult executionId="616ea700-a698-411d-9403-f0ce87f54428" testId="04b56fff-953a-2739-a2b1-29201b225b02" testName="BG3HonorAssistant.Core.Tests.Serialization.JsonDefaultsTests.AcceptsIsoDateAsDefensiveWindowsMigrationInput" computerName="JANCARBONELB5E7" duration="00:00:00.0035335" startTime="2026-07-25T21:00:39.8572619-07:00" endTime="2026-07-25T21:00:39.8588550-07:00" testType="13cdc9d9-ddb5-4fa4-a97d-d965ccfc6d4b" outcome="Passed" testListId="8c84fa94-04c1-424b-9868-57a2d4851a1d" relativeResultsDirectory="616ea700-a698-411d-9403-f0ce87f54428" />
    <UnitTestResult executionId="2a1b7715-1491-4862-b6c6-c975fe7d2a47" testId="23fcf370-7c1b-f6ae-10b1-ae7acc7051a9" testName="BG3HonorAssistant.Core.Tests.Serialization.JsonDefaultsTests.ReadsSwiftReferenceDateNumbers(json: &quot;0&quot;, expected: &quot;2001-01-01T00:00:00+00:00&quot;)" computerName="JANCARBONELB5E7" duration="00:00:00.0033196" startTime="2026-07-25T21:00:39.8484661-07:00" endTime="2026-07-25T21:00:39.8490901-07:00" testType="13cdc9d9-ddb5-4fa4-a97d-d965ccfc6d4b" outcome="Passed" testListId="8c84fa94-04c1-424b-9868-57a2d4851a1d" relativeResultsDirectory="2a1b7715-1491-4862-b6c6-c975fe7d2a47" />
    <UnitTestResult executionId="0bedcc63-7e50-4035-b947-16e6e0c36a2a" testId="1e857848-f973-072b-dee1-77cf2f5caa89" testName="BG3HonorAssistant.Core.Tests.Models.OnboardingTests.ProviderSetupStepIsPresentForBothOnboardingPaths" computerName="JANCARBONELB5E7" duration="00:00:00.0276917" startTime="2026-07-25T21:00:39.6937096-07:00" endTime="2026-07-25T21:00:39.7134034-07:00" testType="13cdc9d9-ddb5-4fa4-a97d-d965ccfc6d4b" outcome="Passed" testListId="8c84fa94-04c1-424b-9868-57a2d4851a1d" relativeResultsDirectory="0bedcc63-7e50-4035-b947-16e6e0c36a2a" />
    <UnitTestResult executionId="b2915247-cd23-4a79-84fe-c4bd5f769360" testId="39c4aeb4-9e8f-78e2-7066-e0e677e25bc3" testName="BG3HonorAssistant.Core.Tests.Models.ManualBuildTests.CatalogCoversEveryClassThroughLevelTwelve" computerName="JANCARBONELB5E7" duration="00:00:00.0033507" startTime="2026-07-25T21:00:40.1535437-07:00" endTime="2026-07-25T21:00:40.1567944-07:00" testType="13cdc9d9-ddb5-4fa4-a97d-d965ccfc6d4b" outcome="Passed" testListId="8c84fa94-04c1-424b-9868-57a2d4851a1d" relativeResultsDirectory="b2915247-cd23-4a79-84fe-c4bd5f769360" />
    <UnitTestResult executionId="b28a34bb-c700-4aa9-a830-77370324526f" testId="fa88d00b-45db-9e17-ed64-a2959908e3ba" testName="BG3HonorAssistant.Core.Tests.Route.CurrentGoalTests.LaterActUsesRequiredActTwoDataGapCopy" computerName="JANCARBONELB5E7" duration="00:00:00.0016658" startTime="2026-07-25T21:00:39.7362451-07:00" endTime="2026-07-25T21:00:39.7367232-07:00" testType="13cdc9d9-ddb5-4fa4-a97d-d965ccfc6d4b" outcome="Passed" testListId="8c84fa94-04c1-424b-9868-57a2d4851a1d" relativeResultsDirectory="b28a34bb-c700-4aa9-a830-77370324526f" />
    <UnitTestResult executionId="8f119ea8-6c15-4f9c-bd50-25c741be40d6" testId="763355c2-2ef4-0df0-c366-6ca6b9a43d6d" testName="BG3HonorAssistant.Core.Tests.Route.RunProgressRulesTests.VisibleAndArchivedStepsRespectRevealPolicy" computerName="JANCARBONELB5E7" duration="00:00:00.0224757" startTime="2026-07-25T21:00:39.7489761-07:00" endTime="2026-07-25T21:00:39.7877386-07:00" testType="13cdc9d9-ddb5-4fa4-a97d-d965ccfc6d4b" outcome="Passed" testListId="8c84fa94-04c1-424b-9868-57a2d4851a1d" relativeResultsDirectory="8f119ea8-6c15-4f9c-bd50-25c741be40d6" />
    <UnitTestResult executionId="d50e01b2-af25-4bf6-a814-654fad7a744f" testId="4ca58d4b-6cbf-7996-4f7f-8942c3002259" testName="BG3HonorAssistant.Core.Tests.Route.RouteDerivationTests.EncounterClassificationMatchesReviewedStepData(kind: &quot;exploration&quot;, decision: False, incident: False, expected: Explore)" computerName="JANCARBONELB5E7" duration="00:00:00.0001299" startTime="2026-07-25T21:00:39.4754534-07:00" endTime="2026-07-25T21:00:39.4761950-07:00" testType="13cdc9d9-ddb5-4fa4-a97d-d965ccfc6d4b" outcome="Passed" testListId="8c84fa94-04c1-424b-9868-57a2d4851a1d" relativeResultsDirectory="d50e01b2-af25-4bf6-a814-654fad7a744f" />
    <UnitTestResult executionId="bfd1ce3c-c13a-48df-b176-a093cada77d9" testId="951e311e-ee73-3d7b-ae94-43e8874eb5b0" testName="BG3HonorAssistant.Core.Tests.Models.GearLogicTests.RegionClusterUsesTheSameCrossActTable(region: &quot;Circus of the Last Days&quot;, expected: Rivington)" computerName="JANCARBONELB5E7" duration="00:00:00.0065871" startTime="2026-07-25T21:00:39.7380091-07:00" endTime="2026-07-25T21:00:39.7438046-07:00" testType="13cdc9d9-ddb5-4fa4-a97d-d965ccfc6d4b" outcome="Passed" testListId="8c84fa94-04c1-424b-9868-57a2d4851a1d" relativeResultsDirectory="bfd1ce3c-c13a-48df-b176-a093cada77d9" />
    <UnitTestResult executionId="80fc32a1-5b26-490a-b886-a2fe15c62112" testId="bca1612a-2cd2-0a0a-1653-f8e2c463c84b" testName="BG3HonorAssistant.Core.Tests.Chat.ChatPromptBuilderTests.DecodesStrictAnswer(content: &quot;{\&quot;answer\&quot;:\&quot;  Keep distance.  \&quot;}&quot;, expected: &quot;Keep distance.&quot;)" computerName="JANCARBONELB5E7" duration="00:00:00.0002716" startTime="2026-07-25T21:00:39.9005513-07:00" endTime="2026-07-25T21:00:39.9011291-07:00" testType="13cdc9d9-ddb5-4fa4-a97d-d965ccfc6d4b" outcome="Passed" testListId="8c84fa94-04c1-424b-9868-57a2d4851a1d" relativeResultsDirectory="80fc32a1-5b26-490a-b886-a2fe15c62112" />
    <UnitTestResult executionId="7efe6904-b93d-4f20-8231-f50fb0b0b9fa" testId="6747fdef-9d92-93aa-3c83-e54bcaf0756f" testName="BG3HonorAssistant.Core.Tests.Serialization.JsonDefaultsTests.ReadsSwiftReferenceDateNumbers(json: &quot;86400.5&quot;, expected: &quot;2001-01-02T00:00:00.5000000+00:00&quot;)" computerName="JANCARBONELB5E7" duration="00:00:00.0002665" startTime="2026-07-25T21:00:39.8496508-07:00" endTime="2026-07-25T21:00:39.8559034-07:00" testType="13cdc9d9-ddb5-4fa4-a97d-d965ccfc6d4b" outcome="Passed" testListId="8c84fa94-04c1-424b-9868-57a2d4851a1d" relativeResultsDirectory="7efe6904-b93d-4f20-8231-f50fb0b0b9fa" />
    <UnitTestResult executionId="2989f3f1-29e0-40a0-b3b5-560cb0531198" testId="431dd215-65e1-d490-cf07-c219ee61d0df" testName="BG3HonorAssistant.Core.Tests.Models.AbilityProgressionTests.LegacyChoiceTextContributesAfterLatestReset" computerName="JANCARBONELB5E7" duration="00:00:00.0808058" startTime="2026-07-25T21:00:39.6875207-07:00" endTime="2026-07-25T21:00:39.7151503-07:00" testType="13cdc9d9-ddb5-4fa4-a97d-d965ccfc6d4b" outcome="Passed" testListId="8c84fa94-04c1-424b-9868-57a2d4851a1d" relativeResultsDirectory="2989f3f1-29e0-40a0-b3b5-560cb0531198" />
    <UnitTestResult executionId="32bdf47d-c6ae-4931-a6fe-36243a7d4975" testId="f85707ec-1f25-bc88-9c6b-0f7250e8a6e3" testName="BG3HonorAssistant.Core.Tests.Route.ActTransitionRulesTests.TransitionGateMatchesOraclePrecedence(selectedAct: 1, nextActGuideExists: True, guideLoaded: True, routeAvailable: True, unresolvedGear: 0, expected: null)" computerName="JANCARBONELB5E7" duration="00:00:00.0000029" startTime="2026-07-25T21:00:39.9390087-07:00" endTime="2026-07-25T21:00:39.9390883-07:00" testType="13cdc9d9-ddb5-4fa4-a97d-d965ccfc6d4b" outcome="Passed" testListId="8c84fa94-04c1-424b-9868-57a2d4851a1d" relativeResultsDirectory="32bdf47d-c6ae-4931-a6fe-36243a7d4975" />
    <UnitTestResult executionId="562f384b-6eb8-4c9e-ad1e-c71f9e9c5911" testId="e2aecf67-d841-50c2-b65c-849432fbdc83" testName="BG3HonorAssistant.Core.Tests.Models.GearLogicTests.PriorityRankMatchesTheMacTable(priority: &quot;Unknown&quot;, expected: 99)" computerName="JANCARBONELB5E7" duration="00:00:00.0009970" startTime="2026-07-25T21:00:39.7554585-07:00" endTime="2026-07-25T21:00:39.7578708-07:00" testType="13cdc9d9-ddb5-4fa4-a97d-d965ccfc6d4b" outcome="Passed" testListId="8c84fa94-04c1-424b-9868-57a2d4851a1d" relativeResultsDirectory="562f384b-6eb8-4c9e-ad1e-c71f9e9c5911" />
    <UnitTestResult executionId="8a12471d-4626-4d65-89de-ce12c4527f0d" testId="b486f332-293e-a92b-b55a-75455b58eca3" testName="BG3HonorAssistant.Core.Tests.Models.ManualBuildTests.EveryCatalogChoiceHasAStableArtworkFilename" computerName="JANCARBONELB5E7" duration="00:00:00.0512429" startTime="2026-07-25T21:00:40.1035310-07:00" endTime="2026-07-25T21:00:40.1524556-07:00" testType="13cdc9d9-ddb5-4fa4-a97d-d965ccfc6d4b" outcome="Passed" testListId="8c84fa94-04c1-424b-9868-57a2d4851a1d" relativeResultsDirectory="8a12471d-4626-4d65-89de-ce12c4527f0d" />
    <UnitTestResult executionId="fa477dd6-d33c-4c87-8686-e9628cc62398" testId="2eff3b93-48a9-29f3-baba-91c2a72b8500" testName="BG3HonorAssistant.Core.Tests.Route.RunSafetyTests.WarningOnlyDependencyNeverBlocks" computerName="JANCARBONELB5E7" duration="00:00:00.0014429" startTime="2026-07-25T21:00:39.8264413-07:00" endTime="2026-07-25T21:00:39.8266874-07:00" testType="13cdc9d9-ddb5-4fa4-a97d-d965ccfc6d4b" outcome="Passed" testListId="8c84fa94-04c1-424b-9868-57a2d4851a1d" relativeResultsDirectory="fa477dd6-d33c-4c87-8686-e9628cc62398" />
    <UnitTestResult executionId="32007826-698a-4bf7-9dfe-c5db6a61d477" testId="254cb717-87bc-fb03-38c2-d5302008d571" testName="BG3HonorAssistant.Core.Tests.Models.PartyPlanningRulesTests.AssignBuildStampsRecencyAndKeepsOnlyPermanentCharacterRewards" computerName="JANCARBONELB5E7" duration="00:00:00.0098573" startTime="2026-07-25T21:00:39.8683718-07:00" endTime="2026-07-25T21:00:39.8693557-07:00" testType="13cdc9d9-ddb5-4fa4-a97d-d965ccfc6d4b" outcome="Passed" testListId="8c84fa94-04c1-424b-9868-57a2d4851a1d" relativeResultsDirectory="32007826-698a-4bf7-9dfe-c5db6a61d477" />
    <UnitTestResult executionId="bf40cf91-82cb-4abf-a872-612aedc4e346" testId="01c0c059-6042-ed31-6186-55a5c41bcd73" testName="BG3HonorAssistant.Core.Tests.Models.HonorRunBehaviorTests.StoryOutcomeCanBeConfirmedAndRemoved" computerName="JANCARBONELB5E7" duration="00:00:00.0020615" startTime="2026-07-25T21:00:39.9832277-07:00" endTime="2026-07-25T21:00:39.9837767-07:00" testType="13cdc9d9-ddb5-4fa4-a97d-d965ccfc6d4b" outcome="Passed" testListId="8c84fa94-04c1-424b-9868-57a2d4851a1d" relativeResultsDirectory="bf40cf91-82cb-4abf-a872-612aedc4e346" />
    <UnitTestResult executionId="8b6c48ac-7929-459d-adb4-64a0c3aef968" testId="9e75dc60-2545-b48f-67ba-030298d28f4c" testName="BG3HonorAssistant.Core.Tests.Models.BuildImportTests.DraftProducesExplicitLegalStartingSetup" computerName="JANCARBONELB5E7" duration="00:00:00.0124540" startTime="2026-07-25T21:00:39.7966362-07:00" endTime="2026-07-25T21:00:39.7973689-07:00" testType="13cdc9d9-ddb5-4fa4-a97d-d965ccfc6d4b" outcome="Passed" testListId="8c84fa94-04c1-424b-9868-57a2d4851a1d" relativeResultsDirectory="8b6c48ac-7929-459d-adb4-64a0c3aef968" />
    <UnitTestResult executionId="27f8eec8-ba66-4b21-bc6e-7f0c53f278b9" testId="b13142a0-2342-c42d-be6d-72f3dc46ae18" testName="BG3HonorAssistant.Core.Tests.Models.HonorRunBehaviorTests.RosterTransitionsEnforceEligibilityAndFourActiveLimit" computerName="JANCARBONELB5E7" duration="00:00:00.0046461" startTime="2026-07-25T21:00:39.9719554-07:00" endTime="2026-07-25T21:00:39.9764874-07:00" testType="13cdc9d9-ddb5-4fa4-a97d-d965ccfc6d4b" outcome="Passed" testListId="8c84fa94-04c1-424b-9868-57a2d4851a1d" relativeResultsDirectory="27f8eec8-ba66-4b21-bc6e-7f0c53f278b9" />
    <UnitTestResult executionId="903d364b-dcec-4629-9821-fc981e9958ad" testId="c8aae175-26f5-adb9-71de-f56335115f13" testName="BG3HonorAssistant.Core.Tests.Models.ManualBuildTests.ClassChoiceContinuesUntilAnExplicitMulticlassBreak" computerName="JANCARBONELB5E7" duration="00:00:00.0020807" startTime="2026-07-25T21:00:40.1579624-07:00" endTime="2026-07-25T21:00:40.1599319-07:00" testType="13cdc9d9-ddb5-4fa4-a97d-d965ccfc6d4b" outcome="Passed" testListId="8c84fa94-04c1-424b-9868-57a2d4851a1d" relativeResultsDirectory="903d364b-dcec-4629-9821-fc981e9958ad" />
    <UnitTestResult executionId="b78e6d31-cf79-4b29-a51b-a85b1d921d2f" testId="543b8829-7a8e-5456-a13e-33ac78271946" testName="BG3HonorAssistant.Core.Tests.Route.RunProgressRulesTests.CheckpointDispositionUpdatesChecklistRecordAndOwnedStep" computerName="JANCARBONELB5E7" duration="00:00:00.0110440" startTime="2026-07-25T21:00:39.7469259-07:00" endTime="2026-07-25T21:00:39.7472157-07:00" testType="13cdc9d9-ddb5-4fa4-a97d-d965ccfc6d4b" outcome="Passed" testListId="8c84fa94-04c1-424b-9868-57a2d4851a1d" relativeResultsDirectory="b78e6d31-cf79-4b29-a51b-a85b1d921d2f" />
    <UnitTestResult executionId="e0abfd2e-99a0-423a-996e-6c9b0b48ba59" testId="e3cf3a57-4ab1-a480-da99-6978791ee4c5" testName="BG3HonorAssistant.Core.Tests.Models.GearLogicTests.PriorityRankMatchesTheMacTable(priority: &quot;Required&quot;, expected: 0)" computerName="JANCARBONELB5E7" duration="00:00:00.0023909" startTime="2026-07-25T21:00:39.7543935-07:00" endTime="2026-07-25T21:00:39.7549268-07:00" testType="13cdc9d9-ddb5-4fa4-a97d-d965ccfc6d4b" outcome="Passed" testListId="8c84fa94-04c1-424b-9868-57a2d4851a1d" relativeResultsDirectory="e0abfd2e-99a0-423a-996e-6c9b0b48ba59" />
    <UnitTestResult executionId="c6d88eec-4667-4b20-aff1-7660f9612d95" testId="91b035f4-7284-f872-4b6f-04eed3b514ee" testName="BG3HonorAssistant.Core.Tests.Models.ManualBuildTests.TankBuildSpellsAreInCurrentClassLists" computerName="JANCARBONELB5E7" duration="00:00:00.0007150" startTime="2026-07-25T21:00:40.1029546-07:00" endTime="2026-07-25T21:00:40.1032609-07:00" testType="13cdc9d9-ddb5-4fa4-a97d-d965ccfc6d4b" outcome="Passed" testListId="8c84fa94-04c1-424b-9868-57a2d4851a1d" relativeResultsDirectory="c6d88eec-4667-4b20-aff1-7660f9612d95" />
    <UnitTestResult executionId="53ff513e-b255-4f75-99b9-37e376f2bad2" testId="2d401bd7-c8f2-6988-845c-d00aa4599a54" testName="BG3HonorAssistant.Core.Tests.Models.RunCreationTests.FreshRunKeepsCharacterAndLatestBuildPresetsOnly" computerName="JANCARBONELB5E7" duration="00:00:00.0298751" startTime="2026-07-25T21:00:39.8709178-07:00" endTime="2026-07-25T21:00:39.8781583-07:00" testType="13cdc9d9-ddb5-4fa4-a97d-d965ccfc6d4b" outcome="Passed" testListId="8c84fa94-04c1-424b-9868-57a2d4851a1d" relativeResultsDirectory="53ff513e-b255-4f75-99b9-37e376f2bad2" />
    <UnitTestResult executionId="fcc1bfe0-e809-4c9d-9648-1427757aed28" testId="6b02e25d-f9df-1f13-423a-97fc74f2a3d7" testName="BG3HonorAssistant.Core.Tests.Models.PartyPlanningRulesTests.HirelingLimitIsThreeAndActiveHirelingCannotBeRemoved" computerName="JANCARBONELB5E7" duration="00:00:00.0269754" startTime="2026-07-25T21:00:39.7970157-07:00" endTime="2026-07-25T21:00:39.8094671-07:00" testType="13cdc9d9-ddb5-4fa4-a97d-d965ccfc6d4b" outcome="Passed" testListId="8c84fa94-04c1-424b-9868-57a2d4851a1d" relativeResultsDirectory="fcc1bfe0-e809-4c9d-9648-1427757aed28" />
    <UnitTestResult executionId="d59053f9-19f3-46d0-8a30-b6da0b2c8a78" testId="c2076476-1568-3cf7-86e7-9bce7b91d5bd" testName="BG3HonorAssistant.Core.Tests.Serialization.HonorRunSerializationTests.DecodesLegacyMacSnapshotAndNormalizesNewFields" computerName="JANCARBONELB5E7" duration="00:00:00.0083090" startTime="2026-07-25T21:00:40.1185348-07:00" endTime="2026-07-25T21:00:40.1267495-07:00" testType="13cdc9d9-ddb5-4fa4-a97d-d965ccfc6d4b" outcome="Passed" testListId="8c84fa94-04c1-424b-9868-57a2d4851a1d" relativeResultsDirectory="d59053f9-19f3-46d0-8a30-b6da0b2c8a78" />
    <UnitTestResult executionId="99f0abe7-7f22-4547-9227-61fdbdff343c" testId="2c9fdc05-c805-cf22-3848-3521e0e8c8f9" testName="BG3HonorAssistant.Core.Tests.Route.ActTransitionRulesTests.FinalGateMatchesOraclePrecedence(selectedAct: 3, guideLoaded: False, routeAvailable: True, activeSteps: 0, unresolvedGear: 0, expected: &quot;Act 3 guide data must finish loading first.&quot;)" computerName="JANCARBONELB5E7" duration="00:00:00.0000177" startTime="2026-07-25T21:00:39.9103994-07:00" endTime="2026-07-25T21:00:39.9105326-07:00" testType="13cdc9d9-ddb5-4fa4-a97d-d965ccfc6d4b" outcome="Passed" testListId="8c84fa94-04c1-424b-9868-57a2d4851a1d" relativeResultsDirectory="99f0abe7-7f22-4547-9227-61fdbdff343c" />
    <UnitTestResult executionId="c7a6ec80-defe-43d8-ab81-7452dcd2d455" testId="49cf2f10-8a1b-fbf7-e98c-a347eb300275" testName="BG3HonorAssistant.Core.Tests.Models.PartyPlanningRulesTests.SwapPreservesRosterPositionsWhileExchangingActiveStatus" computerName="JANCARBONELB5E7" duration="00:00:00.0205418" startTime="2026-07-25T21:00:39.8663530-07:00" endTime="2026-07-25T21:00:39.8678238-07:00" testType="13cdc9d9-ddb5-4fa4-a97d-d965ccfc6d4b" outcome="Passed" testListId="8c84fa94-04c1-424b-9868-57a2d4851a1d" relativeResultsDirectory="c7a6ec80-defe-43d8-ab81-7452dcd2d455" />
    <UnitTestResult executionId="b420b94d-5fcf-45b9-8809-322dd4132437" testId="06ac9a9d-7eb7-1cbf-029a-7be5c1b510e0" testName="BG3HonorAssistant.Core.Tests.Models.AbilityProgressionTests.StructuredSourcesRespectAppliedSetupEquipmentAndModifierOrder" computerName="JANCARBONELB5E7" duration="00:00:01.1756187" startTime="2026-07-25T21:00:38.2870413-07:00" endTime="2026-07-25T21:00:39.4744990-07:00" testType="13cdc9d9-ddb5-4fa4-a97d-d965ccfc6d4b" outcome="Passed" testListId="8c84fa94-04c1-424b-9868-57a2d4851a1d" relativeResultsDirectory="b420b94d-5fcf-45b9-8809-322dd4132437" />
    <UnitTestResult executionId="f4c2dba0-a113-4c16-974a-4eee585a5338" testId="a7daf1bc-b70f-b982-9b30-9ca3456958e6" testName="BG3HonorAssistant.Core.Tests.Serialization.HonorRunSerializationTests.RoundTripUsesMacFieldAndDateShapeWithoutComputedProperties" computerName="JANCARBONELB5E7" duration="00:00:00.6098106" startTime="2026-07-25T21:00:39.7148114-07:00" endTime="2026-07-25T21:00:40.1181348-07:00" testType="13cdc9d9-ddb5-4fa4-a97d-d965ccfc6d4b" outcome="Passed" testListId="8c84fa94-04c1-424b-9868-57a2d4851a1d" relativeResultsDirectory="f4c2dba0-a113-4c16-974a-4eee585a5338" />
    <UnitTestResult executionId="2d442e1a-ac2e-4ef4-a46d-7dfe1ca38883" testId="1f7e8cfd-105a-2420-b524-08a3831d1c9e" testName="BG3HonorAssistant.Core.Tests.Route.RouteDerivationTests.EncounterClassificationMatchesReviewedStepData(kind: &quot;major_fight&quot;, decision: False, incident: False, expected: Fight)" computerName="JANCARBONELB5E7" duration="00:00:00.0000373" startTime="2026-07-25T21:00:39.6399615-07:00" endTime="2026-07-25T21:00:39.6401491-07:00" testType="13cdc9d9-ddb5-4fa4-a97d-d965ccfc6d4b" outcome="Passed" testListId="8c84fa94-04c1-424b-9868-57a2d4851a1d" relativeResultsDirectory="2d442e1a-ac2e-4ef4-a46d-7dfe1ca38883" />
    <UnitTestResult executionId="6143e429-11a3-4641-91e4-6a8280ac50ac" testId="f2d9ff26-f6f6-9377-ac61-9f8ada6e72f7" testName="BG3HonorAssistant.Core.Tests.Models.OnboardingTests.OnlyKnownOverlayDifficultiesAreSelectable" computerName="JANCARBONELB5E7" duration="00:00:00.1013421" startTime="2026-07-25T21:00:39.4615504-07:00" endTime="2026-07-25T21:00:39.6897691-07:00" testType="13cdc9d9-ddb5-4fa4-a97d-d965ccfc6d4b" outcome="Passed" testListId="8c84fa94-04c1-424b-9868-57a2d4851a1d" relativeResultsDirectory="6143e429-11a3-4641-91e4-6a8280ac50ac" />
    <UnitTestResult executionId="3df5f2d0-8b35-4178-9779-15dfd11fbc2b" testId="6df35a79-91ad-99d0-f362-04062447960d" testName="BG3HonorAssistant.Core.Tests.Chat.ChatPromptBuilderTests.RejectsInvalidAnswer(content: &quot;{}&quot;)" computerName="JANCARBONELB5E7" duration="00:00:00.0009509" startTime="2026-07-25T21:00:39.8994911-07:00" endTime="2026-07-25T21:00:39.9001400-07:00" testType="13cdc9d9-ddb5-4fa4-a97d-d965ccfc6d4b" outcome="Passed" testListId="8c84fa94-04c1-424b-9868-57a2d4851a1d" relativeResultsDirectory="3df5f2d0-8b35-4178-9779-15dfd11fbc2b" />
    <UnitTestResult executionId="d07e7d37-f86b-43f9-80b9-0f55786df7c7" testId="31a04eb3-32e0-fc9b-c08c-c294fe0fd050" testName="BG3HonorAssistant.Core.Tests.Models.GearLogicTests.RouteAndEquipmentTargetsReplaceEachOther" computerName="JANCARBONELB5E7" duration="00:00:00.0055695" startTime="2026-07-25T21:00:39.8194177-07:00" endTime="2026-07-25T21:00:39.8196322-07:00" testType="13cdc9d9-ddb5-4fa4-a97d-d965ccfc6d4b" outcome="Passed" testListId="8c84fa94-04c1-424b-9868-57a2d4851a1d" relativeResultsDirectory="d07e7d37-f86b-43f9-80b9-0f55786df7c7" />
    <UnitTestResult executionId="8eb98491-8f51-4596-8e46-69ba6f77e8db" testId="f74de31e-9f66-239c-6eb5-ff0e6e893aab" testName="BG3HonorAssistant.Core.Tests.Models.AbilityProgressionTests.StructuredLevelGainWaitsUntilSetupIsRecordedApplied" computerName="JANCARBONELB5E7" duration="00:00:00.0039090" startTime="2026-07-25T21:00:39.7157967-07:00" endTime="2026-07-25T21:00:39.7167627-07:00" testType="13cdc9d9-ddb5-4fa4-a97d-d965ccfc6d4b" outcome="Passed" testListId="8c84fa94-04c1-424b-9868-57a2d4851a1d" relativeResultsDirectory="8eb98491-8f51-4596-8e46-69ba6f77e8db" />
    <UnitTestResult executionId="dcd4e363-f38e-426a-a6e5-e1c83ef4a093" testId="779d47a0-a3bf-be39-d92a-04d7219bd7c5" testName="BG3HonorAssistant.Core.Tests.Models.HonorRunBehaviorTests.PartyPlanSnapshotRestoresEveryOwnedField" computerName="JANCARBONELB5E7" duration="00:00:00.0179140" startTime="2026-07-25T21:00:39.9847685-07:00" endTime="2026-07-25T21:00:40.0004932-07:00" testType="13cdc9d9-ddb5-4fa4-a97d-d965ccfc6d4b" outcome="Passed" testListId="8c84fa94-04c1-424b-9868-57a2d4851a1d" relativeResultsDirectory="dcd4e363-f38e-426a-a6e5-e1c83ef4a093" />
    <UnitTestResult executionId="ab3fded7-0556-4a93-a91d-a0277066c28e" testId="f7bbbd76-47b4-93b0-31f7-66d97a5ff2f6" testName="BG3HonorAssistant.Core.Tests.Serialization.JsonDefaultsTests.UsesSwiftCompatibleCamelCaseEnumValues" computerName="JANCARBONELB5E7" duration="00:00:00.0514573" startTime="2026-07-25T21:00:39.8592277-07:00" endTime="2026-07-25T21:00:39.8686277-07:00" testType="13cdc9d9-ddb5-4fa4-a97d-d965ccfc6d4b" outcome="Passed" testListId="8c84fa94-04c1-424b-9868-57a2d4851a1d" relativeResultsDirectory="ab3fded7-0556-4a93-a91d-a0277066c28e" />
    <UnitTestResult executionId="6980e418-cf5b-4f1c-af9b-327520ecb907" testId="6f2cba12-2578-e2ad-2e32-485eb7364bfe" testName="BG3HonorAssistant.Core.Tests.Models.GearLogicTests.AssignmentPrefersEarliestBuildAssignment" computerName="JANCARBONELB5E7" duration="00:00:00.0104289" startTime="2026-07-25T21:00:39.7894479-07:00" endTime="2026-07-25T21:00:39.7906438-07:00" testType="13cdc9d9-ddb5-4fa4-a97d-d965ccfc6d4b" outcome="Passed" testListId="8c84fa94-04c1-424b-9868-57a2d4851a1d" relativeResultsDirectory="6980e418-cf5b-4f1c-af9b-327520ecb907" />
    <UnitTestResult executionId="c86dd058-3284-4cb0-a07e-c5e4f58a6f25" testId="1feda1f2-903c-5e8c-cb5b-37731b4e874e" testName="BG3HonorAssistant.Core.Tests.Models.GearLogicTests.RouteRankUsesTheOracleActOrdering(region: &quot;Unmapped Place&quot;, act: 1, expected: 18)" computerName="JANCARBONELB5E7" duration="00:00:00.0001685" startTime="2026-07-25T21:00:39.7815177-07:00" endTime="2026-07-25T21:00:39.7816883-07:00" testType="13cdc9d9-ddb5-4fa4-a97d-d965ccfc6d4b" outcome="Passed" testListId="8c84fa94-04c1-424b-9868-57a2d4851a1d" relativeResultsDirectory="c86dd058-3284-4cb0-a07e-c5e4f58a6f25" />
    <UnitTestResult executionId="ee528f10-9490-4232-878a-f44d876d10b2" testId="a64e0ba9-437d-d487-00e0-67b4da3b601a" testName="BG3HonorAssistant.Core.Tests.Route.RouteDerivationTests.EncounterClassificationMatchesReviewedStepData(kind: &quot;pickup&quot;, decision: False, incident: False, expected: Pickup)" computerName="JANCARBONELB5E7" duration="00:00:00.0000329" startTime="2026-07-25T21:00:39.4764970-07:00" endTime="2026-07-25T21:00:39.4767784-07:00" testType="13cdc9d9-ddb5-4fa4-a97d-d965ccfc6d4b" outcome="Passed" testListId="8c84fa94-04c1-424b-9868-57a2d4851a1d" relativeResultsDirectory="ee528f10-9490-4232-878a-f44d876d10b2" />
    <UnitTestResult executionId="8955181a-865e-4999-a908-29b9d075de8b" testId="4ffd640f-a835-c504-eedf-b381441b262e" testName="BG3HonorAssistant.Core.Tests.Models.PartyPlanningRulesTests.RespecRestoresOracleDefaultsAndClearsRunSpecificPlanning" computerName="JANCARBONELB5E7" duration="00:00:00.0304977" startTime="2026-07-25T21:00:39.8495244-07:00" endTime="2026-07-25T21:00:39.8599652-07:00" testType="13cdc9d9-ddb5-4fa4-a97d-d965ccfc6d4b" outcome="Passed" testListId="8c84fa94-04c1-424b-9868-57a2d4851a1d" relativeResultsDirectory="8955181a-865e-4999-a908-29b9d075de8b" />
    <UnitTestResult executionId="782213bb-7fa4-4d8e-acfa-dbd6e0e202f4" testId="055e1ad4-fe95-f7d7-38fb-c41a14c7339e" testName="BG3HonorAssistant.Core.Tests.Route.RouteDerivationTests.DependencyPresentationLabelsLaterPhaseWithoutFalseAttention" computerName="JANCARBONELB5E7" duration="00:00:00.0159730" startTime="2026-07-25T21:00:39.6414041-07:00" endTime="2026-07-25T21:00:39.6859472-07:00" testType="13cdc9d9-ddb5-4fa4-a97d-d965ccfc6d4b" outcome="Passed" testListId="8c84fa94-04c1-424b-9868-57a2d4851a1d" relativeResultsDirectory="782213bb-7fa4-4d8e-acfa-dbd6e0e202f4" />
    <UnitTestResult executionId="2b4c866a-5f59-4664-b7a9-a44ba662e350" testId="66f54e2d-3426-4f5c-46aa-1312d05316cd" testName="BG3HonorAssistant.Core.Tests.Models.BuildImportTests.DraftRejectsLevelTwelveClassSplitThatDoesNotTotalTwelve" computerName="JANCARBONELB5E7" duration="00:00:00.0067024" startTime="2026-07-25T21:00:39.8012535-07:00" endTime="2026-07-25T21:00:39.8025181-07:00" testType="13cdc9d9-ddb5-4fa4-a97d-d965ccfc6d4b" outcome="Passed" testListId="8c84fa94-04c1-424b-9868-57a2d4851a1d" relativeResultsDirectory="2b4c866a-5f59-4664-b7a9-a44ba662e350" />
    <UnitTestResult executionId="7a7aad53-1165-49b2-8143-69f55b69fd01" testId="005193e0-d52f-f95f-6bef-a0f3a1857f10" testName="BG3HonorAssistant.Core.Tests.Models.PartyPlanningRulesTests.DollCellsMatchMacLabelsAndSplitRingPicks" computerName="JANCARBONELB5E7" duration="00:00:00.0176189" startTime="2026-07-25T21:00:39.7904044-07:00" endTime="2026-07-25T21:00:39.7967396-07:00" testType="13cdc9d9-ddb5-4fa4-a97d-d965ccfc6d4b" outcome="Passed" testListId="8c84fa94-04c1-424b-9868-57a2d4851a1d" relativeResultsDirectory="7a7aad53-1165-49b2-8143-69f55b69fd01" />
    <UnitTestResult executionId="2cfea766-4c13-4ebf-970e-fcf6d71d5b92" testId="4424ebc8-5dce-6378-b4c7-ef85e8947cc3" testName="BG3HonorAssistant.Core.Tests.Route.ActTransitionRulesTests.ReviewStatusPrefersLockedLedgerThenEquippedThenEditableReview" computerName="JANCARBONELB5E7" duration="00:00:00.0064376" startTime="2026-07-25T21:00:39.9395074-07:00" endTime="2026-07-25T21:00:39.9396796-07:00" testType="13cdc9d9-ddb5-4fa4-a97d-d965ccfc6d4b" outcome="Passed" testListId="8c84fa94-04c1-424b-9868-57a2d4851a1d" relativeResultsDirectory="2cfea766-4c13-4ebf-970e-fcf6d71d5b92" />
    <UnitTestResult executionId="a35490c5-d330-4018-bbdb-396fc1f3cd94" testId="a770361a-7b27-bad4-2c35-d8efc8d466da" testName="BG3HonorAssistant.Core.Tests.Models.AbilitySourceRulesTests.UniquePermanentSourceMovesBetweenPartyMembers" computerName="JANCARBONELB5E7" duration="00:00:01.1855406" startTime="2026-07-25T21:00:38.2849319-07:00" endTime="2026-07-25T21:00:39.6848520-07:00" testType="13cdc9d9-ddb5-4fa4-a97d-d965ccfc6d4b" outcome="Passed" testListId="8c84fa94-04c1-424b-9868-57a2d4851a1d" relativeResultsDirectory="a35490c5-d330-4018-bbdb-396fc1f3cd94" />
    <UnitTestResult executionId="f239cd42-56d4-4e61-82b4-5ef8ce44a1f4" testId="1a1f1ce6-e083-711f-80c2-cc1111735d4c" testName="BG3HonorAssistant.Core.Tests.Route.ActTransitionRulesTests.AdvanceRequiresExplicitConsequenceConsentAndLocksCompleteSnapshot" computerName="JANCARBONELB5E7" duration="00:00:00.0200669" startTime="2026-07-25T21:00:39.9500905-07:00" endTime="2026-07-25T21:00:39.9699326-07:00" testType="13cdc9d9-ddb5-4fa4-a97d-d965ccfc6d4b" outcome="Passed" testListId="8c84fa94-04c1-424b-9868-57a2d4851a1d" relativeResultsDirectory="f239cd42-56d4-4e61-82b4-5ef8ce44a1f4" />
    <UnitTestResult executionId="36c0a9a4-4e1c-4c77-b50b-6d03204bb09f" testId="60d5b750-c4b0-ec08-acc7-bf62e7eedf5c" testName="BG3HonorAssistant.Core.Tests.Route.ActTransitionRulesTests.FinalGateMatchesOraclePrecedence(selectedAct: 3, guideLoaded: True, routeAvailable: True, activeSteps: 0, unresolvedGear: 2, expected: &quot;Review 2 equipment items first.&quot;)" computerName="JANCARBONELB5E7" duration="00:00:00.0019347" startTime="2026-07-25T21:00:39.9031388-07:00" endTime="2026-07-25T21:00:39.9046842-07:00" testType="13cdc9d9-ddb5-4fa4-a97d-d965ccfc6d4b" outcome="Passed" testListId="8c84fa94-04c1-424b-9868-57a2d4851a1d" relativeResultsDirectory="36c0a9a4-4e1c-4c77-b50b-6d03204bb09f" />
    <UnitTestResult executionId="53743c9f-db0a-4f7d-88de-00336fa1e313" testId="6e87169c-c8d5-76b0-0aa1-bc23d10c2996" testName="BG3HonorAssistant.Core.Tests.Route.RunProgressRulesTests.SaferAlternativePrefersSameRegionThenLowestLevelAndOrder" computerName="JANCARBONELB5E7" duration="00:00:00.0110745" startTime="2026-07-25T21:00:39.7432860-07:00" endTime="2026-07-25T21:00:39.7460463-07:00" testType="13cdc9d9-ddb5-4fa4-a97d-d965ccfc6d4b" outcome="Passed" testListId="8c84fa94-04c1-424b-9868-57a2d4851a1d" relativeResultsDirectory="53743c9f-db0a-4f7d-88de-00336fa1e313" />
    <UnitTestResult executionId="474e5c48-b45d-4a0a-8b77-f700ada7e750" testId="0a37a4d4-bf90-808f-84fb-ff5aedc43189" testName="BG3HonorAssistant.Core.Tests.Route.RunSafetyTests.CaughtUpSatisfiesOutcomeRequiredWithoutRecordedOutcome" computerName="JANCARBONELB5E7" duration="00:00:00.0015590" startTime="2026-07-25T21:00:39.8343807-07:00" endTime="2026-07-25T21:00:39.8345363-07:00" testType="13cdc9d9-ddb5-4fa4-a97d-d965ccfc6d4b" outcome="Passed" testListId="8c84fa94-04c1-424b-9868-57a2d4851a1d" relativeResultsDirectory="474e5c48-b45d-4a0a-8b77-f700ada7e750" />
    <UnitTestResult executionId="76039681-fbf3-458b-a724-1bbe2bf9ea2c" testId="fc8274d1-2d95-fd0c-9c43-023bc116e555" testName="BG3HonorAssistant.Core.Tests.Route.ActTransitionRulesTests.TransitionGateMatchesOraclePrecedence(selectedAct: 1, nextActGuideExists: True, guideLoaded: False, routeAvailable: True, unresolvedGear: 0, expected: &quot;Act 1 guide data must finish loading before this g&quot;···)" computerName="JANCARBONELB5E7" duration="00:00:00.0000710" startTime="2026-07-25T21:00:39.9384148-07:00" endTime="2026-07-25T21:00:39.9386240-07:00" testType="13cdc9d9-ddb5-4fa4-a97d-d965ccfc6d4b" outcome="Passed" testListId="8c84fa94-04c1-424b-9868-57a2d4851a1d" relativeResultsDirectory="76039681-fbf3-458b-a724-1bbe2bf9ea2c" />
    <UnitTestResult executionId="322b5524-b078-4954-a622-3be01481dd1b" testId="46788296-0987-4674-d248-4347d2c071d2" testName="BG3HonorAssistant.Core.Tests.Models.GearLogicTests.PriorityRankMatchesTheMacTable(priority: &quot;Defence&quot;, expected: 5)" computerName="JANCARBONELB5E7" duration="00:00:00.0000466" startTime="2026-07-25T21:00:39.7648847-07:00" endTime="2026-07-25T21:00:39.7660085-07:00" testType="13cdc9d9-ddb5-4fa4-a97d-d965ccfc6d4b" outcome="Passed" testListId="8c84fa94-04c1-424b-9868-57a2d4851a1d" relativeResultsDirectory="322b5524-b078-4954-a622-3be01481dd1b" />
    <UnitTestResult executionId="f4b4684e-7922-4314-9d30-6d8cfe1c55f7" testId="badc00da-f129-2578-36d5-f6086f70a79c" testName="BG3HonorAssistant.Core.Tests.Route.RunSafetyTests.ReadinessUsesLowestPartyLevelAndCheckedPreparation" computerName="JANCARBONELB5E7" duration="00:00:00.0052655" startTime="2026-07-25T21:00:39.8334968-07:00" endTime="2026-07-25T21:00:39.8337540-07:00" testType="13cdc9d9-ddb5-4fa4-a97d-d965ccfc6d4b" outcome="Passed" testListId="8c84fa94-04c1-424b-9868-57a2d4851a1d" relativeResultsDirectory="f4b4684e-7922-4314-9d30-6d8cfe1c55f7" />
    <UnitTestResult executionId="ab6b54da-672b-4ebb-bb68-face698bb845" testId="df790f53-6bb1-a8af-d831-7fffa2acdd7e" testName="BG3HonorAssistant.Core.Tests.Route.ActTransitionRulesTests.FinalGateMatchesOraclePrecedence(selectedAct: 3, guideLoaded: True, routeAvailable: True, activeSteps: 1, unresolvedGear: 0, expected: &quot;Resolve or deliberately skip 1 route step first.&quot;)" computerName="JANCARBONELB5E7" duration="00:00:00.0002943" startTime="2026-07-25T21:00:39.9092156-07:00" endTime="2026-07-25T21:00:39.9094531-07:00" testType="13cdc9d9-ddb5-4fa4-a97d-d965ccfc6d4b" outcome="Passed" testListId="8c84fa94-04c1-424b-9868-57a2d4851a1d" relativeResultsDirectory="ab6b54da-672b-4ebb-bb68-face698bb845" />
    <UnitTestResult executionId="395a7559-e2f2-449e-ba29-66314b651261" testId="7e0b6a49-34e4-ced6-e9da-f700a2bc6222" testName="BG3HonorAssistant.Core.Tests.Chat.ChatPromptBuilderTests.BlocksChatWhenRouteDataIsUnavailable" computerName="JANCARBONELB5E7" duration="00:00:00.0017454" startTime="2026-07-25T21:00:40.0499183-07:00" endTime="2026-07-25T21:00:40.0511232-07:00" testType="13cdc9d9-ddb5-4fa4-a97d-d965ccfc6d4b" outcome="Passed" testListId="8c84fa94-04c1-424b-9868-57a2d4851a1d" relativeResultsDirectory="395a7559-e2f2-449e-ba29-66314b651261" />
    <UnitTestResult executionId="96679892-284b-4dce-8292-890c38628415" testId="ec8325c4-7a57-0e13-1709-1bbb8f053e6e" testName="BG3HonorAssistant.Core.Tests.Chat.ChatPromptBuilderTests.RouteScopeRanksMatchingFactsAndDeduplicatesSources" computerName="JANCARBONELB5E7" duration="00:00:00.1356569" startTime="2026-07-25T21:00:39.9026862-07:00" endTime="2026-07-25T21:00:40.0374498-07:00" testType="13cdc9d9-ddb5-4fa4-a97d-d965ccfc6d4b" outcome="Passed" testListId="8c84fa94-04c1-424b-9868-57a2d4851a1d" relativeResultsDirectory="96679892-284b-4dce-8292-890c38628415" />
[...]
    <TestEntry testId="8b048864-47a8-0ad1-e844-67020bc53b90" executionId="900040f3-bb67-4ae7-a6bb-14300784b39f" testListId="8c84fa94-04c1-424b-9868-57a2d4851a1d" />
    <TestEntry testId="ee84a414-fc44-4a22-a25b-16a30e5adff3" executionId="f40b0beb-57d7-482c-996f-2c3b4410abbe" testListId="8c84fa94-04c1-424b-9868-57a2d4851a1d" />
    <TestEntry testId="22cd40ce-ccf8-6868-523d-fbf61ad5b66b" executionId="71e60476-4b8e-4af5-a193-e28c0886713c" testListId="8c84fa94-04c1-424b-9868-57a2d4851a1d" />
    <TestEntry testId="11908803-5e45-0a6f-278c-35e22a6c02d8" executionId="aa991000-584c-47c1-8516-feedecbd1c95" testListId="8c84fa94-04c1-424b-9868-57a2d4851a1d" />
    <TestEntry testId="dc46004f-bfe8-4c77-c888-b4f3f857c830" executionId="a4460452-5580-431d-a9d4-3ec93bd517b7" testListId="8c84fa94-04c1-424b-9868-57a2d4851a1d" />
    <TestEntry testId="01e60835-69fe-9b0a-a9c5-b713b6c9eee9" executionId="c7fcb2f7-f0f5-413f-9f94-835891d2a276" testListId="8c84fa94-04c1-424b-9868-57a2d4851a1d" />
    <TestEntry testId="550c6cd4-0128-669d-ac1f-7fd9106f0330" executionId="18553ca0-b226-4410-a0f9-ffd265ccb651" testListId="8c84fa94-04c1-424b-9868-57a2d4851a1d" />
    <TestEntry testId="9465b7b9-ac7d-dbe1-f75e-2bb9419a5d3a" executionId="f808ebec-e280-49de-8fea-80c7ca9dd677" testListId="8c84fa94-04c1-424b-9868-57a2d4851a1d" />
    <TestEntry testId="e8b41416-38df-2232-fda6-dc873f68dc4b" executionId="5f672b8f-47c9-4280-ae38-7636d217869e" testListId="8c84fa94-04c1-424b-9868-57a2d4851a1d" />
    <TestEntry testId="846f3570-4a2f-3f78-b5ee-d2015de853da" executionId="32d0022d-f04e-4165-bd34-8fcd98002878" testListId="8c84fa94-04c1-424b-9868-57a2d4851a1d" />
    <TestEntry testId="d1e9158b-5dc7-1f6c-90be-5a55f07f8b4c" executionId="5f36785e-1061-4be9-8e11-183a4126d07f" testListId="8c84fa94-04c1-424b-9868-57a2d4851a1d" />
    <TestEntry testId="8f03a7e6-3f1f-0441-5f7c-ee2d64f7b758" executionId="5c2bae63-98ae-4b9f-9523-0edf492c0bf5" testListId="8c84fa94-04c1-424b-9868-57a2d4851a1d" />
    <TestEntry testId="deaae3f7-2c38-0690-284f-d47776f58179" executionId="bba13f08-ae43-4408-967b-08c6effd4e14" testListId="8c84fa94-04c1-424b-9868-57a2d4851a1d" />
    <TestEntry testId="fbeda5c1-1264-f3eb-7fc1-fff3dbee6ebd" executionId="32fec4d7-f588-42c1-9506-6296f4d481bb" testListId="8c84fa94-04c1-424b-9868-57a2d4851a1d" />
    <TestEntry testId="98c32424-3921-9bec-dea8-765b293ecfe4" executionId="e552afa2-4d50-40e1-9347-65492e7d0761" testListId="8c84fa94-04c1-424b-9868-57a2d4851a1d" />
    <TestEntry testId="bc2c1b77-a832-2aac-a805-c010714f3d6b" executionId="71cab2b6-007e-4046-89a7-86548f5449c6" testListId="8c84fa94-04c1-424b-9868-57a2d4851a1d" />
    <TestEntry testId="610dca4a-a3fc-f3d0-5fd0-ee18cc07a814" executionId="65d9f943-d5c6-4955-8d31-94e52a3c76d9" testListId="8c84fa94-04c1-424b-9868-57a2d4851a1d" />
    <TestEntry testId="3fdc9694-9d3a-d1e6-0e7f-6e3562e13748" executionId="42cf4664-09fb-405c-9abb-54d844b15ff6" testListId="8c84fa94-04c1-424b-9868-57a2d4851a1d" />
    <TestEntry testId="645f56aa-8971-9e01-7569-772fe0e152ad" executionId="f17c0d13-7be8-487e-83fe-079ba08cbe43" testListId="8c84fa94-04c1-424b-9868-57a2d4851a1d" />
    <TestEntry testId="b27d07fd-a3d1-f33e-76c3-1b94337184a4" executionId="2a2b7556-0bc3-4b19-96b1-fb3e41c0018c" testListId="8c84fa94-04c1-424b-9868-57a2d4851a1d" />
    <TestEntry testId="22daefee-c7b0-1a22-4772-27b79e14e014" executionId="ecd388d5-6634-4396-94e4-58f7045465a0" testListId="8c84fa94-04c1-424b-9868-57a2d4851a1d" />
    <TestEntry testId="e4ecaef2-c341-13b3-f373-df1b89fa6bb7" executionId="971b4e0e-890f-4dab-84a4-0eccd2e5c5c8" testListId="8c84fa94-04c1-424b-9868-57a2d4851a1d" />
    <TestEntry testId="596de9df-d692-e5e4-d698-72b56913845e" executionId="2c09be6c-f41a-437a-88e1-f5169045a8d5" testListId="8c84fa94-04c1-424b-9868-57a2d4851a1d" />
    <TestEntry testId="eb37b4e6-7e9d-2957-e08a-0876fbbef733" executionId="97302139-4be8-4a7a-8f0d-a21e10214ea0" testListId="8c84fa94-04c1-424b-9868-57a2d4851a1d" />
    <TestEntry testId="cf30b3ad-d52a-e4ab-17d0-5dca58e825ad" executionId="7de6f9af-76d9-479b-a463-40c63a713e93" testListId="8c84fa94-04c1-424b-9868-57a2d4851a1d" />
    <TestEntry testId="261fa816-d1b2-c027-e324-7d6a0a0ae832" executionId="9f1b29ef-6099-4bec-84e7-2656b00e6544" testListId="8c84fa94-04c1-424b-9868-57a2d4851a1d" />
    <TestEntry testId="436b3fa8-61a3-206b-d36a-a0611a69b3f6" executionId="8457b0a3-6ed0-4e5a-a1a3-c837749e5d40" testListId="8c84fa94-04c1-424b-9868-57a2d4851a1d" />
    <TestEntry testId="ece77743-d105-dccc-a358-665aca6ac237" executionId="9490b7f4-82d1-437a-a8c1-1ae0a261ca48" testListId="8c84fa94-04c1-424b-9868-57a2d4851a1d" />
    <TestEntry testId="04eb8ab6-9cf2-85f9-4ec0-1593dd3d5750" executionId="4606bc51-335b-4aed-bde7-c4025545fcaa" testListId="8c84fa94-04c1-424b-9868-57a2d4851a1d" />
    <TestEntry testId="1278f144-13c9-8d9d-a814-b38238b876e3" executionId="2423131d-b084-4228-b159-54ae00494230" testListId="8c84fa94-04c1-424b-9868-57a2d4851a1d" />
    <TestEntry testId="49025648-f7be-5804-47e8-3a8b8e4ecd13" executionId="e76b6366-7e09-41ef-86d6-4efd1d8a40f4" testListId="8c84fa94-04c1-424b-9868-57a2d4851a1d" />
    <TestEntry testId="044f7181-af9e-2fb8-2f6b-6b64adea0f03" executionId="3f29887c-5624-4249-8593-24cda5af56cc" testListId="8c84fa94-04c1-424b-9868-57a2d4851a1d" />
    <TestEntry testId="82c1d3a0-7e82-178f-0df7-8003975b4dfd" executionId="2eeb0ce8-5c5c-4cd7-af3e-cdd79c5905bc" testListId="8c84fa94-04c1-424b-9868-57a2d4851a1d" />
    <TestEntry testId="f4635e4b-d4d0-4ff4-d119-81ca2420830d" executionId="d5f74515-6ec9-4239-a472-0f647428d455" testListId="8c84fa94-04c1-424b-9868-57a2d4851a1d" />
    <TestEntry testId="bbb2b18b-e3c7-9e09-8c8a-9752cb71e552" executionId="b38ee6fb-fe99-491c-beae-ae151b82f430" testListId="8c84fa94-04c1-424b-9868-57a2d4851a1d" />
    <TestEntry testId="4effb383-40a8-a67c-caf2-306a5f5d4ef6" executionId="70beb05f-b6f3-4209-b2a6-e0e29c39db81" testListId="8c84fa94-04c1-424b-9868-57a2d4851a1d" />
    <TestEntry testId="5b00d1d4-3a69-c454-f7ab-dc55632dfced" executionId="05b8206d-8c63-4391-a88a-406fe846faaa" testListId="8c84fa94-04c1-424b-9868-57a2d4851a1d" />
    <TestEntry testId="50c7b5ad-35e8-a070-6fe0-d5f7d967bb5f" executionId="e420ba6e-8eb1-4eaa-b974-f5a54bff289f" testListId="8c84fa94-04c1-424b-9868-57a2d4851a1d" />
    <TestEntry testId="d83d45f0-8d1c-b795-ee82-7c645a5b3de4" executionId="17670a98-b968-4983-bb07-fc5bee699539" testListId="8c84fa94-04c1-424b-9868-57a2d4851a1d" />
    <TestEntry testId="6353d524-31a5-cd10-5399-d74b1360ffac" executionId="c147aa94-d90a-42e2-810f-447956185c2f" testListId="8c84fa94-04c1-424b-9868-57a2d4851a1d" />
    <TestEntry testId="f5aed1d9-d055-940b-69c7-6f9019d8489b" executionId="0765c45e-128c-41dc-ab81-8b6a7cac8353" testListId="8c84fa94-04c1-424b-9868-57a2d4851a1d" />
    <TestEntry testId="736de07b-8407-073a-2b43-e4247fb8ce1f" executionId="8445bd2a-711d-433d-9238-93823551570d" testListId="8c84fa94-04c1-424b-9868-57a2d4851a1d" />
    <TestEntry testId="7165546a-f0c8-defc-b92a-0e011025b988" executionId="91b73a6c-2d14-4134-9122-16d7b2d0550e" testListId="8c84fa94-04c1-424b-9868-57a2d4851a1d" />
    <TestEntry testId="1bcb4a15-feea-d963-b06b-9a14a3460773" executionId="ed5b560f-a532-4cd0-9736-e8cbd446eee7" testListId="8c84fa94-04c1-424b-9868-57a2d4851a1d" />
    <TestEntry testId="7a6834b7-ca68-82f6-40b5-522a6f7a34f8" executionId="68919fed-792d-4da6-b2d2-2d3ba1e0218b" testListId="8c84fa94-04c1-424b-9868-57a2d4851a1d" />
    <TestEntry testId="a0669024-3b78-29b5-105c-3047877c430c" executionId="a8ba3fa3-8a25-447f-abf5-7f280e64f91d" testListId="8c84fa94-04c1-424b-9868-57a2d4851a1d" />
    <TestEntry testId="896a2af8-710c-5c76-84bd-0fd5966178e8" executionId="7b688617-9e52-4624-9b35-720b761155e2" testListId="8c84fa94-04c1-424b-9868-57a2d4851a1d" />
    <TestEntry testId="a922bf55-1b56-ea2d-3e1d-57e8d181b9c6" executionId="30438673-f7ed-4e50-8fa1-6f41bc09a60f" testListId="8c84fa94-04c1-424b-9868-57a2d4851a1d" />
    <TestEntry testId="8cc569db-71d3-8b38-15eb-b9c18aa14b6a" executionId="f052acf5-26b7-440d-ac46-a7f282e23ef1" testListId="8c84fa94-04c1-424b-9868-57a2d4851a1d" />
    <TestEntry testId="13a52eb8-0361-5725-4df5-225f03078a81" executionId="0159c8cc-daf4-4f3f-8912-53be22528ff3" testListId="8c84fa94-04c1-424b-9868-57a2d4851a1d" />
    <TestEntry testId="451e3995-bd56-c31c-5c8a-89f3c3a0fc86" executionId="55b784c5-5df6-44f8-bafe-9c40c539c11e" testListId="8c84fa94-04c1-424b-9868-57a2d4851a1d" />
    <TestEntry testId="3c0b8c3b-f677-1d1e-6a67-2ad301e797b7" executionId="a35de6ae-51b4-4a0c-8a31-98e9971cf10b" testListId="8c84fa94-04c1-424b-9868-57a2d4851a1d" />
    <TestEntry testId="1bf3e2fb-8264-b1d9-6171-4cb73b29ed37" executionId="14e1aef0-5268-4220-8fe2-d293b0bfbfa7" testListId="8c84fa94-04c1-424b-9868-57a2d4851a1d" />
    <TestEntry testId="95e8a550-f5d6-2415-47bb-09431f03798f" executionId="77bc7932-955b-439e-809c-bebc93349166" testListId="8c84fa94-04c1-424b-9868-57a2d4851a1d" />
    <TestEntry testId="04b56fff-953a-2739-a2b1-29201b225b02" executionId="616ea700-a698-411d-9403-f0ce87f54428" testListId="8c84fa94-04c1-424b-9868-57a2d4851a1d" />
    <TestEntry testId="23fcf370-7c1b-f6ae-10b1-ae7acc7051a9" executionId="2a1b7715-1491-4862-b6c6-c975fe7d2a47" testListId="8c84fa94-04c1-424b-9868-57a2d4851a1d" />
    <TestEntry testId="1e857848-f973-072b-dee1-77cf2f5caa89" executionId="0bedcc63-7e50-4035-b947-16e6e0c36a2a" testListId="8c84fa94-04c1-424b-9868-57a2d4851a1d" />
    <TestEntry testId="39c4aeb4-9e8f-78e2-7066-e0e677e25bc3" executionId="b2915247-cd23-4a79-84fe-c4bd5f769360" testListId="8c84fa94-04c1-424b-9868-57a2d4851a1d" />
    <TestEntry testId="fa88d00b-45db-9e17-ed64-a2959908e3ba" executionId="b28a34bb-c700-4aa9-a830-77370324526f" testListId="8c84fa94-04c1-424b-9868-57a2d4851a1d" />
    <TestEntry testId="763355c2-2ef4-0df0-c366-6ca6b9a43d6d" executionId="8f119ea8-6c15-4f9c-bd50-25c741be40d6" testListId="8c84fa94-04c1-424b-9868-57a2d4851a1d" />
    <TestEntry testId="4ca58d4b-6cbf-7996-4f7f-8942c3002259" executionId="d50e01b2-af25-4bf6-a814-654fad7a744f" testListId="8c84fa94-04c1-424b-9868-57a2d4851a1d" />
    <TestEntry testId="951e311e-ee73-3d7b-ae94-43e8874eb5b0" executionId="bfd1ce3c-c13a-48df-b176-a093cada77d9" testListId="8c84fa94-04c1-424b-9868-57a2d4851a1d" />
    <TestEntry testId="bca1612a-2cd2-0a0a-1653-f8e2c463c84b" executionId="80fc32a1-5b26-490a-b886-a2fe15c62112" testListId="8c84fa94-04c1-424b-9868-57a2d4851a1d" />
    <TestEntry testId="6747fdef-9d92-93aa-3c83-e54bcaf0756f" executionId="7efe6904-b93d-4f20-8231-f50fb0b0b9fa" testListId="8c84fa94-04c1-424b-9868-57a2d4851a1d" />
    <TestEntry testId="431dd215-65e1-d490-cf07-c219ee61d0df" executionId="2989f3f1-29e0-40a0-b3b5-560cb0531198" testListId="8c84fa94-04c1-424b-9868-57a2d4851a1d" />
    <TestEntry testId="f85707ec-1f25-bc88-9c6b-0f7250e8a6e3" executionId="32bdf47d-c6ae-4931-a6fe-36243a7d4975" testListId="8c84fa94-04c1-424b-9868-57a2d4851a1d" />
    <TestEntry testId="e2aecf67-d841-50c2-b65c-849432fbdc83" executionId="562f384b-6eb8-4c9e-ad1e-c71f9e9c5911" testListId="8c84fa94-04c1-424b-9868-57a2d4851a1d" />
    <TestEntry testId="b486f332-293e-a92b-b55a-75455b58eca3" executionId="8a12471d-4626-4d65-89de-ce12c4527f0d" testListId="8c84fa94-04c1-424b-9868-57a2d4851a1d" />
    <TestEntry testId="2eff3b93-48a9-29f3-baba-91c2a72b8500" executionId="fa477dd6-d33c-4c87-8686-e9628cc62398" testListId="8c84fa94-04c1-424b-9868-57a2d4851a1d" />
    <TestEntry testId="254cb717-87bc-fb03-38c2-d5302008d571" executionId="32007826-698a-4bf7-9dfe-c5db6a61d477" testListId="8c84fa94-04c1-424b-9868-57a2d4851a1d" />
    <TestEntry testId="01c0c059-6042-ed31-6186-55a5c41bcd73" executionId="bf40cf91-82cb-4abf-a872-612aedc4e346" testListId="8c84fa94-04c1-424b-9868-57a2d4851a1d" />
    <TestEntry testId="9e75dc60-2545-b48f-67ba-030298d28f4c" executionId="8b6c48ac-7929-459d-adb4-64a0c3aef968" testListId="8c84fa94-04c1-424b-9868-57a2d4851a1d" />
    <TestEntry testId="b13142a0-2342-c42d-be6d-72f3dc46ae18" executionId="27f8eec8-ba66-4b21-bc6e-7f0c53f278b9" testListId="8c84fa94-04c1-424b-9868-57a2d4851a1d" />
    <TestEntry testId="c8aae175-26f5-adb9-71de-f56335115f13" executionId="903d364b-dcec-4629-9821-fc981e9958ad" testListId="8c84fa94-04c1-424b-9868-57a2d4851a1d" />
    <TestEntry testId="543b8829-7a8e-5456-a13e-33ac78271946" executionId="b78e6d31-cf79-4b29-a51b-a85b1d921d2f" testListId="8c84fa94-04c1-424b-9868-57a2d4851a1d" />
    <TestEntry testId="e3cf3a57-4ab1-a480-da99-6978791ee4c5" executionId="e0abfd2e-99a0-423a-996e-6c9b0b48ba59" testListId="8c84fa94-04c1-424b-9868-57a2d4851a1d" />
    <TestEntry testId="91b035f4-7284-f872-4b6f-04eed3b514ee" executionId="c6d88eec-4667-4b20-aff1-7660f9612d95" testListId="8c84fa94-04c1-424b-9868-57a2d4851a1d" />
    <TestEntry testId="2d401bd7-c8f2-6988-845c-d00aa4599a54" executionId="53ff513e-b255-4f75-99b9-37e376f2bad2" testListId="8c84fa94-04c1-424b-9868-57a2d4851a1d" />
    <TestEntry testId="6b02e25d-f9df-1f13-423a-97fc74f2a3d7" executionId="fcc1bfe0-e809-4c9d-9648-1427757aed28" testListId="8c84fa94-04c1-424b-9868-57a2d4851a1d" />
    <TestEntry testId="c2076476-1568-3cf7-86e7-9bce7b91d5bd" executionId="d59053f9-19f3-46d0-8a30-b6da0b2c8a78" testListId="8c84fa94-04c1-424b-9868-57a2d4851a1d" />
    <TestEntry testId="2c9fdc05-c805-cf22-3848-3521e0e8c8f9" executionId="99f0abe7-7f22-4547-9227-61fdbdff343c" testListId="8c84fa94-04c1-424b-9868-57a2d4851a1d" />
    <TestEntry testId="49cf2f10-8a1b-fbf7-e98c-a347eb300275" executionId="c7a6ec80-defe-43d8-ab81-7452dcd2d455" testListId="8c84fa94-04c1-424b-9868-57a2d4851a1d" />
    <TestEntry testId="06ac9a9d-7eb7-1cbf-029a-7be5c1b510e0" executionId="b420b94d-5fcf-45b9-8809-322dd4132437" testListId="8c84fa94-04c1-424b-9868-57a2d4851a1d" />
    <TestEntry testId="a7daf1bc-b70f-b982-9b30-9ca3456958e6" executionId="f4c2dba0-a113-4c16-974a-4eee585a5338" testListId="8c84fa94-04c1-424b-9868-57a2d4851a1d" />
    <TestEntry testId="1f7e8cfd-105a-2420-b524-08a3831d1c9e" executionId="2d442e1a-ac2e-4ef4-a46d-7dfe1ca38883" testListId="8c84fa94-04c1-424b-9868-57a2d4851a1d" />
    <TestEntry testId="f2d9ff26-f6f6-9377-ac61-9f8ada6e72f7" executionId="6143e429-11a3-4641-91e4-6a8280ac50ac" testListId="8c84fa94-04c1-424b-9868-57a2d4851a1d" />
    <TestEntry testId="6df35a79-91ad-99d0-f362-04062447960d" executionId="3df5f2d0-8b35-4178-9779-15dfd11fbc2b" testListId="8c84fa94-04c1-424b-9868-57a2d4851a1d" />
    <TestEntry testId="31a04eb3-32e0-fc9b-c08c-c294fe0fd050" executionId="d07e7d37-f86b-43f9-80b9-0f55786df7c7" testListId="8c84fa94-04c1-424b-9868-57a2d4851a1d" />
    <TestEntry testId="f74de31e-9f66-239c-6eb5-ff0e6e893aab" executionId="8eb98491-8f51-4596-8e46-69ba6f77e8db" testListId="8c84fa94-04c1-424b-9868-57a2d4851a1d" />
    <TestEntry testId="779d47a0-a3bf-be39-d92a-04d7219bd7c5" executionId="dcd4e363-f38e-426a-a6e5-e1c83ef4a093" testListId="8c84fa94-04c1-424b-9868-57a2d4851a1d" />
    <TestEntry testId="f7bbbd76-47b4-93b0-31f7-66d97a5ff2f6" executionId="ab3fded7-0556-4a93-a91d-a0277066c28e" testListId="8c84fa94-04c1-424b-9868-57a2d4851a1d" />
    <TestEntry testId="6f2cba12-2578-e2ad-2e32-485eb7364bfe" executionId="6980e418-cf5b-4f1c-af9b-327520ecb907" testListId="8c84fa94-04c1-424b-9868-57a2d4851a1d" />
    <TestEntry testId="1feda1f2-903c-5e8c-cb5b-37731b4e874e" executionId="c86dd058-3284-4cb0-a07e-c5e4f58a6f25" testListId="8c84fa94-04c1-424b-9868-57a2d4851a1d" />
    <TestEntry testId="a64e0ba9-437d-d487-00e0-67b4da3b601a" executionId="ee528f10-9490-4232-878a-f44d876d10b2" testListId="8c84fa94-04c1-424b-9868-57a2d4851a1d" />
    <TestEntry testId="4ffd640f-a835-c504-eedf-b381441b262e" executionId="8955181a-865e-4999-a908-29b9d075de8b" testListId="8c84fa94-04c1-424b-9868-57a2d4851a1d" />
    <TestEntry testId="055e1ad4-fe95-f7d7-38fb-c41a14c7339e" executionId="782213bb-7fa4-4d8e-acfa-dbd6e0e202f4" testListId="8c84fa94-04c1-424b-9868-57a2d4851a1d" />
    <TestEntry testId="66f54e2d-3426-4f5c-46aa-1312d05316cd" executionId="2b4c866a-5f59-4664-b7a9-a44ba662e350" testListId="8c84fa94-04c1-424b-9868-57a2d4851a1d" />
    <TestEntry testId="005193e0-d52f-f95f-6bef-a0f3a1857f10" executionId="7a7aad53-1165-49b2-8143-69f55b69fd01" testListId="8c84fa94-04c1-424b-9868-57a2d4851a1d" />
    <TestEntry testId="4424ebc8-5dce-6378-b4c7-ef85e8947cc3" executionId="2cfea766-4c13-4ebf-970e-fcf6d71d5b92" testListId="8c84fa94-04c1-424b-9868-57a2d4851a1d" />
    <TestEntry testId="a770361a-7b27-bad4-2c35-d8efc8d466da" executionId="a35490c5-d330-4018-bbdb-396fc1f3cd94" testListId="8c84fa94-04c1-424b-9868-57a2d4851a1d" />
    <TestEntry testId="1a1f1ce6-e083-711f-80c2-cc1111735d4c" executionId="f239cd42-56d4-4e61-82b4-5ef8ce44a1f4" testListId="8c84fa94-04c1-424b-9868-57a2d4851a1d" />
    <TestEntry testId="60d5b750-c4b0-ec08-acc7-bf62e7eedf5c" executionId="36c0a9a4-4e1c-4c77-b50b-6d03204bb09f" testListId="8c84fa94-04c1-424b-9868-57a2d4851a1d" />
    <TestEntry testId="6e87169c-c8d5-76b0-0aa1-bc23d10c2996" executionId="53743c9f-db0a-4f7d-88de-00336fa1e313" testListId="8c84fa94-04c1-424b-9868-57a2d4851a1d" />
    <TestEntry testId="0a37a4d4-bf90-808f-84fb-ff5aedc43189" executionId="474e5c48-b45d-4a0a-8b77-f700ada7e750" testListId="8c84fa94-04c1-424b-9868-57a2d4851a1d" />
    <TestEntry testId="fc8274d1-2d95-fd0c-9c43-023bc116e555" executionId="76039681-fbf3-458b-a724-1bbe2bf9ea2c" testListId="8c84fa94-04c1-424b-9868-57a2d4851a1d" />
    <TestEntry testId="46788296-0987-4674-d248-4347d2c071d2" executionId="322b5524-b078-4954-a622-3be01481dd1b" testListId="8c84fa94-04c1-424b-9868-57a2d4851a1d" />
    <TestEntry testId="badc00da-f129-2578-36d5-f6086f70a79c" executionId="f4b4684e-7922-4314-9d30-6d8cfe1c55f7" testListId="8c84fa94-04c1-424b-9868-57a2d4851a1d" />
    <TestEntry testId="df790f53-6bb1-a8af-d831-7fffa2acdd7e" executionId="ab6b54da-672b-4ebb-bb68-face698bb845" testListId="8c84fa94-04c1-424b-9868-57a2d4851a1d" />
    <TestEntry testId="7e0b6a49-34e4-ced6-e9da-f700a2bc6222" executionId="395a7559-e2f2-449e-ba29-66314b651261" testListId="8c84fa94-04c1-424b-9868-57a2d4851a1d" />
    <TestEntry testId="ec8325c4-7a57-0e13-1709-1bbb8f053e6e" executionId="96679892-284b-4dce-8292-890c38628415" testListId="8c84fa94-04c1-424b-9868-57a2d4851a1d" />
    <TestEntry testId="9b0ca46e-ec6e-48a4-fbf0-cadc77e618fe" executionId="05c0a8f2-3a82-4582-b178-01d587b4f4f0" testListId="8c84fa94-04c1-424b-9868-57a2d4851a1d" />
    <TestEntry testId="dbf0c84e-c036-357e-7618-728144b2448a" executionId="a2fdddc3-fd80-4f9b-bddf-9dedfb829518" testListId="8c84fa94-04c1-424b-9868-57a2d4851a1d" />
    <TestEntry testId="2581aa76-bcf5-ecf6-d8db-22b2031086b8" executionId="96c12a1a-d682-45c8-81d1-3c8ca16f61bc" testListId="8c84fa94-04c1-424b-9868-57a2d4851a1d" />
    <TestEntry testId="ffe8c6b1-5e96-9b79-d767-01cc186c0df5" executionId="d1b05315-04b1-4bed-8280-a983d913ec50" testListId="8c84fa94-04c1-424b-9868-57a2d4851a1d" />
    <TestEntry testId="4d1d0179-b49d-ed02-6457-af6cdde1b70e" executionId="0388ff76-09ce-444d-866d-493e8e5ca3cf" testListId="8c84fa94-04c1-424b-9868-57a2d4851a1d" />
  </TestEntries>
  <TestLists>
    <TestList name="Results Not in a List" id="8c84fa94-04c1-424b-9868-57a2d4851a1d" />
    <TestList name="All Loaded Results" id="19431567-8539-422a-85d7-44ee4e166bda" />
  </TestLists>
  <ResultSummary outcome="Completed">
    <Counters total="140" executed="140" passed="140" failed="0" error="0" timeout="0" aborted="0" inconclusive="0" passedButRunAborted="0" notRunnable="0" notExecuted="0" disconnected="0" warning="0" completed="0" inProgress="0" pending="0" />
    <Output>
      <StdOut>[xUnit.net 00:00:00.00] xUnit.net VSTest Adapter v3.1.4+50e68bbb8b (64-bit .NET 10.0.10)&#xD;
[xUnit.net 00:00:03.32]   Discovering: BG3HonorAssistant.Core.Tests&#xD;
[xUnit.net 00:00:04.81]   Discovered:  BG3HonorAssistant.Core.Tests&#xD;
[xUnit.net 00:00:04.88]   Starting:    BG3HonorAssistant.Core.Tests&#xD;
[xUnit.net 00:00:06.88]   Finished:    BG3HonorAssistant.Core.Tests&#xD;
</StdOut>
    </Output>
  </ResultSummary>
</TestRun>