<?xml version="1.0" encoding="utf-8"?>
<TestRun id="a8e7cd3e-b882-4036-8ff8-819d7927db0e" name="jcarbs@JANCARBONELB5E7 2026-07-25 19:29:35" runUser="JANCARBONELB5E7\jcarbs" xmlns="http://microsoft.com/schemas/VisualStudio/TeamTest/2010">
  <Times creation="2026-07-25T19:29:35.6395829-07:00" queuing="2026-07-25T19:29:35.6395838-07:00" start="2026-07-25T19:29:34.0263722-07:00" finish="2026-07-25T19:29:35.6985758-07:00" />
  <TestSettings name="default" id="10d177fe-04ad-48b0-9398-3972821c8c34">
    <Deployment runDeploymentRoot="jcarbs_JANCARBONELB5E7_2026-07-25_19_29_35" />
  </TestSettings>
  <Results>
    <UnitTestResult executionId="0d995f37-7538-4abb-8232-5fa53633ab05" testId="eb602b2a-cb95-e482-9466-8f428f2a114a" testName="BG3HonorAssistant.Infrastructure.Tests.Persistence.RunRepositoryTests.RetainsOnlyTwentyTransactionalRevisions" computerName="JANCARBONELB5E7" duration="00:00:00.1117922" startTime="2026-07-25T19:29:35.2920878-07:00" endTime="2026-07-25T19:29:35.4031611-07:00" testType="13cdc9d9-ddb5-4fa4-a97d-d965ccfc6d4b" outcome="Passed" testListId="8c84fa94-04c1-424b-9868-57a2d4851a1d" relativeResultsDirectory="0d995f37-7538-4abb-8232-5fa53633ab05" />
    <UnitTestResult executionId="302763ca-090b-42d9-b121-2e93e428bfbc" testId="c2d15cf8-a148-546e-93e0-bd7efe9bd2a7" testName="BG3HonorAssistant.Infrastructure.Tests.Persistence.RunRepositoryTests.FailedMigrationRollsBackAndLeavesRecoveryCopy" computerName="JANCARBONELB5E7" duration="00:00:00.0561724" startTime="2026-07-25T19:29:35.4035517-07:00" endTime="2026-07-25T19:29:35.4595742-07:00" testType="13cdc9d9-ddb5-4fa4-a97d-d965ccfc6d4b" outcome="Passed" testListId="8c84fa94-04c1-424b-9868-57a2d4851a1d" relativeResultsDirectory="302763ca-090b-42d9-b121-2e93e428bfbc" />
    <UnitTestResult executionId="685eb557-5d23-4955-a8c9-3d8c4b153e98" testId="08328e30-f5de-bda9-be54-cafc24052710" testName="BG3HonorAssistant.Infrastructure.Tests.Persistence.RunRepositoryTests.PersistsImportedBuildsInTheSameDatabase" computerName="JANCARBONELB5E7" duration="00:00:00.0132481" startTime="2026-07-25T19:29:35.4711495-07:00" endTime="2026-07-25T19:29:35.4841685-07:00" testType="13cdc9d9-ddb5-4fa4-a97d-d965ccfc6d4b" outcome="Passed" testListId="8c84fa94-04c1-424b-9868-57a2d4851a1d" relativeResultsDirectory="685eb557-5d23-4955-a8c9-3d8c4b153e98" />
    <UnitTestResult executionId="94d3c2d3-a758-43ca-9dff-a2e54b977ca0" testId="f95aff2a-8c83-7bac-00b7-4dfde864f2d2" testName="BG3HonorAssistant.Infrastructure.Tests.Resources.GuideRepositoryTests.SharedGuideRoundTripsWithoutDroppingTypedOracleData" computerName="JANCARBONELB5E7" duration="00:00:00.3980201" startTime="2026-07-25T19:29:35.0398911-07:00" endTime="2026-07-25T19:29:35.4468238-07:00" testType="13cdc9d9-ddb5-4fa4-a97d-d965ccfc6d4b" outcome="Passed" testListId="8c84fa94-04c1-424b-9868-57a2d4851a1d" relativeResultsDirectory="94d3c2d3-a758-43ca-9dff-a2e54b977ca0" />
    <UnitTestResult executionId="3a39c2e8-a08f-475b-a6c9-51c062b7ac23" testId="6203aabe-112a-13df-6b6c-37985f4b0a5e" testName="BG3HonorAssistant.Infrastructure.Tests.Persistence.RunRepositoryTests.MigratesVersionOneTransactionallyAndCreatesRecoveryCopy" computerName="JANCARBONELB5E7" duration="00:00:00.0692484" startTime="2026-07-25T19:29:35.2440648-07:00" endTime="2026-07-25T19:29:35.2910450-07:00" testType="13cdc9d9-ddb5-4fa4-a97d-d965ccfc6d4b" outcome="Passed" testListId="8c84fa94-04c1-424b-9868-57a2d4851a1d" relativeResultsDirectory="3a39c2e8-a08f-475b-a6c9-51c062b7ac23" />
    <UnitTestResult executionId="aa006439-6137-4916-937b-f44839b4e774" testId="9e749223-926b-44f9-c69e-e0be72d555f9" testName="BG3HonorAssistant.Infrastructure.Tests.Persistence.RunRepositoryTests.CorruptDatabaseIsPreservedForExplicitRecovery" computerName="JANCARBONELB5E7" duration="00:00:00.0149254" startTime="2026-07-25T19:29:35.5661077-07:00" endTime="2026-07-25T19:29:35.5662143-07:00" testType="13cdc9d9-ddb5-4fa4-a97d-d965ccfc6d4b" outcome="Passed" testListId="8c84fa94-04c1-424b-9868-57a2d4851a1d" relativeResultsDirectory="aa006439-6137-4916-937b-f44839b4e774" />
    <UnitTestResult executionId="635d0819-5a0d-4298-8a79-90c5a84158c3" testId="8efe7926-b3a6-66da-537c-7e4681b59239" testName="BG3HonorAssistant.Infrastructure.Tests.Resources.GuideRepositoryTests.LoadsAuditedSharedGuideWithoutDuplicatingIt" computerName="JANCARBONELB5E7" duration="00:00:00.0460265" startTime="2026-07-25T19:29:35.4490396-07:00" endTime="2026-07-25T19:29:35.5621670-07:00" testType="13cdc9d9-ddb5-4fa4-a97d-d965ccfc6d4b" outcome="Passed" testListId="8c84fa94-04c1-424b-9868-57a2d4851a1d" relativeResultsDirectory="635d0819-5a0d-4298-8a79-90c5a84158c3" />
    <UnitTestResult executionId="2938f883-1e62-42e0-9872-e6f8a5ac26e7" testId="19e08358-e6f6-2c82-20eb-7748f3aeed8d" testName="BG3HonorAssistant.Infrastructure.Tests.Persistence.RunRepositoryTests.FallsBackToNewestValidRevisionWhenActiveSnapshotCannotDecode" computerName="JANCARBONELB5E7" duration="00:00:00.0221238" startTime="2026-07-25T19:29:35.5664076-07:00" endTime="2026-07-25T19:29:35.5665480-07:00" testType="13cdc9d9-ddb5-4fa4-a97d-d965ccfc6d4b" outcome="Passed" testListId="8c84fa94-04c1-424b-9868-57a2d4851a1d" relativeResultsDirectory="2938f883-1e62-42e0-9872-e6f8a5ac26e7" />
    <UnitTestResult executionId="36972b5e-8c5d-41f8-a7e1-7625a8ed646c" testId="97544255-84ad-2fa3-c995-8ff159de706a" testName="BG3HonorAssistant.Infrastructure.Tests.Persistence.RunRepositoryTests.SavesAndRestoresExactlyOneActiveRun" computerName="JANCARBONELB5E7" duration="00:00:00.0301977" startTime="2026-07-25T19:29:35.5620057-07:00" endTime="2026-07-25T19:29:35.5657764-07:00" testType="13cdc9d9-ddb5-4fa4-a97d-d965ccfc6d4b" outcome="Passed" testListId="8c84fa94-04c1-424b-9868-57a2d4851a1d" relativeResultsDirectory="36972b5e-8c5d-41f8-a7e1-7625a8ed646c" />
    <UnitTestResult executionId="cdbb099b-a173-4f35-90e3-80d80a125e1a" testId="67b2d14c-e7b8-f0ed-510d-fce61cf4ea1e" testName="BG3HonorAssistant.Infrastructure.Tests.Persistence.RunRepositoryTests.RejectsInvalidSnapshotBeforeOpeningTransaction" computerName="JANCARBONELB5E7" duration="00:00:00.0137685" startTime="2026-07-25T19:29:35.2399409-07:00" endTime="2026-07-25T19:29:35.2407687-07:00" testType="13cdc9d9-ddb5-4fa4-a97d-d965ccfc6d4b" outcome="Passed" testListId="8c84fa94-04c1-424b-9868-57a2d4851a1d" relativeResultsDirectory="cdbb099b-a173-4f35-90e3-80d80a125e1a" />
    <UnitTestResult executionId="8d0d9c73-4ebf-4db3-b2bc-ff480fc6348f" testId="8f765c93-5ce5-4432-bfa6-820d81691d3e" testName="BG3HonorAssistant.Infrastructure.Tests.Persistence.RunRepositoryTests.PersistsJsonSettings" computerName="JANCARBONELB5E7" duration="00:00:00.1519214" startTime="2026-07-25T19:29:35.0338048-07:00" endTime="2026-07-25T19:29:35.2042904-07:00" testType="13cdc9d9-ddb5-4fa4-a97d-d965ccfc6d4b" outcome="Passed" testListId="8c84fa94-04c1-424b-9868-57a2d4851a1d" relativeResultsDirectory="8d0d9c73-4ebf-4db3-b2bc-ff480fc6348f" />
    <UnitTestResult executionId="12dbbc6f-7325-4557-8b15-d2ad5bc5c899" testId="9c6c57e2-0046-37d1-8d9f-afaee7907459" testName="BG3HonorAssistant.Infrastructure.Tests.Persistence.RunRepositoryTests.UsesPatchedSqliteBuild" computerName="JANCARBONELB5E7" duration="00:00:00.0108290" startTime="2026-07-25T19:29:35.4598821-07:00" endTime="2026-07-25T19:29:35.4706835-07:00" testType="13cdc9d9-ddb5-4fa4-a97d-d965ccfc6d4b" outcome="Passed" testListId="8c84fa94-04c1-424b-9868-57a2d4851a1d" relativeResultsDirectory="12dbbc6f-7325-4557-8b15-d2ad5bc5c899" />
  </Results>
  <TestDefinitions>
    <UnitTest name="BG3HonorAssistant.Infrastructure.Tests.Persistence.RunRepositoryTests.FailedMigrationRollsBackAndLeavesRecoveryCopy" storage="c:\mac\home\documents\bg3_windows\windows\tests\bg3honorassistant.infrastructure.tests\bin\release\net10.0\bg3honorassistant.infrastructure.tests.dll" id="c2d15cf8-a148-546e-93e0-bd7efe9bd2a7">
      <Execution id="302763ca-090b-42d9-b121-2e93e428bfbc" />
      <TestMethod codeBase="C:\Mac\Home\Documents\bg3_windows\windows\tests\BG3HonorAssistant.Infrastructure.Tests\bin\Release\net10.0\BG3HonorAssistant.Infrastructure.Tests.dll" adapterTypeName="executor://xunit/VsTestRunner3/netcore/" className="BG3HonorAssistant.Infrastructure.Tests.Persistence.RunRepositoryTests" name="FailedMigrationRollsBackAndLeavesRecoveryCopy" />
    </UnitTest>
    <UnitTest name="BG3HonorAssistant.Infrastructure.Tests.Persistence.RunRepositoryTests.UsesPatchedSqliteBuild" storage="c:\mac\home\documents\bg3_windows\windows\tests\bg3honorassistant.infrastructure.tests\bin\release\net10.0\bg3honorassistant.infrastructure.tests.dll" id="9c6c57e2-0046-37d1-8d9f-afaee7907459">
      <Execution id="12dbbc6f-7325-4557-8b15-d2ad5bc5c899" />
      <TestMethod codeBase="C:\Mac\Home\Documents\bg3_windows\windows\tests\BG3HonorAssistant.Infrastructure.Tests\bin\Release\net10.0\BG3HonorAssistant.Infrastructure.Tests.dll" adapterTypeName="executor://xunit/VsTestRunner3/netcore/" className="BG3HonorAssistant.Infrastructure.Tests.Persistence.RunRepositoryTests" name="UsesPatchedSqliteBuild" />
    </UnitTest>
    <UnitTest name="BG3HonorAssistant.Infrastructure.Tests.Resources.GuideRepositoryTests.SharedGuideRoundTripsWithoutDroppingTypedOracleData" storage="c:\mac\home\documents\bg3_windows\windows\tests\bg3honorassistant.infrastructure.tests\bin\release\net10.0\bg3honorassistant.infrastructure.tests.dll" id="f95aff2a-8c83-7bac-00b7-4dfde864f2d2">
      <Execution id="94d3c2d3-a758-43ca-9dff-a2e54b977ca0" />
      <TestMethod codeBase="C:\Mac\Home\Documents\bg3_windows\windows\tests\BG3HonorAssistant.Infrastructure.Tests\bin\Release\net10.0\BG3HonorAssistant.Infrastructure.Tests.dll" adapterTypeName="executor://xunit/VsTestRunner3/netcore/" className="BG3HonorAssistant.Infrastructure.Tests.Resources.GuideRepositoryTests" name="SharedGuideRoundTripsWithoutDroppingTypedOracleData" />
    </UnitTest>
    <UnitTest name="BG3HonorAssistant.Infrastructure.Tests.Resources.GuideRepositoryTests.LoadsAuditedSharedGuideWithoutDuplicatingIt" storage="c:\mac\home\documents\bg3_windows\windows\tests\bg3honorassistant.infrastructure.tests\bin\release\net10.0\bg3honorassistant.infrastructure.tests.dll" id="8efe7926-b3a6-66da-537c-7e4681b59239">
      <Execution id="635d0819-5a0d-4298-8a79-90c5a84158c3" />
      <TestMethod codeBase="C:\Mac\Home\Documents\bg3_windows\windows\tests\BG3HonorAssistant.Infrastructure.Tests\bin\Release\net10.0\BG3HonorAssistant.Infrastructure.Tests.dll" adapterTypeName="executor://xunit/VsTestRunner3/netcore/" className="BG3HonorAssistant.Infrastructure.Tests.Resources.GuideRepositoryTests" name="LoadsAuditedSharedGuideWithoutDuplicatingIt" />
    </UnitTest>
    <UnitTest name="BG3HonorAssistant.Infrastructure.Tests.Persistence.RunRepositoryTests.PersistsJsonSettings" storage="c:\mac\home\documents\bg3_windows\windows\tests\bg3honorassistant.infrastructure.tests\bin\release\net10.0\bg3honorassistant.infrastructure.tests.dll" id="8f765c93-5ce5-4432-bfa6-820d81691d3e">
      <Execution id="8d0d9c73-4ebf-4db3-b2bc-ff480fc6348f" />
      <TestMethod codeBase="C:\Mac\Home\Documents\bg3_windows\windows\tests\BG3HonorAssistant.Infrastructure.Tests\bin\Release\net10.0\BG3HonorAssistant.Infrastructure.Tests.dll" adapterTypeName="executor://xunit/VsTestRunner3/netcore/" className="BG3HonorAssistant.Infrastructure.Tests.Persistence.RunRepositoryTests" name="PersistsJsonSettings" />
    </UnitTest>
    <UnitTest name="BG3HonorAssistant.Infrastructure.Tests.Persistence.RunRepositoryTests.PersistsImportedBuildsInTheSameDatabase" storage="c:\mac\home\documents\bg3_windows\windows\tests\bg3honorassistant.infrastructure.tests\bin\release\net10.0\bg3honorassistant.infrastructure.tests.dll" id="08328e30-f5de-bda9-be54-cafc24052710">
      <Execution id="685eb557-5d23-4955-a8c9-3d8c4b153e98" />
      <TestMethod codeBase="C:\Mac\Home\Documents\bg3_windows\windows\tests\BG3HonorAssistant.Infrastructure.Tests\bin\Release\net10.0\BG3HonorAssistant.Infrastructure.Tests.dll" adapterTypeName="executor://xunit/VsTestRunner3/netcore/" className="BG3HonorAssistant.Infrastructure.Tests.Persistence.RunRepositoryTests" name="PersistsImportedBuildsInTheSameDatabase" />
    </UnitTest>
    <UnitTest name="BG3HonorAssistant.Infrastructure.Tests.Persistence.RunRepositoryTests.RetainsOnlyTwentyTransactionalRevisions" storage="c:\mac\home\documents\bg3_windows\windows\tests\bg3honorassistant.infrastructure.tests\bin\release\net10.0\bg3honorassistant.infrastructure.tests.dll" id="eb602b2a-cb95-e482-9466-8f428f2a114a">
      <Execution id="0d995f37-7538-4abb-8232-5fa53633ab05" />
      <TestMethod codeBase="C:\Mac\Home\Documents\bg3_windows\windows\tests\BG3HonorAssistant.Infrastructure.Tests\bin\Release\net10.0\BG3HonorAssistant.Infrastructure.Tests.dll" adapterTypeName="executor://xunit/VsTestRunner3/netcore/" className="BG3HonorAssistant.Infrastructure.Tests.Persistence.RunRepositoryTests" name="RetainsOnlyTwentyTransactionalRevisions" />
    </UnitTest>
    <UnitTest name="BG3HonorAssistant.Infrastructure.Tests.Persistence.RunRepositoryTests.CorruptDatabaseIsPreservedForExplicitRecovery" storage="c:\mac\home\documents\bg3_windows\windows\tests\bg3honorassistant.infrastructure.tests\bin\release\net10.0\bg3honorassistant.infrastructure.tests.dll" id="9e749223-926b-44f9-c69e-e0be72d555f9">
      <Execution id="aa006439-6137-4916-937b-f44839b4e774" />
      <TestMethod codeBase="C:\Mac\Home\Documents\bg3_windows\windows\tests\BG3HonorAssistant.Infrastructure.Tests\bin\Release\net10.0\BG3HonorAssistant.Infrastructure.Tests.dll" adapterTypeName="executor://xunit/VsTestRunner3/netcore/" className="BG3HonorAssistant.Infrastructure.Tests.Persistence.RunRepositoryTests" name="CorruptDatabaseIsPreservedForExplicitRecovery" />
    </UnitTest>
    <UnitTest name="BG3HonorAssistant.Infrastructure.Tests.Persistence.RunRepositoryTests.SavesAndRestoresExactlyOneActiveRun" storage="c:\mac\home\documents\bg3_windows\windows\tests\bg3honorassistant.infrastructure.tests\bin\release\net10.0\bg3honorassistant.infrastructure.tests.dll" id="97544255-84ad-2fa3-c995-8ff159de706a">
      <Execution id="36972b5e-8c5d-41f8-a7e1-7625a8ed646c" />
      <TestMethod codeBase="C:\Mac\Home\Documents\bg3_windows\windows\tests\BG3HonorAssistant.Infrastructure.Tests\bin\Release\net10.0\BG3HonorAssistant.Infrastructure.Tests.dll" adapterTypeName="executor://xunit/VsTestRunner3/netcore/" className="BG3HonorAssistant.Infrastructure.Tests.Persistence.RunRepositoryTests" name="SavesAndRestoresExactlyOneActiveRun" />
    </UnitTest>
    <UnitTest name="BG3HonorAssistant.Infrastructure.Tests.Persistence.RunRepositoryTests.MigratesVersionOneTransactionallyAndCreatesRecoveryCopy" storage="c:\mac\home\documents\bg3_windows\windows\tests\bg3honorassistant.infrastructure.tests\bin\release\net10.0\bg3honorassistant.infrastructure.tests.dll" id="6203aabe-112a-13df-6b6c-37985f4b0a5e">
      <Execution id="3a39c2e8-a08f-475b-a6c9-51c062b7ac23" />
      <TestMethod codeBase="C:\Mac\Home\Documents\bg3_windows\windows\tests\BG3HonorAssistant.Infrastructure.Tests\bin\Release\net10.0\BG3HonorAssistant.Infrastructure.Tests.dll" adapterTypeName="executor://xunit/VsTestRunner3/netcore/" className="BG3HonorAssistant.Infrastructure.Tests.Persistence.RunRepositoryTests" name="MigratesVersionOneTransactionallyAndCreatesRecoveryCopy" />
    </UnitTest>
    <UnitTest name="BG3HonorAssistant.Infrastructure.Tests.Persistence.RunRepositoryTests.FallsBackToNewestValidRevisionWhenActiveSnapshotCannotDecode" storage="c:\mac\home\documents\bg3_windows\windows\tests\bg3honorassistant.infrastructure.tests\bin\release\net10.0\bg3honorassistant.infrastructure.tests.dll" id="19e08358-e6f6-2c82-20eb-7748f3aeed8d">
      <Execution id="2938f883-1e62-42e0-9872-e6f8a5ac26e7" />
      <TestMethod codeBase="C:\Mac\Home\Documents\bg3_windows\windows\tests\BG3HonorAssistant.Infrastructure.Tests\bin\Release\net10.0\BG3HonorAssistant.Infrastructure.Tests.dll" adapterTypeName="executor://xunit/VsTestRunner3/netcore/" className="BG3HonorAssistant.Infrastructure.Tests.Persistence.RunRepositoryTests" name="FallsBackToNewestValidRevisionWhenActiveSnapshotCannotDecode" />
    </UnitTest>
    <UnitTest name="BG3HonorAssistant.Infrastructure.Tests.Persistence.RunRepositoryTests.RejectsInvalidSnapshotBeforeOpeningTransaction" storage="c:\mac\home\documents\bg3_windows\windows\tests\bg3honorassistant.infrastructure.tests\bin\release\net10.0\bg3honorassistant.infrastructure.tests.dll" id="67b2d14c-e7b8-f0ed-510d-fce61cf4ea1e">
      <Execution id="cdbb099b-a173-4f35-90e3-80d80a125e1a" />
      <TestMethod codeBase="C:\Mac\Home\Documents\bg3_windows\windows\tests\BG3HonorAssistant.Infrastructure.Tests\bin\Release\net10.0\BG3HonorAssistant.Infrastructure.Tests.dll" adapterTypeName="executor://xunit/VsTestRunner3/netcore/" className="BG3HonorAssistant.Infrastructure.Tests.Persistence.RunRepositoryTests" name="RejectsInvalidSnapshotBeforeOpeningTransaction" />
    </UnitTest>
  </TestDefinitions>
  <TestEntries>
    <TestEntry testId="eb602b2a-cb95-e482-9466-8f428f2a114a" executionId="0d995f37-7538-4abb-8232-5fa53633ab05" testListId="8c84fa94-04c1-424b-9868-57a2d4851a1d" />
    <TestEntry testId="c2d15cf8-a148-546e-93e0-bd7efe9bd2a7" executionId="302763ca-090b-42d9-b121-2e93e428bfbc" testListId="8c84fa94-04c1-424b-9868-57a2d4851a1d" />
    <TestEntry testId="08328e30-f5de-bda9-be54-cafc24052710" executionId="685eb557-5d23-4955-a8c9-3d8c4b153e98" testListId="8c84fa94-04c1-424b-9868-57a2d4851a1d" />
    <TestEntry testId="f95aff2a-8c83-7bac-00b7-4dfde864f2d2" executionId="94d3c2d3-a758-43ca-9dff-a2e54b977ca0" testListId="8c84fa94-04c1-424b-9868-57a2d4851a1d" />
    <TestEntry testId="6203aabe-112a-13df-6b6c-37985f4b0a5e" executionId="3a39c2e8-a08f-475b-a6c9-51c062b7ac23" testListId="8c84fa94-04c1-424b-9868-57a2d4851a1d" />
    <TestEntry testId="9e749223-926b-44f9-c69e-e0be72d555f9" executionId="aa006439-6137-4916-937b-f44839b4e774" testListId="8c84fa94-04c1-424b-9868-57a2d4851a1d" />
    <TestEntry testId="8efe7926-b3a6-66da-537c-7e4681b59239" executionId="635d0819-5a0d-4298-8a79-90c5a84158c3" testListId="8c84fa94-04c1-424b-9868-57a2d4851a1d" />
    <TestEntry testId="19e08358-e6f6-2c82-20eb-7748f3aeed8d" executionId="2938f883-1e62-42e0-9872-e6f8a5ac26e7" testListId="8c84fa94-04c1-424b-9868-57a2d4851a1d" />
    <TestEntry testId="97544255-84ad-2fa3-c995-8ff159de706a" executionId="36972b5e-8c5d-41f8-a7e1-7625a8ed646c" testListId="8c84fa94-04c1-424b-9868-57a2d4851a1d" />
    <TestEntry testId="67b2d14c-e7b8-f0ed-510d-fce61cf4ea1e" executionId="cdbb099b-a173-4f35-90e3-80d80a125e1a" testListId="8c84fa94-04c1-424b-9868-57a2d4851a1d" />
    <TestEntry testId="8f765c93-5ce5-4432-bfa6-820d81691d3e" executionId="8d0d9c73-4ebf-4db3-b2bc-ff480fc6348f" testListId="8c84fa94-04c1-424b-9868-57a2d4851a1d" />
    <TestEntry testId="9c6c57e2-0046-37d1-8d9f-afaee7907459" executionId="12dbbc6f-7325-4557-8b15-d2ad5bc5c899" testListId="8c84fa94-04c1-424b-9868-57a2d4851a1d" />
  </TestEntries>
  <TestLists>
    <TestList name="Results Not in a List" id="8c84fa94-04c1-424b-9868-57a2d4851a1d" />
    <TestList name="All Loaded Results" id="19431567-8539-422a-85d7-44ee4e166bda" />
  </TestLists>
  <ResultSummary outcome="Completed">
    <Counters total="12" executed="12" passed="12" failed="0" error="0" timeout="0" aborted="0" inconclusive="0" passedButRunAborted="0" notRunnable="0" notExecuted="0" disconnected="0" warning="0" completed="0" inProgress="0" pending="0" />
    <Output>
      <StdOut>[xUnit.net 00:00:00.00] xUnit.net VSTest Adapter v3.1.4+50e68bbb8b (64-bit .NET 10.0.10)&#xD;
[xUnit.net 00:00:00.16]   Discovering: BG3HonorAssistant.Infrastructure.Tests&#xD;
[xUnit.net 00:00:00.23]   Discovered:  BG3HonorAssistant.Infrastructure.Tests&#xD;
[xUnit.net 00:00:00.27]   Starting:    BG3HonorAssistant.Infrastructure.Tests&#xD;
[xUnit.net 00:00:00.87]   Finished:    BG3HonorAssistant.Infrastructure.Tests&#xD;
</StdOut>
    </Output>
  </ResultSummary>
</TestRun>