<?xml version="1.0" encoding="utf-8"?>
<TestRun id="76991702-270d-45e6-9348-e0ea7fc18a4b" name="jcarbs@JANCARBONELB5E7 2026-07-25 19:29:38" runUser="JANCARBONELB5E7\jcarbs" xmlns="http://microsoft.com/schemas/VisualStudio/TeamTest/2010">
  <Times creation="2026-07-25T19:29:38.5261748-07:00" queuing="2026-07-25T19:29:38.5261753-07:00" start="2026-07-25T19:29:37.1883330-07:00" finish="2026-07-25T19:29:45.4740088-07:00" />
  <TestSettings name="default" id="24cced1a-6350-470f-ae1a-1399b2dc2d15">
    <Deployment runDeploymentRoot="jcarbs_JANCARBONELB5E7_2026-07-25_19_29_38" />
  </TestSettings>
  <Results>
    <UnitTestResult executionId="a7b88aa9-36ed-4c21-b600-83ac6349bbd0" testId="67361790-cbee-afd5-f263-ff9f31337d6b" testName="BG3HonorAssistant.Windows.Tests.Credentials.CredentialStoreTests.RoundTripsAndDeletesCurrentUserCredential" computerName="JANCARBONELB5E7" duration="00:00:00.0210004" startTime="2026-07-25T19:29:38.2432706-07:00" endTime="2026-07-25T19:29:38.2767545-07:00" testType="13cdc9d9-ddb5-4fa4-a97d-d965ccfc6d4b" outcome="Passed" testListId="8c84fa94-04c1-424b-9868-57a2d4851a1d" relativeResultsDirectory="a7b88aa9-36ed-4c21-b600-83ac6349bbd0" />
    <UnitTestResult executionId="d778ded6-d070-4fe5-9c74-1877d23b5de2" testId="2aa81206-e081-2aa6-ef9d-53c3e0ef32a1" testName="BG3HonorAssistant.Windows.Tests.Credentials.CredentialStoreTests.RejectsEmptySecret" computerName="JANCARBONELB5E7" duration="00:00:00.0036112" startTime="2026-07-25T19:29:38.3217948-07:00" endTime="2026-07-25T19:29:38.3220391-07:00" testType="13cdc9d9-ddb5-4fa4-a97d-d965ccfc6d4b" outcome="Passed" testListId="8c84fa94-04c1-424b-9868-57a2d4851a1d" relativeResultsDirectory="d778ded6-d070-4fe5-9c74-1877d23b5de2" />
    <UnitTestResult executionId="eb6c29cb-fa8d-4855-9919-fa1d474c047c" testId="26bc0bb4-2194-8a1e-d51f-e64c7bf795af" testName="BG3HonorAssistant.Windows.Tests.Overlay.OverlayPlacementTests.ClampsOversizedOverlayToGameBounds" computerName="JANCARBONELB5E7" duration="00:00:00.0071976" startTime="2026-07-25T19:29:38.4649477-07:00" endTime="2026-07-25T19:29:38.4649965-07:00" testType="13cdc9d9-ddb5-4fa4-a97d-d965ccfc6d4b" outcome="Passed" testListId="8c84fa94-04c1-424b-9868-57a2d4851a1d" relativeResultsDirectory="eb6c29cb-fa8d-4855-9919-fa1d474c047c" />
    <UnitTestResult executionId="01648cb7-e8c0-4fe0-88cb-8b7023087bde" testId="8e0e3d6d-50bf-6f60-c2f6-876c50fa1284" testName="BG3HonorAssistant.Windows.Tests.SingleInstance.SingleInstanceServiceTests.RejectsIdentifierWithoutSafeCharacters" computerName="JANCARBONELB5E7" duration="00:00:00.0030796" startTime="2026-07-25T19:29:38.4608585-07:00" endTime="2026-07-25T19:29:38.4609309-07:00" testType="13cdc9d9-ddb5-4fa4-a97d-d965ccfc6d4b" outcome="Passed" testListId="8c84fa94-04c1-424b-9868-57a2d4851a1d" relativeResultsDirectory="01648cb7-e8c0-4fe0-88cb-8b7023087bde" />
    <UnitTestResult executionId="4c2b9210-50c9-4072-809d-832a77134730" testId="7c28e8e0-653c-f6cc-3dd8-ec58894c08ec" testName="BG3HonorAssistant.Windows.Tests.GameDetection.ControlledGameWindowIntegrationTests.ExactNameX64HostExercisesDetectionFollowingAndLifecycle(processName: &quot;bg3&quot;, borderless: True)" computerName="JANCARBONELB5E7" duration="00:00:02.8259998" startTime="2026-07-25T19:29:42.3521531-07:00" endTime="2026-07-25T19:29:45.1573086-07:00" testType="13cdc9d9-ddb5-4fa4-a97d-d965ccfc6d4b" outcome="Passed" testListId="8c84fa94-04c1-424b-9868-57a2d4851a1d" relativeResultsDirectory="4c2b9210-50c9-4072-809d-832a77134730">
      <Output>
        <StdOut>host=bg3.exe; mode=borderless-style; pe=0x8664; pid=8808; initial=WindowBounds { Left = 250, Top = 240, Right = 2790, Bottom = 1670, Width = 2540, Height = 1430, IsUsable = True }; moved=WindowBounds { Left = -890, Top = 64, Right = 50, Bottom = 594, Width = 940, Height = 530, IsUsable = True }; restored=WindowBounds { Left = -890, Top = 64, Right = 50, Bottom = 594, Width = 940, Height = 530, IsUsable = True }; dpi=192; monitors=1; os=Microsoft Windows NT 10.0.26200.0; test-process=X64</StdOut>
      </Output>
    </UnitTestResult>
    <UnitTestResult executionId="43d9e51a-4735-47e6-9c77-dc76e09544c9" testId="535dfd7e-202c-02cb-5442-ddaff2b68a40" testName="BG3HonorAssistant.Windows.Tests.GameDetection.Bg3ProcessNamesTests.AcceptsOnlyDocumentedExecutables(processName: &quot;bg3_dx11&quot;)" computerName="JANCARBONELB5E7" duration="00:00:00.0011075" startTime="2026-07-25T19:29:38.3359027-07:00" endTime="2026-07-25T19:29:38.3359968-07:00" testType="13cdc9d9-ddb5-4fa4-a97d-d965ccfc6d4b" outcome="Passed" testListId="8c84fa94-04c1-424b-9868-57a2d4851a1d" relativeResultsDirectory="43d9e51a-4735-47e6-9c77-dc76e09544c9" />
    <UnitTestResult executionId="9df3f03d-b802-48cf-9360-d7524d779a8e" testId="9d03a9d0-46ad-e51f-c362-58dbeecbf784" testName="BG3HonorAssistant.Windows.Tests.GameDetection.Bg3ProcessNamesTests.RejectsOtherProcesses(processName: &quot;steam.exe&quot;)" computerName="JANCARBONELB5E7" duration="00:00:00.0002190" startTime="2026-07-25T19:29:38.3371022-07:00" endTime="2026-07-25T19:29:38.3373040-07:00" testType="13cdc9d9-ddb5-4fa4-a97d-d965ccfc6d4b" outcome="Passed" testListId="8c84fa94-04c1-424b-9868-57a2d4851a1d" relativeResultsDirectory="9df3f03d-b802-48cf-9360-d7524d779a8e" />
    <UnitTestResult executionId="cb6a5868-d2e5-42e6-86e0-ad1a52acf26d" testId="05acc647-23ab-42cb-1d59-f90063e90f5d" testName="BG3HonorAssistant.Windows.Tests.Overlay.OverlayWindowServiceTests.WpfWindowBecomesTopmostAndPassiveWithoutTakingForeground" computerName="JANCARBONELB5E7" duration="00:00:00.8891877" startTime="2026-07-25T19:29:38.4655585-07:00" endTime="2026-07-25T19:29:39.2483731-07:00" testType="13cdc9d9-ddb5-4fa4-a97d-d965ccfc6d4b" outcome="Passed" testListId="8c84fa94-04c1-424b-9868-57a2d4851a1d" relativeResultsDirectory="cb6a5868-d2e5-42e6-86e0-ad1a52acf26d" />
    <UnitTestResult executionId="60452351-4cff-4d60-baf0-3d8443c496eb" testId="d660e9d2-71d6-cfdd-bac4-600c2e7596ae" testName="BG3HonorAssistant.Windows.Tests.Overlay.OverlayWindowServiceTests.ConfigureAppliesAndRemovesPassiveInputStyles" computerName="JANCARBONELB5E7" duration="00:00:00.0124669" startTime="2026-07-25T19:29:38.4653805-07:00" endTime="2026-07-25T19:29:38.4654304-07:00" testType="13cdc9d9-ddb5-4fa4-a97d-d965ccfc6d4b" outcome="Passed" testListId="8c84fa94-04c1-424b-9868-57a2d4851a1d" relativeResultsDirectory="60452351-4cff-4d60-baf0-3d8443c496eb" />
    <UnitTestResult executionId="7fd06e5a-be07-491b-8b46-2daf06539896" testId="69ce3a9c-61c3-6af0-8542-7f0a7ce8d231" testName="BG3HonorAssistant.Windows.Tests.Overlay.OverlayPlacementTests.HandlesNegativeMonitorCoordinates" computerName="JANCARBONELB5E7" duration="00:00:00.0023513" startTime="2026-07-25T19:29:38.4612632-07:00" endTime="2026-07-25T19:29:38.4614220-07:00" testType="13cdc9d9-ddb5-4fa4-a97d-d965ccfc6d4b" outcome="Passed" testListId="8c84fa94-04c1-424b-9868-57a2d4851a1d" relativeResultsDirectory="7fd06e5a-be07-491b-8b46-2daf06539896" />
    <UnitTestResult executionId="6cf0fdc3-9c5e-4fbc-84d8-66a4f6c2f320" testId="e5d7ce49-8560-f7dc-0087-e24f27e08413" testName="BG3HonorAssistant.Windows.Tests.Overlay.OverlayPlacementTests.RejectsEmptyGameBounds" computerName="JANCARBONELB5E7" duration="00:00:00.0011337" startTime="2026-07-25T19:29:38.4647654-07:00" endTime="2026-07-25T19:29:38.4648162-07:00" testType="13cdc9d9-ddb5-4fa4-a97d-d965ccfc6d4b" outcome="Passed" testListId="8c84fa94-04c1-424b-9868-57a2d4851a1d" relativeResultsDirectory="6cf0fdc3-9c5e-4fbc-84d8-66a4f6c2f320" />
    <UnitTestResult executionId="95e9a6fd-d914-4210-8fab-ec43b0cb8f9e" testId="4cfc059b-9fc8-d689-0d2d-04cd19a3df39" testName="BG3HonorAssistant.Windows.Tests.Overlay.OverlayPlacementTests.ConvertsDipsAtSupportedDisplayScales(dpi: 144, expectedWidth: 570, expectedHeight: 375)" computerName="JANCARBONELB5E7" duration="00:00:00.0008196" startTime="2026-07-25T19:29:38.4643183-07:00" endTime="2026-07-25T19:29:38.4643983-07:00" testType="13cdc9d9-ddb5-4fa4-a97d-d965ccfc6d4b" outcome="Passed" testListId="8c84fa94-04c1-424b-9868-57a2d4851a1d" relativeResultsDirectory="95e9a6fd-d914-4210-8fab-ec43b0cb8f9e" />
    <UnitTestResult executionId="455b7f70-5f68-4596-912e-408b46e026ac" testId="a35423ce-505a-ff9b-3adb-510d46aaaa62" testName="BG3HonorAssistant.Windows.Tests.SingleInstance.SingleInstanceServiceTests.AllowsOnlyOnePrimaryForApplicationId" computerName="JANCARBONELB5E7" duration="00:00:00.0155029" startTime="2026-07-25T19:29:38.3352413-07:00" endTime="2026-07-25T19:29:38.4605650-07:00" testType="13cdc9d9-ddb5-4fa4-a97d-d965ccfc6d4b" outcome="Passed" testListId="8c84fa94-04c1-424b-9868-57a2d4851a1d" relativeResultsDirectory="455b7f70-5f68-4596-912e-408b46e026ac" />
    <UnitTestResult executionId="165ce2d1-5a67-46cc-af9b-b24420909191" testId="0f2a17f1-2885-0a69-a570-e7590fde4642" testName="BG3HonorAssistant.Windows.Tests.GameDetection.ControlledGameWindowIntegrationTests.ExactNameX64HostExercisesDetectionFollowingAndLifecycle(processName: &quot;bg3_dx11&quot;, borderless: False)" computerName="JANCARBONELB5E7" duration="00:00:03.0605465" startTime="2026-07-25T19:29:39.2634342-07:00" endTime="2026-07-25T19:29:42.3286488-07:00" testType="13cdc9d9-ddb5-4fa4-a97d-d965ccfc6d4b" outcome="Passed" testListId="8c84fa94-04c1-424b-9868-57a2d4851a1d" relativeResultsDirectory="165ce2d1-5a67-46cc-af9b-b24420909191">
      <Output>
        <StdOut>host=bg3_dx11.exe; mode=windowed-style; pe=0x8664; pid=2356; initial=WindowBounds { Left = 251, Top = 240, Right = 2789, Bottom = 1669, Width = 2538, Height = 1429, IsUsable = True }; moved=WindowBounds { Left = -889, Top = 64, Right = 49, Bottom = 593, Width = 938, Height = 529, IsUsable = True }; restored=WindowBounds { Left = -889, Top = 64, Right = 49, Bottom = 593, Width = 938, Height = 529, IsUsable = True }; dpi=192; monitors=1; os=Microsoft Windows NT 10.0.26200.0; test-process=X64</StdOut>
      </Output>
    </UnitTestResult>
    <UnitTestResult executionId="c346204b-19fc-4807-8373-e0ed5bd37811" testId="d7392fee-40d3-d074-b768-c1bf1a052304" testName="BG3HonorAssistant.Windows.Tests.Overlay.OverlayPlacementTests.PlacesOverlayInsideRightSideOfGameWindow" computerName="JANCARBONELB5E7" duration="00:00:00.0129786" startTime="2026-07-25T19:29:38.4554933-07:00" endTime="2026-07-25T19:29:38.4610930-07:00" testType="13cdc9d9-ddb5-4fa4-a97d-d965ccfc6d4b" outcome="Passed" testListId="8c84fa94-04c1-424b-9868-57a2d4851a1d" relativeResultsDirectory="c346204b-19fc-4807-8373-e0ed5bd37811" />
    <UnitTestResult executionId="50443e1b-17d1-4e76-8e25-e08fac9ff455" testId="fcefe7e4-94c4-7666-34a0-166e06ec9c2a" testName="BG3HonorAssistant.Windows.Tests.Overlay.OverlayWindowServiceTests.PositionRelativeToUsesPhysicalDpiCoordinatesWithoutTakingForeground" computerName="JANCARBONELB5E7" duration="00:00:00.0221583" startTime="2026-07-25T19:29:38.4613699-07:00" endTime="2026-07-25T19:29:38.4652455-07:00" testType="13cdc9d9-ddb5-4fa4-a97d-d965ccfc6d4b" outcome="Passed" testListId="8c84fa94-04c1-424b-9868-57a2d4851a1d" relativeResultsDirectory="50443e1b-17d1-4e76-8e25-e08fac9ff455" />
    <UnitTestResult executionId="89f64a46-2b70-4291-aa49-b54433fdd3d3" testId="c3112076-7ab6-85e9-61ff-dcd6deb16271" testName="BG3HonorAssistant.Windows.Tests.Overlay.OverlayPlacementTests.ConvertsDipsAtSupportedDisplayScales(dpi: 192, expectedWidth: 760, expectedHeight: 500)" computerName="JANCARBONELB5E7" duration="00:00:00.0000121" startTime="2026-07-25T19:29:38.4645424-07:00" endTime="2026-07-25T19:29:38.4645959-07:00" testType="13cdc9d9-ddb5-4fa4-a97d-d965ccfc6d4b" outcome="Passed" testListId="8c84fa94-04c1-424b-9868-57a2d4851a1d" relativeResultsDirectory="89f64a46-2b70-4291-aa49-b54433fdd3d3" />
    <UnitTestResult executionId="d37bb385-2172-429c-a707-3cac9a6df9f9" testId="b2aab65a-30bf-051e-2cdb-7f304550101e" testName="BG3HonorAssistant.Windows.Tests.GameDetection.Bg3ProcessNamesTests.RejectsOtherProcesses(processName: &quot;&quot;)" computerName="JANCARBONELB5E7" duration="00:00:00.0000586" startTime="2026-07-25T19:29:38.4544951-07:00" endTime="2026-07-25T19:29:38.4546026-07:00" testType="13cdc9d9-ddb5-4fa4-a97d-d965ccfc6d4b" outcome="Passed" testListId="8c84fa94-04c1-424b-9868-57a2d4851a1d" relativeResultsDirectory="d37bb385-2172-429c-a707-3cac9a6df9f9" />
    <UnitTestResult executionId="a10a3a7b-6ad7-42f6-9a53-dfa98d6eb9a3" testId="166e7faa-08bb-aa5e-48b6-6e1db2fe324f" testName="BG3HonorAssistant.Windows.Tests.Packaging.PackageIdentityTests.UnpackagedTestHostReportsSafeStartupFallback" computerName="JANCARBONELB5E7" duration="00:00:00.0936264" startTime="2026-07-25T19:29:38.4651955-07:00" endTime="2026-07-25T19:29:38.4656055-07:00" testType="13cdc9d9-ddb5-4fa4-a97d-d965ccfc6d4b" outcome="Passed" testListId="8c84fa94-04c1-424b-9868-57a2d4851a1d" relativeResultsDirectory="a10a3a7b-6ad7-42f6-9a53-dfa98d6eb9a3" />
    <UnitTestResult executionId="edcd52a9-063e-4d78-85d7-e0282690e3ba" testId="cd52cf91-a210-e0b6-5a57-8d48ecf87efc" testName="BG3HonorAssistant.Windows.Tests.GameDetection.Bg3ProcessNamesTests.AcceptsOnlyDocumentedExecutables(processName: &quot;BG3.EXE&quot;)" computerName="JANCARBONELB5E7" duration="00:00:00.0000102" startTime="2026-07-25T19:29:38.3365819-07:00" endTime="2026-07-25T19:29:38.3367314-07:00" testType="13cdc9d9-ddb5-4fa4-a97d-d965ccfc6d4b" outcome="Passed" testListId="8c84fa94-04c1-424b-9868-57a2d4851a1d" relativeResultsDirectory="edcd52a9-063e-4d78-85d7-e0282690e3ba" />
    <UnitTestResult executionId="6ffc3362-2a38-4d76-b0d1-0bf374b0be97" testId="4b92e503-ad23-139d-6f02-6948aa4582d7" testName="BG3HonorAssistant.Windows.Tests.Overlay.OverlayPlacementTests.ConvertsDipsAtSupportedDisplayScales(dpi: 96, expectedWidth: 380, expectedHeight: 250)" computerName="JANCARBONELB5E7" duration="00:00:00.0015938" startTime="2026-07-25T19:29:38.4615650-07:00" endTime="2026-07-25T19:29:38.4616146-07:00" testType="13cdc9d9-ddb5-4fa4-a97d-d965ccfc6d4b" outcome="Passed" testListId="8c84fa94-04c1-424b-9868-57a2d4851a1d" relativeResultsDirectory="6ffc3362-2a38-4d76-b0d1-0bf374b0be97" />
    <UnitTestResult executionId="11a25094-5c7e-41b1-a478-7e71cb793533" testId="5d001205-f23c-ded5-4865-ea0ebc6647d1" testName="BG3HonorAssistant.Windows.Tests.GameDetection.Bg3ProcessNamesTests.AcceptsOnlyDocumentedExecutables(processName: &quot;bg3&quot;)" computerName="JANCARBONELB5E7" duration="00:00:00.0000760" startTime="2026-07-25T19:29:38.3361832-07:00" endTime="2026-07-25T19:29:38.3362516-07:00" testType="13cdc9d9-ddb5-4fa4-a97d-d965ccfc6d4b" outcome="Passed" testListId="8c84fa94-04c1-424b-9868-57a2d4851a1d" relativeResultsDirectory="11a25094-5c7e-41b1-a478-7e71cb793533" />
    <UnitTestResult executionId="948d9ff3-91e7-4687-852f-c6d73b89da37" testId="47f310a6-3350-a81a-2a18-4c1309666abb" testName="BG3HonorAssistant.Windows.Tests.GameDetection.Bg3ProcessNamesTests.RejectsOtherProcesses(processName: &quot;bg3_launcher.exe&quot;)" computerName="JANCARBONELB5E7" duration="00:00:00.0000243" startTime="2026-07-25T19:29:38.4548541-07:00" endTime="2026-07-25T19:29:38.4550153-07:00" testType="13cdc9d9-ddb5-4fa4-a97d-d965ccfc6d4b" outcome="Passed" testListId="8c84fa94-04c1-424b-9868-57a2d4851a1d" relativeResultsDirectory="948d9ff3-91e7-4687-852f-c6d73b89da37" />
    <UnitTestResult executionId="72b1cdaa-7ae2-4aed-a74e-0451d147b97b" testId="d502e4f9-1d17-4de6-d889-3882b9121b03" testName="BG3HonorAssistant.Windows.Tests.GameDetection.Bg3ProcessNamesTests.AcceptsOnlyDocumentedExecutables(processName: &quot;Bg3_Dx11.exe&quot;)" computerName="JANCARBONELB5E7" duration="00:00:00.0026863" startTime="2026-07-25T19:29:38.3350358-07:00" endTime="2026-07-25T19:29:38.3355791-07:00" testType="13cdc9d9-ddb5-4fa4-a97d-d965ccfc6d4b" outcome="Passed" testListId="8c84fa94-04c1-424b-9868-57a2d4851a1d" relativeResultsDirectory="72b1cdaa-7ae2-4aed-a74e-0451d147b97b" />
    <UnitTestResult executionId="83922fc2-a88f-4814-ad83-9f06c92f2907" testId="2546e912-2369-d227-448f-d51840b22494" testName="BG3HonorAssistant.Windows.Tests.GameDetection.Bg3WindowMonitorTests.RefreshPublishesOnlyChangesIncludingGameExit" computerName="JANCARBONELB5E7" duration="00:00:00.0409985" startTime="2026-07-25T19:29:38.2377354-07:00" endTime="2026-07-25T19:29:38.3251795-07:00" testType="13cdc9d9-ddb5-4fa4-a97d-d965ccfc6d4b" outcome="Passed" testListId="8c84fa94-04c1-424b-9868-57a2d4851a1d" relativeResultsDirectory="83922fc2-a88f-4814-ad83-9f06c92f2907" />
    <UnitTestResult executionId="51234147-2253-49d3-a01a-cf219a5e9dde" testId="e3e378b1-e7db-240b-42c3-0c4596fd1993" testName="BG3HonorAssistant.Windows.Tests.GameDetection.Bg3ProcessNamesTests.RejectsOtherProcesses(processName: &quot;bg3-mod.exe&quot;)" computerName="JANCARBONELB5E7" duration="00:00:00.0004287" startTime="2026-07-25T19:29:38.4536703-07:00" endTime="2026-07-25T19:29:38.4538351-07:00" testType="13cdc9d9-ddb5-4fa4-a97d-d965ccfc6d4b" outcome="Passed" testListId="8c84fa94-04c1-424b-9868-57a2d4851a1d" relativeResultsDirectory="51234147-2253-49d3-a01a-cf219a5e9dde" />
  </Results>
  <TestDefinitions>
    <UnitTest name="BG3HonorAssistant.Windows.Tests.Credentials.CredentialStoreTests.RejectsEmptySecret" storage="c:\mac\home\documents\bg3_windows\windows\tests\bg3honorassistant.windows.tests\bin\release\net10.0-windows10.0.26100.0\bg3honorassistant.windows.tests.dll" id="2aa81206-e081-2aa6-ef9d-53c3e0ef32a1">
      <Execution id="d778ded6-d070-4fe5-9c74-1877d23b5de2" />
      <TestMethod codeBase="C:\Mac\Home\Documents\bg3_windows\windows\tests\BG3HonorAssistant.Windows.Tests\bin\Release\net10.0-windows10.0.26100.0\BG3HonorAssistant.Windows.Tests.dll" adapterTypeName="executor://xunit/VsTestRunner3/netcore/" className="BG3HonorAssistant.Windows.Tests.Credentials.CredentialStoreTests" name="RejectsEmptySecret" />
    </UnitTest>
    <UnitTest name="BG3HonorAssistant.Windows.Tests.GameDetection.Bg3ProcessNamesTests.AcceptsOnlyDocumentedExecutables(processName: &quot;Bg3_Dx11.exe&quot;)" storage="c:\mac\home\documents\bg3_windows\windows\tests\bg3honorassistant.windows.tests\bin\release\net10.0-windows10.0.26100.0\bg3honorassistant.windows.tests.dll" id="d502e4f9-1d17-4de6-d889-3882b9121b03">
      <Execution id="72b1cdaa-7ae2-4aed-a74e-0451d147b97b" />
      <TestMethod codeBase="C:\Mac\Home\Documents\bg3_windows\windows\tests\BG3HonorAssistant.Windows.Tests\bin\Release\net10.0-windows10.0.26100.0\BG3HonorAssistant.Windows.Tests.dll" adapterTypeName="executor://xunit/VsTestRunner3/netcore/" className="BG3HonorAssistant.Windows.Tests.GameDetection.Bg3ProcessNamesTests" name="AcceptsOnlyDocumentedExecutables" />
    </UnitTest>
    <UnitTest name="BG3HonorAssistant.Windows.Tests.GameDetection.ControlledGameWindowIntegrationTests.ExactNameX64HostExercisesDetectionFollowingAndLifecycle(processName: &quot;bg3_dx11&quot;, borderless: False)" storage="c:\mac\home\documents\bg3_windows\windows\tests\bg3honorassistant.windows.tests\bin\release\net10.0-windows10.0.26100.0\bg3honorassistant.windows.tests.dll" id="0f2a17f1-2885-0a69-a570-e7590fde4642">
      <Execution id="165ce2d1-5a67-46cc-af9b-b24420909191" />
      <TestMethod codeBase="C:\Mac\Home\Documents\bg3_windows\windows\tests\BG3HonorAssistant.Windows.Tests\bin\Release\net10.0-windows10.0.26100.0\BG3HonorAssistant.Windows.Tests.dll" adapterTypeName="executor://xunit/VsTestRunner3/netcore/" className="BG3HonorAssistant.Windows.Tests.GameDetection.ControlledGameWindowIntegrationTests" name="ExactNameX64HostExercisesDetectionFollowingAndLifecycle" />
    </UnitTest>
    <UnitTest name="BG3HonorAssistant.Windows.Tests.GameDetection.Bg3WindowMonitorTests.RefreshPublishesOnlyChangesIncludingGameExit" storage="c:\mac\home\documents\bg3_windows\windows\tests\bg3honorassistant.windows.tests\bin\release\net10.0-windows10.0.26100.0\bg3honorassistant.windows.tests.dll" id="2546e912-2369-d227-448f-d51840b22494">
      <Execution id="83922fc2-a88f-4814-ad83-9f06c92f2907" />
      <TestMethod codeBase="C:\Mac\Home\Documents\bg3_windows\windows\tests\BG3HonorAssistant.Windows.Tests\bin\Release\net10.0-windows10.0.26100.0\BG3HonorAssistant.Windows.Tests.dll" adapterTypeName="executor://xunit/VsTestRunner3/netcore/" className="BG3HonorAssistant.Windows.Tests.GameDetection.Bg3WindowMonitorTests" name="RefreshPublishesOnlyChangesIncludingGameExit" />
    </UnitTest>
    <UnitTest name="BG3HonorAssistant.Windows.Tests.Overlay.OverlayPlacementTests.ConvertsDipsAtSupportedDisplayScales(dpi: 192, expectedWidth: 760, expectedHeight: 500)" storage="c:\mac\home\documents\bg3_windows\windows\tests\bg3honorassistant.windows.tests\bin\release\net10.0-windows10.0.26100.0\bg3honorassistant.windows.tests.dll" id="c3112076-7ab6-85e9-61ff-dcd6deb16271">
      <Execution id="89f64a46-2b70-4291-aa49-b54433fdd3d3" />
      <TestMethod codeBase="C:\Mac\Home\Documents\bg3_windows\windows\tests\BG3HonorAssistant.Windows.Tests\bin\Release\net10.0-windows10.0.26100.0\BG3HonorAssistant.Windows.Tests.dll" adapterTypeName="executor://xunit/VsTestRunner3/netcore/" className="BG3HonorAssistant.Windows.Tests.Overlay.OverlayPlacementTests" name="ConvertsDipsAtSupportedDisplayScales" />
    </UnitTest>
    <UnitTest name="BG3HonorAssistant.Windows.Tests.Overlay.OverlayPlacementTests.ClampsOversizedOverlayToGameBounds" storage="c:\mac\home\documents\bg3_windows\windows\tests\bg3honorassistant.windows.tests\bin\release\net10.0-windows10.0.26100.0\bg3honorassistant.windows.tests.dll" id="26bc0bb4-2194-8a1e-d51f-e64c7bf795af">
      <Execution id="eb6c29cb-fa8d-4855-9919-fa1d474c047c" />
      <TestMethod codeBase="C:\Mac\Home\Documents\bg3_windows\windows\tests\BG3HonorAssistant.Windows.Tests\bin\Release\net10.0-windows10.0.26100.0\BG3HonorAssistant.Windows.Tests.dll" adapterTypeName="executor://xunit/VsTestRunner3/netcore/" className="BG3HonorAssistant.Windows.Tests.Overlay.OverlayPlacementTests" name="ClampsOversizedOverlayToGameBounds" />
    </UnitTest>
    <UnitTest name="BG3HonorAssistant.Windows.Tests.SingleInstance.SingleInstanceServiceTests.AllowsOnlyOnePrimaryForApplicationId" storage="c:\mac\home\documents\bg3_windows\windows\tests\bg3honorassistant.windows.tests\bin\release\net10.0-windows10.0.26100.0\bg3honorassistant.windows.tests.dll" id="a35423ce-505a-ff9b-3adb-510d46aaaa62">
      <Execution id="455b7f70-5f68-4596-912e-408b46e026ac" />
      <TestMethod codeBase="C:\Mac\Home\Documents\bg3_windows\windows\tests\BG3HonorAssistant.Windows.Tests\bin\Release\net10.0-windows10.0.26100.0\BG3HonorAssistant.Windows.Tests.dll" adapterTypeName="executor://xunit/VsTestRunner3/netcore/" className="BG3HonorAssistant.Windows.Tests.SingleInstance.SingleInstanceServiceTests" name="AllowsOnlyOnePrimaryForApplicationId" />
    </UnitTest>
    <UnitTest name="BG3HonorAssistant.Windows.Tests.GameDetection.Bg3ProcessNamesTests.RejectsOtherProcesses(processName: &quot;steam.exe&quot;)" storage="c:\mac\home\documents\bg3_windows\windows\tests\bg3honorassistant.windows.tests\bin\release\net10.0-windows10.0.26100.0\bg3honorassistant.windows.tests.dll" id="9d03a9d0-46ad-e51f-c362-58dbeecbf784">
      <Execution id="9df3f03d-b802-48cf-9360-d7524d779a8e" />
      <TestMethod codeBase="C:\Mac\Home\Documents\bg3_windows\windows\tests\BG3HonorAssistant.Windows.Tests\bin\Release\net10.0-windows10.0.26100.0\BG3HonorAssistant.Windows.Tests.dll" adapterTypeName="executor://xunit/VsTestRunner3/netcore/" className="BG3HonorAssistant.Windows.Tests.GameDetection.Bg3ProcessNamesTests" name="RejectsOtherProcesses" />
    </UnitTest>
    <UnitTest name="BG3HonorAssistant.Windows.Tests.Packaging.PackageIdentityTests.UnpackagedTestHostReportsSafeStartupFallback" storage="c:\mac\home\documents\bg3_windows\windows\tests\bg3honorassistant.windows.tests\bin\release\net10.0-windows10.0.26100.0\bg3honorassistant.windows.tests.dll" id="166e7faa-08bb-aa5e-48b6-6e1db2fe324f">
      <Execution id="a10a3a7b-6ad7-42f6-9a53-dfa98d6eb9a3" />
      <TestMethod codeBase="C:\Mac\Home\Documents\bg3_windows\windows\tests\BG3HonorAssistant.Windows.Tests\bin\Release\net10.0-windows10.0.26100.0\BG3HonorAssistant.Windows.Tests.dll" adapterTypeName="executor://xunit/VsTestRunner3/netcore/" className="BG3HonorAssistant.Windows.Tests.Packaging.PackageIdentityTests" name="UnpackagedTestHostReportsSafeStartupFallback" />
    </UnitTest>
    <UnitTest name="BG3HonorAssistant.Windows.Tests.SingleInstance.SingleInstanceServiceTests.RejectsIdentifierWithoutSafeCharacters" storage="c:\mac\home\documents\bg3_windows\windows\tests\bg3honorassistant.windows.tests\bin\release\net10.0-windows10.0.26100.0\bg3honorassistant.windows.tests.dll" id="8e0e3d6d-50bf-6f60-c2f6-876c50fa1284">
      <Execution id="01648cb7-e8c0-4fe0-88cb-8b7023087bde" />
      <TestMethod codeBase="C:\Mac\Home\Documents\bg3_windows\windows\tests\BG3HonorAssistant.Windows.Tests\bin\Release\net10.0-windows10.0.26100.0\BG3HonorAssistant.Windows.Tests.dll" adapterTypeName="executor://xunit/VsTestRunner3/netcore/" className="BG3HonorAssistant.Windows.Tests.SingleInstance.SingleInstanceServiceTests" name="RejectsIdentifierWithoutSafeCharacters" />
    </UnitTest>
    <UnitTest name="BG3HonorAssistant.Windows.Tests.Credentials.CredentialStoreTests.RoundTripsAndDeletesCurrentUserCredential" storage="c:\mac\home\documents\bg3_windows\windows\tests\bg3honorassistant.windows.tests\bin\release\net10.0-windows10.0.26100.0\bg3honorassistant.windows.tests.dll" id="67361790-cbee-afd5-f263-ff9f31337d6b">
      <Execution id="a7b88aa9-36ed-4c21-b600-83ac6349bbd0" />
      <TestMethod codeBase="C:\Mac\Home\Documents\bg3_windows\windows\tests\BG3HonorAssistant.Windows.Tests\bin\Release\net10.0-windows10.0.26100.0\BG3HonorAssistant.Windows.Tests.dll" adapterTypeName="executor://xunit/VsTestRunner3/netcore/" className="BG3HonorAssistant.Windows.Tests.Credentials.CredentialStoreTests" name="RoundTripsAndDeletesCurrentUserCredential" />
    </UnitTest>
    <UnitTest name="BG3HonorAssistant.Windows.Tests.Overlay.OverlayPlacementTests.RejectsEmptyGameBounds" storage="c:\mac\home\documents\bg3_windows\windows\tests\bg3honorassistant.windows.tests\bin\release\net10.0-windows10.0.26100.0\bg3honorassistant.windows.tests.dll" id="e5d7ce49-8560-f7dc-0087-e24f27e08413">
      <Execution id="6cf0fdc3-9c5e-4fbc-84d8-66a4f6c2f320" />
      <TestMethod codeBase="C:\Mac\Home\Documents\bg3_windows\windows\tests\BG3HonorAssistant.Windows.Tests\bin\Release\net10.0-windows10.0.26100.0\BG3HonorAssistant.Windows.Tests.dll" adapterTypeName="executor://xunit/VsTestRunner3/netcore/" className="BG3HonorAssistant.Windows.Tests.Overlay.OverlayPlacementTests" name="RejectsEmptyGameBounds" />
    </UnitTest>
    <UnitTest name="BG3HonorAssistant.Windows.Tests.Overlay.OverlayWindowServiceTests.WpfWindowBecomesTopmostAndPassiveWithoutTakingForeground" storage="c:\mac\home\documents\bg3_windows\windows\tests\bg3honorassistant.windows.tests\bin\release\net10.0-windows10.0.26100.0\bg3honorassistant.windows.tests.dll" id="05acc647-23ab-42cb-1d59-f90063e90f5d">
      <Execution id="cb6a5868-d2e5-42e6-86e0-ad1a52acf26d" />
      <TestMethod codeBase="C:\Mac\Home\Documents\bg3_windows\windows\tests\BG3HonorAssistant.Windows.Tests\bin\Release\net10.0-windows10.0.26100.0\BG3HonorAssistant.Windows.Tests.dll" adapterTypeName="executor://xunit/VsTestRunner3/netcore/" className="BG3HonorAssistant.Windows.Tests.Overlay.OverlayWindowServiceTests" name="WpfWindowBecomesTopmostAndPassiveWithoutTakingForeground" />
    </UnitTest>
    <UnitTest name="BG3HonorAssistant.Windows.Tests.Overlay.OverlayPlacementTests.HandlesNegativeMonitorCoordinates" storage="c:\mac\home\documents\bg3_windows\windows\tests\bg3honorassistant.windows.tests\bin\release\net10.0-windows10.0.26100.0\bg3honorassistant.windows.tests.dll" id="69ce3a9c-61c3-6af0-8542-7f0a7ce8d231">
      <Execution id="7fd06e5a-be07-491b-8b46-2daf06539896" />
      <TestMethod codeBase="C:\Mac\Home\Documents\bg3_windows\windows\tests\BG3HonorAssistant.Windows.Tests\bin\Release\net10.0-windows10.0.26100.0\BG3HonorAssistant.Windows.Tests.dll" adapterTypeName="executor://xunit/VsTestRunner3/netcore/" className="BG3HonorAssistant.Windows.Tests.Overlay.OverlayPlacementTests" name="HandlesNegativeMonitorCoordinates" />
    </UnitTest>
    <UnitTest name="BG3HonorAssistant.Windows.Tests.GameDetection.Bg3ProcessNamesTests.RejectsOtherProcesses(processName: &quot;bg3_launcher.exe&quot;)" storage="c:\mac\home\documents\bg3_windows\windows\tests\bg3honorassistant.windows.tests\bin\release\net10.0-windows10.0.26100.0\bg3honorassistant.windows.tests.dll" id="47f310a6-3350-a81a-2a18-4c1309666abb">
      <Execution id="948d9ff3-91e7-4687-852f-c6d73b89da37" />
      <TestMethod codeBase="C:\Mac\Home\Documents\bg3_windows\windows\tests\BG3HonorAssistant.Windows.Tests\bin\Release\net10.0-windows10.0.26100.0\BG3HonorAssistant.Windows.Tests.dll" adapterTypeName="executor://xunit/VsTestRunner3/netcore/" className="BG3HonorAssistant.Windows.Tests.GameDetection.Bg3ProcessNamesTests" name="RejectsOtherProcesses" />
    </UnitTest>
    <UnitTest name="BG3HonorAssistant.Windows.Tests.GameDetection.Bg3ProcessNamesTests.AcceptsOnlyDocumentedExecutables(processName: &quot;bg3&quot;)" storage="c:\mac\home\documents\bg3_windows\windows\tests\bg3honorassistant.windows.tests\bin\release\net10.0-windows10.0.26100.0\bg3honorassistant.windows.tests.dll" id="5d001205-f23c-ded5-4865-ea0ebc6647d1">
      <Execution id="11a25094-5c7e-41b1-a478-7e71cb793533" />
      <TestMethod codeBase="C:\Mac\Home\Documents\bg3_windows\windows\tests\BG3HonorAssistant.Windows.Tests\bin\Release\net10.0-windows10.0.26100.0\BG3HonorAssistant.Windows.Tests.dll" adapterTypeName="executor://xunit/VsTestRunner3/netcore/" className="BG3HonorAssistant.Windows.Tests.GameDetection.Bg3ProcessNamesTests" name="AcceptsOnlyDocumentedExecutables" />
    </UnitTest>
    <UnitTest name="BG3HonorAssistant.Windows.Tests.GameDetection.Bg3ProcessNamesTests.RejectsOtherProcesses(processName: &quot;&quot;)" storage="c:\mac\home\documents\bg3_windows\windows\tests\bg3honorassistant.windows.tests\bin\release\net10.0-windows10.0.26100.0\bg3honorassistant.windows.tests.dll" id="b2aab65a-30bf-051e-2cdb-7f304550101e">
      <Execution id="d37bb385-2172-429c-a707-3cac9a6df9f9" />
      <TestMethod codeBase="C:\Mac\Home\Documents\bg3_windows\windows\tests\BG3HonorAssistant.Windows.Tests\bin\Release\net10.0-windows10.0.26100.0\BG3HonorAssistant.Windows.Tests.dll" adapterTypeName="executor://xunit/VsTestRunner3/netcore/" className="BG3HonorAssistant.Windows.Tests.GameDetection.Bg3ProcessNamesTests" name="RejectsOtherProcesses" />
    </UnitTest>
    <UnitTest name="BG3HonorAssistant.Windows.Tests.GameDetection.Bg3ProcessNamesTests.AcceptsOnlyDocumentedExecutables(processName: &quot;bg3_dx11&quot;)" storage="c:\mac\home\documents\bg3_windows\windows\tests\bg3honorassistant.windows.tests\bin\release\net10.0-windows10.0.26100.0\bg3honorassistant.windows.tests.dll" id="535dfd7e-202c-02cb-5442-ddaff2b68a40">
      <Execution id="43d9e51a-4735-47e6-9c77-dc76e09544c9" />
      <TestMethod codeBase="C:\Mac\Home\Documents\bg3_windows\windows\tests\BG3HonorAssistant.Windows.Tests\bin\Release\net10.0-windows10.0.26100.0\BG3HonorAssistant.Windows.Tests.dll" adapterTypeName="executor://xunit/VsTestRunner3/netcore/" className="BG3HonorAssistant.Windows.Tests.GameDetection.Bg3ProcessNamesTests" name="AcceptsOnlyDocumentedExecutables" />
    </UnitTest>
    <UnitTest name="BG3HonorAssistant.Windows.Tests.Overlay.OverlayPlacementTests.ConvertsDipsAtSupportedDisplayScales(dpi: 96, expectedWidth: 380, expectedHeight: 250)" storage="c:\mac\home\documents\bg3_windows\windows\tests\bg3honorassistant.windows.tests\bin\release\net10.0-windows10.0.26100.0\bg3honorassistant.windows.tests.dll" id="4b92e503-ad23-139d-6f02-6948aa4582d7">
      <Execution id="6ffc3362-2a38-4d76-b0d1-0bf374b0be97" />
      <TestMethod codeBase="C:\Mac\Home\Documents\bg3_windows\windows\tests\BG3HonorAssistant.Windows.Tests\bin\Release\net10.0-windows10.0.26100.0\BG3HonorAssistant.Windows.Tests.dll" adapterTypeName="executor://xunit/VsTestRunner3/netcore/" className="BG3HonorAssistant.Windows.Tests.Overlay.OverlayPlacementTests" name="ConvertsDipsAtSupportedDisplayScales" />
    </UnitTest>
    <UnitTest name="BG3HonorAssistant.Windows.Tests.Overlay.OverlayPlacementTests.PlacesOverlayInsideRightSideOfGameWindow" storage="c:\mac\home\documents\bg3_windows\windows\tests\bg3honorassistant.windows.tests\bin\release\net10.0-windows10.0.26100.0\bg3honorassistant.windows.tests.dll" id="d7392fee-40d3-d074-b768-c1bf1a052304">
      <Execution id="c346204b-19fc-4807-8373-e0ed5bd37811" />
      <TestMethod codeBase="C:\Mac\Home\Documents\bg3_windows\windows\tests\BG3HonorAssistant.Windows.Tests\bin\Release\net10.0-windows10.0.26100.0\BG3HonorAssistant.Windows.Tests.dll" adapterTypeName="executor://xunit/VsTestRunner3/netcore/" className="BG3HonorAssistant.Windows.Tests.Overlay.OverlayPlacementTests" name="PlacesOverlayInsideRightSideOfGameWindow" />
    </UnitTest>
    <UnitTest name="BG3HonorAssistant.Windows.Tests.Overlay.OverlayWindowServiceTests.PositionRelativeToUsesPhysicalDpiCoordinatesWithoutTakingForeground" storage="c:\mac\home\documents\bg3_windows\windows\tests\bg3honorassistant.windows.tests\bin\release\net10.0-windows10.0.26100.0\bg3honorassistant.windows.tests.dll" id="fcefe7e4-94c4-7666-34a0-166e06ec9c2a">
      <Execution id="50443e1b-17d1-4e76-8e25-e08fac9ff455" />
      <TestMethod codeBase="C:\Mac\Home\Documents\bg3_windows\windows\tests\BG3HonorAssistant.Windows.Tests\bin\Release\net10.0-windows10.0.26100.0\BG3HonorAssistant.Windows.Tests.dll" adapterTypeName="executor://xunit/VsTestRunner3/netcore/" className="BG3HonorAssistant.Windows.Tests.Overlay.OverlayWindowServiceTests" name="PositionRelativeToUsesPhysicalDpiCoordinatesWithoutTakingForeground" />
    </UnitTest>
    <UnitTest name="BG3HonorAssistant.Windows.Tests.GameDetection.Bg3ProcessNamesTests.AcceptsOnlyDocumentedExecutables(processName: &quot;BG3.EXE&quot;)" storage="c:\mac\home\documents\bg3_windows\windows\tests\bg3honorassistant.windows.tests\bin\release\net10.0-windows10.0.26100.0\bg3honorassistant.windows.tests.dll" id="cd52cf91-a210-e0b6-5a57-8d48ecf87efc">
      <Execution id="edcd52a9-063e-4d78-85d7-e0282690e3ba" />
      <TestMethod codeBase="C:\Mac\Home\Documents\bg3_windows\windows\tests\BG3HonorAssistant.Windows.Tests\bin\Release\net10.0-windows10.0.26100.0\BG3HonorAssistant.Windows.Tests.dll" adapterTypeName="executor://xunit/VsTestRunner3/netcore/" className="BG3HonorAssistant.Windows.Tests.GameDetection.Bg3ProcessNamesTests" name="AcceptsOnlyDocumentedExecutables" />
    </UnitTest>
    <UnitTest name="BG3HonorAssistant.Windows.Tests.Overlay.OverlayPlacementTests.ConvertsDipsAtSupportedDisplayScales(dpi: 144, expectedWidth: 570, expectedHeight: 375)" storage="c:\mac\home\documents\bg3_windows\windows\tests\bg3honorassistant.windows.tests\bin\release\net10.0-windows10.0.26100.0\bg3honorassistant.windows.tests.dll" id="4cfc059b-9fc8-d689-0d2d-04cd19a3df39">
      <Execution id="95e9a6fd-d914-4210-8fab-ec43b0cb8f9e" />
      <TestMethod codeBase="C:\Mac\Home\Documents\bg3_windows\windows\tests\BG3HonorAssistant.Windows.Tests\bin\Release\net10.0-windows10.0.26100.0\BG3HonorAssistant.Windows.Tests.dll" adapterTypeName="executor://xunit/VsTestRunner3/netcore/" className="BG3HonorAssistant.Windows.Tests.Overlay.OverlayPlacementTests" name="ConvertsDipsAtSupportedDisplayScales" />
    </UnitTest>
    <UnitTest name="BG3HonorAssistant.Windows.Tests.GameDetection.ControlledGameWindowIntegrationTests.ExactNameX64HostExercisesDetectionFollowingAndLifecycle(processName: &quot;bg3&quot;, borderless: True)" storage="c:\mac\home\documents\bg3_windows\windows\tests\bg3honorassistant.windows.tests\bin\release\net10.0-windows10.0.26100.0\bg3honorassistant.windows.tests.dll" id="7c28e8e0-653c-f6cc-3dd8-ec58894c08ec">
      <Execution id="4c2b9210-50c9-4072-809d-832a77134730" />
      <TestMethod codeBase="C:\Mac\Home\Documents\bg3_windows\windows\tests\BG3HonorAssistant.Windows.Tests\bin\Release\net10.0-windows10.0.26100.0\BG3HonorAssistant.Windows.Tests.dll" adapterTypeName="executor://xunit/VsTestRunner3/netcore/" className="BG3HonorAssistant.Windows.Tests.GameDetection.ControlledGameWindowIntegrationTests" name="ExactNameX64HostExercisesDetectionFollowingAndLifecycle" />
    </UnitTest>
    <UnitTest name="BG3HonorAssistant.Windows.Tests.Overlay.OverlayWindowServiceTests.ConfigureAppliesAndRemovesPassiveInputStyles" storage="c:\mac\home\documents\bg3_windows\windows\tests\bg3honorassistant.windows.tests\bin\release\net10.0-windows10.0.26100.0\bg3honorassistant.windows.tests.dll" id="d660e9d2-71d6-cfdd-bac4-600c2e7596ae">
      <Execution id="60452351-4cff-4d60-baf0-3d8443c496eb" />
      <TestMethod codeBase="C:\Mac\Home\Documents\bg3_windows\windows\tests\BG3HonorAssistant.Windows.Tests\bin\Release\net10.0-windows10.0.26100.0\BG3HonorAssistant.Windows.Tests.dll" adapterTypeName="executor://xunit/VsTestRunner3/netcore/" className="BG3HonorAssistant.Windows.Tests.Overlay.OverlayWindowServiceTests" name="ConfigureAppliesAndRemovesPassiveInputStyles" />
    </UnitTest>
    <UnitTest name="BG3HonorAssistant.Windows.Tests.GameDetection.Bg3ProcessNamesTests.RejectsOtherProcesses(processName: &quot;bg3-mod.exe&quot;)" storage="c:\mac\home\documents\bg3_windows\windows\tests\bg3honorassistant.windows.tests\bin\release\net10.0-windows10.0.26100.0\bg3honorassistant.windows.tests.dll" id="e3e378b1-e7db-240b-42c3-0c4596fd1993">
      <Execution id="51234147-2253-49d3-a01a-cf219a5e9dde" />
      <TestMethod codeBase="C:\Mac\Home\Documents\bg3_windows\windows\tests\BG3HonorAssistant.Windows.Tests\bin\Release\net10.0-windows10.0.26100.0\BG3HonorAssistant.Windows.Tests.dll" adapterTypeName="executor://xunit/VsTestRunner3/netcore/" className="BG3HonorAssistant.Windows.Tests.GameDetection.Bg3ProcessNamesTests" name="RejectsOtherProcesses" />
    </UnitTest>
  </TestDefinitions>
  <TestEntries>
    <TestEntry testId="67361790-cbee-afd5-f263-ff9f31337d6b" executionId="a7b88aa9-36ed-4c21-b600-83ac6349bbd0" testListId="8c84fa94-04c1-424b-9868-57a2d4851a1d" />
    <TestEntry testId="2aa81206-e081-2aa6-ef9d-53c3e0ef32a1" executionId="d778ded6-d070-4fe5-9c74-1877d23b5de2" testListId="8c84fa94-04c1-424b-9868-57a2d4851a1d" />
    <TestEntry testId="26bc0bb4-2194-8a1e-d51f-e64c7bf795af" executionId="eb6c29cb-fa8d-4855-9919-fa1d474c047c" testListId="8c84fa94-04c1-424b-9868-57a2d4851a1d" />
    <TestEntry testId="8e0e3d6d-50bf-6f60-c2f6-876c50fa1284" executionId="01648cb7-e8c0-4fe0-88cb-8b7023087bde" testListId="8c84fa94-04c1-424b-9868-57a2d4851a1d" />
    <TestEntry testId="7c28e8e0-653c-f6cc-3dd8-ec58894c08ec" executionId="4c2b9210-50c9-4072-809d-832a77134730" testListId="8c84fa94-04c1-424b-9868-57a2d4851a1d" />
    <TestEntry testId="535dfd7e-202c-02cb-5442-ddaff2b68a40" executionId="43d9e51a-4735-47e6-9c77-dc76e09544c9" testListId="8c84fa94-04c1-424b-9868-57a2d4851a1d" />
    <TestEntry testId="9d03a9d0-46ad-e51f-c362-58dbeecbf784" executionId="9df3f03d-b802-48cf-9360-d7524d779a8e" testListId="8c84fa94-04c1-424b-9868-57a2d4851a1d" />
    <TestEntry testId="05acc647-23ab-42cb-1d59-f90063e90f5d" executionId="cb6a5868-d2e5-42e6-86e0-ad1a52acf26d" testListId="8c84fa94-04c1-424b-9868-57a2d4851a1d" />
    <TestEntry testId="d660e9d2-71d6-cfdd-bac4-600c2e7596ae" executionId="60452351-4cff-4d60-baf0-3d8443c496eb" testListId="8c84fa94-04c1-424b-9868-57a2d4851a1d" />
    <TestEntry testId="69ce3a9c-61c3-6af0-8542-7f0a7ce8d231" executionId="7fd06e5a-be07-491b-8b46-2daf06539896" testListId="8c84fa94-04c1-424b-9868-57a2d4851a1d" />
    <TestEntry testId="e5d7ce49-8560-f7dc-0087-e24f27e08413" executionId="6cf0fdc3-9c5e-4fbc-84d8-66a4f6c2f320" testListId="8c84fa94-04c1-424b-9868-57a2d4851a1d" />
    <TestEntry testId="4cfc059b-9fc8-d689-0d2d-04cd19a3df39" executionId="95e9a6fd-d914-4210-8fab-ec43b0cb8f9e" testListId="8c84fa94-04c1-424b-9868-57a2d4851a1d" />
    <TestEntry testId="a35423ce-505a-ff9b-3adb-510d46aaaa62" executionId="455b7f70-5f68-4596-912e-408b46e026ac" testListId="8c84fa94-04c1-424b-9868-57a2d4851a1d" />
    <TestEntry testId="0f2a17f1-2885-0a69-a570-e7590fde4642" executionId="165ce2d1-5a67-46cc-af9b-b24420909191" testListId="8c84fa94-04c1-424b-9868-57a2d4851a1d" />
    <TestEntry testId="d7392fee-40d3-d074-b768-c1bf1a052304" executionId="c346204b-19fc-4807-8373-e0ed5bd37811" testListId="8c84fa94-04c1-424b-9868-57a2d4851a1d" />
    <TestEntry testId="fcefe7e4-94c4-7666-34a0-166e06ec9c2a" executionId="50443e1b-17d1-4e76-8e25-e08fac9ff455" testListId="8c84fa94-04c1-424b-9868-57a2d4851a1d" />
    <TestEntry testId="c3112076-7ab6-85e9-61ff-dcd6deb16271" executionId="89f64a46-2b70-4291-aa49-b54433fdd3d3" testListId="8c84fa94-04c1-424b-9868-57a2d4851a1d" />
    <TestEntry testId="b2aab65a-30bf-051e-2cdb-7f304550101e" executionId="d37bb385-2172-429c-a707-3cac9a6df9f9" testListId="8c84fa94-04c1-424b-9868-57a2d4851a1d" />
    <TestEntry testId="166e7faa-08bb-aa5e-48b6-6e1db2fe324f" executionId="a10a3a7b-6ad7-42f6-9a53-dfa98d6eb9a3" testListId="8c84fa94-04c1-424b-9868-57a2d4851a1d" />
    <TestEntry testId="cd52cf91-a210-e0b6-5a57-8d48ecf87efc" executionId="edcd52a9-063e-4d78-85d7-e0282690e3ba" testListId="8c84fa94-04c1-424b-9868-57a2d4851a1d" />
    <TestEntry testId="4b92e503-ad23-139d-6f02-6948aa4582d7" executionId="6ffc3362-2a38-4d76-b0d1-0bf374b0be97" testListId="8c84fa94-04c1-424b-9868-57a2d4851a1d" />
    <TestEntry testId="5d001205-f23c-ded5-4865-ea0ebc6647d1" executionId="11a25094-5c7e-41b1-a478-7e71cb793533" testListId="8c84fa94-04c1-424b-9868-57a2d4851a1d" />
    <TestEntry testId="47f310a6-3350-a81a-2a18-4c1309666abb" executionId="948d9ff3-91e7-4687-852f-c6d73b89da37" testListId="8c84fa94-04c1-424b-9868-57a2d4851a1d" />
    <TestEntry testId="d502e4f9-1d17-4de6-d889-3882b9121b03" executionId="72b1cdaa-7ae2-4aed-a74e-0451d147b97b" testListId="8c84fa94-04c1-424b-9868-57a2d4851a1d" />
    <TestEntry testId="2546e912-2369-d227-448f-d51840b22494" executionId="83922fc2-a88f-4814-ad83-9f06c92f2907" testListId="8c84fa94-04c1-424b-9868-57a2d4851a1d" />
    <TestEntry testId="e3e378b1-e7db-240b-42c3-0c4596fd1993" executionId="51234147-2253-49d3-a01a-cf219a5e9dde" testListId="8c84fa94-04c1-424b-9868-57a2d4851a1d" />
  </TestEntries>
  <TestLists>
    <TestList name="Results Not in a List" id="8c84fa94-04c1-424b-9868-57a2d4851a1d" />
    <TestList name="All Loaded Results" id="19431567-8539-422a-85d7-44ee4e166bda" />
  </TestLists>
  <ResultSummary outcome="Completed">
    <Counters total="26" executed="26" passed="26" failed="0" error="0" timeout="0" aborted="0" inconclusive="0" passedButRunAborted="0" notRunnable="0" notExecuted="0" disconnected="0" warning="0" completed="0" inProgress="0" pending="0" />
    <Output>
      <StdOut>[xUnit.net 00:00:00.00] xUnit.net VSTest Adapter v3.1.4+50e68bbb8b (64-bit .NET 10.0.10)&#xD;
[xUnit.net 00:00:00.17]   Discovering: BG3HonorAssistant.Windows.Tests&#xD;
[xUnit.net 00:00:00.26]   Discovered:  BG3HonorAssistant.Windows.Tests&#xD;
[xUnit.net 00:00:00.31]   Starting:    BG3HonorAssistant.Windows.Tests&#xD;
[xUnit.net 00:00:07.30]   Finished:    BG3HonorAssistant.Windows.Tests&#xD;
</StdOut>
    </Output>
  </ResultSummary>
</TestRun>