<?xml version="1.0" encoding="utf-8"?>
<TestRun id="77febe2b-fb86-488f-b652-4333848969d4" name="jcarbs@JANCARBONELB5E7 2026-07-27 03:30:55" runUser="JANCARBONELB5E7\jcarbs" xmlns="http://microsoft.com/schemas/VisualStudio/TeamTest/2010">
  <Times creation="2026-07-27T03:30:55.9157224-07:00" queuing="2026-07-27T03:30:55.9157226-07:00" start="2026-07-27T03:30:55.2230423-07:00" finish="2026-07-27T03:30:56.2945042-07:00" />
  <TestSettings name="default" id="ed8bc897-3abf-452d-aba9-fde6cdc01d67">
    <Deployment runDeploymentRoot="jcarbs_JANCARBONELB5E7_2026-07-27_03_30_55" />
  </TestSettings>
  <Results>
    <UnitTestResult executionId="21b783f4-6dd4-43dc-b63e-12d714ea8cf0" testId="fa88d00b-45db-9e17-ed64-a2959908e3ba" testName="BG3HonorAssistant.Core.Tests.Route.CurrentGoalTests.LaterActUsesRequiredActTwoDataGapCopy" computerName="JANCARBONELB5E7" duration="00:00:00.0000705" startTime="2026-07-27T03:30:55.9589944-07:00" endTime="2026-07-27T03:30:55.9590147-07:00" testType="13cdc9d9-ddb5-4fa4-a97d-d965ccfc6d4b" outcome="Passed" testListId="8c84fa94-04c1-424b-9868-57a2d4851a1d" relativeResultsDirectory="21b783f4-6dd4-43dc-b63e-12d714ea8cf0" />
    <UnitTestResult executionId="e1f927f7-1030-47b3-b5f3-9a5e3fec6286" testId="71fc5b43-7fd5-2aab-5fc9-efba9514d4dd" testName="BG3HonorAssistant.Core.Tests.Overlay.PetAnimationModelTests.IdleLoopBeginsAfterJumpIntro(milliseconds: 1119, column: 0)" computerName="JANCARBONELB5E7" duration="00:00:00.0000015" startTime="2026-07-27T03:30:55.9154577-07:00" endTime="2026-07-27T03:30:55.9154759-07:00" testType="13cdc9d9-ddb5-4fa4-a97d-d965ccfc6d4b" outcome="Passed" testListId="8c84fa94-04c1-424b-9868-57a2d4851a1d" relativeResultsDirectory="e1f927f7-1030-47b3-b5f3-9a5e3fec6286" />
    <UnitTestResult executionId="dd9b1588-ebc5-44e5-9075-ba8e10097804" testId="a770361a-7b27-bad4-2c35-d8efc8d466da" testName="BG3HonorAssistant.Core.Tests.Models.AbilitySourceRulesTests.UniquePermanentSourceMovesBetweenPartyMembers" computerName="JANCARBONELB5E7" duration="00:00:00.0016464" startTime="2026-07-27T03:30:55.9858117-07:00" endTime="2026-07-27T03:30:55.9874429-07:00" testType="13cdc9d9-ddb5-4fa4-a97d-d965ccfc6d4b" outcome="Passed" testListId="8c84fa94-04c1-424b-9868-57a2d4851a1d" relativeResultsDirectory="dd9b1588-ebc5-44e5-9075-ba8e10097804" />
    <UnitTestResult executionId="f4b7acec-63ea-4fd4-97b9-7ff275fe6656" testId="49025648-f7be-5804-47e8-3a8b8e4ecd13" testName="BG3HonorAssistant.Core.Tests.Route.ActTransitionRulesTests.FinalizeActThreeRequiresReviewAndLocksLedger" computerName="JANCARBONELB5E7" duration="00:00:00.0007533" startTime="2026-07-27T03:30:56.0369340-07:00" endTime="2026-07-27T03:30:56.0384269-07:00" testType="13cdc9d9-ddb5-4fa4-a97d-d965ccfc6d4b" outcome="Passed" testListId="8c84fa94-04c1-424b-9868-57a2d4851a1d" relativeResultsDirectory="f4b7acec-63ea-4fd4-97b9-7ff275fe6656" />
    <UnitTestResult executionId="28a8d3ab-1f97-42aa-b4e5-3f9ff2f41d46" testId="251a1066-5e7b-c5da-9032-264f98ebe90b" testName="BG3HonorAssistant.Core.Tests.Route.RoutePlannerRulesTests.CoreFilterRemovesOptionalStepsAndAllGear" computerName="JANCARBONELB5E7" duration="00:00:00.0009905" startTime="2026-07-27T03:30:55.8664780-07:00" endTime="2026-07-27T03:30:55.8674306-07:00" testType="13cdc9d9-ddb5-4fa4-a97d-d965ccfc6d4b" outcome="Passed" testListId="8c84fa94-04c1-424b-9868-57a2d4851a1d" relativeResultsDirectory="28a8d3ab-1f97-42aa-b4e5-3f9ff2f41d46" />
    <UnitTestResult executionId="856c852f-bee1-419d-929d-de0212d5fb7d" testId="a0669024-3b78-29b5-105c-3047877c430c" testName="BG3HonorAssistant.Core.Tests.Route.RunSafetyTests.ReadinessDangerStatusFromExtremeDangerOrIrreversibleWarnings" computerName="JANCARBONELB5E7" duration="00:00:00.0003591" startTime="2026-07-27T03:30:56.0123269-07:00" endTime="2026-07-27T03:30:56.0124076-07:00" testType="13cdc9d9-ddb5-4fa4-a97d-d965ccfc6d4b" outcome="Passed" testListId="8c84fa94-04c1-424b-9868-57a2d4851a1d" relativeResultsDirectory="856c852f-bee1-419d-929d-de0212d5fb7d" />
    <UnitTestResult executionId="8d968308-4598-4540-b029-1f3d2119feb7" testId="951e311e-ee73-3d7b-ae94-43e8874eb5b0" testName="BG3HonorAssistant.Core.Tests.Models.GearLogicTests.RegionClusterUsesTheSameCrossActTable(region: &quot;Circus of the Last Days&quot;, expected: Rivington)" computerName="JANCARBONELB5E7" duration="00:00:00.0003198" startTime="2026-07-27T03:30:55.9952767-07:00" endTime="2026-07-27T03:30:55.9953218-07:00" testType="13cdc9d9-ddb5-4fa4-a97d-d965ccfc6d4b" outcome="Passed" testListId="8c84fa94-04c1-424b-9868-57a2d4851a1d" relativeResultsDirectory="8d968308-4598-4540-b029-1f3d2119feb7" />
    <UnitTestResult executionId="a4c5e0e4-1382-4693-8250-d5b92ee4cf7b" testId="f85707ec-1f25-bc88-9c6b-0f7250e8a6e3" testName="BG3HonorAssistant.Core.Tests.Route.ActTransitionRulesTests.TransitionGateMatchesOraclePrecedence(selectedAct: 1, nextActGuideExists: True, guideLoaded: True, routeAvailable: True, unresolvedGear: 0, expected: null)" computerName="JANCARBONELB5E7" duration="00:00:00.0000006" startTime="2026-07-27T03:30:56.0360090-07:00" endTime="2026-07-27T03:30:56.0360920-07:00" testType="13cdc9d9-ddb5-4fa4-a97d-d965ccfc6d4b" outcome="Passed" testListId="8c84fa94-04c1-424b-9868-57a2d4851a1d" relativeResultsDirectory="a4c5e0e4-1382-4693-8250-d5b92ee4cf7b" />
    <UnitTestResult executionId="a703148a-5513-48c6-a582-7edb6736ce0a" testId="bc2c1b77-a832-2aac-a805-c010714f3d6b" testName="BG3HonorAssistant.Core.Tests.Models.PartyPlanningRulesTests.ConflictAndRoutePickupsUseDeterministicPlannedOwner" computerName="JANCARBONELB5E7" duration="00:00:00.0244951" startTime="2026-07-27T03:30:55.9174017-07:00" endTime="2026-07-27T03:30:55.9395903-07:00" testType="13cdc9d9-ddb5-4fa4-a97d-d965ccfc6d4b" outcome="Passed" testListId="8c84fa94-04c1-424b-9868-57a2d4851a1d" relativeResultsDirectory="a703148a-5513-48c6-a582-7edb6736ce0a" />
    <UnitTestResult executionId="93eb345b-e16e-4921-bbac-4ac50131d4d6" testId="eb675ca6-50d3-d38c-6e5e-a1341601298a" testName="BG3HonorAssistant.Core.Tests.Models.ManualBuildTests.WizardSeparatesCantripsFromLevelledSpells" computerName="JANCARBONELB5E7" duration="00:00:00.0002111" startTime="2026-07-27T03:30:56.2585134-07:00" endTime="2026-07-27T03:30:56.2587020-07:00" testType="13cdc9d9-ddb5-4fa4-a97d-d965ccfc6d4b" outcome="Passed" testListId="8c84fa94-04c1-424b-9868-57a2d4851a1d" relativeResultsDirectory="93eb345b-e16e-4921-bbac-4ac50131d4d6" />
    <UnitTestResult executionId="921403b8-88d4-490b-9401-60ed2a0a3ded" testId="6b02e25d-f9df-1f13-423a-97fc74f2a3d7" testName="BG3HonorAssistant.Core.Tests.Models.PartyPlanningRulesTests.HirelingLimitIsThreeAndActiveHirelingCannotBeRemoved" computerName="JANCARBONELB5E7" duration="00:00:00.0061519" startTime="2026-07-27T03:30:55.9172460-07:00" endTime="2026-07-27T03:30:55.9173387-07:00" testType="13cdc9d9-ddb5-4fa4-a97d-d965ccfc6d4b" outcome="Passed" testListId="8c84fa94-04c1-424b-9868-57a2d4851a1d" relativeResultsDirectory="921403b8-88d4-490b-9401-60ed2a0a3ded" />
    <UnitTestResult executionId="0b537613-a805-4876-a6fc-a99d069c4348" testId="e8b41416-38df-2232-fda6-dc873f68dc4b" testName="BG3HonorAssistant.Core.Tests.Route.RunProgressRulesTests.ConsequentialSkipAndMuteAreExplicit" computerName="JANCARBONELB5E7" duration="00:00:00.0014789" startTime="2026-07-27T03:30:56.0229784-07:00" endTime="2026-07-27T03:30:56.0242107-07:00" testType="13cdc9d9-ddb5-4fa4-a97d-d965ccfc6d4b" outcome="Passed" testListId="8c84fa94-04c1-424b-9868-57a2d4851a1d" relativeResultsDirectory="0b537613-a805-4876-a6fc-a99d069c4348" />
    <UnitTestResult executionId="83d39aee-80a5-4661-9d6e-23fc8ebac8c4" testId="df790f53-6bb1-a8af-d831-7fffa2acdd7e" testName="BG3HonorAssistant.Core.Tests.Route.ActTransitionRulesTests.FinalGateMatchesOraclePrecedence(selectedAct: 3, guideLoaded: True, routeAvailable: True, activeSteps: 1, unresolvedGear: 0, expected: &quot;Resolve or deliberately skip 1 route step first.&quot;)" computerName="JANCARBONELB5E7" duration="00:00:00.0000290" startTime="2026-07-27T03:30:56.0313517-07:00" endTime="2026-07-27T03:30:56.0313791-07:00" testType="13cdc9d9-ddb5-4fa4-a97d-d965ccfc6d4b" outcome="Passed" testListId="8c84fa94-04c1-424b-9868-57a2d4851a1d" relativeResultsDirectory="83d39aee-80a5-4661-9d6e-23fc8ebac8c4" />
    <UnitTestResult executionId="f0641731-0a57-48cc-b4d2-b01213913bdf" testId="ec8325c4-7a57-0e13-1709-1bbb8f053e6e" testName="BG3HonorAssistant.Core.Tests.Chat.ChatPromptBuilderTests.RouteScopeRanksMatchingFactsAndDeduplicatesSources" computerName="JANCARBONELB5E7" duration="00:00:00.0211550" startTime="2026-07-27T03:30:55.9608987-07:00" endTime="2026-07-27T03:30:55.9824909-07:00" testType="13cdc9d9-ddb5-4fa4-a97d-d965ccfc6d4b" outcome="Passed" testListId="8c84fa94-04c1-424b-9868-57a2d4851a1d" relativeResultsDirectory="f0641731-0a57-48cc-b4d2-b01213913bdf" />
    <UnitTestResult executionId="3326d7b9-a378-416a-996f-4656ce007ddb" testId="ffe8c6b1-5e96-9b79-d767-01cc186c0df5" testName="BG3HonorAssistant.Core.Tests.Models.GearLogicTests.RouteRankUsesTheOracleActOrdering(region: &quot;Moonrise Towers&quot;, act: 2, expected: 3)" computerName="JANCARBONELB5E7" duration="00:00:00.0000012" startTime="2026-07-27T03:30:56.0001031-07:00" endTime="2026-07-27T03:30:56.0001298-07:00" testType="13cdc9d9-ddb5-4fa4-a97d-d965ccfc6d4b" outcome="Passed" testListId="8c84fa94-04c1-424b-9868-57a2d4851a1d" relativeResultsDirectory="3326d7b9-a378-416a-996f-4656ce007ddb" />
    <UnitTestResult executionId="8b4f067f-f262-4c37-a19c-0a68dac4dccd" testId="846f3570-4a2f-3f78-b5ee-d2015de853da" testName="BG3HonorAssistant.Core.Tests.Route.RunSafetyTests.RouteConsequencesIgnoreCaughtUpCheckpoints" computerName="JANCARBONELB5E7" duration="00:00:00.0001032" startTime="2026-07-27T03:30:56.0088926-07:00" endTime="2026-07-27T03:30:56.0089111-07:00" testType="13cdc9d9-ddb5-4fa4-a97d-d965ccfc6d4b" outcome="Passed" testListId="8c84fa94-04c1-424b-9868-57a2d4851a1d" relativeResultsDirectory="8b4f067f-f262-4c37-a19c-0a68dac4dccd" />
    <UnitTestResult executionId="c560691a-9408-4809-b764-7421961e3459" testId="13a52eb8-0361-5725-4df5-225f03078a81" testName="BG3HonorAssistant.Core.Tests.Route.RunSafetyTests.CompletionRequiredBlocksUntilCompleted" computerName="JANCARBONELB5E7" duration="00:00:00.0001320" startTime="2026-07-27T03:30:56.0124993-07:00" endTime="2026-07-27T03:30:56.0125694-07:00" testType="13cdc9d9-ddb5-4fa4-a97d-d965ccfc6d4b" outcome="Passed" testListId="8c84fa94-04c1-424b-9868-57a2d4851a1d" relativeResultsDirectory="c560691a-9408-4809-b764-7421961e3459" />
    <UnitTestResult executionId="8b2b86f1-0a85-4cda-b5b3-505154e064e5" testId="e74fa5d4-be3f-64f0-b578-1fbf017879e6" testName="BG3HonorAssistant.Core.Tests.Models.ManualBuildTests.FeatsExposeEveryLiveMacConditionalChoice" computerName="JANCARBONELB5E7" duration="00:00:00.0016031" startTime="2026-07-27T03:30:56.2557563-07:00" endTime="2026-07-27T03:30:56.2573573-07:00" testType="13cdc9d9-ddb5-4fa4-a97d-d965ccfc6d4b" outcome="Passed" testListId="8c84fa94-04c1-424b-9868-57a2d4851a1d" relativeResultsDirectory="8b2b86f1-0a85-4cda-b5b3-505154e064e5" />
    <UnitTestResult executionId="ea70b65c-be36-4564-8750-8a65719a3850" testId="91b035f4-7284-f872-4b6f-04eed3b514ee" testName="BG3HonorAssistant.Core.Tests.Models.ManualBuildTests.TankBuildSpellsAreInCurrentClassLists" computerName="JANCARBONELB5E7" duration="00:00:00.0001426" startTime="2026-07-27T03:30:56.2094964-07:00" endTime="2026-07-27T03:30:56.2096905-07:00" testType="13cdc9d9-ddb5-4fa4-a97d-d965ccfc6d4b" outcome="Passed" testListId="8c84fa94-04c1-424b-9868-57a2d4851a1d" relativeResultsDirectory="ea70b65c-be36-4564-8750-8a65719a3850" />
    <UnitTestResult executionId="a5bdc673-6ecf-49fd-b3a2-4f7dbd93318c" testId="0a2025c6-7010-b193-9fd0-3ff52626826e" testName="BG3HonorAssistant.Core.Tests.Route.ActTransitionRulesTests.FinalGateMatchesOraclePrecedence(selectedAct: 2, guideLoaded: False, routeAvailable: True, activeSteps: 0, unresolvedGear: 0, expected: &quot;Only Act 3 can complete the run.&quot;)" computerName="JANCARBONELB5E7" duration="00:00:00.0000038" startTime="2026-07-27T03:30:56.0283336-07:00" endTime="2026-07-27T03:30:56.0283763-07:00" testType="13cdc9d9-ddb5-4fa4-a97d-d965ccfc6d4b" outcome="Passed" testListId="8c84fa94-04c1-424b-9868-57a2d4851a1d" relativeResultsDirectory="a5bdc673-6ecf-49fd-b3a2-4f7dbd93318c" />
    <UnitTestResult executionId="8383f0b5-aba2-4ae7-9e5b-a788031b9cce" testId="1bf3e2fb-8264-b1d9-6171-4cb73b29ed37" testName="BG3HonorAssistant.Core.Tests.Chat.ChatPromptBuilderTests.GroundsCurrentScopeWithCurrentStepAndEightRecentTurns" computerName="JANCARBONELB5E7" duration="00:00:00.0030716" startTime="2026-07-27T03:30:55.9826899-07:00" endTime="2026-07-27T03:30:55.9853289-07:00" testType="13cdc9d9-ddb5-4fa4-a97d-d965ccfc6d4b" outcome="Passed" testListId="8c84fa94-04c1-424b-9868-57a2d4851a1d" relativeResultsDirectory="8383f0b5-aba2-4ae7-9e5b-a788031b9cce" />
    <UnitTestResult executionId="9ee7da5d-d736-4195-854d-b77a63a34683" testId="4d1d0179-b49d-ed02-6457-af6cdde1b70e" testName="BG3HonorAssistant.Core.Tests.Models.AbilityProgressionTests.ModifierUsesFloorForOddScores(score: 10, expected: 0)" computerName="JANCARBONELB5E7" duration="00:00:00.0002139" startTime="2026-07-27T03:30:56.0438298-07:00" endTime="2026-07-27T03:30:56.0439391-07:00" testType="13cdc9d9-ddb5-4fa4-a97d-d965ccfc6d4b" outcome="Passed" testListId="8c84fa94-04c1-424b-9868-57a2d4851a1d" relativeResultsDirectory="9ee7da5d-d736-4195-854d-b77a63a34683" />
    <UnitTestResult executionId="ad375514-a1e0-491d-af87-49c9a71c6472" testId="098afddd-34c4-92e7-c369-49d0a2516588" testName="BG3HonorAssistant.Core.Tests.Overlay.PetAnimationModelTests.PointerDirectionMatchesSixteenDirectionAtlas(x: 84, y: 45.359999999999999, row: 9, column: 4)" computerName="JANCARBONELB5E7" duration="00:00:00.0000030" startTime="2026-07-27T03:30:55.9140228-07:00" endTime="2026-07-27T03:30:55.9140423-07:00" testType="13cdc9d9-ddb5-4fa4-a97d-d965ccfc6d4b" outcome="Passed" testListId="8c84fa94-04c1-424b-9868-57a2d4851a1d" relativeResultsDirectory="ad375514-a1e0-491d-af87-49c9a71c6472" />
    <UnitTestResult executionId="1ffad99d-c343-4346-a6db-8167bdb4d100" testId="25c1203d-711b-41c0-8751-2bb148b18a3c" testName="BG3HonorAssistant.Core.Tests.Overlay.PetAnimationModelTests.PointerDirectionMatchesSixteenDirectionAtlas(x: 42, y: 0, row: 9, column: 0)" computerName="JANCARBONELB5E7" duration="00:00:00.0008262" startTime="2026-07-27T03:30:55.9134446-07:00" endTime="2026-07-27T03:30:55.9136754-07:00" testType="13cdc9d9-ddb5-4fa4-a97d-d965ccfc6d4b" outcome="Passed" testListId="8c84fa94-04c1-424b-9868-57a2d4851a1d" relativeResultsDirectory="1ffad99d-c343-4346-a6db-8167bdb4d100" />
    <UnitTestResult executionId="127f5257-3f1e-4455-90d0-83053ea3e70b" testId="1a0130d6-970f-1ed3-f1e9-eb160a177e16" testName="BG3HonorAssistant.Core.Tests.Route.RoutePlannerRulesTests.AllFilterGroupsPhasesAndWeavesMappedAndOtherPickups" computerName="JANCARBONELB5E7" duration="00:00:00.0054100" startTime="2026-07-27T03:30:55.8623904-07:00" endTime="2026-07-27T03:30:55.8663116-07:00" testType="13cdc9d9-ddb5-4fa4-a97d-d965ccfc6d4b" outcome="Passed" testListId="8c84fa94-04c1-424b-9868-57a2d4851a1d" relativeResultsDirectory="127f5257-3f1e-4455-90d0-83053ea3e70b" />
    <UnitTestResult executionId="0645faaa-0218-44b3-a1d1-9e3a54a21f73" testId="6747fdef-9d92-93aa-3c83-e54bcaf0756f" testName="BG3HonorAssistant.Core.Tests.Serialization.JsonDefaultsTests.ReadsSwiftReferenceDateNumbers(json: &quot;86400.5&quot;, expected: &quot;2001-01-02T00:00:00.5000000+00:00&quot;)" computerName="JANCARBONELB5E7" duration="00:00:00.0000508" startTime="2026-07-27T03:30:55.9161625-07:00" endTime="2026-07-27T03:30:55.9161808-07:00" testType="13cdc9d9-ddb5-4fa4-a97d-d965ccfc6d4b" outcome="Passed" testListId="8c84fa94-04c1-424b-9868-57a2d4851a1d" relativeResultsDirectory="0645faaa-0218-44b3-a1d1-9e3a54a21f73" />
    <UnitTestResult executionId="57b6ced0-844c-4d9e-9f28-2787286ea1c2" testId="6353d524-31a5-cd10-5399-d74b1360ffac" testName="BG3HonorAssistant.Core.Tests.Models.AbilityProgressionTests.ModifierUsesFloorForOddScores(score: 19, expected: 4)" computerName="JANCARBONELB5E7" duration="00:00:00.0000046" startTime="2026-07-27T03:30:56.0448206-07:00" endTime="2026-07-27T03:30:56.0448494-07:00" testType="13cdc9d9-ddb5-4fa4-a97d-d965ccfc6d4b" outcome="Passed" testListId="8c84fa94-04c1-424b-9868-57a2d4851a1d" relativeResultsDirectory="57b6ced0-844c-4d9e-9f28-2787286ea1c2" />
    <UnitTestResult executionId="96cd280f-b146-4d96-809d-df9d32c4f359" testId="7e0b6a49-34e4-ced6-e9da-f700a2bc6222" testName="BG3HonorAssistant.Core.Tests.Chat.ChatPromptBuilderTests.BlocksChatWhenRouteDataIsUnavailable" computerName="JANCARBONELB5E7" duration="00:00:00.0002609" startTime="2026-07-27T03:30:55.9855080-07:00" endTime="2026-07-27T03:30:55.9855713-07:00" testType="13cdc9d9-ddb5-4fa4-a97d-d965ccfc6d4b" outcome="Passed" testListId="8c84fa94-04c1-424b-9868-57a2d4851a1d" relativeResultsDirectory="96cd280f-b146-4d96-809d-df9d32c4f359" />
    <UnitTestResult executionId="0d2dc0fe-c2d4-488e-b18c-e23db601f9d0" testId="1f97b931-84a0-e720-2611-94e43a4b7ec4" testName="BG3HonorAssistant.Core.Tests.Route.ActTransitionRulesTests.FinalGateMatchesOraclePrecedence(selectedAct: 3, guideLoaded: True, routeAvailable: True, activeSteps: 2, unresolvedGear: 0, expected: &quot;Resolve or deliberately skip 2 route steps first.&quot;)" computerName="JANCARBONELB5E7" duration="00:00:00.0000062" startTime="2026-07-27T03:30:56.0324767-07:00" endTime="2026-07-27T03:30:56.0325295-07:00" testType="13cdc9d9-ddb5-4fa4-a97d-d965ccfc6d4b" outcome="Passed" testListId="8c84fa94-04c1-424b-9868-57a2d4851a1d" relativeResultsDirectory="0d2dc0fe-c2d4-488e-b18c-e23db601f9d0" />
    <UnitTestResult executionId="bdc5cec9-ab87-4444-8556-539f80aca865" testId="7b11a0ea-5e43-ac1c-3feb-49ceeb5025b1" testName="BG3HonorAssistant.Core.Tests.Models.ManualBuildTests.BuildArtworkLookupDoesNotDependOnAWindowsOutputDepth" computerName="JANCARBONELB5E7" duration="00:00:00.0046742" startTime="2026-07-27T03:30:56.2012852-07:00" endTime="2026-07-27T03:30:56.2058694-07:00" testType="13cdc9d9-ddb5-4fa4-a97d-d965ccfc6d4b" outcome="Passed" testListId="8c84fa94-04c1-424b-9868-57a2d4851a1d" relativeResultsDirectory="bdc5cec9-ab87-4444-8556-539f80aca865" />
    <UnitTestResult executionId="9b77a91c-4e09-47bf-b23e-254585ee8d89" testId="4ca58d4b-6cbf-7996-4f7f-8942c3002259" testName="BG3HonorAssistant.Core.Tests.Route.RouteDerivationTests.EncounterClassificationMatchesReviewedStepData(kind: &quot;exploration&quot;, decision: False, incident: False, expected: Explore)" computerName="JANCARBONELB5E7" duration="00:00:00.0000041" startTime="2026-07-27T03:30:55.9085410-07:00" endTime="2026-07-27T03:30:55.9087185-07:00" testType="13cdc9d9-ddb5-4fa4-a97d-d965ccfc6d4b" outcome="Passed" testListId="8c84fa94-04c1-424b-9868-57a2d4851a1d" relativeResultsDirectory="9b77a91c-4e09-47bf-b23e-254585ee8d89" />
    <UnitTestResult executionId="4eec9684-c6c2-4d5f-ba74-f4bc513d7639" testId="6ae2948d-44f9-aa2e-909e-26660b4e6781" testName="BG3HonorAssistant.Core.Tests.Models.ManualBuildTests.ConditionalChoicesRequireTheReviewedSelectionScope" computerName="JANCARBONELB5E7" duration="00:00:00.0002753" startTime="2026-07-27T03:30:56.2587489-07:00" endTime="2026-07-27T03:30:56.2590019-07:00" testType="13cdc9d9-ddb5-4fa4-a97d-d965ccfc6d4b" outcome="Passed" testListId="8c84fa94-04c1-424b-9868-57a2d4851a1d" relativeResultsDirectory="4eec9684-c6c2-4d5f-ba74-f4bc513d7639" />
    <UnitTestResult executionId="f46ae786-da42-42f6-817b-fd360c30d0ee" testId="7a6834b7-ca68-82f6-40b5-522a6f7a34f8" testName="BG3HonorAssistant.Core.Tests.Models.PartyPlanningRulesTests.AddHirelingUsesStableIdentityAndOracleLevelFloor" computerName="JANCARBONELB5E7" duration="00:00:00.0002910" startTime="2026-07-27T03:30:55.9574723-07:00" endTime="2026-07-27T03:30:55.9577476-07:00" testType="13cdc9d9-ddb5-4fa4-a97d-d965ccfc6d4b" outcome="Passed" testListId="8c84fa94-04c1-424b-9868-57a2d4851a1d" relativeResultsDirectory="f46ae786-da42-42f6-817b-fd360c30d0ee" />
    <UnitTestResult executionId="1367da7d-c94e-4543-b42d-1ab586f42962" testId="50c7b5ad-35e8-a070-6fe0-d5f7d967bb5f" testName="BG3HonorAssistant.Core.Tests.Serialization.JsonDefaultsTests.ReadsSwiftReferenceDateNumbers(json: &quot;-978307200&quot;, expected: &quot;1970-01-01T00:00:00+00:00&quot;)" computerName="JANCARBONELB5E7" duration="00:00:00.0169951" startTime="2026-07-27T03:30:55.9159046-07:00" endTime="2026-07-27T03:30:55.9160785-07:00" testType="13cdc9d9-ddb5-4fa4-a97d-d965ccfc6d4b" outcome="Passed" testListId="8c84fa94-04c1-424b-9868-57a2d4851a1d" relativeResultsDirectory="1367da7d-c94e-4543-b42d-1ab586f42962" />
    <UnitTestResult executionId="419b4574-98b2-44c1-86d5-39eff83ef171" testId="f74de31e-9f66-239c-6eb5-ff0e6e893aab" testName="BG3HonorAssistant.Core.Tests.Models.AbilityProgressionTests.StructuredLevelGainWaitsUntilSetupIsRecordedApplied" computerName="JANCARBONELB5E7" duration="00:00:00.0001191" startTime="2026-07-27T03:30:56.0465747-07:00" endTime="2026-07-27T03:30:56.0466122-07:00" testType="13cdc9d9-ddb5-4fa4-a97d-d965ccfc6d4b" outcome="Passed" testListId="8c84fa94-04c1-424b-9868-57a2d4851a1d" relativeResultsDirectory="419b4574-98b2-44c1-86d5-39eff83ef171" />
    <UnitTestResult executionId="c2a921ad-d3fa-4551-b4c0-6d87c6da8a9f" testId="3c0b8c3b-f677-1d1e-6a67-2ad301e797b7" testName="BG3HonorAssistant.Core.Tests.Route.ActTransitionRulesTests.LegacyLockedActReconstructsKnownGearAndKeepsRouteOrder" computerName="JANCARBONELB5E7" duration="00:00:00.0026815" startTime="2026-07-27T03:30:56.0327423-07:00" endTime="2026-07-27T03:30:56.0344098-07:00" testType="13cdc9d9-ddb5-4fa4-a97d-d965ccfc6d4b" outcome="Passed" testListId="8c84fa94-04c1-424b-9868-57a2d4851a1d" relativeResultsDirectory="c2a921ad-d3fa-4551-b4c0-6d87c6da8a9f" />
    <UnitTestResult executionId="76d76d06-fa23-43a5-bd93-a66542a85e12" testId="bbb2b18b-e3c7-9e09-8c8a-9752cb71e552" testName="BG3HonorAssistant.Core.Tests.Route.RouteDerivationTests.ActivityPlanDistinguishesLevelGateAndSelectedMainFight" computerName="JANCARBONELB5E7" duration="00:00:00.0003495" startTime="2026-07-27T03:30:55.9159717-07:00" endTime="2026-07-27T03:30:55.9159909-07:00" testType="13cdc9d9-ddb5-4fa4-a97d-d965ccfc6d4b" outcome="Passed" testListId="8c84fa94-04c1-424b-9868-57a2d4851a1d" relativeResultsDirectory="76d76d06-fa23-43a5-bd93-a66542a85e12" />
    <UnitTestResult executionId="e8f07dbb-948d-49b3-ba91-80eda4cb7fb0" testId="31c0f6bc-fb3f-7d0e-c327-3ffcdd80e6d5" testName="BG3HonorAssistant.Core.Tests.Models.GearLogicTests.RouteRankUsesTheOracleActOrdering(region: &quot;Shattered Sanctum&quot;, act: 1, expected: 5)" computerName="JANCARBONELB5E7" duration="00:00:00.0000755" startTime="2026-07-27T03:30:55.9992702-07:00" endTime="2026-07-27T03:30:55.9992980-07:00" testType="13cdc9d9-ddb5-4fa4-a97d-d965ccfc6d4b" outcome="Passed" testListId="8c84fa94-04c1-424b-9868-57a2d4851a1d" relativeResultsDirectory="e8f07dbb-948d-49b3-ba91-80eda4cb7fb0" />
    <UnitTestResult executionId="2bf3cee4-812d-4211-b0b7-e6ab6aa83709" testId="b13142a0-2342-c42d-be6d-72f3dc46ae18" testName="BG3HonorAssistant.Core.Tests.Models.HonorRunBehaviorTests.RosterTransitionsEnforceEligibilityAndFourActiveLimit" computerName="JANCARBONELB5E7" duration="00:00:00.0003647" startTime="2026-07-27T03:30:56.0488627-07:00" endTime="2026-07-27T03:30:56.0491499-07:00" testType="13cdc9d9-ddb5-4fa4-a97d-d965ccfc6d4b" outcome="Passed" testListId="8c84fa94-04c1-424b-9868-57a2d4851a1d" relativeResultsDirectory="2bf3cee4-812d-4211-b0b7-e6ab6aa83709" />
    <UnitTestResult executionId="f39b466b-fbce-42f1-aed0-5e335035c2e4" testId="896a2af8-710c-5c76-84bd-0fd5966178e8" testName="BG3HonorAssistant.Core.Tests.Models.AbilityProgressionTests.ModifierUsesFloorForOddScores(score: 20, expected: 5)" computerName="JANCARBONELB5E7" duration="00:00:00.0000097" startTime="2026-07-27T03:30:56.0451515-07:00" endTime="2026-07-27T03:30:56.0451923-07:00" testType="13cdc9d9-ddb5-4fa4-a97d-d965ccfc6d4b" outcome="Passed" testListId="8c84fa94-04c1-424b-9868-57a2d4851a1d" relativeResultsDirectory="f39b466b-fbce-42f1-aed0-5e335035c2e4" />
    <UnitTestResult executionId="2ba9724a-4bd0-465e-9782-9e9edf365969" testId="543b8829-7a8e-5456-a13e-33ac78271946" testName="BG3HonorAssistant.Core.Tests.Route.RunProgressRulesTests.CheckpointDispositionUpdatesChecklistRecordAndOwnedStep" computerName="JANCARBONELB5E7" duration="00:00:00.0007068" startTime="2026-07-27T03:30:56.0219161-07:00" endTime="2026-07-27T03:30:56.0226919-07:00" testType="13cdc9d9-ddb5-4fa4-a97d-d965ccfc6d4b" outcome="Passed" testListId="8c84fa94-04c1-424b-9868-57a2d4851a1d" relativeResultsDirectory="2ba9724a-4bd0-465e-9782-9e9edf365969" />
    <UnitTestResult executionId="98bf43c0-0831-4ff6-a7c6-037d1d564d57" testId="04eb8ab6-9cf2-85f9-4ec0-1593dd3d5750" testName="BG3HonorAssistant.Core.Tests.Models.GearLogicTests.PriorityRankMatchesTheMacTable(priority: &quot;Endgame&quot;, expected: 9)" computerName="JANCARBONELB5E7" duration="00:00:00.0000013" startTime="2026-07-27T03:30:55.9991534-07:00" endTime="2026-07-27T03:30:55.9991740-07:00" testType="13cdc9d9-ddb5-4fa4-a97d-d965ccfc6d4b" outcome="Passed" testListId="8c84fa94-04c1-424b-9868-57a2d4851a1d" relativeResultsDirectory="98bf43c0-0831-4ff6-a7c6-037d1d564d57" />
    <UnitTestResult executionId="7e270307-6a65-4b2f-83f4-2e80251c380f" testId="f538a756-75b1-ebcc-c56b-f3860ada2420" testName="BG3HonorAssistant.Core.Tests.Overlay.PetAnimationModelTests.HoverIntroUsesAuthoredJumpTiming(milliseconds: 0, column: 0)" computerName="JANCARBONELB5E7" duration="00:00:00.0000010" startTime="2026-07-27T03:30:55.9151957-07:00" endTime="2026-07-27T03:30:55.9152142-07:00" testType="13cdc9d9-ddb5-4fa4-a97d-d965ccfc6d4b" outcome="Passed" testListId="8c84fa94-04c1-424b-9868-57a2d4851a1d" relativeResultsDirectory="7e270307-6a65-4b2f-83f4-2e80251c380f" />
    <UnitTestResult executionId="fb9311aa-cf8d-4684-8974-cdc2174f7705" testId="5b00d1d4-3a69-c454-f7ab-dc55632dfced" testName="BG3HonorAssistant.Core.Tests.Route.CurrentGoalTests.SelectionUsesMacOraclePrecedence" computerName="JANCARBONELB5E7" duration="00:00:00.0005648" startTime="2026-07-27T03:30:55.9578941-07:00" endTime="2026-07-27T03:30:55.9584652-07:00" testType="13cdc9d9-ddb5-4fa4-a97d-d965ccfc6d4b" outcome="Passed" testListId="8c84fa94-04c1-424b-9868-57a2d4851a1d" relativeResultsDirectory="fb9311aa-cf8d-4684-8974-cdc2174f7705" />
    <UnitTestResult executionId="3e73a452-4ef7-4756-9b00-58e6e7d92c40" testId="339cf827-204b-82df-58ae-f27e956543d5" testName="BG3HonorAssistant.Core.Tests.Overlay.PetAnimationModelTests.IdleLoopBeginsAfterJumpIntro(milliseconds: 840, column: 0)" computerName="JANCARBONELB5E7" duration="00:00:00.0000914" startTime="2026-07-27T03:30:55.9153134-07:00" endTime="2026-07-27T03:30:55.9153316-07:00" testType="13cdc9d9-ddb5-4fa4-a97d-d965ccfc6d4b" outcome="Passed" testListId="8c84fa94-04c1-424b-9868-57a2d4851a1d" relativeResultsDirectory="3e73a452-4ef7-4756-9b00-58e6e7d92c40" />
    <UnitTestResult executionId="db365f4e-1db6-490a-a90f-bc211d8bb947" testId="06ac9a9d-7eb7-1cbf-029a-7be5c1b510e0" testName="BG3HonorAssistant.Core.Tests.Models.AbilityProgressionTests.StructuredSourcesRespectAppliedSetupEquipmentAndModifierOrder" computerName="JANCARBONELB5E7" duration="00:00:00.0036312" startTime="2026-07-27T03:30:56.0397612-07:00" endTime="2026-07-27T03:30:56.0434381-07:00" testType="13cdc9d9-ddb5-4fa4-a97d-d965ccfc6d4b" outcome="Passed" testListId="8c84fa94-04c1-424b-9868-57a2d4851a1d" relativeResultsDirectory="db365f4e-1db6-490a-a90f-bc211d8bb947" />
    <UnitTestResult executionId="05ded7f9-0b8a-4efa-834e-eebf1b8c104f" testId="4424ebc8-5dce-6378-b4c7-ef85e8947cc3" testName="BG3HonorAssistant.Core.Tests.Route.ActTransitionRulesTests.ReviewStatusPrefersLockedLedgerThenEquippedThenEditableReview" computerName="JANCARBONELB5E7" duration="00:00:00.0006866" startTime="2026-07-27T03:30:56.0361955-07:00" endTime="2026-07-27T03:30:56.0362152-07:00" testType="13cdc9d9-ddb5-4fa4-a97d-d965ccfc6d4b" outcome="Passed" testListId="8c84fa94-04c1-424b-9868-57a2d4851a1d" relativeResultsDirectory="05ded7f9-0b8a-4efa-834e-eebf1b8c104f" />
    <UnitTestResult executionId="5feb2827-c54a-4ae8-8769-285fd54efec4" testId="8c4049bb-516b-25e5-58e7-7367cd3599ef" testName="BG3HonorAssistant.Core.Tests.Route.RoutePlannerRulesTests.NextThreeAndArchiveProgressPreserveDispositionSemantics" computerName="JANCARBONELB5E7" duration="00:00:00.0225923" startTime="2026-07-27T03:30:55.8362885-07:00" endTime="2026-07-27T03:30:55.8609332-07:00" testType="13cdc9d9-ddb5-4fa4-a97d-d965ccfc6d4b" outcome="Passed" testListId="8c84fa94-04c1-424b-9868-57a2d4851a1d" relativeResultsDirectory="5feb2827-c54a-4ae8-8769-285fd54efec4" />
    <UnitTestResult executionId="0f512022-b2dc-4da3-9b26-95845b8d1690" testId="f5aed1d9-d055-940b-69c7-6f9019d8489b" testName="BG3HonorAssistant.Core.Tests.Models.GearLogicTests.MatchingStepsUsesContainmentInEitherDirectionAndRouteOrder" computerName="JANCARBONELB5E7" duration="00:00:00.0007391" startTime="2026-07-27T03:30:56.0050547-07:00" endTime="2026-07-27T03:30:56.0057828-07:00" testType="13cdc9d9-ddb5-4fa4-a97d-d965ccfc6d4b" outcome="Passed" testListId="8c84fa94-04c1-424b-9868-57a2d4851a1d" relativeResultsDirectory="0f512022-b2dc-4da3-9b26-95845b8d1690" />
    <UnitTestResult executionId="bfc7bdd4-8763-49d4-bbd3-b2e248db7fe3" testId="fbeda5c1-1264-f3eb-7fc1-fff3dbee6ebd" testName="BG3HonorAssistant.Core.Tests.Route.RouteDerivationTests.ActivityPlanLabelsSafeXpAndNamesTheCoreChallenge" computerName="JANCARBONELB5E7" duration="00:00:00.0128530" startTime="2026-07-27T03:30:55.9149124-07:00" endTime="2026-07-27T03:30:55.9159243-07:00" testType="13cdc9d9-ddb5-4fa4-a97d-d965ccfc6d4b" outcome="Passed" testListId="8c84fa94-04c1-424b-9868-57a2d4851a1d" relativeResultsDirectory="bfc7bdd4-8763-49d4-bbd3-b2e248db7fe3" />
    <UnitTestResult executionId="c798efc2-2427-4692-ae55-767b2fa47453" testId="76e11736-2fa0-0a76-01cf-d44f7fb8ca56" testName="BG3HonorAssistant.Core.Tests.Models.OnboardingTests.WindowsMvpExplicitlyExcludesLocalModels" computerName="JANCARBONELB5E7" duration="00:00:00.0000339" startTime="2026-07-27T03:30:55.9037295-07:00" endTime="2026-07-27T03:30:55.9037736-07:00" testType="13cdc9d9-ddb5-4fa4-a97d-d965ccfc6d4b" outcome="Passed" testListId="8c84fa94-04c1-424b-9868-57a2d4851a1d" relativeResultsDirectory="c798efc2-2427-4692-ae55-767b2fa47453" />
    <UnitTestResult executionId="dc5ebc9d-685d-4dcb-a918-37ec4698ea4d" testId="2c9fdc05-c805-cf22-3848-3521e0e8c8f9" testName="BG3HonorAssistant.Core.Tests.Route.ActTransitionRulesTests.FinalGateMatchesOraclePrecedence(selectedAct: 3, guideLoaded: False, routeAvailable: True, activeSteps: 0, unresolvedGear: 0, expected: &quot;Act 3 guide data must finish loading first.&quot;)" computerName="JANCARBONELB5E7" duration="00:00:00.0000018" startTime="2026-07-27T03:30:56.0326558-07:00" endTime="2026-07-27T03:30:56.0326764-07:00" testType="13cdc9d9-ddb5-4fa4-a97d-d965ccfc6d4b" outcome="Passed" testListId="8c84fa94-04c1-424b-9868-57a2d4851a1d" relativeResultsDirectory="dc5ebc9d-685d-4dcb-a918-37ec4698ea4d" />
    <UnitTestResult executionId="24c37231-89a6-4655-a3b1-77563b0f0f1b" testId="d1e9158b-5dc7-1f6c-90be-5a55f07f8b4c" testName="BG3HonorAssistant.Core.Tests.Route.RouteDerivationTests.EncounterClassificationMatchesReviewedStepData(kind: &quot;dialogue&quot;, decision: False, incident: False, expected: Talk)" computerName="JANCARBONELB5E7" duration="00:00:00.0022454" startTime="2026-07-27T03:30:55.9081269-07:00" endTime="2026-07-27T03:30:55.9082512-07:00" testType="13cdc9d9-ddb5-4fa4-a97d-d965ccfc6d4b" outcome="Passed" testListId="8c84fa94-04c1-424b-9868-57a2d4851a1d" relativeResultsDirectory="24c37231-89a6-4655-a3b1-77563b0f0f1b" />
    <UnitTestResult executionId="99ed59a6-6c5f-40b0-9567-54bb4a9a69aa" testId="1e857848-f973-072b-dee1-77cf2f5caa89" testName="BG3HonorAssistant.Core.Tests.Models.OnboardingTests.ProviderSetupStepIsPresentForBothOnboardingPaths" computerName="JANCARBONELB5E7" duration="00:00:00.0035439" startTime="2026-07-27T03:30:55.8625360-07:00" endTime="2026-07-27T03:30:55.8650864-07:00" testType="13cdc9d9-ddb5-4fa4-a97d-d965ccfc6d4b" outcome="Passed" testListId="8c84fa94-04c1-424b-9868-57a2d4851a1d" relativeResultsDirectory="99ed59a6-6c5f-40b0-9567-54bb4a9a69aa" />
    <UnitTestResult executionId="e96d2d85-71b2-429f-9606-f58d72f9b0d0" testId="46788296-0987-4674-d248-4347d2c071d2" testName="BG3HonorAssistant.Core.Tests.Models.GearLogicTests.PriorityRankMatchesTheMacTable(priority: &quot;Defence&quot;, expected: 5)" computerName="JANCARBONELB5E7" duration="00:00:00.0000019" startTime="2026-07-27T03:30:55.9990909-07:00" endTime="2026-07-27T03:30:55.9991094-07:00" testType="13cdc9d9-ddb5-4fa4-a97d-d965ccfc6d4b" outcome="Passed" testListId="8c84fa94-04c1-424b-9868-57a2d4851a1d" relativeResultsDirectory="e96d2d85-71b2-429f-9606-f58d72f9b0d0" />
    <UnitTestResult executionId="a174d8c6-52db-4917-bc32-5f891d4aa41d" testId="98c32424-3921-9bec-dea8-765b293ecfe4" testName="BG3HonorAssistant.Core.Tests.Route.ActTransitionRulesTests.HistoricConsequencesUseRecordedCountWithoutInventingDetails" computerName="JANCARBONELB5E7" duration="00:00:00.0009353" startTime="2026-07-27T03:30:56.0362813-07:00" endTime="2026-07-27T03:30:56.0368046-07:00" testType="13cdc9d9-ddb5-4fa4-a97d-d965ccfc6d4b" outcome="Passed" testListId="8c84fa94-04c1-424b-9868-57a2d4851a1d" relativeResultsDirectory="a174d8c6-52db-4917-bc32-5f891d4aa41d" />
    <UnitTestResult executionId="226749ea-ee80-45c4-bea9-9cee404cb834" testId="c8aae175-26f5-adb9-71de-f56335115f13" testName="BG3HonorAssistant.Core.Tests.Models.ManualBuildTests.ClassChoiceContinuesUntilAnExplicitMulticlassBreak" computerName="JANCARBONELB5E7" duration="00:00:00.0006457" startTime="2026-07-27T03:30:56.2578459-07:00" endTime="2026-07-27T03:30:56.2584659-07:00" testType="13cdc9d9-ddb5-4fa4-a97d-d965ccfc6d4b" outcome="Passed" testListId="8c84fa94-04c1-424b-9868-57a2d4851a1d" relativeResultsDirectory="226749ea-ee80-45c4-bea9-9cee404cb834" />
    <UnitTestResult executionId="b12ac6a5-c0fe-4a8a-a099-d07243a3500e" testId="23fcf370-7c1b-f6ae-10b1-ae7acc7051a9" testName="BG3HonorAssistant.Core.Tests.Serialization.JsonDefaultsTests.ReadsSwiftReferenceDateNumbers(json: &quot;0&quot;, expected: &quot;2001-01-01T00:00:00+00:00&quot;)" computerName="JANCARBONELB5E7" duration="00:00:00.0007532" startTime="2026-07-27T03:30:55.9161118-07:00" endTime="2026-07-27T03:30:55.9161320-07:00" testType="13cdc9d9-ddb5-4fa4-a97d-d965ccfc6d4b" outcome="Passed" testListId="8c84fa94-04c1-424b-9868-57a2d4851a1d" relativeResultsDirectory="b12ac6a5-c0fe-4a8a-a099-d07243a3500e" />
    <UnitTestResult executionId="8c7ef493-fb46-4041-b687-730d6259b508" testId="22cd40ce-ccf8-6868-523d-fbf61ad5b66b" testName="BG3HonorAssistant.Core.Tests.Models.ManualBuildTests.AbilityImprovementRecordsItsAllocationAtTheSameLevel" computerName="JANCARBONELB5E7" duration="00:00:00.0002027" startTime="2026-07-27T03:30:56.2574434-07:00" endTime="2026-07-27T03:30:56.2575775-07:00" testType="13cdc9d9-ddb5-4fa4-a97d-d965ccfc6d4b" outcome="Passed" testListId="8c84fa94-04c1-424b-9868-57a2d4851a1d" relativeResultsDirectory="8c7ef493-fb46-4041-b687-730d6259b508" />
    <UnitTestResult executionId="03d9bd73-f00d-4a30-a8d0-d91c5669c726" testId="1bcb4a15-feea-d963-b06b-9a14a3460773" testName="BG3HonorAssistant.Core.Tests.Models.GearLogicTests.RegionClusterUsesTheSameCrossActTable(region: &quot;Sunlit Wetlands / Riverside Teahouse&quot;, expected: Wilderness)" computerName="JANCARBONELB5E7" duration="00:00:00.0000034" startTime="2026-07-27T03:30:55.9954860-07:00" endTime="2026-07-27T03:30:55.9955161-07:00" testType="13cdc9d9-ddb5-4fa4-a97d-d965ccfc6d4b" outcome="Passed" testListId="8c84fa94-04c1-424b-9868-57a2d4851a1d" relativeResultsDirectory="03d9bd73-f00d-4a30-a8d0-d91c5669c726" />
    <UnitTestResult executionId="b9b8b0ea-83e6-4488-838a-21138d1c335c" testId="a64e0ba9-437d-d487-00e0-67b4da3b601a" testName="BG3HonorAssistant.Core.Tests.Route.RouteDerivationTests.EncounterClassificationMatchesReviewedStepData(kind: &quot;pickup&quot;, decision: False, incident: False, expected: Pickup)" computerName="JANCARBONELB5E7" duration="00:00:00.0000019" startTime="2026-07-27T03:30:55.9088216-07:00" endTime="2026-07-27T03:30:55.9088451-07:00" testType="13cdc9d9-ddb5-4fa4-a97d-d965ccfc6d4b" outcome="Passed" testListId="8c84fa94-04c1-424b-9868-57a2d4851a1d" relativeResultsDirectory="b9b8b0ea-83e6-4488-838a-21138d1c335c" />
    <UnitTestResult executionId="4a9985f1-52ca-456c-93d8-7dafeaf61ade" testId="1f7e8cfd-105a-2420-b524-08a3831d1c9e" testName="BG3HonorAssistant.Core.Tests.Route.RouteDerivationTests.EncounterClassificationMatchesReviewedStepData(kind: &quot;major_fight&quot;, decision: False, incident: False, expected: Fight)" computerName="JANCARBONELB5E7" duration="00:00:00.0000014" startTime="2026-07-27T03:30:55.9131212-07:00" endTime="2026-07-27T03:30:55.9132114-07:00" testType="13cdc9d9-ddb5-4fa4-a97d-d965ccfc6d4b" outcome="Passed" testListId="8c84fa94-04c1-424b-9868-57a2d4851a1d" relativeResultsDirectory="4a9985f1-52ca-456c-93d8-7dafeaf61ade" />
    <UnitTestResult executionId="ef0bfcb2-17bc-48ea-8fe7-b613bd040c6d" testId="0a37a4d4-bf90-808f-84fb-ff5aedc43189" testName="BG3HonorAssistant.Core.Tests.Route.RunSafetyTests.CaughtUpSatisfiesOutcomeRequiredWithoutRecordedOutcome" computerName="JANCARBONELB5E7" duration="00:00:00.0000735" startTime="2026-07-27T03:30:56.0118025-07:00" endTime="2026-07-27T03:30:56.0118352-07:00" testType="13cdc9d9-ddb5-4fa4-a97d-d965ccfc6d4b" outcome="Passed" testListId="8c84fa94-04c1-424b-9868-57a2d4851a1d" relativeResultsDirectory="ef0bfcb2-17bc-48ea-8fe7-b613bd040c6d" />
    <UnitTestResult executionId="5df08341-ff80-49ce-9387-34e76b9bbbe2" testId="7165546a-f0c8-defc-b92a-0e011025b988" testName="BG3HonorAssistant.Core.Tests.Models.GearLogicTests.RouteRankUsesTheOracleActOrdering(region: &quot;Unmapped Place&quot;, act: 9, expected: 0)" computerName="JANCARBONELB5E7" duration="00:00:00.0000008" startTime="2026-07-27T03:30:55.9994914-07:00" endTime="2026-07-27T03:30:55.9995093-07:00" testType="13cdc9d9-ddb5-4fa4-a97d-d965ccfc6d4b" outcome="Passed" testListId="8c84fa94-04c1-424b-9868-57a2d4851a1d" relativeResultsDirectory="5df08341-ff80-49ce-9387-34e76b9bbbe2" />
    <UnitTestResult executionId="af6e1d22-dbe0-47cc-b8ea-6ee5efa75ef1" testId="8f03a7e6-3f1f-0441-5f7c-ee2d64f7b758" testName="BG3HonorAssistant.Core.Tests.Models.ManualBuildTests.LegacyRunsReceiveBalancedDifficultyAndFullRoute" computerName="JANCARBONELB5E7" duration="00:00:00.0028267" startTime="2026-07-27T03:30:56.0130319-07:00" endTime="2026-07-27T03:30:56.0159243-07:00" testType="13cdc9d9-ddb5-4fa4-a97d-d965ccfc6d4b" outcome="Passed" testListId="8c84fa94-04c1-424b-9868-57a2d4851a1d" relativeResultsDirectory="af6e1d22-dbe0-47cc-b8ea-6ee5efa75ef1" />
    <UnitTestResult executionId="b744e127-bc9a-44be-94da-f260d0b07352" testId="31a04eb3-32e0-fc9b-c08c-c294fe0fd050" testName="BG3HonorAssistant.Core.Tests.Models.GearLogicTests.RouteAndEquipmentTargetsReplaceEachOther" computerName="JANCARBONELB5E7" duration="00:00:00.0004681" startTime="2026-07-27T03:30:56.0064206-07:00" endTime="2026-07-27T03:30:56.0069059-07:00" testType="13cdc9d9-ddb5-4fa4-a97d-d965ccfc6d4b" outcome="Passed" testListId="8c84fa94-04c1-424b-9868-57a2d4851a1d" relativeResultsDirectory="b744e127-bc9a-44be-94da-f260d0b07352" />
    <UnitTestResult executionId="f321b79e-0ef1-4177-a6d4-8874675cef8d" testId="1a1f1ce6-e083-711f-80c2-cc1111735d4c" testName="BG3HonorAssistant.Core.Tests.Route.ActTransitionRulesTests.AdvanceRequiresExplicitConsequenceConsentAndLocksCompleteSnapshot" computerName="JANCARBONELB5E7" duration="00:00:00.0022778" startTime="2026-07-27T03:30:56.0385339-07:00" endTime="2026-07-27T03:30:56.0396406-07:00" testType="13cdc9d9-ddb5-4fa4-a97d-d965ccfc6d4b" outcome="Passed" testListId="8c84fa94-04c1-424b-9868-57a2d4851a1d" relativeResultsDirectory="f321b79e-0ef1-4177-a6d4-8874675cef8d" />
    <UnitTestResult executionId="1b37062e-2d2f-4b90-b41c-cbe0d369a64b" testId="fd4d0634-f073-9c80-09b3-5856edca77c0" testName="BG3HonorAssistant.Core.Tests.Overlay.PetAnimationModelTests.PointerDirectionMatchesSixteenDirectionAtlas(x: 42, y: 90.719999999999999, row: 10, column: 0)" computerName="JANCARBONELB5E7" duration="00:00:00.0000017" startTime="2026-07-27T03:30:55.9141352-07:00" endTime="2026-07-27T03:30:55.9141545-07:00" testType="13cdc9d9-ddb5-4fa4-a97d-d965ccfc6d4b" outcome="Passed" testListId="8c84fa94-04c1-424b-9868-57a2d4851a1d" relativeResultsDirectory="1b37062e-2d2f-4b90-b41c-cbe0d369a64b" />
    <UnitTestResult executionId="836b86dd-dbdd-4c4c-9feb-debdea508c2c" testId="f7bbbd76-47b4-93b0-31f7-66d97a5ff2f6" testName="BG3HonorAssistant.Core.Tests.Serialization.JsonDefaultsTests.UsesSwiftCompatibleCamelCaseEnumValues" computerName="JANCARBONELB5E7" duration="00:00:00.0084223" startTime="2026-07-27T03:30:55.9162837-07:00" endTime="2026-07-27T03:30:55.9163086-07:00" testType="13cdc9d9-ddb5-4fa4-a97d-d965ccfc6d4b" outcome="Passed" testListId="8c84fa94-04c1-424b-9868-57a2d4851a1d" relativeResultsDirectory="836b86dd-dbdd-4c4c-9feb-debdea508c2c" />
    <UnitTestResult executionId="4bfef375-6d4f-445b-acd3-b0d28ef1f6bb" testId="0bcf9e68-89c2-a02c-0877-467a2c8912a4" testName="BG3HonorAssistant.Core.Tests.Overlay.PetAnimationModelTests.IdleLoopBeginsAfterJumpIntro(milliseconds: 1230, column: 2)" computerName="JANCARBONELB5E7" duration="00:00:00.0000017" startTime="2026-07-27T03:30:55.9153919-07:00" endTime="2026-07-27T03:30:55.9154108-07:00" testType="13cdc9d9-ddb5-4fa4-a97d-d965ccfc6d4b" outcome="Passed" testListId="8c84fa94-04c1-424b-9868-57a2d4851a1d" relativeResultsDirectory="4bfef375-6d4f-445b-acd3-b0d28ef1f6bb" />
    <UnitTestResult executionId="67416755-1817-43df-85d3-b154c5e475d7" testId="f4635e4b-d4d0-4ff4-d119-81ca2420830d" testName="BG3HonorAssistant.Core.Tests.Chat.ChatPromptBuilderTests.DecodesStrictAnswer(content: &quot;{\&quot;answer\&quot;:\&quot;Use the bridge.\&quot;}&quot;, expected: &quot;Use the bridge.&quot;)" computerName="JANCARBONELB5E7" duration="00:00:00.0000922" startTime="2026-07-27T03:30:55.9607170-07:00" endTime="2026-07-27T03:30:55.9607365-07:00" testType="13cdc9d9-ddb5-4fa4-a97d-d965ccfc6d4b" outcome="Passed" testListId="8c84fa94-04c1-424b-9868-57a2d4851a1d" relativeResultsDirectory="67416755-1817-43df-85d3-b154c5e475d7" />
    <UnitTestResult executionId="7670bd9a-682d-4892-9ee1-4f1e01121bf6" testId="cf30b3ad-d52a-e4ab-17d0-5dca58e825ad" testName="BG3HonorAssistant.Core.Tests.Route.ActTransitionRulesTests.FinalGateMatchesOraclePrecedence(selectedAct: 3, guideLoaded: True, routeAvailable: True, activeSteps: 0, unresolvedGear: 0, expected: null)" computerName="JANCARBONELB5E7" duration="00:00:00.0002486" startTime="2026-07-27T03:30:56.0276404-07:00" endTime="2026-07-27T03:30:56.0279036-07:00" testType="13cdc9d9-ddb5-4fa4-a97d-d965ccfc6d4b" outcome="Passed" testListId="8c84fa94-04c1-424b-9868-57a2d4851a1d" relativeResultsDirectory="7670bd9a-682d-4892-9ee1-4f1e01121bf6" />
    <UnitTestResult executionId="ef5127f6-f8e0-48be-b368-11e9651965df" testId="badc00da-f129-2578-36d5-f6086f70a79c" testName="BG3HonorAssistant.Core.Tests.Route.RunSafetyTests.ReadinessUsesLowestPartyLevelAndCheckedPreparation" computerName="JANCARBONELB5E7" duration="00:00:00.0003757" startTime="2026-07-27T03:30:56.0114133-07:00" endTime="2026-07-27T03:30:56.0117500-07:00" testType="13cdc9d9-ddb5-4fa4-a97d-d965ccfc6d4b" outcome="Passed" testListId="8c84fa94-04c1-424b-9868-57a2d4851a1d" relativeResultsDirectory="ef5127f6-f8e0-48be-b368-11e9651965df" />
    <UnitTestResult executionId="2475adc1-5bfa-48ac-9a6d-14c698c17747" testId="2eff3b93-48a9-29f3-baba-91c2a72b8500" testName="BG3HonorAssistant.Core.Tests.Route.RunSafetyTests.WarningOnlyDependencyNeverBlocks" computerName="JANCARBONELB5E7" duration="00:00:00.0000679" startTime="2026-07-27T03:30:56.0088276-07:00" endTime="2026-07-27T03:30:56.0088473-07:00" testType="13cdc9d9-ddb5-4fa4-a97d-d965ccfc6d4b" outcome="Passed" testListId="8c84fa94-04c1-424b-9868-57a2d4851a1d" relativeResultsDirectory="2475adc1-5bfa-48ac-9a6d-14c698c17747" />
    <UnitTestResult executionId="0029c0ff-065b-4340-b255-9ea6f8357a00" testId="a35ba1b2-7993-2e4f-84cc-35e27e192ede" testName="BG3HonorAssistant.Core.Tests.Models.PartyPlanningRulesTests.CompanionAndHirelingCatalogsMatchTheMacOracle" computerName="JANCARBONELB5E7" duration="00:00:00.0002610" startTime="2026-07-27T03:30:55.9470669-07:00" endTime="2026-07-27T03:30:55.9470918-07:00" testType="13cdc9d9-ddb5-4fa4-a97d-d965ccfc6d4b" outcome="Passed" testListId="8c84fa94-04c1-424b-9868-57a2d4851a1d" relativeResultsDirectory="0029c0ff-065b-4340-b255-9ea6f8357a00" />
    <UnitTestResult executionId="deefe45d-b1a7-4060-af65-93a488dfbeb3" testId="34c9412f-27bf-bf74-c1f0-f5a3f8c2c662" testName="BG3HonorAssistant.Core.Tests.Models.HonorRunBehaviorTests.EquipmentAssignmentIsUniqueAndToggleable" computerName="JANCARBONELB5E7" duration="00:00:00.0000985" startTime="2026-07-27T03:30:56.0498104-07:00" endTime="2026-07-27T03:30:56.0499412-07:00" testType="13cdc9d9-ddb5-4fa4-a97d-d965ccfc6d4b" outcome="Passed" testListId="8c84fa94-04c1-424b-9868-57a2d4851a1d" relativeResultsDirectory="deefe45d-b1a7-4060-af65-93a488dfbeb3" />
    <UnitTestResult executionId="8c8db62f-08ed-4129-8ffc-d274fc99f5ec" testId="261fa816-d1b2-c027-e324-7d6a0a0ae832" testName="BG3HonorAssistant.Core.Tests.Route.RunSafetyTests.ReadinessBlocksWhenNoActivePartyIsRecorded" computerName="JANCARBONELB5E7" duration="00:00:00.0001561" startTime="2026-07-27T03:30:56.0122586-07:00" endTime="2026-07-27T03:30:56.0122793-07:00" testType="13cdc9d9-ddb5-4fa4-a97d-d965ccfc6d4b" outcome="Passed" testListId="8c84fa94-04c1-424b-9868-57a2d4851a1d" relativeResultsDirectory="8c8db62f-08ed-4129-8ffc-d274fc99f5ec" />
    <UnitTestResult executionId="f0c6ff29-d360-4e70-bf35-448f661088a0" testId="e4ecaef2-c341-13b3-f373-df1b89fa6bb7" testName="BG3HonorAssistant.Core.Tests.Models.BuildImportTests.DraftRepairsInvalidSplitFromCumulativeClassLevels" computerName="JANCARBONELB5E7" duration="00:00:00.0250664" startTime="2026-07-27T03:30:55.9160531-07:00" endTime="2026-07-27T03:30:55.9172706-07:00" testType="13cdc9d9-ddb5-4fa4-a97d-d965ccfc6d4b" outcome="Passed" testListId="8c84fa94-04c1-424b-9868-57a2d4851a1d" relativeResultsDirectory="f0c6ff29-d360-4e70-bf35-448f661088a0" />
    <UnitTestResult executionId="f8e7386a-8678-4354-9ac0-ad417d1f4402" testId="2581aa76-bcf5-ecf6-d8db-22b2031086b8" testName="BG3HonorAssistant.Core.Tests.Route.RunProgressRulesTests.IncidentFallbackUsesOnlyReviewedCheckpointFacts" computerName="JANCARBONELB5E7" duration="00:00:00.0018425" startTime="2026-07-27T03:30:56.0244227-07:00" endTime="2026-07-27T03:30:56.0262785-07:00" testType="13cdc9d9-ddb5-4fa4-a97d-d965ccfc6d4b" outcome="Passed" testListId="8c84fa94-04c1-424b-9868-57a2d4851a1d" relativeResultsDirectory="f8e7386a-8678-4354-9ac0-ad417d1f4402" />
    <UnitTestResult executionId="d0ae452d-eb56-4925-b396-a1f7bcc545ad" testId="779d47a0-a3bf-be39-d92a-04d7219bd7c5" testName="BG3HonorAssistant.Core.Tests.Models.HonorRunBehaviorTests.PartyPlanSnapshotRestoresEveryOwnedField" computerName="JANCARBONELB5E7" duration="00:00:00.0066374" startTime="2026-07-27T03:30:56.0501234-07:00" endTime="2026-07-27T03:30:56.0559674-07:00" testType="13cdc9d9-ddb5-4fa4-a97d-d965ccfc6d4b" outcome="Passed" testListId="8c84fa94-04c1-424b-9868-57a2d4851a1d" relativeResultsDirectory="d0ae452d-eb56-4925-b396-a1f7bcc545ad" />
    <UnitTestResult executionId="6d2ebd48-056f-48c1-a873-57bf9bd60af1" testId="6f2cba12-2578-e2ad-2e32-485eb7364bfe" testName="BG3HonorAssistant.Core.Tests.Models.GearLogicTests.AssignmentPrefersEarliestBuildAssignment" computerName="JANCARBONELB5E7" duration="00:00:00.0001135" startTime="2026-07-27T03:30:56.0002581-07:00" endTime="2026-07-27T03:30:56.0002772-07:00" testType="13cdc9d9-ddb5-4fa4-a97d-d965ccfc6d4b" outcome="Passed" testListId="8c84fa94-04c1-424b-9868-57a2d4851a1d" relativeResultsDirectory="6d2ebd48-056f-48c1-a873-57bf9bd60af1" />
    <UnitTestResult executionId="e665c23d-9b71-4504-8bf3-ae1c57bc2893" testId="1983ef9c-e593-9e72-2b16-8f9b72206b5e" testName="BG3HonorAssistant.Core.Tests.Models.ManualBuildTests.PatchEightSubclassesNeededByTankBuildAreAvailable" computerName="JANCARBONELB5E7" duration="00:00:00.0003998" startTime="2026-07-27T03:30:56.2543788-07:00" endTime="2026-07-27T03:30:56.2546641-07:00" testType="13cdc9d9-ddb5-4fa4-a97d-d965ccfc6d4b" outcome="Passed" testListId="8c84fa94-04c1-424b-9868-57a2d4851a1d" relativeResultsDirectory="e665c23d-9b71-4504-8bf3-ae1c57bc2893" />
    <UnitTestResult executionId="3314204a-59a9-4aaa-9a4f-b4dae91e0b01" testId="216a096b-155c-d3d0-19a7-acb836f2b29d" testName="BG3HonorAssistant.Core.Tests.Route.ActTransitionRulesTests.TransitionGateMatchesOraclePrecedence(selectedAct: 3, nextActGuideExists: True, guideLoaded: True, routeAvailable: True, unresolvedGear: 0, expected: &quot;Act 3 is the final act.&quot;)" computerName="JANCARBONELB5E7" duration="00:00:00.0000010" startTime="2026-07-27T03:30:56.0347850-07:00" endTime="2026-07-27T03:30:56.0348320-07:00" testType="13cdc9d9-ddb5-4fa4-a97d-d965ccfc6d4b" outcome="Passed" testListId="8c84fa94-04c1-424b-9868-57a2d4851a1d" relativeResultsDirectory="3314204a-59a9-4aaa-9a4f-b4dae91e0b01" />
    <UnitTestResult executionId="2d7eb2fb-693a-4aab-8756-7f16837f67aa" testId="9bc0efcd-5c5a-6899-2555-0e25a0e290fa" testName="BG3HonorAssistant.Core.Tests.Route.RunSafetyTests.DefaultDependencyKindAcceptsAnyResolution" computerName="JANCARBONELB5E7" duration="00:00:00.0000635" startTime="2026-07-27T03:30:56.0128335-07:00" endTime="2026-07-27T03:30:56.0128795-07:00" testType="13cdc9d9-ddb5-4fa4-a97d-d965ccfc6d4b" outcome="Passed" testListId="8c84fa94-04c1-424b-9868-57a2d4851a1d" relativeResultsDirectory="2d7eb2fb-693a-4aab-8756-7f16837f67aa" />
    <UnitTestResult executionId="b8a5bb8f-a005-41b7-b143-2fdfb94f4f93" testId="82c1d3a0-7e82-178f-0df7-8003975b4dfd" testName="BG3HonorAssistant.Core.Tests.Models.GearLogicTests.RegionClusterUsesTheSameCrossActTable(region: &quot;Crèche Y'llek&quot;, expected: MountainPass)" computerName="JANCARBONELB5E7" duration="00:00:00.0000241" startTime="2026-07-27T03:30:55.9953796-07:00" endTime="2026-07-27T03:30:55.9954406-07:00" testType="13cdc9d9-ddb5-4fa4-a97d-d965ccfc6d4b" outcome="Passed" testListId="8c84fa94-04c1-424b-9868-57a2d4851a1d" relativeResultsDirectory="b8a5bb8f-a005-41b7-b143-2fdfb94f4f93" />
    <UnitTestResult executionId="fa177a36-19fc-49bb-9831-0606807d70ef" testId="dbf0c84e-c036-357e-7618-728144b2448a" testName="BG3HonorAssistant.Core.Tests.Models.GearLogicTests.LoadoutClassifiesCapeInstrumentAndTorchOutsideEquipmentGrid" computerName="JANCARBONELB5E7" duration="00:00:00.0051443" startTime="2026-07-27T03:30:56.0003231-07:00" endTime="2026-07-27T03:30:56.0049360-07:00" testType="13cdc9d9-ddb5-4fa4-a97d-d965ccfc6d4b" outcome="Passed" testListId="8c84fa94-04c1-424b-9868-57a2d4851a1d" relativeResultsDirectory="fa177a36-19fc-49bb-9831-0606807d70ef" />
    <UnitTestResult executionId="8ba311f3-d08e-4c2f-a693-f778ee9501f3" testId="cf35a32d-0107-7d48-fa21-6f67e564672c" testName="BG3HonorAssistant.Core.Tests.Route.RouteDerivationTests.EncounterClassificationMatchesReviewedStepData(kind: &quot;dialogue&quot;, decision: False, incident: True, expected: FightAndTalk)" computerName="JANCARBONELB5E7" duration="00:00:00.0005348" startTime="2026-07-27T03:30:55.9083819-07:00" endTime="2026-07-27T03:30:55.9084642-07:00" testType="13cdc9d9-ddb5-4fa4-a97d-d965ccfc6d4b" outcome="Passed" testListId="8c84fa94-04c1-424b-9868-57a2d4851a1d" relativeResultsDirectory="8ba311f3-d08e-4c2f-a693-f778ee9501f3" />
    <UnitTestResult executionId="0dec88a2-669c-4382-b448-5db0a1851266" testId="431dd215-65e1-d490-cf07-c219ee61d0df" testName="BG3HonorAssistant.Core.Tests.Models.AbilityProgressionTests.LegacyChoiceTextContributesAfterLatestReset" computerName="JANCARBONELB5E7" duration="00:00:00.0019216" startTime="2026-07-27T03:30:56.0456833-07:00" endTime="2026-07-27T03:30:56.0464575-07:00" testType="13cdc9d9-ddb5-4fa4-a97d-d965ccfc6d4b" outcome="Passed" testListId="8c84fa94-04c1-424b-9868-57a2d4851a1d" relativeResultsDirectory="0dec88a2-669c-4382-b448-5db0a1851266" />
    <UnitTestResult executionId="3f499b79-c65f-4b0c-bb52-e8c67567a7ac" testId="005193e0-d52f-f95f-6bef-a0f3a1857f10" testName="BG3HonorAssistant.Core.Tests.Models.PartyPlanningRulesTests.DollCellsMatchMacLabelsAndSplitRingPicks" computerName="JANCARBONELB5E7" duration="00:00:00.0034711" startTime="2026-07-27T03:30:55.9171095-07:00" endTime="2026-07-27T03:30:55.9171526-07:00" testType="13cdc9d9-ddb5-4fa4-a97d-d965ccfc6d4b" outcome="Passed" testListId="8c84fa94-04c1-424b-9868-57a2d4851a1d" relativeResultsDirectory="3f499b79-c65f-4b0c-bb52-e8c67567a7ac" />
    <UnitTestResult executionId="50951369-ec8c-46bd-ae47-9c7c218e9605" testId="a8281cf9-cb64-89f8-29e6-55010ba517aa" testName="BG3HonorAssistant.Core.Tests.Overlay.PetAnimationModelTests.PointerDirectionMatchesSixteenDirectionAtlas(x: 0, y: 45.359999999999999, row: 10, column: 4)" computerName="JANCARBONELB5E7" duration="00:00:00.0002131" startTime="2026-07-27T03:30:55.9138335-07:00" endTime="2026-07-27T03:30:55.9139741-07:00" testType="13cdc9d9-ddb5-4fa4-a97d-d965ccfc6d4b" outcome="Passed" testListId="8c84fa94-04c1-424b-9868-57a2d4851a1d" relativeResultsDirectory="50951369-ec8c-46bd-ae47-9c7c218e9605" />
    <UnitTestResult executionId="0e20171a-fb0b-4ebd-97de-2b44ec2f1f55" testId="9da3da90-7d9a-7cc8-7c53-3fca3e91918c" testName="BG3HonorAssistant.Core.Tests.Models.ActLedgerTests.FinalActRecordLocksActThreeLedger" computerName="JANCARBONELB5E7" duration="00:00:00.0025290" startTime="2026-07-27T03:30:55.9886379-07:00" endTime="2026-07-27T03:30:55.9912827-07:00" testType="13cdc9d9-ddb5-4fa4-a97d-d965ccfc6d4b" outcome="Passed" testListId="8c84fa94-04c1-424b-9868-57a2d4851a1d" relativeResultsDirectory="0e20171a-fb0b-4ebd-97de-2b44ec2f1f55" />
    <UnitTestResult executionId="96cf4f18-4887-4ad5-888e-208d0778f42c" testId="c155cb3f-66be-259d-7071-a5a729c287a4" testName="BG3HonorAssistant.Core.Tests.Models.AbilitySourceRulesTests.EquipmentOwnerUsesPersistedLoadout" computerName="JANCARBONELB5E7" duration="00:00:00.0005479" startTime="2026-07-27T03:30:55.9884590-07:00" endTime="2026-07-27T03:30:55.9884912-07:00" testType="13cdc9d9-ddb5-4fa4-a97d-d965ccfc6d4b" outcome="Passed" testListId="8c84fa94-04c1-424b-9868-57a2d4851a1d" relativeResultsDirectory="96cf4f18-4887-4ad5-888e-208d0778f42c" />
    <UnitTestResult executionId="141b084d-690b-4dfd-b941-56457b72d53f" testId="645f56aa-8971-9e01-7569-772fe0e152ad" testName="BG3HonorAssistant.Core.Tests.Route.RunProgressRulesTests.LockedActRejectsDispositionAndOutcomeMutation" computerName="JANCARBONELB5E7" duration="00:00:00.0002326" startTime="2026-07-27T03:30:56.0270055-07:00" endTime="2026-07-27T03:30:56.0272787-07:00" testType="13cdc9d9-ddb5-4fa4-a97d-d965ccfc6d4b" outcome="Passed" testListId="8c84fa94-04c1-424b-9868-57a2d4851a1d" relativeResultsDirectory="141b084d-690b-4dfd-b941-56457b72d53f" />
    <UnitTestResult executionId="10ccd8df-1869-42ac-9cb3-bd477102d8ad" testId="436b3fa8-61a3-206b-d36a-a0611a69b3f6" testName="BG3HonorAssistant.Core.Tests.Models.GearLogicTests.RouteRankUsesTheOracleActOrdering(region: &quot;Druid Grove&quot;, act: 1, expected: 2)" computerName="JANCARBONELB5E7" duration="00:00:00.0000012" startTime="2026-07-27T03:30:55.9994134-07:00" endTime="2026-07-27T03:30:55.9994616-07:00" testType="13cdc9d9-ddb5-4fa4-a97d-d965ccfc6d4b" outcome="Passed" testListId="8c84fa94-04c1-424b-9868-57a2d4851a1d" relativeResultsDirectory="10ccd8df-1869-42ac-9cb3-bd477102d8ad" />
    <UnitTestResult executionId="61c7ea97-0893-48cb-9478-bf11af8cf4e5" testId="5c9956c7-5177-702d-05b2-32218d4f6bc5" testName="BG3HonorAssistant.Core.Tests.Overlay.PetAnimationModelTests.HoverIntroUsesAuthoredJumpTiming(milliseconds: 279, column: 1)" computerName="JANCARBONELB5E7" duration="00:00:00.0000031" startTime="2026-07-27T03:30:55.9150277-07:00" endTime="2026-07-27T03:30:55.9150547-07:00" testType="13cdc9d9-ddb5-4fa4-a97d-d965ccfc6d4b" outcome="Passed" testListId="8c84fa94-04c1-424b-9868-57a2d4851a1d" relativeResultsDirectory="61c7ea97-0893-48cb-9478-bf11af8cf4e5" />
    <UnitTestResult executionId="0af2b866-c8c1-43d3-be41-164008e27ab9" testId="a7daf1bc-b70f-b982-9b30-9ca3456958e6" testName="BG3HonorAssistant.Core.Tests.Serialization.HonorRunSerializationTests.RoundTripUsesMacFieldAndDateShapeWithoutComputedProperties" computerName="JANCARBONELB5E7" duration="00:00:00.0833393" startTime="2026-07-27T03:30:55.9247949-07:00" endTime="2026-07-27T03:30:56.0081478-07:00" testType="13cdc9d9-ddb5-4fa4-a97d-d965ccfc6d4b" outcome="Passed" testListId="8c84fa94-04c1-424b-9868-57a2d4851a1d" relativeResultsDirectory="0af2b866-c8c1-43d3-be41-164008e27ab9" />
    <UnitTestResult executionId="f19b632b-9f55-404e-a00e-7cd7f899c118" testId="910815bb-ab28-c358-dac7-a38a35478775" testName="BG3HonorAssistant.Core.Tests.Route.ActTransitionRulesTests.TransitionGateMatchesOraclePrecedence(selectedAct: 1, nextActGuideExists: False, guideLoaded: True, routeAvailable: True, unresolvedGear: 0, expected: &quot;The next act database is not installed.&quot;)" computerName="JANCARBONELB5E7" duration="00:00:00.0000025" startTime="2026-07-27T03:30:56.0347245-07:00" endTime="2026-07-27T03:30:56.0347486-07:00" testType="13cdc9d9-ddb5-4fa4-a97d-d965ccfc6d4b" outcome="Passed" testListId="8c84fa94-04c1-424b-9868-57a2d4851a1d" relativeResultsDirectory="f19b632b-9f55-404e-a00e-7cd7f899c118" />
    <UnitTestResult executionId="db5b84db-3eab-4089-b758-2d7eceff347c" testId="1aaaf030-74bc-a1d1-533d-3c4c949009f8" testName="BG3HonorAssistant.Core.Tests.Route.ActTransitionRulesTests.TransitionGateMatchesOraclePrecedence(selectedAct: 1, nextActGuideExists: True, guideLoaded: True, routeAvailable: True, unresolvedGear: 1, expected: &quot;Review 1 equipment item first.&quot;)" computerName="JANCARBONELB5E7" duration="00:00:00.0002054" startTime="2026-07-27T03:30:56.0345414-07:00" endTime="2026-07-27T03:30:56.0346541-07:00" testType="13cdc9d9-ddb5-4fa4-a97d-d965ccfc6d4b" outcome="Passed" testListId="8c84fa94-04c1-424b-9868-57a2d4851a1d" relativeResultsDirectory="db5b84db-3eab-4089-b758-2d7eceff347c" />
    <UnitTestResult executionId="b9fe96e9-b847-4b1e-ab7f-5362eb62aa45" testId="a922bf55-1b56-ea2d-3e1d-57e8d181b9c6" testName="BG3HonorAssistant.Core.Tests.Models.AbilitySourceRulesTests.ConsumableReplacesExistingTemporaryModifier" computerName="JANCARBONELB5E7" duration="00:00:00.0003521" startTime="2026-07-27T03:30:55.9883296-07:00" endTime="2026-07-27T03:30:55.9883578-07:00" testType="13cdc9d9-ddb5-4fa4-a97d-d965ccfc6d4b" outcome="Passed" testListId="8c84fa94-04c1-424b-9868-57a2d4851a1d" relativeResultsDirectory="b9fe96e9-b847-4b1e-ab7f-5362eb62aa45" />
    <UnitTestResult executionId="27bd181e-1093-4afb-b5cf-053ec73dd7a7" testId="a4adb49d-c62d-024a-7b01-2fdb253c7db5" testName="BG3HonorAssistant.Core.Tests.Overlay.PetAnimationModelTests.HoverIntroUsesAuthoredJumpTiming(milliseconds: 139, column: 0)" computerName="JANCARBONELB5E7" duration="00:00:00.0001432" startTime="2026-07-27T03:30:55.9143858-07:00" endTime="2026-07-27T03:30:55.9149731-07:00" testType="13cdc9d9-ddb5-4fa4-a97d-d965ccfc6d4b" outcome="Passed" testListId="8c84fa94-04c1-424b-9868-57a2d4851a1d" relativeResultsDirectory="27bd181e-1093-4afb-b5cf-053ec73dd7a7" />
    <UnitTestResult executionId="ef788761-19a2-484c-a6ae-73868e50a6e3" testId="4effb383-40a8-a67c-caf2-306a5f5d4ef6" testName="BG3HonorAssistant.Core.Tests.Models.AbilityProgressionTests.ModifierUsesFloorForOddScores(score: 7, expected: -2)" computerName="JANCARBONELB5E7" duration="00:00:00.0001122" startTime="2026-07-27T03:30:56.0436883-07:00" endTime="2026-07-27T03:30:56.0437475-07:00" testType="13cdc9d9-ddb5-4fa4-a97d-d965ccfc6d4b" outcome="Passed" testListId="8c84fa94-04c1-424b-9868-57a2d4851a1d" relativeResultsDirectory="ef788761-19a2-484c-a6ae-73868e50a6e3" />
    <UnitTestResult executionId="0d27a0b8-0377-436c-bab5-07971f78e50f" testId="a2f373bb-4ed6-d76f-8aad-d1c6f666f1f0" testName="BG3HonorAssistant.Core.Tests.Models.AbilityProgressionTests.ModifierUsesFloorForOddScores(score: 9, expected: -1)" computerName="JANCARBONELB5E7" duration="00:00:00.0000013" startTime="2026-07-27T03:30:56.0450817-07:00" endTime="2026-07-27T03:30:56.0451085-07:00" testType="13cdc9d9-ddb5-4fa4-a97d-d965ccfc6d4b" outcome="Passed" testListId="8c84fa94-04c1-424b-9868-57a2d4851a1d" relativeResultsDirectory="0d27a0b8-0377-436c-bab5-07971f78e50f" />
    <UnitTestResult executionId="948adfd0-3294-4cd4-b9e7-ce36155a479e" testId="66f54e2d-3426-4f5c-46aa-1312d05316cd" testName="BG3HonorAssistant.Core.Tests.Models.BuildImportTests.DraftRejectsLevelTwelveClassSplitThatDoesNotTotalTwelve" computerName="JANCARBONELB5E7" duration="00:00:00.0006039" startTime="2026-07-27T03:30:55.9241575-07:00" endTime="2026-07-27T03:30:55.9246671-07:00" testType="13cdc9d9-ddb5-4fa4-a97d-d965ccfc6d4b" outcome="Passed" testListId="8c84fa94-04c1-424b-9868-57a2d4851a1d" relativeResultsDirectory="948adfd0-3294-4cd4-b9e7-ce36155a479e" />
    <UnitTestResult executionId="94b84ca8-171c-4c14-bee2-92da39e88c2f" testId="736de07b-8407-073a-2b43-e4247fb8ce1f" testName="BG3HonorAssistant.Core.Tests.Models.PartyPlanningRulesTests.WantedGearAppliesNonRingAndIndependentRingOverrides" computerName="JANCARBONELB5E7" duration="00:00:00.0052643" startTime="2026-07-27T03:30:55.9521934-07:00" endTime="2026-07-27T03:30:55.9573889-07:00" testType="13cdc9d9-ddb5-4fa4-a97d-d965ccfc6d4b" outcome="Passed" testListId="8c84fa94-04c1-424b-9868-57a2d4851a1d" relativeResultsDirectory="94b84ca8-171c-4c14-bee2-92da39e88c2f" />
    <UnitTestResult executionId="056ae0df-b5c2-47af-b1e6-856c5bd83106" testId="bca1612a-2cd2-0a0a-1653-f8e2c463c84b" testName="BG3HonorAssistant.Core.Tests.Chat.ChatPromptBuilderTests.DecodesStrictAnswer(content: &quot;{\&quot;answer\&quot;:\&quot;  Keep distance.  \&quot;}&quot;, expected: &quot;Keep distance.&quot;)" computerName="JANCARBONELB5E7" duration="00:00:00.0002007" startTime="2026-07-27T03:30:55.9605478-07:00" endTime="2026-07-27T03:30:55.9606813-07:00" testType="13cdc9d9-ddb5-4fa4-a97d-d965ccfc6d4b" outcome="Passed" testListId="8c84fa94-04c1-424b-9868-57a2d4851a1d" relativeResultsDirectory="056ae0df-b5c2-47af-b1e6-856c5bd83106" />
    <UnitTestResult executionId="d1d01514-32c7-44e4-82fd-8f6841ce3a3b" testId="2c1c3269-acfb-8867-c304-8c086d846985" testName="BG3HonorAssistant.Core.Tests.Models.ManualBuildTests.EveryClassKeepsItsLiveMacFeaturesAndSpecialChoices" computerName="JANCARBONELB5E7" duration="00:00:00.0001948" startTime="2026-07-27T03:30:56.2576373-07:00" endTime="2026-07-27T03:30:56.2577960-07:00" testType="13cdc9d9-ddb5-4fa4-a97d-d965ccfc6d4b" outcome="Passed" testListId="8c84fa94-04c1-424b-9868-57a2d4851a1d" relativeResultsDirectory="d1d01514-32c7-44e4-82fd-8f6841ce3a3b" />
    <UnitTestResult executionId="80c431b6-282f-433a-ad05-bfab7b109990" testId="6e87169c-c8d5-76b0-0aa1-bc23d10c2996" testName="BG3HonorAssistant.Core.Tests.Route.RunProgressRulesTests.SaferAlternativePrefersSameRegionThenLowestLevelAndOrder" computerName="JANCARBONELB5E7" duration="00:00:00.0006554" startTime="2026-07-27T03:30:56.0208096-07:00" endTime="2026-07-27T03:30:56.0218406-07:00" testType="13cdc9d9-ddb5-4fa4-a97d-d965ccfc6d4b" outcome="Passed" testListId="8c84fa94-04c1-424b-9868-57a2d4851a1d" relativeResultsDirectory="80c431b6-282f-433a-ad05-bfab7b109990" />
    <UnitTestResult executionId="b33f9e21-4dd2-43f0-8c80-7851e5b3bd83" testId="8b048864-47a8-0ad1-e844-67020bc53b90" testName="BG3HonorAssistant.Core.Tests.Route.RunSafetyTests.SkippedCompletionDependencyAsksForRevisit" computerName="JANCARBONELB5E7" duration="00:00:00.0000776" startTime="2026-07-27T03:30:56.0089828-07:00" endTime="2026-07-27T03:30:56.0090016-07:00" testType="13cdc9d9-ddb5-4fa4-a97d-d965ccfc6d4b" outcome="Passed" testListId="8c84fa94-04c1-424b-9868-57a2d4851a1d" relativeResultsDirectory="b33f9e21-4dd2-43f0-8c80-7851e5b3bd83" />
    <UnitTestResult executionId="67843499-37a0-4a3f-af6a-87fef17509be" testId="9b0ca46e-ec6e-48a4-fbf0-cadc77e618fe" testName="BG3HonorAssistant.Core.Tests.Route.RunSafetyTests.OutcomeRequiredNeedsCompletionAndMatchingOutcome" computerName="JANCARBONELB5E7" duration="00:00:00.0004085" startTime="2026-07-27T03:30:56.0090465-07:00" endTime="2026-07-27T03:30:56.0090650-07:00" testType="13cdc9d9-ddb5-4fa4-a97d-d965ccfc6d4b" outcome="Passed" testListId="8c84fa94-04c1-424b-9868-57a2d4851a1d" relativeResultsDirectory="67843499-37a0-4a3f-af6a-87fef17509be" />
    <UnitTestResult executionId="96fa9b4d-e5ab-439c-bb9b-5cf2a787a751" testId="1feda1f2-903c-5e8c-cb5b-37731b4e874e" testName="BG3HonorAssistant.Core.Tests.Models.GearLogicTests.RouteRankUsesTheOracleActOrdering(region: &quot;Unmapped Place&quot;, act: 1, expected: 18)" computerName="JANCARBONELB5E7" duration="00:00:00.0000027" startTime="2026-07-27T03:30:55.9993296-07:00" endTime="2026-07-27T03:30:55.9993709-07:00" testType="13cdc9d9-ddb5-4fa4-a97d-d965ccfc6d4b" outcome="Passed" testListId="8c84fa94-04c1-424b-9868-57a2d4851a1d" relativeResultsDirectory="96fa9b4d-e5ab-439c-bb9b-5cf2a787a751" />
    <UnitTestResult executionId="bcc9c3b7-b4be-489e-9226-b41f9d351063" testId="04b56fff-953a-2739-a2b1-29201b225b02" testName="BG3HonorAssistant.Core.Tests.Serialization.JsonDefaultsTests.AcceptsIsoDateAsDefensiveWindowsMigrationInput" computerName="JANCARBONELB5E7" duration="00:00:00.0002323" startTime="2026-07-27T03:30:55.9162232-07:00" endTime="2026-07-27T03:30:55.9162422-07:00" testType="13cdc9d9-ddb5-4fa4-a97d-d965ccfc6d4b" outcome="Passed" testListId="8c84fa94-04c1-424b-9868-57a2d4851a1d" relativeResultsDirectory="bcc9c3b7-b4be-489e-9226-b41f9d351063" />
    <UnitTestResult executionId="6d6202ee-7f03-491f-836c-ad88f1fd45c1" testId="30d37217-e23e-41c8-44ec-47be08b9d195" testName="BG3HonorAssistant.Core.Tests.Route.ActTransitionRulesTests.TransitionGateMatchesOraclePrecedence(selectedAct: 2, nextActGuideExists: True, guideLoaded: True, routeAvailable: False, unresolvedGear: 0, expected: &quot;Act 2 route coverage must be reviewed before this &quot;···)" computerName="JANCARBONELB5E7" duration="00:00:00.0000011" startTime="2026-07-27T03:30:56.0349224-07:00" endTime="2026-07-27T03:30:56.0349470-07:00" testType="13cdc9d9-ddb5-4fa4-a97d-d965ccfc6d4b" outcome="Passed" testListId="8c84fa94-04c1-424b-9868-57a2d4851a1d" relativeResultsDirectory="6d6202ee-7f03-491f-836c-ad88f1fd45c1" />
    <UnitTestResult executionId="43ad6542-3d0c-4b5b-adcd-496f3249d679" testId="eb37b4e6-7e9d-2957-e08a-0876fbbef733" testName="BG3HonorAssistant.Core.Tests.Route.RunSafetyTests.ReadinessWarnsOnUncheckedPreparationAndUnrecordedCapability" computerName="JANCARBONELB5E7" duration="00:00:00.0001905" startTime="2026-07-27T03:30:56.0126438-07:00" endTime="2026-07-27T03:30:56.0127883-07:00" testType="13cdc9d9-ddb5-4fa4-a97d-d965ccfc6d4b" outcome="Passed" testListId="8c84fa94-04c1-424b-9868-57a2d4851a1d" relativeResultsDirectory="43ad6542-3d0c-4b5b-adcd-496f3249d679" />
    <UnitTestResult executionId="dffcc3e5-19af-4f62-98c4-5ee168926a34" testId="93875ef5-e5b5-9a60-c0a1-7d9909ed281e" testName="BG3HonorAssistant.Core.Tests.Route.RouteDerivationTests.EncounterClassificationMatchesReviewedStepData(kind: &quot;major_fight&quot;, decision: True, incident: False, expected: FightAndTalk)" computerName="JANCARBONELB5E7" duration="00:00:00.0001655" startTime="2026-07-27T03:30:55.9089576-07:00" endTime="2026-07-27T03:30:55.9090290-07:00" testType="13cdc9d9-ddb5-4fa4-a97d-d965ccfc6d4b" outcome="Passed" testListId="8c84fa94-04c1-424b-9868-57a2d4851a1d" relativeResultsDirectory="dffcc3e5-19af-4f62-98c4-5ee168926a34" />
    <UnitTestResult executionId="7c623203-ce1e-4c5c-a2a0-bee05bf0442b" testId="4ffd640f-a835-c504-eedf-b381441b262e" testName="BG3HonorAssistant.Core.Tests.Models.PartyPlanningRulesTests.RespecRestoresOracleDefaultsAndClearsRunSpecificPlanning" computerName="JANCARBONELB5E7" duration="00:00:00.0050928" startTime="2026-07-27T03:30:55.9415382-07:00" endTime="2026-07-27T03:30:55.9467911-07:00" testType="13cdc9d9-ddb5-4fa4-a97d-d965ccfc6d4b" outcome="Passed" testListId="8c84fa94-04c1-424b-9868-57a2d4851a1d" relativeResultsDirectory="7c623203-ce1e-4c5c-a2a0-bee05bf0442b" />
    <UnitTestResult executionId="7588d329-6e5f-426a-a1e8-917bba358747" testId="b486f332-293e-a92b-b55a-75455b58eca3" testName="BG3HonorAssistant.Core.Tests.Models.ManualBuildTests.EveryCatalogChoiceHasAStableArtworkFilename" computerName="JANCARBONELB5E7" duration="00:00:00.0444294" startTime="2026-07-27T03:30:56.2102061-07:00" endTime="2026-07-27T03:30:56.2542564-07:00" testType="13cdc9d9-ddb5-4fa4-a97d-d965ccfc6d4b" outcome="Passed" testListId="8c84fa94-04c1-424b-9868-57a2d4851a1d" relativeResultsDirectory="7588d329-6e5f-426a-a1e8-917bba358747" />
    <UnitTestResult executionId="8ed53035-6089-4c94-82d9-0e7eeee2240f" testId="044f7181-af9e-2fb8-2f6b-6b64adea0f03" testName="BG3HonorAssistant.Core.Tests.Chat.ChatPromptBuilderTests.RejectsInvalidAnswer(content: &quot;not json&quot;)" computerName="JANCARBONELB5E7" duration="00:00:00.0007020" startTime="2026-07-27T03:30:55.9595935-07:00" endTime="2026-07-27T03:30:55.9597882-07:00" testType="13cdc9d9-ddb5-4fa4-a97d-d965ccfc6d4b" outcome="Passed" testListId="8c84fa94-04c1-424b-9868-57a2d4851a1d" relativeResultsDirectory="8ed53035-6089-4c94-82d9-0e7eeee2240f" />
    <UnitTestResult executionId="1c1d59ab-e93f-4615-a19b-eab46405bd97" testId="8cc569db-71d3-8b38-15eb-b9c18aa14b6a" testName="BG3HonorAssistant.Core.Tests.Models.AbilityProgressionTests.ModifierUsesFloorForOddScores(score: 8, expected: -1)" computerName="JANCARBONELB5E7" duration="00:00:00.0000013" startTime="2026-07-27T03:30:56.0449754-07:00" endTime="2026-07-27T03:30:56.0450355-07:00" testType="13cdc9d9-ddb5-4fa4-a97d-d965ccfc6d4b" outcome="Passed" testListId="8c84fa94-04c1-424b-9868-57a2d4851a1d" relativeResultsDirectory="1c1d59ab-e93f-4615-a19b-eab46405bd97" />
    <UnitTestResult executionId="8fca2d40-71f7-47ff-b888-e6a16f944e34" testId="763355c2-2ef4-0df0-c366-6ca6b9a43d6d" testName="BG3HonorAssistant.Core.Tests.Route.RunProgressRulesTests.VisibleAndArchivedStepsRespectRevealPolicy" computerName="JANCARBONELB5E7" duration="00:00:00.0003780" startTime="2026-07-27T03:30:56.0264347-07:00" endTime="2026-07-27T03:30:56.0268818-07:00" testType="13cdc9d9-ddb5-4fa4-a97d-d965ccfc6d4b" outcome="Passed" testListId="8c84fa94-04c1-424b-9868-57a2d4851a1d" relativeResultsDirectory="8fca2d40-71f7-47ff-b888-e6a16f944e34" />
    <UnitTestResult executionId="4a6e1d2f-88a6-42b2-bd42-a38f560db61b" testId="49cf2f10-8a1b-fbf7-e98c-a347eb300275" testName="BG3HonorAssistant.Core.Tests.Models.PartyPlanningRulesTests.SwapPreservesRosterPositionsWhileExchangingActiveStatus" computerName="JANCARBONELB5E7" duration="00:00:00.0020076" startTime="2026-07-27T03:30:55.9471430-07:00" endTime="2026-07-27T03:30:55.9491319-07:00" testType="13cdc9d9-ddb5-4fa4-a97d-d965ccfc6d4b" outcome="Passed" testListId="8c84fa94-04c1-424b-9868-57a2d4851a1d" relativeResultsDirectory="4a6e1d2f-88a6-42b2-bd42-a38f560db61b" />
    <UnitTestResult executionId="29a8ba78-cb1a-4406-a551-a6a9ad8eae8e" testId="9e75dc60-2545-b48f-67ba-030298d28f4c" testName="BG3HonorAssistant.Core.Tests.Models.BuildImportTests.DraftProducesExplicitLegalStartingSetup" computerName="JANCARBONELB5E7" duration="00:00:00.0099992" startTime="2026-07-27T03:30:55.9173196-07:00" endTime="2026-07-27T03:30:55.9240214-07:00" testType="13cdc9d9-ddb5-4fa4-a97d-d965ccfc6d4b" outcome="Passed" testListId="8c84fa94-04c1-424b-9868-57a2d4851a1d" relativeResultsDirectory="29a8ba78-cb1a-4406-a551-a6a9ad8eae8e" />
    <UnitTestResult executionId="95b11a06-d995-44c7-bfeb-ec386cd3d444" testId="95e8a550-f5d6-2415-47bb-09431f03798f" testName="BG3HonorAssistant.Core.Tests.Models.HonorRunBehaviorTests.NormalizeRosterSeedsEveryCompanionWithOracleStatus" computerName="JANCARBONELB5E7" duration="00:00:00.0002422" startTime="2026-07-27T03:30:56.0561491-07:00" endTime="2026-07-27T03:30:56.0564600-07:00" testType="13cdc9d9-ddb5-4fa4-a97d-d965ccfc6d4b" outcome="Passed" testListId="8c84fa94-04c1-424b-9868-57a2d4851a1d" relativeResultsDirectory="95b11a06-d995-44c7-bfeb-ec386cd3d444" />
    <UnitTestResult executionId="33fc828f-b66d-416d-bd29-a7c22469da6d" testId="7101856e-d42f-d49f-6d6f-ad0a3667e2c0" testName="BG3HonorAssistant.Core.Tests.Route.RouteDerivationTests.DependencyPresentationDistinguishesSequenceSkipAndChangedOutcome" computerName="JANCARBONELB5E7" duration="00:00:00.0010329" startTime="2026-07-27T03:30:55.9139540-07:00" endTime="2026-07-27T03:30:55.9144144-07:00" testType="13cdc9d9-ddb5-4fa4-a97d-d965ccfc6d4b" outcome="Passed" testListId="8c84fa94-04c1-424b-9868-57a2d4851a1d" relativeResultsDirectory="33fc828f-b66d-416d-bd29-a7c22469da6d" />
    <UnitTestResult executionId="7c4f2134-1d41-44b3-ae9c-3d91f659219d" testId="ece77743-d105-dccc-a358-665aca6ac237" testName="BG3HonorAssistant.Core.Tests.Chat.ChatPromptBuilderTests.RejectsInvalidAnswer(content: &quot;{\&quot;answer\&quot;:\&quot;\&quot;}&quot;)" computerName="JANCARBONELB5E7" duration="00:00:00.0003510" startTime="2026-07-27T03:30:55.9598438-07:00" endTime="2026-07-27T03:30:55.9603727-07:00" testType="13cdc9d9-ddb5-4fa4-a97d-d965ccfc6d4b" outcome="Passed" testListId="8c84fa94-04c1-424b-9868-57a2d4851a1d" relativeResultsDirectory="7c4f2134-1d41-44b3-ae9c-3d91f659219d" />
    <UnitTestResult executionId="1d5c254a-d440-47a3-b92b-bf0c9d399b80" testId="ee84a414-fc44-4a22-a25b-16a30e5adff3" testName="BG3HonorAssistant.Core.Tests.Models.GearLogicTests.PickupsBucketByFirstMatchingPhaseAndKeepUnmatchedItems" computerName="JANCARBONELB5E7" duration="00:00:00.0002605" startTime="2026-07-27T03:30:56.0060695-07:00" endTime="2026-07-27T03:30:56.0063204-07:00" testType="13cdc9d9-ddb5-4fa4-a97d-d965ccfc6d4b" outcome="Passed" testListId="8c84fa94-04c1-424b-9868-57a2d4851a1d" relativeResultsDirectory="1d5c254a-d440-47a3-b92b-bf0c9d399b80" />
    <UnitTestResult executionId="5c459e42-3b2f-4db2-b6fc-b1dc77a7b86b" testId="dc46004f-bfe8-4c77-c888-b4f3f857c830" testName="BG3HonorAssistant.Core.Tests.Models.GearLogicTests.RegionClusterUsesTheSameCrossActTable(region: &quot;Unknown&quot;, expected: Other)" computerName="JANCARBONELB5E7" duration="00:00:00.0030345" startTime="2026-07-27T03:30:55.9914522-07:00" endTime="2026-07-27T03:30:55.9951479-07:00" testType="13cdc9d9-ddb5-4fa4-a97d-d965ccfc6d4b" outcome="Passed" testListId="8c84fa94-04c1-424b-9868-57a2d4851a1d" relativeResultsDirectory="5c459e42-3b2f-4db2-b6fc-b1dc77a7b86b" />
    <UnitTestResult executionId="c8144749-b612-4779-979b-4c61d45bfa0f" testId="60d5b750-c4b0-ec08-acc7-bf62e7eedf5c" testName="BG3HonorAssistant.Core.Tests.Route.ActTransitionRulesTests.FinalGateMatchesOraclePrecedence(selectedAct: 3, guideLoaded: True, routeAvailable: True, activeSteps: 0, unresolvedGear: 2, expected: &quot;Review 2 equipment items first.&quot;)" computerName="JANCARBONELB5E7" duration="00:00:00.0002044" startTime="2026-07-27T03:30:56.0279969-07:00" endTime="2026-07-27T03:30:56.0282477-07:00" testType="13cdc9d9-ddb5-4fa4-a97d-d965ccfc6d4b" outcome="Passed" testListId="8c84fa94-04c1-424b-9868-57a2d4851a1d" relativeResultsDirectory="c8144749-b612-4779-979b-4c61d45bfa0f" />
    <UnitTestResult executionId="bda64e98-7d5e-4ead-afcf-9cb458391ed2" testId="07a41e5f-077c-607a-1ba9-3208d43f5732" testName="BG3HonorAssistant.Core.Tests.Overlay.PetAnimationModelTests.HoverIntroUsesAuthoredJumpTiming(milliseconds: 839, column: 4)" computerName="JANCARBONELB5E7" duration="00:00:00.0000016" startTime="2026-07-27T03:30:55.9150938-07:00" endTime="2026-07-27T03:30:55.9151131-07:00" testType="13cdc9d9-ddb5-4fa4-a97d-d965ccfc6d4b" outcome="Passed" testListId="8c84fa94-04c1-424b-9868-57a2d4851a1d" relativeResultsDirectory="bda64e98-7d5e-4ead-afcf-9cb458391ed2" />
    <UnitTestResult executionId="32812ddf-9f4e-411e-b6dd-54668cdd313b" testId="d83d45f0-8d1c-b795-ee82-7c645a5b3de4" testName="BG3HonorAssistant.Core.Tests.Route.ActTransitionRulesTests.TransitionGateMatchesOraclePrecedence(selectedAct: 1, nextActGuideExists: True, guideLoaded: True, routeAvailable: True, unresolvedGear: 2, expected: &quot;Review 2 equipment items first.&quot;)" computerName="JANCARBONELB5E7" duration="00:00:00.0001347" startTime="2026-07-27T03:30:56.0344851-07:00" endTime="2026-07-27T03:30:56.0345065-07:00" testType="13cdc9d9-ddb5-4fa4-a97d-d965ccfc6d4b" outcome="Passed" testListId="8c84fa94-04c1-424b-9868-57a2d4851a1d" relativeResultsDirectory="32812ddf-9f4e-411e-b6dd-54668cdd313b" />
    <UnitTestResult executionId="a9cde218-f073-4781-af5e-d8a8750f3fbd" testId="959be164-8216-b10a-0093-fdd0471ea958" testName="BG3HonorAssistant.Tests.TestHostArchitectureTests.TestHostUsesTheExplicitBuildArchitecture" computerName="JANCARBONELB5E7" duration="00:00:00.0015761" startTime="2026-07-27T03:30:55.9169394-07:00" endTime="2026-07-27T03:30:55.9169666-07:00" testType="13cdc9d9-ddb5-4fa4-a97d-d965ccfc6d4b" outcome="Passed" testListId="8c84fa94-04c1-424b-9868-57a2d4851a1d" relativeResultsDirectory="a9cde218-f073-4781-af5e-d8a8750f3fbd" />
    <UnitTestResult executionId="16e7e2fc-d15f-4cd3-a2f7-4ec48df90205" testId="610dca4a-a3fc-f3d0-5fd0-ee18cc07a814" testName="BG3HonorAssistant.Core.Tests.Route.RunProgressRulesTests.DispositionMovesFocusAndPendingRevisitClearsOutcome" computerName="JANCARBONELB5E7" duration="00:00:00.0009621" startTime="2026-07-27T03:30:56.0193202-07:00" endTime="2026-07-27T03:30:56.0201517-07:00" testType="13cdc9d9-ddb5-4fa4-a97d-d965ccfc6d4b" outcome="Passed" testListId="8c84fa94-04c1-424b-9868-57a2d4851a1d" relativeResultsDirectory="16e7e2fc-d15f-4cd3-a2f7-4ec48df90205" />
    <UnitTestResult executionId="582ec822-913a-43c7-87a8-e3632d0ba0fb" testId="ed50ac13-433b-e350-e216-7d4bbfc95887" testName="BG3HonorAssistant.Core.Tests.Models.GearLogicTests.PathRowsNeverInventStepsAndPreserveGateRequirementAndAcquireFallback" computerName="JANCARBONELB5E7" duration="00:00:00.0033794" startTime="2026-07-27T03:30:55.9955634-07:00" endTime="2026-07-27T03:30:55.9982812-07:00" testType="13cdc9d9-ddb5-4fa4-a97d-d965ccfc6d4b" outcome="Passed" testListId="8c84fa94-04c1-424b-9868-57a2d4851a1d" relativeResultsDirectory="582ec822-913a-43c7-87a8-e3632d0ba0fb" />
    <UnitTestResult executionId="96961775-4da9-4589-8742-445284f6f825" testId="e3cf3a57-4ab1-a480-da99-6978791ee4c5" testName="BG3HonorAssistant.Core.Tests.Models.GearLogicTests.PriorityRankMatchesTheMacTable(priority: &quot;Required&quot;, expected: 0)" computerName="JANCARBONELB5E7" duration="00:00:00.0000928" startTime="2026-07-27T03:30:55.9989439-07:00" endTime="2026-07-27T03:30:55.9989714-07:00" testType="13cdc9d9-ddb5-4fa4-a97d-d965ccfc6d4b" outcome="Passed" testListId="8c84fa94-04c1-424b-9868-57a2d4851a1d" relativeResultsDirectory="96961775-4da9-4589-8742-445284f6f825" />
    <UnitTestResult executionId="244b0690-86d6-4344-860a-e40d7433cc19" testId="c2076476-1568-3cf7-86e7-9bce7b91d5bd" testName="BG3HonorAssistant.Core.Tests.Serialization.HonorRunSerializationTests.DecodesLegacyMacSnapshotAndNormalizesNewFields" computerName="JANCARBONELB5E7" duration="00:00:00.0108280" startTime="2026-07-27T03:30:56.0087424-07:00" endTime="2026-07-27T03:30:56.0190875-07:00" testType="13cdc9d9-ddb5-4fa4-a97d-d965ccfc6d4b" outcome="Passed" testListId="8c84fa94-04c1-424b-9868-57a2d4851a1d" relativeResultsDirectory="244b0690-86d6-4344-860a-e40d7433cc19" />
[...]
    <TestEntry testId="76e11736-2fa0-0a76-01cf-d44f7fb8ca56" executionId="c798efc2-2427-4692-ae55-767b2fa47453" testListId="8c84fa94-04c1-424b-9868-57a2d4851a1d" />
    <TestEntry testId="2c9fdc05-c805-cf22-3848-3521e0e8c8f9" executionId="dc5ebc9d-685d-4dcb-a918-37ec4698ea4d" testListId="8c84fa94-04c1-424b-9868-57a2d4851a1d" />
    <TestEntry testId="d1e9158b-5dc7-1f6c-90be-5a55f07f8b4c" executionId="24c37231-89a6-4655-a3b1-77563b0f0f1b" testListId="8c84fa94-04c1-424b-9868-57a2d4851a1d" />
    <TestEntry testId="1e857848-f973-072b-dee1-77cf2f5caa89" executionId="99ed59a6-6c5f-40b0-9567-54bb4a9a69aa" testListId="8c84fa94-04c1-424b-9868-57a2d4851a1d" />
    <TestEntry testId="46788296-0987-4674-d248-4347d2c071d2" executionId="e96d2d85-71b2-429f-9606-f58d72f9b0d0" testListId="8c84fa94-04c1-424b-9868-57a2d4851a1d" />
    <TestEntry testId="98c32424-3921-9bec-dea8-765b293ecfe4" executionId="a174d8c6-52db-4917-bc32-5f891d4aa41d" testListId="8c84fa94-04c1-424b-9868-57a2d4851a1d" />
    <TestEntry testId="c8aae175-26f5-adb9-71de-f56335115f13" executionId="226749ea-ee80-45c4-bea9-9cee404cb834" testListId="8c84fa94-04c1-424b-9868-57a2d4851a1d" />
    <TestEntry testId="23fcf370-7c1b-f6ae-10b1-ae7acc7051a9" executionId="b12ac6a5-c0fe-4a8a-a099-d07243a3500e" testListId="8c84fa94-04c1-424b-9868-57a2d4851a1d" />
    <TestEntry testId="22cd40ce-ccf8-6868-523d-fbf61ad5b66b" executionId="8c7ef493-fb46-4041-b687-730d6259b508" testListId="8c84fa94-04c1-424b-9868-57a2d4851a1d" />
    <TestEntry testId="1bcb4a15-feea-d963-b06b-9a14a3460773" executionId="03d9bd73-f00d-4a30-a8d0-d91c5669c726" testListId="8c84fa94-04c1-424b-9868-57a2d4851a1d" />
    <TestEntry testId="a64e0ba9-437d-d487-00e0-67b4da3b601a" executionId="b9b8b0ea-83e6-4488-838a-21138d1c335c" testListId="8c84fa94-04c1-424b-9868-57a2d4851a1d" />
    <TestEntry testId="1f7e8cfd-105a-2420-b524-08a3831d1c9e" executionId="4a9985f1-52ca-456c-93d8-7dafeaf61ade" testListId="8c84fa94-04c1-424b-9868-57a2d4851a1d" />
    <TestEntry testId="0a37a4d4-bf90-808f-84fb-ff5aedc43189" executionId="ef0bfcb2-17bc-48ea-8fe7-b613bd040c6d" testListId="8c84fa94-04c1-424b-9868-57a2d4851a1d" />
    <TestEntry testId="7165546a-f0c8-defc-b92a-0e011025b988" executionId="5df08341-ff80-49ce-9387-34e76b9bbbe2" testListId="8c84fa94-04c1-424b-9868-57a2d4851a1d" />
    <TestEntry testId="8f03a7e6-3f1f-0441-5f7c-ee2d64f7b758" executionId="af6e1d22-dbe0-47cc-b8ea-6ee5efa75ef1" testListId="8c84fa94-04c1-424b-9868-57a2d4851a1d" />
    <TestEntry testId="31a04eb3-32e0-fc9b-c08c-c294fe0fd050" executionId="b744e127-bc9a-44be-94da-f260d0b07352" testListId="8c84fa94-04c1-424b-9868-57a2d4851a1d" />
    <TestEntry testId="1a1f1ce6-e083-711f-80c2-cc1111735d4c" executionId="f321b79e-0ef1-4177-a6d4-8874675cef8d" testListId="8c84fa94-04c1-424b-9868-57a2d4851a1d" />
    <TestEntry testId="fd4d0634-f073-9c80-09b3-5856edca77c0" executionId="1b37062e-2d2f-4b90-b41c-cbe0d369a64b" testListId="8c84fa94-04c1-424b-9868-57a2d4851a1d" />
    <TestEntry testId="f7bbbd76-47b4-93b0-31f7-66d97a5ff2f6" executionId="836b86dd-dbdd-4c4c-9feb-debdea508c2c" testListId="8c84fa94-04c1-424b-9868-57a2d4851a1d" />
    <TestEntry testId="0bcf9e68-89c2-a02c-0877-467a2c8912a4" executionId="4bfef375-6d4f-445b-acd3-b0d28ef1f6bb" testListId="8c84fa94-04c1-424b-9868-57a2d4851a1d" />
    <TestEntry testId="f4635e4b-d4d0-4ff4-d119-81ca2420830d" executionId="67416755-1817-43df-85d3-b154c5e475d7" testListId="8c84fa94-04c1-424b-9868-57a2d4851a1d" />
    <TestEntry testId="cf30b3ad-d52a-e4ab-17d0-5dca58e825ad" executionId="7670bd9a-682d-4892-9ee1-4f1e01121bf6" testListId="8c84fa94-04c1-424b-9868-57a2d4851a1d" />
    <TestEntry testId="badc00da-f129-2578-36d5-f6086f70a79c" executionId="ef5127f6-f8e0-48be-b368-11e9651965df" testListId="8c84fa94-04c1-424b-9868-57a2d4851a1d" />
    <TestEntry testId="2eff3b93-48a9-29f3-baba-91c2a72b8500" executionId="2475adc1-5bfa-48ac-9a6d-14c698c17747" testListId="8c84fa94-04c1-424b-9868-57a2d4851a1d" />
    <TestEntry testId="a35ba1b2-7993-2e4f-84cc-35e27e192ede" executionId="0029c0ff-065b-4340-b255-9ea6f8357a00" testListId="8c84fa94-04c1-424b-9868-57a2d4851a1d" />
    <TestEntry testId="34c9412f-27bf-bf74-c1f0-f5a3f8c2c662" executionId="deefe45d-b1a7-4060-af65-93a488dfbeb3" testListId="8c84fa94-04c1-424b-9868-57a2d4851a1d" />
    <TestEntry testId="261fa816-d1b2-c027-e324-7d6a0a0ae832" executionId="8c8db62f-08ed-4129-8ffc-d274fc99f5ec" testListId="8c84fa94-04c1-424b-9868-57a2d4851a1d" />
    <TestEntry testId="e4ecaef2-c341-13b3-f373-df1b89fa6bb7" executionId="f0c6ff29-d360-4e70-bf35-448f661088a0" testListId="8c84fa94-04c1-424b-9868-57a2d4851a1d" />
    <TestEntry testId="2581aa76-bcf5-ecf6-d8db-22b2031086b8" executionId="f8e7386a-8678-4354-9ac0-ad417d1f4402" testListId="8c84fa94-04c1-424b-9868-57a2d4851a1d" />
    <TestEntry testId="779d47a0-a3bf-be39-d92a-04d7219bd7c5" executionId="d0ae452d-eb56-4925-b396-a1f7bcc545ad" testListId="8c84fa94-04c1-424b-9868-57a2d4851a1d" />
    <TestEntry testId="6f2cba12-2578-e2ad-2e32-485eb7364bfe" executionId="6d2ebd48-056f-48c1-a873-57bf9bd60af1" testListId="8c84fa94-04c1-424b-9868-57a2d4851a1d" />
    <TestEntry testId="1983ef9c-e593-9e72-2b16-8f9b72206b5e" executionId="e665c23d-9b71-4504-8bf3-ae1c57bc2893" testListId="8c84fa94-04c1-424b-9868-57a2d4851a1d" />
    <TestEntry testId="216a096b-155c-d3d0-19a7-acb836f2b29d" executionId="3314204a-59a9-4aaa-9a4f-b4dae91e0b01" testListId="8c84fa94-04c1-424b-9868-57a2d4851a1d" />
    <TestEntry testId="9bc0efcd-5c5a-6899-2555-0e25a0e290fa" executionId="2d7eb2fb-693a-4aab-8756-7f16837f67aa" testListId="8c84fa94-04c1-424b-9868-57a2d4851a1d" />
    <TestEntry testId="82c1d3a0-7e82-178f-0df7-8003975b4dfd" executionId="b8a5bb8f-a005-41b7-b143-2fdfb94f4f93" testListId="8c84fa94-04c1-424b-9868-57a2d4851a1d" />
    <TestEntry testId="dbf0c84e-c036-357e-7618-728144b2448a" executionId="fa177a36-19fc-49bb-9831-0606807d70ef" testListId="8c84fa94-04c1-424b-9868-57a2d4851a1d" />
    <TestEntry testId="cf35a32d-0107-7d48-fa21-6f67e564672c" executionId="8ba311f3-d08e-4c2f-a693-f778ee9501f3" testListId="8c84fa94-04c1-424b-9868-57a2d4851a1d" />
    <TestEntry testId="431dd215-65e1-d490-cf07-c219ee61d0df" executionId="0dec88a2-669c-4382-b448-5db0a1851266" testListId="8c84fa94-04c1-424b-9868-57a2d4851a1d" />
    <TestEntry testId="005193e0-d52f-f95f-6bef-a0f3a1857f10" executionId="3f499b79-c65f-4b0c-bb52-e8c67567a7ac" testListId="8c84fa94-04c1-424b-9868-57a2d4851a1d" />
    <TestEntry testId="a8281cf9-cb64-89f8-29e6-55010ba517aa" executionId="50951369-ec8c-46bd-ae47-9c7c218e9605" testListId="8c84fa94-04c1-424b-9868-57a2d4851a1d" />
    <TestEntry testId="9da3da90-7d9a-7cc8-7c53-3fca3e91918c" executionId="0e20171a-fb0b-4ebd-97de-2b44ec2f1f55" testListId="8c84fa94-04c1-424b-9868-57a2d4851a1d" />
    <TestEntry testId="c155cb3f-66be-259d-7071-a5a729c287a4" executionId="96cf4f18-4887-4ad5-888e-208d0778f42c" testListId="8c84fa94-04c1-424b-9868-57a2d4851a1d" />
    <TestEntry testId="645f56aa-8971-9e01-7569-772fe0e152ad" executionId="141b084d-690b-4dfd-b941-56457b72d53f" testListId="8c84fa94-04c1-424b-9868-57a2d4851a1d" />
    <TestEntry testId="436b3fa8-61a3-206b-d36a-a0611a69b3f6" executionId="10ccd8df-1869-42ac-9cb3-bd477102d8ad" testListId="8c84fa94-04c1-424b-9868-57a2d4851a1d" />
    <TestEntry testId="5c9956c7-5177-702d-05b2-32218d4f6bc5" executionId="61c7ea97-0893-48cb-9478-bf11af8cf4e5" testListId="8c84fa94-04c1-424b-9868-57a2d4851a1d" />
    <TestEntry testId="a7daf1bc-b70f-b982-9b30-9ca3456958e6" executionId="0af2b866-c8c1-43d3-be41-164008e27ab9" testListId="8c84fa94-04c1-424b-9868-57a2d4851a1d" />
    <TestEntry testId="910815bb-ab28-c358-dac7-a38a35478775" executionId="f19b632b-9f55-404e-a00e-7cd7f899c118" testListId="8c84fa94-04c1-424b-9868-57a2d4851a1d" />
    <TestEntry testId="1aaaf030-74bc-a1d1-533d-3c4c949009f8" executionId="db5b84db-3eab-4089-b758-2d7eceff347c" testListId="8c84fa94-04c1-424b-9868-57a2d4851a1d" />
    <TestEntry testId="a922bf55-1b56-ea2d-3e1d-57e8d181b9c6" executionId="b9fe96e9-b847-4b1e-ab7f-5362eb62aa45" testListId="8c84fa94-04c1-424b-9868-57a2d4851a1d" />
    <TestEntry testId="a4adb49d-c62d-024a-7b01-2fdb253c7db5" executionId="27bd181e-1093-4afb-b5cf-053ec73dd7a7" testListId="8c84fa94-04c1-424b-9868-57a2d4851a1d" />
    <TestEntry testId="4effb383-40a8-a67c-caf2-306a5f5d4ef6" executionId="ef788761-19a2-484c-a6ae-73868e50a6e3" testListId="8c84fa94-04c1-424b-9868-57a2d4851a1d" />
    <TestEntry testId="a2f373bb-4ed6-d76f-8aad-d1c6f666f1f0" executionId="0d27a0b8-0377-436c-bab5-07971f78e50f" testListId="8c84fa94-04c1-424b-9868-57a2d4851a1d" />
    <TestEntry testId="66f54e2d-3426-4f5c-46aa-1312d05316cd" executionId="948adfd0-3294-4cd4-b9e7-ce36155a479e" testListId="8c84fa94-04c1-424b-9868-57a2d4851a1d" />
    <TestEntry testId="736de07b-8407-073a-2b43-e4247fb8ce1f" executionId="94b84ca8-171c-4c14-bee2-92da39e88c2f" testListId="8c84fa94-04c1-424b-9868-57a2d4851a1d" />
    <TestEntry testId="bca1612a-2cd2-0a0a-1653-f8e2c463c84b" executionId="056ae0df-b5c2-47af-b1e6-856c5bd83106" testListId="8c84fa94-04c1-424b-9868-57a2d4851a1d" />
    <TestEntry testId="2c1c3269-acfb-8867-c304-8c086d846985" executionId="d1d01514-32c7-44e4-82fd-8f6841ce3a3b" testListId="8c84fa94-04c1-424b-9868-57a2d4851a1d" />
    <TestEntry testId="6e87169c-c8d5-76b0-0aa1-bc23d10c2996" executionId="80c431b6-282f-433a-ad05-bfab7b109990" testListId="8c84fa94-04c1-424b-9868-57a2d4851a1d" />
    <TestEntry testId="8b048864-47a8-0ad1-e844-67020bc53b90" executionId="b33f9e21-4dd2-43f0-8c80-7851e5b3bd83" testListId="8c84fa94-04c1-424b-9868-57a2d4851a1d" />
    <TestEntry testId="9b0ca46e-ec6e-48a4-fbf0-cadc77e618fe" executionId="67843499-37a0-4a3f-af6a-87fef17509be" testListId="8c84fa94-04c1-424b-9868-57a2d4851a1d" />
    <TestEntry testId="1feda1f2-903c-5e8c-cb5b-37731b4e874e" executionId="96fa9b4d-e5ab-439c-bb9b-5cf2a787a751" testListId="8c84fa94-04c1-424b-9868-57a2d4851a1d" />
    <TestEntry testId="04b56fff-953a-2739-a2b1-29201b225b02" executionId="bcc9c3b7-b4be-489e-9226-b41f9d351063" testListId="8c84fa94-04c1-424b-9868-57a2d4851a1d" />
    <TestEntry testId="30d37217-e23e-41c8-44ec-47be08b9d195" executionId="6d6202ee-7f03-491f-836c-ad88f1fd45c1" testListId="8c84fa94-04c1-424b-9868-57a2d4851a1d" />
    <TestEntry testId="eb37b4e6-7e9d-2957-e08a-0876fbbef733" executionId="43ad6542-3d0c-4b5b-adcd-496f3249d679" testListId="8c84fa94-04c1-424b-9868-57a2d4851a1d" />
    <TestEntry testId="93875ef5-e5b5-9a60-c0a1-7d9909ed281e" executionId="dffcc3e5-19af-4f62-98c4-5ee168926a34" testListId="8c84fa94-04c1-424b-9868-57a2d4851a1d" />
    <TestEntry testId="4ffd640f-a835-c504-eedf-b381441b262e" executionId="7c623203-ce1e-4c5c-a2a0-bee05bf0442b" testListId="8c84fa94-04c1-424b-9868-57a2d4851a1d" />
    <TestEntry testId="b486f332-293e-a92b-b55a-75455b58eca3" executionId="7588d329-6e5f-426a-a1e8-917bba358747" testListId="8c84fa94-04c1-424b-9868-57a2d4851a1d" />
    <TestEntry testId="044f7181-af9e-2fb8-2f6b-6b64adea0f03" executionId="8ed53035-6089-4c94-82d9-0e7eeee2240f" testListId="8c84fa94-04c1-424b-9868-57a2d4851a1d" />
    <TestEntry testId="8cc569db-71d3-8b38-15eb-b9c18aa14b6a" executionId="1c1d59ab-e93f-4615-a19b-eab46405bd97" testListId="8c84fa94-04c1-424b-9868-57a2d4851a1d" />
    <TestEntry testId="763355c2-2ef4-0df0-c366-6ca6b9a43d6d" executionId="8fca2d40-71f7-47ff-b888-e6a16f944e34" testListId="8c84fa94-04c1-424b-9868-57a2d4851a1d" />
    <TestEntry testId="49cf2f10-8a1b-fbf7-e98c-a347eb300275" executionId="4a6e1d2f-88a6-42b2-bd42-a38f560db61b" testListId="8c84fa94-04c1-424b-9868-57a2d4851a1d" />
    <TestEntry testId="9e75dc60-2545-b48f-67ba-030298d28f4c" executionId="29a8ba78-cb1a-4406-a551-a6a9ad8eae8e" testListId="8c84fa94-04c1-424b-9868-57a2d4851a1d" />
    <TestEntry testId="95e8a550-f5d6-2415-47bb-09431f03798f" executionId="95b11a06-d995-44c7-bfeb-ec386cd3d444" testListId="8c84fa94-04c1-424b-9868-57a2d4851a1d" />
    <TestEntry testId="7101856e-d42f-d49f-6d6f-ad0a3667e2c0" executionId="33fc828f-b66d-416d-bd29-a7c22469da6d" testListId="8c84fa94-04c1-424b-9868-57a2d4851a1d" />
    <TestEntry testId="ece77743-d105-dccc-a358-665aca6ac237" executionId="7c4f2134-1d41-44b3-ae9c-3d91f659219d" testListId="8c84fa94-04c1-424b-9868-57a2d4851a1d" />
    <TestEntry testId="ee84a414-fc44-4a22-a25b-16a30e5adff3" executionId="1d5c254a-d440-47a3-b92b-bf0c9d399b80" testListId="8c84fa94-04c1-424b-9868-57a2d4851a1d" />
    <TestEntry testId="dc46004f-bfe8-4c77-c888-b4f3f857c830" executionId="5c459e42-3b2f-4db2-b6fc-b1dc77a7b86b" testListId="8c84fa94-04c1-424b-9868-57a2d4851a1d" />
    <TestEntry testId="60d5b750-c4b0-ec08-acc7-bf62e7eedf5c" executionId="c8144749-b612-4779-979b-4c61d45bfa0f" testListId="8c84fa94-04c1-424b-9868-57a2d4851a1d" />
    <TestEntry testId="07a41e5f-077c-607a-1ba9-3208d43f5732" executionId="bda64e98-7d5e-4ead-afcf-9cb458391ed2" testListId="8c84fa94-04c1-424b-9868-57a2d4851a1d" />
    <TestEntry testId="d83d45f0-8d1c-b795-ee82-7c645a5b3de4" executionId="32812ddf-9f4e-411e-b6dd-54668cdd313b" testListId="8c84fa94-04c1-424b-9868-57a2d4851a1d" />
    <TestEntry testId="959be164-8216-b10a-0093-fdd0471ea958" executionId="a9cde218-f073-4781-af5e-d8a8750f3fbd" testListId="8c84fa94-04c1-424b-9868-57a2d4851a1d" />
    <TestEntry testId="610dca4a-a3fc-f3d0-5fd0-ee18cc07a814" executionId="16e7e2fc-d15f-4cd3-a2f7-4ec48df90205" testListId="8c84fa94-04c1-424b-9868-57a2d4851a1d" />
    <TestEntry testId="ed50ac13-433b-e350-e216-7d4bbfc95887" executionId="582ec822-913a-43c7-87a8-e3632d0ba0fb" testListId="8c84fa94-04c1-424b-9868-57a2d4851a1d" />
    <TestEntry testId="e3cf3a57-4ab1-a480-da99-6978791ee4c5" executionId="96961775-4da9-4589-8742-445284f6f825" testListId="8c84fa94-04c1-424b-9868-57a2d4851a1d" />
    <TestEntry testId="c2076476-1568-3cf7-86e7-9bce7b91d5bd" executionId="244b0690-86d6-4344-860a-e40d7433cc19" testListId="8c84fa94-04c1-424b-9868-57a2d4851a1d" />
    <TestEntry testId="e79c0d92-9792-0a44-e63c-898377d09fcc" executionId="25edea73-b2fc-49d3-bb34-b8158471023b" testListId="8c84fa94-04c1-424b-9868-57a2d4851a1d" />
    <TestEntry testId="de52ca3f-69b3-14e1-e3b9-61719320ef8f" executionId="282f4ce4-f4e0-4cff-ae59-4f18bf22752e" testListId="8c84fa94-04c1-424b-9868-57a2d4851a1d" />
    <TestEntry testId="b27d07fd-a3d1-f33e-76c3-1b94337184a4" executionId="32f5c654-4bd9-414e-9c61-400b62afed81" testListId="8c84fa94-04c1-424b-9868-57a2d4851a1d" />
    <TestEntry testId="6df35a79-91ad-99d0-f362-04062447960d" executionId="0cf42930-b190-4bd5-a1c9-2b751493dbb3" testListId="8c84fa94-04c1-424b-9868-57a2d4851a1d" />
    <TestEntry testId="254cb717-87bc-fb03-38c2-d5302008d571" executionId="5c4a1066-333c-470a-85a4-baf3a876f8e5" testListId="8c84fa94-04c1-424b-9868-57a2d4851a1d" />
    <TestEntry testId="01e60835-69fe-9b0a-a9c5-b713b6c9eee9" executionId="64bff9ff-8bc4-492c-aa3e-97a6cc4491ca" testListId="8c84fa94-04c1-424b-9868-57a2d4851a1d" />
    <TestEntry testId="c7f2ab2a-27b9-45df-5cda-490bea3a240c" executionId="613425e3-7b7b-4935-9d38-87d7c02c9cd0" testListId="8c84fa94-04c1-424b-9868-57a2d4851a1d" />
    <TestEntry testId="f2d9ff26-f6f6-9377-ac61-9f8ada6e72f7" executionId="02a7881d-14e4-432d-99e0-162561b29ece" testListId="8c84fa94-04c1-424b-9868-57a2d4851a1d" />
    <TestEntry testId="aafd9dbf-8b60-66dc-7afb-b6b2027f821b" executionId="4c6392bb-1cbc-4c0f-9d02-b8976c5857f9" testListId="8c84fa94-04c1-424b-9868-57a2d4851a1d" />
    <TestEntry testId="39c4aeb4-9e8f-78e2-7066-e0e677e25bc3" executionId="13f8a7fb-5dfb-4d06-acad-ed35fd7229d1" testListId="8c84fa94-04c1-424b-9868-57a2d4851a1d" />
    <TestEntry testId="c22c2677-8906-33b9-0f37-af6e428c6dbd" executionId="0bb0ce45-01ce-4387-b4b3-7c5196d704e8" testListId="8c84fa94-04c1-424b-9868-57a2d4851a1d" />
    <TestEntry testId="0d835b28-1e3d-db87-b396-7ef95117a642" executionId="153310d0-9003-4214-b511-ece75d541ef6" testListId="8c84fa94-04c1-424b-9868-57a2d4851a1d" />
    <TestEntry testId="1278f144-13c9-8d9d-a814-b38238b876e3" executionId="bf2e499b-7985-4e8a-9c06-84917bb9b8cc" testListId="8c84fa94-04c1-424b-9868-57a2d4851a1d" />
    <TestEntry testId="f196e578-0254-b7e8-1639-d4d8861bf72f" executionId="012dfa70-893f-4fe9-b378-abb8d8f88ed5" testListId="8c84fa94-04c1-424b-9868-57a2d4851a1d" />
    <TestEntry testId="055e1ad4-fe95-f7d7-38fb-c41a14c7339e" executionId="86a7b638-bc1d-4c2d-a32b-25702c1e527a" testListId="8c84fa94-04c1-424b-9868-57a2d4851a1d" />
    <TestEntry testId="3fdc9694-9d3a-d1e6-0e7f-6e3562e13748" executionId="f197a17d-a376-47ee-9da9-fad4f573ece4" testListId="8c84fa94-04c1-424b-9868-57a2d4851a1d" />
    <TestEntry testId="01c0c059-6042-ed31-6186-55a5c41bcd73" executionId="dcba2d35-0b61-40be-8254-d719406ee8c8" testListId="8c84fa94-04c1-424b-9868-57a2d4851a1d" />
    <TestEntry testId="deaae3f7-2c38-0690-284f-d47776f58179" executionId="3761ff06-0d54-4ee3-8b02-d329ab770212" testListId="8c84fa94-04c1-424b-9868-57a2d4851a1d" />
    <TestEntry testId="551951bd-fded-f557-cb68-c4322ce32564" executionId="ca08ef6f-2aae-496b-98a6-e5c3483ea075" testListId="8c84fa94-04c1-424b-9868-57a2d4851a1d" />
    <TestEntry testId="11908803-5e45-0a6f-278c-35e22a6c02d8" executionId="fe7402a9-df2a-477b-9ff9-217d77e1737a" testListId="8c84fa94-04c1-424b-9868-57a2d4851a1d" />
    <TestEntry testId="81157b51-e267-850c-cb33-c137a3ac5c82" executionId="42a46ec7-1f6c-4a8d-9567-fab1667c2e5b" testListId="8c84fa94-04c1-424b-9868-57a2d4851a1d" />
    <TestEntry testId="e2aecf67-d841-50c2-b65c-849432fbdc83" executionId="435deb2d-1735-4e10-971e-d415118e9588" testListId="8c84fa94-04c1-424b-9868-57a2d4851a1d" />
    <TestEntry testId="22daefee-c7b0-1a22-4772-27b79e14e014" executionId="4b10c80b-f296-4ddb-9e74-1d315bb5f434" testListId="8c84fa94-04c1-424b-9868-57a2d4851a1d" />
    <TestEntry testId="596de9df-d692-e5e4-d698-72b56913845e" executionId="b1135c21-9679-4702-a054-866c777b8004" testListId="8c84fa94-04c1-424b-9868-57a2d4851a1d" />
    <TestEntry testId="2d401bd7-c8f2-6988-845c-d00aa4599a54" executionId="f4f60854-3f9a-4a3d-9fdc-1ff33c0fb78e" testListId="8c84fa94-04c1-424b-9868-57a2d4851a1d" />
    <TestEntry testId="a2b08561-57da-7361-3a07-ff190231873f" executionId="5677e8fb-bfe3-4e3d-8ed8-8ce0ca39c1f9" testListId="8c84fa94-04c1-424b-9868-57a2d4851a1d" />
    <TestEntry testId="451e3995-bd56-c31c-5c8a-89f3c3a0fc86" executionId="9f696bf4-5633-49b8-8155-e52765706c4a" testListId="8c84fa94-04c1-424b-9868-57a2d4851a1d" />
    <TestEntry testId="fc8274d1-2d95-fd0c-9c43-023bc116e555" executionId="778694e1-f534-42de-8ee9-fd3714ddb39f" testListId="8c84fa94-04c1-424b-9868-57a2d4851a1d" />
    <TestEntry testId="9465b7b9-ac7d-dbe1-f75e-2bb9419a5d3a" executionId="2f625489-b232-46f9-80e2-4697ea208f07" testListId="8c84fa94-04c1-424b-9868-57a2d4851a1d" />
    <TestEntry testId="da28c3fe-08ba-6441-0b64-186b01e8fb2a" executionId="069c0fd1-8720-4f36-b3fd-f6c0f6f18fd9" testListId="8c84fa94-04c1-424b-9868-57a2d4851a1d" />
    <TestEntry testId="550c6cd4-0128-669d-ac1f-7fd9106f0330" executionId="03383b1b-d306-4980-bc0f-7b0d57a66c29" testListId="8c84fa94-04c1-424b-9868-57a2d4851a1d" />
  </TestEntries>
  <TestLists>
    <TestList name="Results Not in a List" id="8c84fa94-04c1-424b-9868-57a2d4851a1d" />
    <TestList name="All Loaded Results" id="19431567-8539-422a-85d7-44ee4e166bda" />
  </TestLists>
  <ResultSummary outcome="Completed">
    <Counters total="165" executed="165" passed="165" failed="0" error="0" timeout="0" aborted="0" inconclusive="0" passedButRunAborted="0" notRunnable="0" notExecuted="0" disconnected="0" warning="0" completed="0" inProgress="0" pending="0" />
    <Output>
      <StdOut>[xUnit.net 00:00:00.00] xUnit.net VSTest Adapter v3.1.4+50e68bbb8b (64-bit .NET 10.0.10)&#xD;
[xUnit.net 00:00:00.07]   Discovering: BG3HonorAssistant.Core.Tests&#xD;
[xUnit.net 00:00:00.11]   Discovered:  BG3HonorAssistant.Core.Tests&#xD;
[xUnit.net 00:00:00.14]   Starting:    BG3HonorAssistant.Core.Tests&#xD;
[xUnit.net 00:00:00.58]   Finished:    BG3HonorAssistant.Core.Tests&#xD;
</StdOut>
    </Output>
  </ResultSummary>
</TestRun>